1509011704 219427349 1106447221
1509011704 1023676 185449 1023676 185449
1509011404 1023676 185449 1023676 185449
1509011400 1023676 185449 1023676 185449
1509011100 1023676 185449 1023676 185449
1509010800 1012425 185449 1023676 185449
1509010500 348632 185449 348632 185449
1509010200 348632 193000 348632 751783
1509009900 348632 751783 348632 751783
1509009600 348632 743139 348632 751783
1509009300 348632 114206 348632 745825
1509009000 348632 745825 348632 745825
1509008700 348632 745825 348632 745825
1509008400 348632 745825 348632 745825
1509008100 348632 745825 348632 745825
1509007800 348632 745825 348632 745825
1509007500 348632 745825 348632 745825
1509007200 348632 745825 348632 745825
1509006900 348632 745825 348632 745825
1509006600 346749 745825 348632 745825
1509006300 207411 745825 207411 745825
1509006000 207411 745825 207411 745825
1509005700 206379 745825 207411 745825
1509005400 106414 745825 264180 745825
1509005100 265523 745825 398528 745825
1509004800 398528 745825 398528 745825
1509004500 398528 745825 398528 745825
1509004200 398528 745825 398528 745825
1509003900 398528 745825 398528 745825
1509003600 398528 746084 398528 771823
1509003300 398528 774382 398528 1027811
1509003000 398528 1027811 398528 1027811
1509002700 397659 1027811 398528 1027811
1509002400 311694 1027811 311694 1027811
1509002100 311694 1027811 311694 1027811
1509001800 311694 1027811 311694 1027811
1509001500 311694 1027811 311694 1027811
1509001200 311694 1026451 311694 1027811
1509000900 311694 925703 311694 925846
1509000600 311694 911624 311694 911624
1509000300 311694 911624 311694 911624
1509000000 311091 911624 311694 911624
1508999700 277234 911326 375354 911624
1508999400 375354 893775 375354 893775
1508999100 375354 893775 375354 893775
1508998800 375354 893775 375354 893775
1508998500 375354 893775 375354 893775
1508998200 375354 893775 375354 893775
1508997900 375354 893775 375354 893775
1508997600 375354 893775 375354 893775
1508997300 375354 893775 375354 893775
1508997000 375354 893775 375354 893775
1508996700 375354 893775 375354 893775
1508996400 375354 893775 375354 893775
1508996100 375354 893775 375354 893775
1508995800 375354 893775 375354 893775
1508995500 375354 893723 375354 893775
1508995200 375354 888578 375354 888578
1508994900 375354 888578 375354 888578
1508994600 375354 888578 375354 888578
1508994300 375354 888578 375354 888578
1508994000 375354 884212 375354 888578
1508993700 375354 561163 375354 561163
1508993400 375354 566617 375354 970279
1508993100 375354 963430 375354 970279
1508992800 375354 285641 375354 304033
1508992500 375354 304033 375354 304033
1508992200 375354 304033 375354 304033
1508991900 375354 304033 375354 304033
1508991600 375354 304033 375354 304033
1508991300 375354 304033 375354 304033
1508991000 375354 304033 375354 304033
1508990700 375354 304033 375354 304033
1508990400 375354 304033 375354 304033
1508990100 375354 304033 375354 304033
1508989800 375354 304033 375354 304033
1508989500 375354 304033 375354 304033
1508989200 375354 304033 375354 304033
1508988900 375354 304033 375354 304033
1508988600 375354 304033 375354 304033
1508988300 375354 304033 375354 304033
1508988000 375354 304033 375354 304033
1508987700 375354 304033 375354 304033
1508987400 375354 304033 375354 304033
1508987100 375354 304033 375354 304033
1508986800 375354 304033 375354 304033
1508986500 375354 304033 375354 304033
1508986200 375354 304033 375354 304033
1508985900 375354 304033 375354 304033
1508985600 375354 304033 375354 304033
1508985300 375354 304033 375354 304033
1508985000 375354 304033 375354 304033
1508984700 375354 304033 375354 304033
1508984400 375354 304033 375354 304033
1508984100 375354 304033 375354 304033
1508983800 375354 304033 375354 304033
1508983500 375354 304033 375354 304033
1508983200 375354 304033 375354 304033
1508982900 375354 304033 375354 304033
1508982600 375354 304033 375354 304033
1508982300 375354 304033 375354 304033
1508982000 375354 304033 375354 304033
1508981700 375354 304033 375354 304033
1508981400 375354 304033 375354 304033
1508981100 375354 304033 375354 304033
1508980800 375354 304033 375354 304033
1508980500 375354 304033 375354 304033
1508980200 375354 304033 375354 304033
1508979900 375354 304033 375354 304033
1508979600 375354 304033 375354 304033
1508979300 375354 304033 375354 304033
1508979000 375354 304033 375354 304033
1508978700 375354 304033 375354 304033
1508978400 375354 304033 375354 304033
1508978100 375354 304033 375354 304033
1508977800 375354 304033 375354 304033
1508977500 375354 304033 375354 304033
1508977200 375354 304033 375354 304033
1508976900 375354 304033 375354 304033
1508976600 375354 304743 375354 357316
1508976300 375354 357316 375354 357316
1508976000 375354 355295 375354 357316
1508975700 375354 207661 375354 347960
1508975400 375354 356838 375354 1013824
1508975100 375354 1013824 375354 1013824
1508974800 375354 1013824 375354 1013824
1508974500 375354 1013824 375354 1013824
1508974200 375354 1013824 375354 1013824
1508973900 375354 1013824 375354 1013824
1508973600 375354 1013824 375354 1013824
1508973300 375354 1013824 375354 1013824
1508973000 375354 1013824 375354 1013824
1508972700 375354 1013824 375354 1013824
1508972400 375354 1013824 375354 1013824
1508972100 375354 1014323 375354 1063747
1508971800 375354 1065203 375354 1209369
1508971500 375354 1202885 375354 1209369
1508971200 375354 727925 375354 1082122
1508970900 375354 1082655 375354 1122135
1508970600 375354 1119515 375354 1122135
1508970300 375354 921186 375354 925699
1508970000 375354 589413 375354 802342
1508969700 375354 802342 375354 802342
1508969400 375354 802342 375354 802342
1508969100 375354 802342 375354 802342
1508968800 375354 802342 375354 802342
1508968500 375354 802342 375354 802342
1508968200 375354 802342 375354 802342
1508967900 375354 802342 375354 802342
1508967600 375354 802342 375354 802342
1508967300 375354 802342 375354 802342
1508967000 375354 802342 375354 802342
1508966700 375354 802342 375354 802342
1508966400 375354 803696 375354 937835
1508966100 375354 937835 375354 937835
1508965800 375354 940232 375354 1117644
1508965500 375354 1117644 375354 1117644
1508965200 375354 1117644 375354 1117644
1508964900 375354 1117644 375354 1117644
1508964600 375354 1117644 375354 1117644
1508964300 375354 1117644 375354 1117644
1508964000 375354 1117644 375354 1117644
1508963700 375354 1117644 375354 1117644
1508963400 375354 1117644 375354 1117644
1508963100 375354 1117644 375354 1117644
1508962800 375354 1117644 375354 1117644
1508962500 375354 1117644 375354 1117644
1508962200 375354 1117644 375354 1117644
1508961900 375354 1117644 375354 1117644
1508961600 375354 1117644 375354 1117644
1508961300 375354 1117644 375354 1117644
1508961000 375354 1117644 375354 1117644
1508960700 375354 1117644 375354 1117644
1508960400 375354 1117644 375354 1117644
1508960100 375354 1117644 375354 1117644
1508959800 375354 1117644 375354 1117644
1508959500 375354 1117644 375354 1117644
1508959200 375354 1117644 375354 1117644
1508958900 375354 1117644 375354 1117644
1508958600 375354 1117644 375354 1117644
1508958300 375354 1117644 375354 1117644
1508958000 375354 1117644 375354 1117644
1508957700 386879 1117644 1066854 1117644
1508957400 1066854 1117644 1066854 1117644
1508957100 1056376 1117644 1066854 1117644
1508956800 447311 1117644 1122255 1117644
1508956500 1122255 1117644 1122255 1117644
1508956200 1122255 1117644 1122255 1117644
1508955900 1122255 1117644 1122255 1117644
1508955600 1122255 1117644 1122255 1117644
1508955300 1122255 1117644 1122255 1117644
1508955000 1123310 1117644 1201381 1117644
1508954700 1201381 1117644 1201381 1117644
1508954400 1201381 1117644 1201381 1117644
1508954100 1201381 1117644 1201381 1117644
1508953800 1201381 1117644 1201381 1117644
1508953500 1201381 1117644 1201381 1117644
1508953200 1201631 1117644 1220153 1117644
1508952900 1218029 1117644 1220153 1117644
1508952600 1047884 1117644 1060885 1117644
1508952300 85816 1117644 85816 1117644
1508952000 85816 1117644 85816 1117644
1508951700 85816 1117644 85816 1117644
1508951400 85816 1117644 85816 1117644
1508951100 85816 1117644 85816 1117644
1508950800 85816 1117644 85816 1117644
1508950500 85816 1117644 85816 1117644
1508950200 85816 1117644 85816 1117644
1508949900 85816 1117644 85816 1117644
1508949600 85816 1117644 85816 1117644
1508949300 85816 1117644 85816 1117644
1508949000 85816 1117644 85816 1117644
1508948700 85816 1117644 85816 1117644
1508948400 85816 1117644 85816 1117644
1508948100 85816 1117644 85816 1117644
1508947800 85816 1117644 85816 1117644
1508947500 85816 1117644 85816 1117644
1508947200 85816 1117644 85816 1117644
1508946900 85816 1117644 85816 1117644
1508946600 85816 1117644 85816 1117644
1508946300 85816 1117644 85816 1117644
1508946000 85816 1117644 85816 1117644
1508945700 85816 1117644 85816 1117644
1508945400 85816 1117644 85816 1117644
1508945100 85816 1117644 85816 1117644
1508944800 85816 1117644 85816 1117644
1508944500 93151 1117644 635988 1117644
1508944200 629913 1117644 635988 1117644
1508943900 180418 1117644 180418 1117644
1508943600 180418 1117644 180418 1117644
1508943300 180418 1117644 180418 1117644
1508943000 180418 1117644 180418 1117644
1508942700 180418 1117644 180418 1117644
1508942400 180418 1117644 180418 1117644
1508942100 180418 1117644 180418 1117644
1508941800 180418 1117644 180418 1117644
1508941500 180418 1117644 180418 1117644
1508941200 180418 1117644 180418 1117644
1508940900 180418 1117644 180418 1117644
1508940600 180418 1117644 180418 1117644
1508940300 180418 1117644 180418 1117644
1508940000 180418 1117644 180418 1117644
1508939700 180418 1117644 180418 1117644
1508939400 180418 1117644 180418 1117644
1508939100 180418 1117644 180418 1117644
1508938800 180418 1117644 180418 1117644
1508938500 180418 1117644 180418 1117644
1508938200 180418 1117644 180418 1117644
1508937900 180418 1117644 180418 1117644
1508937600 180418 1117644 180418 1117644
1508937300 180418 1117644 180418 1117644
1508937000 180418 1117644 180418 1117644
1508936700 180418 1117644 180418 1117644
1508936400 180418 1117644 180418 1117644
1508936100 180418 1117644 180418 1117644
1508935800 180418 1117644 180418 1117644
1508935500 180418 1117644 180418 1117644
1508935200 180418 1117644 180418 1117644
1508934900 180418 1117644 180418 1117644
1508934600 180418 1117644 180418 1117644
1508934300 180418 1117644 180418 1117644
1508934000 180418 1117644 180418 1117644
1508933700 180418 1117644 180418 1117644
1508933400 180418 1117644 180418 1117644
1508933100 180418 1117644 180418 1117644
1508932800 180418 1117644 180418 1117644
1508932500 180418 1117644 180418 1117644
1508932200 180418 1117644 180418 1117644
1508931900 180418 1117644 180418 1117644
1508931600 180418 1117644 180418 1117644
1508931300 180418 1117644 180418 1117644
1508931000 180418 1117644 180418 1117644
1508930700 180418 1106113 180418 1117644
1508930400 180418 252840 180418 252840
1508930100 180418 252840 180418 252840
1508929800 180418 252840 180418 252840
1508929500 180418 252840 180418 252840
1508929200 180418 252840 180418 252840
1508928900 180418 252840 180418 252840
1508928600 180418 252840 180418 252840
1508928300 180418 252840 180418 252840
1508928000 180418 252840 180418 252840
1508927700 180418 252840 180418 252840
1508927400 180418 252840 180418 252840
1508927100 180418 252840 180418 252840
1508926800 180418 252840 180418 252840
1508926500 180418 252840 180418 252840
1508926200 180418 252840 180418 252840
1508925900 180418 252840 180418 252840
1508925600 180418 252840 180418 252840
1508925300 180418 252840 180418 252840
1508925000 180418 252840 180418 252840
1508924700 180418 252840 180418 252840
1508924400 180418 252840 180418 252840
1508924100 180418 252840 180418 252840
1508923800 180418 252840 180418 252840
1508923500 180418 252840 180418 252840
1508923200 180418 252840 180418 252840
1508922900 180418 252840 180418 252840
1508922600 180418 252840 180418 252840
1508922300 180418 252840 180418 252840
1508922000 180418 252840 180418 252840
1508921700 180418 252840 180418 252840
1508921400 180418 252840 180418 252840
1508921100 180418 252840 180418 252840
1508920800 180418 252840 180418 252840
1508920500 180418 252840 180418 252840
1508920200 180418 252840 180418 252840
1508919900 180418 252840 180418 252840
1508919600 180418 252840 180418 252840
1508919300 182544 252840 339925 252840
1508919000 339925 252840 339925 252840
1508918700 349961 252840 1092651 252840
1508918400 1090254 252840 1092651 252840
1508918100 852977 252840 852977 252840
1508917800 852977 252840 852977 252840
1508917500 852977 252840 852977 252840
1508917200 852977 252840 852977 252840
1508916900 852977 252840 852977 252840
1508916600 852977 252840 852977 252840
1508916300 852977 252840 852977 252840
1508916000 852977 252840 852977 252840
1508915700 852977 252840 852977 252840
1508915400 842646 252840 852977 252840
1508915100 232920 252840 233154 252840
1508914800 221478 252840 221478 252840
1508914500 221478 252840 221478 252840
1508914200 221478 252840 221478 252840
1508913900 221478 252840 221478 252840
1508913600 221478 252840 221478 252840
1508913300 221478 252840 221478 252840
1508913000 221478 252840 221478 252840
1508912700 221478 252840 221478 252840
1508912400 221478 252840 221478 252840
1508912100 221478 252840 221478 252840
1508911800 221478 252840 221478 252840
1508911500 221478 252840 221478 252840
1508911200 221478 252840 221478 252840
1508910900 221478 256916 221478 660519
1508910600 221478 662449 221478 853547
1508910300 221478 853547 221478 853547
1508910000 221478 853547 221478 853547
1508909700 221478 853008 221478 853547
1508909400 221478 813130 221478 813130
1508909100 221478 813130 221478 813130
1508908800 221478 813130 221478 813130
1508908500 221478 813130 221478 813130
1508908200 221478 814455 221478 912529
1508907900 221478 916002 221478 1173023
1508907600 221478 1173023 221478 1173023
1508907300 221478 1165002 221478 1173023
1508907000 221478 571475 221478 572184
1508906700 221478 572184 221478 572184
1508906400 221478 569550 221478 572184
1508906100 221478 375552 221478 438701
1508905800 221478 438701 221478 438701
1508905500 221478 438701 221478 438701
1508905200 221478 438701 221478 438701
1508904900 221478 434377 221478 438701
1508904600 221478 113318 221478 114402
1508904300 221478 6080 221478 6080
1508904000 221478 7976 221478 119853
1508903700 221478 119853 221478 119853
1508903400 221478 119853 221478 119853
1508903100 221478 119853 221478 119853
1508902800 221478 127476 221478 691639
1508902500 221478 686618 221478 691639
1508902200 221478 189592 221478 189592
1508901900 221478 189592 221478 189592
1508901600 221478 189592 221478 189592
1508901300 221478 189592 221478 189592
1508901000 221478 189592 221478 189592
1508900700 221478 189592 221478 189592
1508900400 221478 189592 221478 189592
1508900100 221478 189592 221478 189592
1508899800 221478 189592 221478 189592
1508899500 221478 189592 221478 189592
1508899200 221478 189592 221478 189592
1508898900 221478 188360 221478 189592
1508898600 221478 66850 221478 111234
1508898300 221478 111234 221478 111234
1508898000 221478 111234 221478 111234
1508897700 221478 111234 221478 111234
1508897400 221478 111234 221478 111234
1508897100 221478 111234 221478 111234
1508896800 221478 111234 221478 111234
1508896500 221478 111234 221478 111234
1508896200 221478 111234 221478 111234
1508895900 221478 111234 221478 111234
1508895600 221478 111234 221478 111234
1508895300 221478 111234 221478 111234
1508895000 221478 111234 221478 111234
1508894700 221478 111234 221478 111234
1508894400 221478 111234 221478 111234
1508894100 221478 111234 221478 111234
1508893800 221478 111234 221478 111234
1508893500 221478 111234 221478 111234
1508893200 221478 111234 221478 111234
1508892900 221478 111234 221478 111234
1508892600 221478 117931 221478 613555
1508892300 221478 613555 221478 613555
1508892000 221478 613555 221478 613555
1508891700 221478 613555 221478 613555
1508891400 221478 613555 221478 613555
1508891100 221478 613555 221478 613555
1508890800 221478 613555 221478 613555
1508890500 221478 613555 221478 613555
1508890200 221478 613555 221478 613555
1508889900 221478 613555 221478 613555
1508889600 221478 613555 221478 613555
1508889300 221478 608477 221478 613555
1508889000 221478 105811 221478 105811
1508888700 221478 106445 221478 153429
1508888400 221478 157657 221478 470595
1508888100 221478 473399 221478 680923
1508887800 221478 680923 221478 680923
1508887500 221478 680923 221478 680923
1508887200 221478 680923 221478 680923
1508886900 221478 682295 221478 818143
1508886600 221478 821323 221478 1056683
1508886300 221478 1056683 221478 1056683
1508886000 221478 1056683 221478 1056683
1508885700 221478 1056683 221478 1056683
1508885400 221478 1058994 221478 1230060
1508885100 221478 1230186 221478 1239521
1508884800 221478 1230905 221478 1239521
1508884500 221478 593387 221478 593387
1508884200 221478 593387 221478 593387
1508883900 221478 593387 221478 593387
1508883600 221478 593387 221478 593387
1508883300 221478 593387 221478 593387
1508883000 221478 593387 221478 593387
1508882700 221478 593387 221478 593387
1508882400 221478 593387 221478 593387
1508882100 221478 593387 221478 593387
1508881800 221478 593387 221478 593387
1508881500 221478 593387 221478 593387
1508881200 221478 593387 221478 593387
1508880900 221478 593387 221478 593387
1508880600 221478 593387 221478 593387
1508880300 221478 593387 221478 593387
1508880000 221478 593387 221478 593387
1508879700 221478 593387 221478 593387
1508879400 221478 593387 221478 593387
1508879100 221478 593387 221478 593387
1508878800 221478 593387 221478 593387
1508878500 221478 593387 221478 593387
1508878200 221478 593387 221478 593387
1508877900 221478 593387 221478 593387
1508877600 221478 593387 221478 593387
1508877300 221478 593387 221478 593387
1508877000 221478 593387 221478 593387
1508876700 221478 593387 221478 593387
1508876400 221478 593387 221478 593387
1508876100 221478 593387 221478 593387
1508875800 221478 593387 221478 593387
1508875500 221478 593387 221478 593387
1508875200 221478 593387 221478 593387
1508874900 221478 593387 221478 593387
1508874600 221478 593387 221478 593387
1508874300 221478 593387 221478 593387
1508874000 221478 593387 221478 593387
1508873700 221478 593387 221478 593387
1508873400 221478 593387 221478 593387
1508873100 221478 593387 221478 593387
1508872800 221478 593387 221478 593387
1508872500 221478 593387 221478 593387
1508872200 221478 593387 221478 593387
1508871900 221478 593387 221478 593387
1508871600 221478 593387 221478 593387
1508871300 221478 593387 221478 593387
1508871000 221478 593387 221478 593387
1508870700 221478 593387 221478 593387
1508870400 221478 593387 221478 593387
1508870100 221478 593387 221478 593387
1508869800 221478 593387 221478 593387
1508869500 221478 593387 221478 593387
1508869200 221478 593387 221478 593387
1508868900 221478 593387 221478 593387
1508868600 221478 593387 221478 593387
1508868300 221478 593387 221478 593387
1508868000 221478 593387 221478 593387
1508867700 221478 593387 221478 593387
1508867400 221478 593387 221478 593387
1508867100 220790 593387 221478 593387
1508866800 169948 593387 169948 593387
1508866500 169948 593387 169948 593387
1508866200 169948 593387 169948 593387
1508865900 169948 593387 169948 593387
1508865600 169948 593387 169948 593387
1508865300 169948 593387 169948 593387
1508865000 182340 593387 1099365 593387
1508864700 1097153 593387 1099365 593387
1508864400 988769 593387 988769 593387
1508864100 988769 593387 988769 593387
1508863800 988769 593387 988769 593387
1508863500 988769 593387 988769 593387
1508863200 988769 593387 988769 593387
1508862900 983224 593387 988769 593387
1508862600 572951 593387 572951 593387
1508862300 572951 593387 572951 593387
1508862000 572951 593387 572951 593387
1508861700 572951 593387 572951 593387
1508861400 572951 593387 572951 593387
1508861100 572951 593387 572951 593387
1508860800 572951 593387 572951 593387
1508860500 572951 593387 572951 593387
1508860200 572951 593387 572951 593387
1508859900 572951 593387 572951 593387
1508859600 572951 593387 572951 593387
1508859300 581087 593387 1183188 593387
1508859000 1183385 593387 1197966 593387
1508858700 1197966 593387 1197966 593387
1508858400 1197966 593387 1197966 593387
1508858100 1197966 593387 1197966 593387
1508857800 1197966 593387 1197966 593387
1508857500 1197966 593387 1197966 593387
1508857200 1196868 593387 1197966 593387
1508856900 1115669 593387 1115669 593387
1508856600 1115669 593387 1115669 593387
1508856300 1115669 593387 1115669 593387
1508856000 1115669 593387 1115669 593387
1508855700 1115669 593387 1115669 593387
1508855400 1115669 593387 1115669 593387
1508855100 1115669 593387 1115669 593387
1508854800 1115669 593387 1115669 593387
1508854500 1115669 593387 1115669 593387
1508854200 1115669 593387 1115669 593387
1508853900 1115669 593387 1115669 593387
1508853600 1115669 593387 1115669 593387
1508853300 1115669 593387 1115669 593387
1508853000 1115669 593387 1115669 593387
1508852700 1115669 593387 1115669 593387
1508852400 1115669 593387 1115669 593387
1508852100 1115669 593387 1115669 593387
1508851800 1115669 593387 1115669 593387
1508851500 1115669 600466 1115669 1124349
1508851200 1115669 1124349 1115669 1124349
1508850900 1115669 1124349 1115669 1124349
1508850600 1115669 1124349 1115669 1124349
1508850300 1115669 1124349 1115669 1124349
1508850000 1115669 1124349 1115669 1124349
1508849700 1115669 1124349 1115669 1124349
1508849400 1115669 1124349 1115669 1124349
1508849100 1115669 1124349 1115669 1124349
1508848800 1115669 1124349 1115669 1124349
1508848500 1115669 1124349 1115669 1124349
1508848200 1115669 1124349 1115669 1124349
1508847900 1115669 1124349 1115669 1124349
1508847600 1115669 1124349 1115669 1124349
1508847300 1115669 1124349 1115669 1124349
1508847000 1115669 1124349 1115669 1124349
1508846700 1115669 1124349 1115669 1124349
1508846400 1115669 1124349 1115669 1124349
1508846100 1115669 1124349 1115669 1124349
1508845800 1115669 1124349 1115669 1124349
1508845500 1115669 1124349 1115669 1124349
1508845200 1115669 1124349 1115669 1124349
1508844900 1115669 1124349 1115669 1124349
1508844600 1115669 1124349 1115669 1124349
1508844300 1111900 1124349 1115669 1124349
1508844000 832999 1124349 832999 1124349
1508843700 832999 1124349 832999 1124349
1508843400 832999 1124349 832999 1124349
1508843100 832999 1124349 832999 1124349
1508842800 832999 1124349 832999 1124349
1508842500 832999 1124349 832999 1124349
1508842200 832999 1125592 832999 1217602
1508841900 832999 1217602 832999 1217602
1508841600 832999 1217602 832999 1217602
1508841300 825712 1217602 832999 1217602
1508841000 286517 1217602 286517 1217602
1508840700 286517 1217602 286517 1217602
1508840400 286517 1217602 286517 1217602
1508840100 286517 1217602 286517 1217602
1508839800 286517 1217602 286517 1217602
1508839500 286517 1217602 286517 1217602
1508839200 286517 1217602 286517 1217602
1508838900 285894 1217602 286517 1217602
1508838600 239861 1217602 239861 1217602
1508838300 239861 1217602 239861 1217602
1508838000 239861 1217602 239861 1217602
1508837700 239861 1217602 239861 1217602
1508837400 239861 1217602 239861 1217602
1508837100 239861 1217602 239861 1217602
1508836800 239861 1217602 239861 1217602
1508836500 239861 1217602 239861 1217602
1508836200 239861 1202861 239861 1217602
1508835900 239861 113847 239861 248061
1508835600 239861 248061 239861 248061
1508835300 239861 248061 239861 248061
1508835000 239861 250321 239861 383698
1508834700 239861 380537 239861 383698
1508834400 239861 194379 239861 213207
1508834100 239861 213295 239861 219863
1508833800 239861 231993 239861 826399
1508833500 239861 831624 239861 1218347
1508833200 239861 1211192 239861 1218347
1508832900 239861 678627 239861 681758
1508832600 239861 449769 239861 725492
1508832300 243417 727051 595487 881484
1508832000 595487 875343 595487 881484
1508831700 611332 420925 1222501 420925
1508830200 1197321 372359 1222501 813479
1508828400 1138144 850213 1202299 958641
1508826600 1202299 49957 1202299 121513
1508824800 1217386 14536 1232376 14536
1508823000 1232376 14536 1232376 14536
1508821200 1232376 158249 1232376 229391
1508819400 1232376 229391 1232376 229391
1508817600 1232376 229391 1232376 229391
1508815800 1232376 229391 1232376 229391
1508814000 1232376 229391 1232376 229391
1508812200 1232376 229391 1232376 229391
1508810400 1232376 229391 1232376 229391
1508808600 1232376 229391 1232376 229391
1508806800 1024270 229391 1232376 229391
1508805000 921255 229391 921255 229391
1508803200 921255 229391 921255 229391
1508801400 921255 468985 921255 1238384
1508799600 921255 787874 921255 787874
1508797800 921255 787874 921255 787874
1508796000 921255 478197 921255 787874
1508794200 921255 417253 921255 417253
1508792400 921255 417253 921255 417253
1508790600 921255 417253 921255 417253
1508788800 921255 630756 921255 1059240
1508787000 921255 573547 921255 813861
1508785200 921255 813861 921255 813861
1508783400 921255 813861 921255 813861
1508781600 921255 813861 921255 813861
1508779800 921255 813861 921255 813861
1508778000 921255 813861 921255 813861
1508776200 921255 813861 921255 813861
1508774400 921255 813861 921255 813861
1508772600 921255 878643 921255 910713
1508770800 921255 910713 921255 910713
1508769000 921255 910713 921255 910713
1508767200 940617 910713 1112926 910713
1508765400 468462 910713 468462 910713
1508763600 536704 910713 1236697 910713
1508761800 837323 910713 1022261 910713
1508760000 471125 910713 471125 910713
1508758200 471125 910713 471125 910713
1508756400 937043 910713 1189567 910713
1508754600 788394 910713 788394 910713
1508752800 788394 910713 788394 910713
1508751000 788394 910713 788394 910713
1508749200 605435 910713 788394 910713
1508747400 555340 910713 921397 910713
1508745600 820013 910713 921397 910713
1508743800 191382 910713 191382 910713
1508742000 191382 1069892 191382 1227663
1508740200 655371 1225973 1137884 1227663
1508738400 1043662 665374 1043662 1143779
1508736600 1043662 1145643 1043662 1146012
1508734800 1043662 993038 1043662 1146012
1508733000 1043662 820616 1043662 1151808
1508731200 1043662 936622 1043662 936622
1508729400 1043662 936622 1043662 936622
1508727600 1043662 936622 1043662 936622
1508725800 1043662 936622 1043662 936622
1508724000 1053710 936622 1082190 936622
1508722200 944300 936622 1082190 936622
1508720400 876043 936622 876043 936622
1508718600 876043 936622 876043 936622
1508716800 876043 936622 876043 936622
1508715000 876043 722851 876043 936622
1508713200 616193 569960 876043 894091
1508711400 643993 327338 812204 894091
1508709600 285368 216642 285368 799118
1508707800 285368 799118 285368 799118
1508706000 285368 799118 285368 799118
1508704200 285368 799118 285368 799118
1508702400 285368 799118 285368 799118
1508700600 285368 799118 285368 799118
1508698800 285368 799118 285368 799118
1508697000 285368 799118 285368 799118
1508695200 285368 799118 285368 799118
1508693400 285368 799118 285368 799118
1508691600 285368 799118 285368 799118
1508689800 285368 799118 285368 799118
1508688000 285368 799118 285368 799118
1508686200 285368 799118 285368 799118
1508684400 285368 799118 285368 799118
1508682600 828004 799118 933937 799118
1508680800 933937 799118 933937 799118
1508679000 933937 799118 933937 799118
1508677200 933937 799118 933937 799118
1508675400 180503 799118 933937 799118
1508673600 390648 799118 1200181 799118
1508671800 35804 799118 35804 799118
1508670000 38445 799118 1224738 799118
1508668200 1224738 799118 1224738 799118
1508666400 1224738 799118 1224738 799118
1508664600 1224738 799118 1224738 799118
1508662800 1224738 799118 1224738 799118
1508661000 1224738 799118 1224738 799118
1508659200 1224738 730506 1224738 799118
1508657400 1224738 545165 1224738 545165
1508655600 1224738 535384 1224738 559704
1508653800 1224738 289371 1224738 671545
1508652000 548753 453477 1224738 671545
1508650200 167141 459811 167308 459811
1508648400 92547 459811 92547 459811
1508646600 92547 459811 92547 459811
1508644800 92547 459811 92547 459811
1508643000 92547 459811 92547 459811
1508641200 92547 459811 92547 459811
1508639400 92547 639242 92547 995429
1508637600 92547 995429 92547 995429
1508635800 92547 660609 92547 995429
1508634000 92547 494869 92547 494869
1508632200 92547 247610 92547 494869
1508630400 92547 198751 92547 198751
1508628600 92547 198751 92547 198751
1508626800 92547 198751 92547 198751
1508625000 92547 595008 92547 1024610
1508623200 92547 804358 92547 1138970
1508621400 92547 1138970 92547 1138970
1508619600 92547 1138970 92547 1138970
1508617800 92547 1138970 92547 1138970
1508616000 92547 1138970 92547 1138970
1508614200 644911 1138970 1224399 1138970
1508612400 1224399 1138970 1224399 1138970
1508610600 1148446 1138970 1224399 1138970
1508608800 659423 1138970 838841 1138970
1508607000 649985 1137083 838841 1138970
1508605200 651736 290625 651736 290625
1508603400 651736 290625 651736 290625
1508601600 651736 290625 651736 290625
1508599800 637798 290625 1243016 290625
1508598000 427764 290625 427764 290625
1508596200 427764 290625 427764 290625
1508594400 427764 290625 427764 290625
1508592600 427764 290625 427764 290625
1508590800 427764 290625 427764 290625
1508589000 427764 290625 427764 290625
1508587200 427764 290625 427764 290625
1508585400 427764 349296 427764 642569
1508583600 427764 353763 427764 353763
1508581800 427764 353763 427764 353763
1508580000 427764 353763 427764 353763
1508578200 483971 353763 757556 353763
1508576400 581467 353328 1044388 353763
1508574600 798956 641900 887457 1123477
1508572800 738247 757867 887457 761903
1508571000 3986 762880 3986 1202161
1508569200 34476 981840 184529 1202161
1508567400 642433 343755 820079 1089789
1508565600 812964 316537 820079 547727
1508563800 805913 472822 805913 472822
1508562000 805913 472822 805913 472822
1508560200 805913 472822 805913 472822
1508558400 805913 472822 805913 472822
1508556600 805913 472822 805913 472822
1508554800 805913 472822 805913 472822
1508553000 805913 472822 805913 472822
1508551200 805913 472822 805913 472822
1508549400 805913 490346 805913 493809
1508547600 805913 493809 805913 493809
1508545800 805913 493809 805913 493809
1508544000 805913 493809 805913 493809
1508542200 805913 493809 805913 493809
1508540400 805913 697916 805913 802283
1508538600 805913 617183 805913 879116
1508536800 805913 467476 805913 705342
1508535000 805913 705342 805913 705342
1508533200 805913 705342 805913 705342
1508531400 805913 705342 805913 705342
1508529600 805913 705342 805913 705342
1508527800 805913 705342 805913 705342
1508526000 320330 705342 805913 705342
1508524200 105135 705342 244920 705342
1508522400 828323 705342 1093224 705342
1508520600 795706 705342 1093224 705342
1508518800 737152 705342 737152 705342
1508517000 700862 705342 737152 705342
1508515200 682943 746316 682943 827453
1508513400 682943 827453 682943 827453
1508511600 600593 827453 682943 827453
1508509800 479113 705292 518972 946862
1508508000 804437 655697 1063221 907936
1508506200 1063221 554014 1063221 554014
1508504400 1063221 554014 1063221 554014
1508502600 1063221 554014 1063221 554014
1508500800 1063221 554014 1063221 554014
1508499000 1063221 554014 1063221 554014
1508497200 1063221 554014 1063221 554014
1508495400 1063221 554014 1063221 554014
1508493600 1063221 554014 1063221 554014
1508491800 1063221 554014 1063221 554014
1508490000 1063221 554014 1063221 554014
1508488200 1063221 797085 1063221 917109
1508486400 1063221 917109 1063221 917109
1508484600 1063221 953951 1063221 1026364
1508482800 717979 1084746 1063221 1142613
1508481000 849580 1174163 856674 1236640
1508479200 766527 1056242 846079 1236640
1508477400 553410 820624 733315 1153586
1508475600 464356 404498 464356 1153586
1508473800 464356 697312 464356 697312
1508472000 464356 598689 464356 697312
1508470200 464356 111441 464356 111441
1508468400 464356 111441 464356 111441
1508466600 464356 111441 464356 111441
1508464800 464356 111441 464356 111441
1508463000 464356 301853 464356 391575
1508461200 464356 545814 464356 851992
1508459400 464356 851992 464356 851992
1508457600 464356 851992 464356 851992
1508455800 464356 851992 464356 851992
1508454000 464356 851992 464356 851992
1508452200 464356 851992 464356 851992
1508450400 464356 851992 464356 851992
1508448600 464356 851992 464356 851992
1508446800 464356 851992 464356 851992
1508445000 464356 851992 464356 851992
1508443200 465654 851992 1049098 851992
1508441400 962133 851992 1049098 851992
1508439600 434383 851992 460326 851992
1508437800 412459 851992 1130090 851992
1508436000 786916 851992 1130090 851992
1508434200 410475 851992 410475 851992
1508432400 658522 851992 1149693 851992
1508430600 1149693 851992 1149693 851992
1508428800 972199 851992 1149693 851992
1508427000 310695 980106 1008814 1233162
1508425200 248018 1233162 248018 1233162
1508423400 248018 1179730 248018 1233162
1508421600 248018 1070397 248018 1151582
1508419800 248018 1151582 248018 1151582
1508418000 765927 1151582 951003 1151582
1508416200 951003 1151517 951003 1151582
1508414400 950368 1122841 951003 1122841
1508412600 725985 1122841 974658 1122841
1508410800 651755 1122841 1064655 1122841
1508409000 788894 1122841 891459 1122841
1508407200 891459 1122841 891459 1122841
1508405400 891459 1122841 891459 1122841
1508403600 891405 814172 891459 1122841
1508401800 700950 680131 1160028 1213196
1508400000 451428 665187 451428 954155
1508398200 959057 595955 1210260 859739
1508396400 731314 824513 959367 824513
1508394600 419205 824513 1183048 824513
1508392800 194257 522939 1183048 824513
1508391000 441 552908 441 758612
1508389200 441 758612 441 758612
1508387400 441 748305 441 1229500
1508385600 441 485725 441 518036
1508383800 441 518036 441 518036
1508382000 441 518036 441 518036
1508380200 441 518036 441 518036
1508378400 441 518036 441 518036
1508376600 441 518036 441 518036
1508374800 441 518036 441 518036
1508373000 441 518036 441 518036
1508371200 441 518036 441 518036
1508369400 441 518036 441 518036
1508367600 441 518036 441 518036
1508365800 441 518036 441 518036
1508364000 441 706179 441 983277
1508362200 441 616763 441 616763
1508360400 441 616763 441 616763
1508358600 441 616763 441 616763
1508356800 441 616763 441 616763
1508355000 97298 616763 812784 616763
1508353200 809562 616763 1049410 616763
1508351400 343921 616763 428735 616763
1508349600 656799 616763 891187 616763
1508347800 891187 616763 891187 616763
1508346000 896727 616763 1032235 616763
1508344200 820539 616763 1124926 616763
1508342400 940092 616763 1124926 616763
1508340600 714860 616763 718231 616763
1508338800 739631 616763 884423 616763
1508337000 663861 616763 664840 616763
1508335200 572809 616763 972803 616763
1508333400 972803 616763 972803 616763
1508331600 972803 616763 972803 616763
1508329800 972803 616763 972803 616763
1508328000 972803 616763 972803 616763
1508326200 972803 616763 972803 616763
1508324400 972803 616763 972803 616763
1508322600 972803 616763 972803 616763
1508320800 972803 616763 972803 616763
1508319000 972803 342802 972803 616763
1508317200 923872 583683 1220306 1074253
1508315400 758367 898196 807766 1197797
1508313600 1073212 961192 1204614 961192
1508311800 844113 961192 1204614 961192
1508310000 810867 901806 810867 998477
1508308200 1126561 1076490 1221843 1153814
1508306400 500951 317802 921298 1153814
1508304600 418224 614191 418224 1010889
1508302800 418224 473765 418224 1021950
1508301000 418224 448600 418224 641691
1508299200 418224 118286 418224 463127
1508297400 418224 50144 418224 50144
1508295600 418224 452524 418224 972797
1508293800 418224 868983 418224 1142486
1508292000 418224 604650 418224 728379
1508290200 418224 543404 418224 543404
1508288400 418224 543404 418224 543404
1508286600 418224 543404 418224 543404
1508284800 418224 543404 418224 543404
1508283000 418224 543404 418224 543404
1508281200 418224 543938 418224 784362
1508279400 418224 817854 418224 1034465
1508277600 418224 564925 418224 1246436
1508275800 418224 1246436 418224 1246436
1508274000 418224 1246436 418224 1246436
1508272200 418224 1246436 418224 1246436
1508270400 418224 1246436 418224 1246436
1508268600 418224 1246436 418224 1246436
1508266800 418224 1246436 418224 1246436
1508265000 612769 1246436 1001905 1246436
1508263200 561743 1246436 792767 1246436
1508261400 403745 1246436 1131433 1246436
1508259600 287544 1246436 613156 1246436
1508257800 875919 1246436 1152694 1246436
1508256000 774514 1246436 1233818 1246436
1508254200 1233818 1246436 1233818 1246436
1508252400 1233818 1246436 1233818 1246436
1508250600 935923 1246436 1233818 1246436
1508248800 611328 1238103 1186717 1246436
1508247000 1186717 1229865 1186717 1229865
1508245200 1186717 1229865 1186717 1229865
1508243400 1006684 1229865 1186717 1229865
1508241600 367018 1229865 517422 1229865
1508239800 429985 1229865 429985 1229865
1508238000 435066 1229865 926875 1229865
1508236200 276647 1229865 276647 1229865
1508234400 276647 1229865 276647 1229865
1508232600 413817 1229865 1086181 1229865
1508230800 422016 1162883 1086181 1229865
1508229000 174494 789366 174494 1096643
1508227200 174494 571233 174494 762291
1508225400 174494 561093 174494 963905
1508223600 174494 569877 174494 1100310
1508221800 174494 1100310 174494 1100310
1508220000 174494 674716 174494 1100310
1508218200 798210 536759 1228416 1011640
1508216400 290554 181526 290554 315650
1508214600 290554 46812 290554 48592
1508212800 290554 43292 290554 43292
1508211000 290554 71982 290554 216047
1508209200 290554 390950 290554 460142
1508207400 290554 460142 290554 460142
1508205600 290554 460142 290554 460142
1508203800 290554 460142 290554 460142
1508202000 290554 460142 290554 460142
1508200200 290554 460142 290554 460142
1508198400 290554 313505 290554 474496
1508196600 290554 998 290554 998
1508194800 290554 565424 290554 1128228
1508193000 290554 1123183 290554 1123183
1508191200 290554 1123183 290554 1123183
1508189400 290554 1123183 290554 1123183
1508187600 290554 1123183 290554 1123183
1508185800 290554 1123183 290554 1123183
1508184000 608245 1123183 1226773 1123183
1508182200 1226773 1123183 1226773 1123183
1508180400 1226773 1123183 1226773 1123183
1508178600 983728 1123183 1226773 1123183
1508176800 863419 1123183 863419 1123183
1508175000 863419 1123183 863419 1123183
1508173200 863419 572060 863419 1123183
1508171400 863419 24602 863419 24602
1508169600 863419 24602 863419 24602
1508167800 863419 24602 863419 24602
1508166000 631299 27118 863419 1157400
1508164200 348552 1157400 348552 1157400
1508162400 348552 1157400 348552 1157400
1508160600 319087 1157400 348552 1157400
1508158800 174097 1157400 174097 1157400
1508157000 174097 1134434 174097 1157400
1508155200 174097 1123066 174097 1123066
1508153400 174097 1123066 174097 1123066
1508151600 174097 1123066 174097 1123066
1508149800 169874 1123066 174097 1123066
1508148000 149018 1030737 149018 1123066
1508146200 149018 932312 149018 976097
1508144400 925325 573647 1078110 573647
1508142600 1078110 759199 1078110 1241885
1508140800 1078110 1241885 1078110 1241885
1508139000 1027331 1241885 1078110 1241885
1508137200 926534 1140264 926534 1241885
1508135400 926534 889407 926534 1136500
1508133600 834911 984968 926534 1114222
1508131800 382250 813171 382250 813171
1508130000 382250 813171 382250 813171
1508128200 382250 813171 382250 813171
1508126400 382250 813171 382250 813171
1508124600 382250 813171 382250 813171
1508122800 382250 813171 382250 813171
1508121000 382250 813171 382250 813171
1508119200 382250 813171 382250 813171
1508117400 382250 813171 382250 813171
1508115600 382250 813171 382250 813171
1508113800 382250 813171 382250 813171
1508112000 382250 813171 382250 813171
1508110200 382250 670034 382250 813171
1508108400 382250 929415 382250 1163195
1508106600 382250 1013305 382250 1041743
1508104800 382250 971029 382250 971029
1508103000 382250 971029 382250 971029
1508101200 382250 971029 382250 971029
1508099400 382250 971029 382250 971029
1508097600 329990 971029 382250 971029
1508095800 120655 971029 359158 971029
1508094000 359158 971029 359158 971029
1508092200 289086 971029 436602 971029
1508090400 429480 971029 436602 971029
1508088600 428079 971029 428079 971029
1508086800 428079 971029 428079 971029
1508085000 428079 971029 428079 971029
1508083200 428079 971029 428079 971029
1508081400 428079 971029 428079 971029
1508079600 825819 971029 904098 971029
1508077800 904098 971029 904098 971029
1508076000 904098 971029 904098 971029
1508074200 904098 971029 904098 971029
1508072400 757852 971029 904098 971029
1508070600 273665 971029 738812 971029
1508068800 738812 971029 738812 971029
1508067000 738319 971029 738812 971029
1508065200 444010 971029 444010 971029
1508063400 443940 971029 444010 971029
1508061600 646194 1098145 887145 1223858
1508059800 887145 1223858 887145 1223858
1508058000 887145 1223858 887145 1223858
1508056200 403849 1222345 887145 1223858
1508054400 164610 979360 164610 1245071
1508052600 164610 705999 164610 1245071
1508050800 284002 357406 343104 671113
1508049000 343104 671113 343104 671113
1508047200 343104 671113 343104 671113
1508045400 875434 671113 1138947 671113
1508043600 885662 671113 1138947 671113
1508041800 634061 671113 634061 671113
1508040000 634061 671113 634061 671113
1508038200 634061 671113 634061 671113
1508036400 634061 671113 634061 671113
1508034600 634061 671113 634061 671113
1508032800 634061 671113 634061 671113
1508031000 634061 671113 634061 671113
1508029200 634061 671113 634061 671113
1508027400 634061 671113 634061 671113
1508025600 634061 458784 634061 671113
1508023800 634061 38348 634061 38348
1508022000 634061 38348 634061 38348
1508020200 634061 38348 634061 38348
1508018400 634061 527857 634061 1109358
1508016600 634061 883518 634061 883518
1508014800 634061 995963 634061 1107415
1508013000 634061 1107415 634061 1107415
1508011200 634061 1107415 634061 1107415
1508009400 634061 1107415 634061 1107415
1508007600 634061 1126070 634061 1217880
1508005800 634061 1217880 634061 1217880
1508004000 634061 1038742 634061 1217880
1508002200 634061 872846 634061 977743
1508000400 634061 936610 634061 1149589
1507998600 634061 1007877 634061 1149589
1507996800 634061 979988 634061 979988
1507995000 634061 979988 634061 979988
1507993200 496963 854684 634061 979988
1507991400 379377 867022 469982 877180
1507989600 199521 877180 199521 877180
1507987800 304081 877180 510609 877180
1507986000 510609 877180 510609 877180
1507984200 510609 877180 510609 877180
1507982400 510609 877180 510609 877180
1507980600 510609 681805 510609 877180
1507978800 510609 639798 510609 862518
1507977000 263146 991625 510609 1208953
1507975200 17875 1208953 17875 1208953
1507973400 164643 1121733 886903 1208953
1507971600 886903 242254 886903 242254
1507969800 886903 375173 886903 813574
1507968000 886903 477245 886903 530177
1507966200 886903 796275 886903 1033666
1507964400 886903 679598 886903 1162999
1507962600 886903 448091 886903 450843
1507960800 886903 464295 886903 490935
1507959000 886903 607907 886903 1183542
1507957200 886903 1181915 886903 1183542
1507955400 886903 864212 886903 1189906
1507953600 886903 1189906 886903 1189906
1507951800 886903 1189906 886903 1189906
1507950000 886903 1189906 886903 1189906
1507948200 886903 1189906 886903 1189906
1507946400 886903 1189906 886903 1189906
1507944600 886903 1189906 886903 1189906
1507942800 886903 1189906 886903 1189906
1507941000 886903 1189906 886903 1189906
1507939200 886903 1189906 886903 1189906
1507937400 886903 1189906 886903 1189906
1507935600 823466 1189906 959601 1189906
1507933800 437837 1189906 437837 1189906
1507932000 437837 1034663 437837 1189906
1507930200 437837 1148333 437837 1178218
1507928400 437837 1026919 437837 1178218
1507926600 437837 997022 437837 997022
1507924800 437837 997022 437837 997022
1507923000 437837 997022 437837 997022
1507921200 464688 997022 597358 997022
1507919400 491791 997022 597358 997022
1507917600 338552 997022 338552 997022
1507915800 338552 997022 338552 997022
1507914000 338552 997022 338552 997022
1507912200 462662 997022 700939 997022
1507910400 626993 997022 626993 997022
1507908600 626993 997022 626993 997022
1507906800 626993 997022 626993 997022
1507905000 626993 851943 626993 997022
1507903200 626993 708151 626993 708151
1507901400 626993 708151 626993 708151
1507899600 626993 708151 626993 708151
1507897800 626993 708151 626993 708151
1507896000 626993 708151 626993 708151
1507894200 626993 708151 626993 708151
1507892400 626993 708151 626993 708151
1507890600 626993 708151 626993 708151
1507888800 626993 708151 626993 708151
1507887000 626993 708151 626993 708151
1507885200 626993 708151 626993 708151
1507883400 626993 535924 626993 900870
1507881600 626993 906056 626993 984778
1507879800 584457 780177 626993 1222263
1507878000 500234 326862 500234 1223655
1507876200 543598 1167012 757001 1223655
1507874400 757001 1078522 757001 1212853
1507872600 757001 305468 757001 554146
1507870800 757001 133156 757001 133156
1507869000 757001 133156 757001 133156
1507867200 757001 169899 757001 242841
1507865400 757001 242841 757001 242841
1507863600 757001 242841 757001 242841
1507861800 757001 242841 757001 242841
1507860000 757001 242841 757001 242841
1507858200 757001 242841 757001 242841
1507856400 757001 242841 757001 242841
1507854600 757001 242841 757001 242841
1507852800 757001 242841 757001 242841
1507851000 757001 242841 757001 242841
1507849200 757001 242841 757001 242841
1507847400 757001 387518 757001 886154
1507845600 757001 936740 757001 1205511
1507843800 757001 136 757001 136
1507842000 757001 1563 757001 642914
1507840200 757001 642914 757001 642914
1507838400 757001 642914 757001 642914
1507836600 757001 642914 757001 642914
1507834800 459167 642914 757001 642914
1507833000 875881 642914 959965 642914
1507831200 1004407 642914 1168631 642914
1507829400 439487 642914 811272 642914
1507827600 784886 642807 991566 642914
1507825800 991566 595242 991566 595242
1507824000 991566 595242 991566 595242
1507822200 991566 595242 991566 595242
1507820400 569703 595242 991566 595242
1507818600 1038457 595242 1206686 595242
1507816800 1206686 595242 1206686 595242
1507815000 1206686 595242 1206686 595242
1507813200 1206686 595242 1206686 595242
1507811400 1206686 595242 1206686 595242
1507809600 1033630 595242 1244593 595242
1507807800 669216 595242 712360 595242
1507806000 712360 595242 712360 595242
1507804200 712360 595242 712360 595242
1507802400 712360 588097 712360 1034143
1507800600 712360 1034143 712360 1034143
1507798800 718766 1087935 1225704 1194454
1507797000 522154 1070598 1225704 1194454
1507795200 548037 626587 548037 824910
1507793400 548037 701639 548037 1140071
1507791600 548037 1068269 548037 1210401
1507789800 548037 726994 548037 848346
1507788000 388481 129823 548037 129823
1507786200 72542 129823 72542 129823
1507784400 72542 129823 72542 129823
1507782600 72542 129823 72542 129823
1507780800 72542 129823 72542 129823
1507779000 72542 129507 72542 129823
1507777200 72542 16497 72542 16497
1507775400 72542 16497 72542 16497
1507773600 72542 16497 72542 16497
1507771800 72542 315087 72542 611035
1507770000 72542 611035 72542 611035
1507768200 72542 611035 72542 611035
1507766400 72542 611035 72542 611035
1507764600 72542 611035 72542 611035
1507762800 72542 570636 72542 611035
1507761000 72542 531767 72542 1070038
1507759200 72542 531407 72542 1070038
1507757400 72542 731764 72542 921166
1507755600 72542 921166 72542 921166
1507753800 72542 921166 72542 921166
1507752000 72542 921166 72542 921166
1507750200 442308 921166 764594 921166
1507744800 704828 921166 1181935 921166
1507737600 867451 921166 1095699 921166
1507730400 722085 773774 1095699 1244974
1507723200 469641 953389 1089023 1173273
1507716000 240072 923377 474366 1173273
1507708800 809843 644065 1048924 984526
1507701600 1048924 367995 1048924 1017297
1507694400 1048924 291645 1048924 291645
1507687200 1048924 331904 1048924 1158584
1507680000 736339 479113 1048924 1158584
1507672800 293166 644694 293166 1201835
1507665600 850645 189083 1241097 189083
1507658400 867823 189083 867823 189083
1507651200 867823 189083 867823 189083
1507644000 867823 315393 867823 942555
1507636800 715598 942555 867823 942555
1507629600 638495 942555 1238482 942555
1507622400 749170 939311 945313 1171531
1507615200 628013 404273 945313 967344
1507608000 169518 262393 169518 634800
1507600800 169518 458839 169518 1016261
1507593600 169518 807160 169518 1117022
1507586400 334804 608871 1188693 1229419
1507579200 342660 208549 700029 520764
1507572000 767577 338412 1135353 468487
1507564800 1135353 321649 1135353 468487
1507557600 933842 473160 1135353 770521
1507550400 681494 602047 681494 770521
1507543200 482124 634545 681494 634545
1507536000 156276 488715 156276 1136965
1507528800 718500 354569 830608 1101941
1507521600 830608 57848 830608 57848
1507514400 830608 57848 830608 57848
1507507200 830608 270521 830608 1221117
1507500000 830608 189897 830608 228381
1507492800 489194 157409 830608 157409
1507485600 200953 225963 200953 703421
1507478400 200953 1081514 200953 1236782
1507471200 200953 809419 200953 1236782
1507464000 319832 760500 770059 770780
1507456800 426440 688914 770059 688914
1507449600 357992 585415 357992 1106128
1507442400 581038 744052 1186680 754407
1507435200 678644 754407 678644 754407
1507428000 678644 754407 678644 754407
1507420800 678644 302258 678644 754407
1507413600 678644 575579 678644 703078
1507406400 678644 703078 678644 703078
1507399200 678644 703078 678644 703078
1507392000 678644 708880 678644 840521
1507384800 678644 840521 678644 840521
1507377600 729005 1037836 879645 1233938
1507370400 458018 923062 879645 1216625
1507363200 205642 1215748 205642 1215748
1507356000 205642 530507 205642 1215748
1507348800 205642 120337 205642 120337
1507341600 205642 116951 205642 381382
1507334400 205642 221847 205642 828947
1507327200 205642 123403 205642 123403
1507320000 355560 228643 1140271 773910
1507312800 184887 19160 828916 19160
1507305600 41371 19160 41371 19160
1507298400 41371 19160 41371 19160
1507291200 41371 19160 41371 19160
1507284000 36685 671874 41371 1239249
1507276800 28895 1143466 28895 1223103
1507269600 158385 730325 811144 1200726
1507262400 183019 119653 183019 152579
1507255200 183019 343523 183019 1130863
1507248000 183019 860263 183019 1130863
1507240800 183019 735276 183019 928131
1507233600 421606 928131 1143140 928131
1507226400 483670 928131 823609 928131
1507219200 903485 769872 1002219 1107640
1507212000 731016 1107640 1002219 1107640
1507204800 73711 947942 73711 1107640
1507197600 712456 834758 879981 894907
1507190400 879981 951669 879981 997710
1507183200 879981 989964 879981 1138029
1507176000 879981 1138029 879981 1138029
1507168800 879981 477089 879981 1138029
1507161600 879981 556081 879981 1120889
1507154400 879981 453249 879981 893377
1507147200 879981 893377 879981 893377
1507140000 879981 893377 879981 893377
1507132800 879981 570951 879981 1224524
1507125600 394861 879620 896768 990841
1507118400 325947 739366 398682 739366
1507111200 587474 739366 1092931 739366
1507104000 717551 905178 1092931 1156195
1507096800 93772 674915 93772 997204
1507089600 93772 200513 93772 200513
1507082400 93772 337622 93772 567876
1507075200 93772 1069476 93772 1151888
1507068000 93772 1079455 93772 1151888
1507060800 99454 1072919 228354 1072919
1507053600 469159 1072919 1039215 1072919
1507046400 566491 1064879 566491 1072919
1507039200 492538 977085 566491 977085
1507032000 331063 977085 1085396 977085
1507024800 521481 977085 973640 977085
1507017600 462608 984063 973640 1213476
1507010400 223223 578719 1138687 882099
1507003200 613848 673763 613848 673763
1506996000 613848 673763 613848 673763
1506988800 613848 989081 613848 1093877
1506981600 613848 1093877 613848 1093877
1506974400 556249 1093877 613848 1093877
1506967200 977263 1093877 1246063 1093877
1506960000 913000 1093877 913000 1093877
1506952800 414970 600311 918896 1093877
1506945600 62411 443418 62411 443418
1506938400 62411 795611 62411 1103053
1506931200 62411 678388 62411 1020399
1506924000 655574 194574 1223314 826989
1506916800 995454 95304 995454 95304
1506909600 995454 95304 995454 95304
1506902400 995454 147093 995454 712671
1506895200 995454 771357 995454 1243504
1506888000 995266 1243504 995454 1243504
1506880800 592436 1243504 788847 1243504
1506873600 495667 1178187 674937 1243504
1506866400 565167 901795 674937 1054623
1506859200 307458 949097 915621 1012436
1506852000 308347 937798 350567 1171363
1506844800 258619 868126 258619 1133957
1506837600 619187 1133957 1217879 1133957
1506830400 719723 1133957 1217879 1133957
1506823200 719792 408774 719792 1133957
1506816000 662717 533431 719792 566147
1506808800 265215 678791 265215 1212189
1506801600 548500 847369 654246 847369
1506794400 552400 864237 1079703 1245584
1506787200 384495 1245584 975148 1245584
1506780000 568358 1245584 1215881 1245584
1506772800 428474 1245584 797748 1245584
1506765600 587051 1245584 654680 1245584
1506758400 588644 1245584 631992 1245584
1506751200 373887 669671 604122 1245584
1506744000 166214 122605 166214 122605
1506736800 166214 122605 166214 122605
1506729600 319770 92392 779422 122605
1506722400 779422 517830 779422 1133486
1506715200 683522 1096039 779422 1145046
1506708000 646293 1145046 646293 1145046
1506700800 916289 1114003 1205886 1145046
1506693600 1068205 959410 1115427 959410
1506686400 980980 872185 1200060 959410
1506679200 778903 325293 778903 1072547
1506672000 908192 1133058 1165343 1227776
1506664800 1165343 412980 1165343 1226557
1506657600 511714 681145 1165343 806118
1506650400 161499 401701 1188622 806118
1506643200 620495 736127 1188622 1043590
1506636000 514731 1019795 905371 1186668
1506628800 482846 435424 482846 1146509
1506621600 507461 9785 884744 9785
1506614400 743311 9785 1247032 9785
1506607200 1116327 9785 1144153 9785
1506600000 377526 9785 594498 9785
1506592800 85785 332787 351838 1115118
1506585600 486559 1114842 1119856 1115118
1506578400 755629 651111 798313 1165242
1506571200 316937 676600 645707 676600
1506564000 257607 676600 257607 676600
1506556800 364356 827396 1235832 1147891
1506549600 709020 1051365 856452 1203572
1506542400 60035 1203572 133424 1203572
1506535200 53413 1203572 53413 1203572
1506528000 927976 1203572 1087736 1203572
1506520800 485683 1203572 1222329 1203572
1506513600 49047 1203572 49047 1203572
1506506400 199626 859848 815756 1203572
1506499200 820561 916450 1140860 1007911
1506492000 831360 814588 850629 1138930
1506484800 395777 888245 395777 888245
1506477600 395777 888245 395777 888245
1506470400 387269 792593 395777 1069217
1506463200 598501 1113332 744036 1115224
1506456000 420421 1115224 678619 1115224
1506448800 470957 1115224 1169818 1115224
1506441600 404438 1115224 522119 1115224
1506434400 980310 1115224 1194698 1115224
1506427200 280317 1115224 1126200 1115224
1506420000 720913 1115224 1086484 1115224
1506412800 1038137 1022654 1100909 1231827
1506405600 1058802 547851 1058802 1231827
1506398400 1108767 682178 1121884 682178
1506391200 1121884 682178 1121884 682178
1506384000 1121884 629278 1121884 974932
1506376800 1107869 687254 1194906 862257
1506369600 702030 862257 1194906 862257
1506362400 919381 862257 919381 862257
1506355200 622578 862257 919381 862257
1506348000 808681 862257 871866 862257
1506340800 257021 846285 871866 1011791
1506333600 729682 744830 1248463 1198772
1506326400 791778 959720 791778 1235869
1506319200 535640 621461 958595 1143504
1506312000 117228 823556 117228 823556
1506304800 117228 823556 117228 823556
1506297600 117228 745969 117228 1200482
1506290400 396528 71916 1248347 224287
1506283200 1248347 52874 1248347 52874
1506276000 1248347 52874 1248347 52874
1506268800 558416 608918 1248347 793581
1506261600 475711 793581 1228586 793581
1506254400 997635 793581 997635 793581
1506247200 663168 781345 997635 1245046
1506240000 741417 1028026 888486 1059987
1506232800 713522 787604 873714 1236418
1506225600 950214 628144 1087335 669246
1506218400 947770 626382 947770 626382
1506211200 947770 588279 947770 626382
1506204000 947841 1026950 1077091 1093091
1506196800 1077091 1093091 1077091 1093091
1506189600 1077091 1093091 1077091 1093091
1506182400 1063927 969014 1077091 1228424
1506175200 487500 867703 1037601 867703
1506168000 977164 867703 1020156 867703
1506160800 1020156 867703 1020156 867703
1506153600 757794 867703 1020156 867703
1506146400 927018 747755 1006119 1160089
1506139200 940413 1160089 1020617 1160089
1506132000 1020617 973847 1020617 1160089
1506124800 1020617 428404 1020617 1153796
1506117600 1020617 634763 1020617 1120552
1506110400 1144963 324332 1167429 324332
1506103200 848709 926330 1042301 1226578
1506096000 784371 1226578 784371 1226578
1506088800 784371 1226578 784371 1226578
1506081600 815244 1226578 1030546 1226578
1506074400 899961 1226578 1030546 1226578
1506067200 310705 870046 544426 1226578
1506060000 453264 403764 544426 1002103
1506052800 553042 964424 691886 1002103
1506045600 691886 961024 691886 961024
1506038400 838285 730707 1105783 961024
1506031200 992927 425133 1121729 1237685
1506024000 598790 298833 1207465 298833
1506016800 952913 298833 1177595 298833
1506009600 576069 298833 633103 298833
1506002400 957757 540308 1185966 603694
1505995200 289496 833072 459349 1223913
1505988000 425294 831167 1120600 1163774
1505980800 227441 972110 1164240 1226061
1505973600 978503 988928 1183713 1226061
1505966400 1183713 421795 1183713 421795
1505959200 1183713 320686 1183713 421795
1505952000 1183713 247618 1183713 946609
1505944800 1183713 873406 1183713 1073994
1505937600 1183713 1073994 1183713 1073994
1505930400 1183713 1073994 1183713 1073994
1505923200 1183713 1073994 1183713 1073994
1505916000 934582 1127421 1183713 1234080
1505908800 560530 1174225 702795 1234080
1505901600 513215 954169 513215 1230051
1505894400 552424 572365 597759 941896
1505887200 475977 732487 965649 1216164
1505880000 783680 1216164 959252 1216164
1505872800 753185 1216164 753185 1216164
1505865600 753185 1158752 753185 1216164
1505858400 753185 716235 753185 1176905
1505851200 821698 1176905 1054861 1176905
1505844000 848997 1176905 848997 1176905
1505836800 856371 638787 1024260 1245890
1505829600 699777 751901 1024260 1245890
1505822400 737950 609615 962429 1233825
1505815200 962429 370462 962429 792817
1505808000 596234 150535 962429 590250
1505800800 637124 265410 1180335 605359
1505793600 232230 42349 1180335 42349
1505786400 43368 42349 43368 42349
1505779200 43368 87494 43368 312327
1505772000 43368 680990 43368 1179982
1505764800 375943 1179982 874293 1179982
1505757600 859786 1179982 874293 1179982
1505750400 688969 1128111 861103 1179982
1505743200 639275 624878 1146896 1200083
1505736000 755328 637877 963464 1192055
1505728800 913262 692749 963464 1213639
1505721600 1001447 488092 1248810 488092
1505714400 1032059 488092 1248810 488092
1505707200 552359 106498 583693 488092
1505700000 551011 90081 551011 90081
1505692800 551011 187099 551011 827496
1505685600 517197 901086 1136697 1058449
1505678400 474014 1058449 1136697 1058449
1505671200 805659 972220 1230585 1105589
1505664000 768404 708092 1230585 1225512
1505656800 572219 710252 951623 1118921
1505649600 951623 807950 951623 1165981
1505642400 951623 784690 951623 1165981
1505635200 837872 517733 1156446 1212619
1505628000 461976 187179 957520 734863
1505620800 135360 177997 242685 177997
1505613600 28413 408737 429591 1178323
1505606400 429591 802000 429591 1124749
1505599200 367962 1094613 1238962 1094613
1505592000 923922 901894 1238962 1094613
1505584800 880002 972522 991158 972522
1505577600 461637 972522 563223 972522
1505570400 412968 1010421 524499 1227285
1505563200 507054 1057317 1241919 1190190
1505556000 645138 996188 961798 1239857
1505548800 641198 780004 1194894 1058383
1505541600 1119178 612463 1194894 1215755
1505534400 536898 803725 1079907 1180283
1505527200 498167 1185875 498167 1247061
1505520000 565850 1247061 1058365 1247061
1505512800 594021 1247061 804296 1247061
1505505600 597662 1247061 897110 1247061
1505498400 347629 683011 1228673 1247061
1505491200 845545 783469 1228273 951412
1505484000 791079 605861 857940 605861
1505476800 999146 605861 1225245 605861
1505469600 1225245 538387 1225245 893725
1505462400 1073888 447546 1225245 1193305
1505455200 321998 290215 957141 881051
1505448000 732343 413090 732343 596478
1505440800 732343 596478 732343 596478
1505433600 732343 712254 732343 1199972
1505426400 675167 507983 732343 1212500
1505419200 382018 683679 970295 683679
1505412000 108308 683679 108308 683679
1505404800 714884 683679 963980 683679
1505397600 893085 1000539 963980 1191492
1505390400 101510 767767 101510 1096194
1505383200 939425 133371 1106994 522819
1505376000 1002621 87287 1106994 87287
1505368800 802424 87287 1183334 87287
1505361600 818149 491921 1137615 788781
1505354400 775348 731239 775348 731239
1505347200 775348 618498 775348 1135748
1505340000 775348 820827 775348 1220471
1505332800 643093 1112077 877634 1112077
1505325600 889053 1081951 953907 1112077
1505318400 786243 1080655 1075652 1080655
1505311200 432923 758840 548894 1149392
1505304000 845152 648984 1115742 1149126
1505296800 851510 251372 896490 1242014
1505289600 591677 335278 964729 1058824
1505282400 964729 693286 964729 1053502
1505275200 709774 320666 964729 320666
1505268000 494527 320666 494527 320666
1505260800 608192 264309 1038678 320666
1505253600 650262 523990 1207934 1034146
1505246400 694001 1066533 1207934 1105341
1505239200 285343 1105341 710250 1105341
1505232000 195650 1105341 567506 1105341
1505224800 336 1105341 336 1105341
1505217600 359356 550615 811231 1105341
1505210400 242008 636518 1248687 1129657
1505203200 1197672 173332 1248687 1129657
1505196000 941215 243298 1202545 425235
1505188800 425512 252313 816765 252313
1505181600 300686 252313 300686 252313
1505174400 300686 269974 300686 874363
1505167200 292781 989021 914037 1240360
1505160000 1090292 1087841 1097849 1231163
1505152800 1097849 374097 1097849 374097
1505145600 866390 573696 1097849 1236154
1505138400 404628 1134863 404628 1236154
1505131200 562838 847843 615420 1137864
1505124000 635195 714032 813366 1064973
1505116800 691505 826727 1145919 1097334
1505109600 745970 525634 801174 912456
1505102400 432409 433840 1057430 433840
1505095200 240193 495175 240193 1138674
1505088000 240193 133252 240193 1138674
1505080800 396565 804961 1091043 1068961
1505073600 1112885 896588 1202558 896588
1505066400 1202558 815481 1202558 896588
1505059200 1019228 1002845 1202558 1186992
1505052000 1178344 1187010 1221459 1220981
1505044800 1221459 1198066 1221459 1243423
1505037600 727018 539189 1221459 1247266
1505030400 323417 659892 644850 1222919
1505023200 644850 392279 644850 1163867
1505016000 383568 394541 644850 394541
1505008800 197367 394846 197367 1129097
1505001600 175895 511227 197367 1129097
1504994400 162801 699976 950717 824631
1504987200 568064 644038 651644 1238480
1504980000 677154 1238480 988132 1238480
1504972800 823505 1238480 988132 1238480
1504965600 701916 998977 988210 1238480
1504958400 845756 637729 988210 893318
1504951200 784155 608005 817380 1055087
1504944000 651569 397643 766735 871524
1504936800 510474 376535 766735 430138
1504929600 199747 375601 199747 375601
1504922400 199747 375601 199747 375601
1504915200 199747 375862 199747 846271
1504908000 226274 319355 830875 846271
1504900800 659071 67661 766920 67661
1504893600 766920 473018 766920 572425
1504886400 766920 303521 766920 303521
1504879200 521664 303521 766920 303521
1504872000 558432 877199 558432 1220591
1504864800 558432 1220591 558432 1220591
1504857600 558432 1168041 558432 1234729
1504850400 383208 135382 686859 146299
1504843200 281570 146299 281570 146299
1504836000 281570 146299 281570 146299
1504828800 281570 146299 281570 146299
1504821600 281570 670640 281570 1163906
1504814400 137357 829276 654556 1146292
1504807200 76687 790858 87086 1168434
1504800000 225146 762599 959110 1062752
1504792800 515753 630757 1211921 1166389
1504785600 460353 584195 695210 1248001
1504778400 266673 659838 308858 1111376
1504771200 308858 415430 308858 1051958
1504764000 449066 687836 872895 1217010
1504756800 725719 379068 725719 379068
1504749600 725719 363201 725719 379068
1504742400 725719 48946 725719 226920
1504735200 679060 623217 871501 1097841
1504728000 45629 919556 45629 1097841
1504720800 331623 912434 737533 1092159
1504713600 517026 447414 1000612 1179362
1504706400 778163 858227 1056865 1247936
1504699200 1056865 846278 1056865 945179
1504692000 1056865 194014 1056865 425280
1504684800 1056865 508360 1056865 1075264
1504677600 1029986 530550 1056865 1129714
1504670400 195265 1129714 420276 1129714
1504663200 184206 1129714 1127440 1129714
1504656000 340567 1047466 1127440 1129714
1504648800 877712 913393 1104694 1237002
1504641600 765912 1201773 1103166 1201773
1504634400 1102773 1093081 1103166 1201773
1504627200 591041 877580 1048970 992673
1504620000 557127 365619 854531 365619
1504612800 383831 425891 383831 1171917
1504605600 525974 354269 1236373 712258
1504598400 1201717 432087 1236373 1117966
1504591200 1068636 575657 1132581 1230254
1504584000 171920 1230254 171920 1230254
1504576800 171920 1230254 171920 1230254
1504569600 171920 1230254 171920 1230254
1504562400 171920 1188393 171920 1230254
1504555200 396527 1177415 863706 1177415
1504548000 618341 558248 863706 1177415
1504540800 791017 352319 791017 352319
1504533600 792560 904055 809459 1194838
1504526400 791838 811649 1019584 1078433
1504519200 905590 834394 1019584 1219496
1504512000 410174 1145615 431975 1170895
1504504800 578897 981353 787977 1227935
1504497600 787977 382509 787977 382509
1504490400 787977 382509 787977 382509
1504483200 625319 577653 787977 772848
1504476000 491686 1164428 1168413 1220085
1504468800 739405 1220085 739405 1220085
1504461600 638657 1220085 739405 1220085
1504454400 478934 1160868 1244312 1220085
1504447200 681952 1125023 1244312 1203037
1504440000 780244 569093 780244 1115541
1504432800 794983 704932 802330 1246414
1504425600 871561 659595 1248652 1196072
1504418400 319872 245721 993921 815536
1504411200 428673 161876 539230 161876
1504404000 539230 161876 539230 161876
1504396800 539230 538071 539230 1243893
1504389600 539399 1243893 846376 1243893
1504382400 906218 1243893 1247430 1243893
1504375200 1133340 1243893 1247430 1243893
1504368000 701255 984346 701255 1243893
1504360800 701255 665626 701255 988321
1504353600 654677 763330 701255 1170091
1504346400 753804 784971 1191014 1206653
1504339200 852865 671709 888694 1072402
1504332000 103279 844115 461602 844115
1504324800 71060 844115 71060 844115
1504317600 71060 844115 71060 844115
1504310400 71060 649629 71060 1164451
1504303200 71060 443446 71060 1127170
1504296000 235646 726810 1017795 1172867
1504288800 312620 743866 1172875 1191858
1504281600 617026 655761 1172875 1191858
1504274400 589984 780082 589984 1247791
1504267200 1036739 851930 1185217 1223365
1504260000 402247 250499 1185217 766893
1504252800 736933 139982 1034139 753652
1504245600 956809 123853 1211407 753652
1504238400 724089 47105 724089 47105
1504231200 724089 47105 724089 47105
1504224000 724089 75442 724089 932779
1504216800 477639 815104 724089 1106630
1504209600 794122 1161517 1139360 1203454
1504202400 724128 1199629 1091539 1203454
1504195200 534619 329654 954429 624502
1504188000 954429 724663 954429 1227772
1504180800 976456 393661 989650 931842
1504173600 989650 673387 989650 1186494
1504166400 989650 775720 989650 1247246
1504159200 916309 269613 1061104 417041
1504152000 1066722 417041 1095259 417041
1504144800 1095259 417041 1095259 417041
1504137600 1095259 453953 1095259 1058012
1504130400 556264 655156 1095259 777708
1504123200 274214 813597 712888 1104344
1504116000 108163 542293 212229 1246668
1504108800 857451 1102417 1086819 1214207
1504101600 674515 1214207 1137610 1214207
1504094400 912322 1214207 1137610 1214207
1504087200 912906 1214207 1193021 1214207
1504080000 867163 936518 1040638 1214207
1504072800 1179035 388154 1219047 1020256
1504065600 1158665 306481 1158665 306481
1504058400 1158665 306481 1158665 306481
1504051200 1158665 306481 1158665 306481
1504044000 942519 772298 1158665 1211737
1504036800 586532 797016 720266 797016
1504029600 646671 797016 932661 797016
1504022400 537730 797016 537730 797016
1504015200 537730 797016 537730 797016
1504008000 537730 797016 537730 797016
1504000800 614431 797016 904922 797016
1503993600 904922 384865 904922 1198458
1503986400 474683 216051 904922 336904
1503979200 326928 336904 326928 336904
1503972000 326928 336904 326928 336904
1503964800 326928 337014 326928 536741
1503957600 326928 769359 326928 1099203
1503950400 622518 1053384 1141578 1053384
1503943200 378430 1001026 490942 1227132
1503936000 813369 884611 1206323 1215240
1503928800 777669 865108 777669 1225622
1503921600 777669 1037712 777669 1197125
1503914400 777669 1177523 777669 1194265
1503907200 777669 1108879 777669 1210720
1503900000 777669 387453 777669 1138997
1503892800 777669 238875 777669 238875
1503885600 777669 238875 777669 238875
1503878400 777669 396297 777669 1243678
1503871200 777669 1100732 777669 1201479
1503864000 532677 1201479 889841 1201479
1503856800 661731 1201479 1230053 1201479
1503849600 1136064 1201479 1231086 1201479
1503842400 326334 1201479 399343 1201479
1503835200 383468 1201479 999447 1201479
1503828000 156665 1201479 186105 1201479
1503820800 297906 981336 429816 1201479
1503813600 534538 884423 669229 1137123
1503806400 669229 557280 669229 1145878
1503799200 669229 540741 669229 540741
1503792000 669229 698787 669229 816510
1503784800 669229 806411 669229 806411
1503777600 669229 806411 669229 806411
1503770400 980192 806411 1041928 806411
1503763200 904569 806411 1076635 806411
1503756000 780239 441115 1150904 806411
1503748800 578603 656238 775977 1072350
1503741600 658121 864919 1165702 864919
1503734400 358449 830684 704283 864919
1503727200 506483 831956 1122476 1219170
1503720000 478623 439735 478623 439735
1503712800 478623 439735 478623 439735
1503705600 478623 478428 478623 1065418
1503698400 553115 491596 1218231 1048134
1503691200 994200 603325 1218231 603325
1503684000 533482 603325 546978 603325
1503676800 283533 603325 363451 603325
1503669600 362936 603325 363451 603325
1503662400 740246 603325 1063532 603325
1503655200 1063532 603325 1063532 603325
1503648000 1055346 603325 1076218 603325
1503640800 815787 289614 815787 1053101
1503633600 815787 168555 815787 168555
1503626400 815787 168555 815787 168555
1503619200 815787 647761 815787 1238900
1503612000 815787 562602 815787 1036584
1503604800 815787 364942 815787 364942
1503597600 722996 364942 992989 364942
1503590400 214058 582197 250406 885662
1503583200 210778 885662 210778 885662
1503576000 790428 874572 842741 1156767
1503568800 842741 353648 842741 353648
1503561600 842741 461471 842741 1210699
1503554400 842741 940240 842741 1219942
1503547200 842741 93717 842741 310447
1503540000 842741 162361 842741 1024426
1503532800 842741 817662 842741 1145085
1503525600 842741 862978 842741 862978
1503518400 842741 862978 842741 862978
1503511200 842741 862978 842741 862978
1503504000 576647 862978 842741 862978
1503496800 280824 862978 833492 862978
1503489600 833492 862978 833492 862978
1503482400 359977 862978 833492 862978
1503475200 216784 862978 247741 862978
1503468000 211041 699027 285066 862978
1503460800 285066 371946 285066 371946
1503453600 285066 371946 285066 371946
1503446400 285066 447497 285066 1150249
1503439200 285066 1006057 285066 1024571
1503432000 466122 1024571 1010066 1024571
1503424800 787508 869379 1248156 1239228
1503360000 987623 829934 1200309 1192855
1503273600 640922 769364 1200309 1195006
1503187200 625295 881216 1124675 1249374
1503100800 346411 438743 1206303 1240951
1503014400 192693 494898 192693 1080823
1502928000 429504 807585 546054 1219643
1502841600 342105 1041363 546054 1203077
1502755200 5972 928341 5972 1241759
1502668800 767456 570419 1081811 1206135
1502582400 1148910 603212 1166565 1201232
1502496000 1166565 609648 1166565 1043811
1502409600 1095963 426746 1232899 1168194
1502323200 467488 697373 467488 1192133
1502236800 467488 532807 467488 1189939
1502150400 385593 842418 473226 1245872
1502064000 233837 529118 357257 1103855
1501977600 187568 750654 187568 1220516
1501891200 187568 729356 187568 1153273
1501804800 187568 851713 187568 1159779
1501718400 187568 804171 187568 1233863
1501632000 409856 448562 1175501 1234217
1501545600 1126059 499732 1190241 1223110
1501459200 851010 579438 1190675 1248932
1501372800 782760 670765 1246196 1225535
1501286400 573162 557085 1170207 1243532
1501200000 451217 376899 1083121 1081670
1501113600 328778 463931 423203 1231905
1501027200 238226 349118 1152084 1180164
1500940800 705458 465618 1241728 1230320
1500854400 561404 423329 1238777 1121087
1500768000 748197 769847 1214113 1233472
1500681600 635025 585414 1155145 1189948
1500595200 445735 685639 1187726 1231222
1500508800 587842 555071 1143391 1243350
1500422400 456799 725654 1138181 1201917
1500336000 603251 518218 1201201 1178739
1500249600 512038 613867 1245574 1249442
1500163200 753165 495526 1004136 1248797
1500076800 1068512 466275 1245979 1188975
1499990400 1245979 534830 1245979 1228993
1499904000 1245979 470560 1245979 1238516
1499817600 1245979 388299 1245979 1249106
1499731200 1245979 491078 1245979 1225397
1499644800 1245911 644620 1245979 1156624
1499558400 1242201 579213 1245498 1135621
1499472000 1244045 730824 1244045 1173816
1499385600 1244045 695223 1244045 1181488
1499299200 1244045 460920 1244045 1186419
1499212800 1244045 735022 1244045 1240595
1499126400 1227016 455235 1244045 1193266
1499040000 1168979 792642 1237626 1235286
1498953600 1013836 647158 1247986 1224408
1498867200 1125976 446766 1225614 1140632
1498780800 1170252 477837 1226562 1000890
1498694400 1175976 636187 1246977 1213998
1498608000 900919 659528 1234139 1228185
1498521600 1135401 613113 1242203 1194842
1498435200 1187156 417007 1187156 1225587
1498348800 1187156 836777 1187156 1247766
1498262400 1138487 540965 1243081 1226782
1498176000 1150271 339720 1198437 1246306
1498089600 1109084 587044 1249264 1098538
1498003200 903122 482926 1147183 1101516
1497916800 1147183 503928 1147183 1217001
1497830400 1147183 646814 1147183 1214395
1497744000 1147183 614591 1147183 1218465
1497657600 1153752 635464 1230882 1227684
1497571200 1229085 689202 1239938 1210773
1497484800 1182393 555704 1248503 1194457
1497398400 1184564 645630 1238573 1189549
1497312000 1070477 580738 1242527 1215694
1497225600 1194932 658673 1244045 1240764
1497139200 1172179 678490 1246374 1197659
1497052800 1243856 578057 1247279 1207336
1496966400 1112063 453010 1246648 1227443
1496880000 1108773 391714 1225321 1244165
1496793600 1236194 738308 1240001 1216800
1496707200 1213445 775602 1247754 1244593
1496620800 1013318 669051 1057168 1206559
1496534400 1196985 762401 1234013 1242295
1496448000 1216022 600052 1248039 1235112
1496361600 1104780 629693 1190588 992056
1496275200 1192034 975322 1248645 1211882
1496188800 1103350 498945 1235540 1211882
1496102400 1197251 320755 1222986 1077279
1496016000 1219007 698258 1237361 1242033
1495929600 1136276 544928 1249724 1025168
1495843200 1170497 595423 1170497 1222467
1495756800 1170497 518986 1170497 1161269
1495670400 1170497 862039 1170497 1174214
1495584000 1170497 628821 1170497 1174214
1495497600 1170497 622969 1170497 1043886
1495411200 1170497 517169 1170497 1245880
1495324800 1170497 337224 1170497 1088034
1495238400 1170497 392290 1170497 1088314
1495152000 1170497 315295 1170497 618322
1495065600 1170497 736737 1170497 1193005
1494979200 1170497 777458 1170497 1056965
1494892800 1135745 502240 1207000 1033394
1494806400 975897 242590 1134372 962640
1494720000 973113 496980 973113 1212699
1494633600 973113 315886 973113 1184541
1494547200 976752 250075 1188087 1188963
1494460800 1029589 382974 1243018 1220061
1494374400 1129995 464451 1244273 1247346
1494288000 1106137 628256 1238209 1212995
1494201600 1080007 595970 1113491 1103954
1494115200 1091029 584199 1247005 1247199
1494028800 1117971 347371 1239160 1084238
1493942400 1149638 422219 1239160 1062691
1493856000 1107530 420911 1238558 575101
1493769600 1088092 285321 1175237 1243833
1493683200 891919 545112 1218567 1227690
1493596800 1101898 486880 1249321 1199487
1493510400 1048551 607500 1241735 1198816
1493424000 1144093 1074961 1248935 1243550
1493337600 1039676 960805 1215687 1243550
1493251200 1091068 845340 1234033 1177531
1493164800 1027592 440018 1193649 984960
1493078400 1197649 837374 1246793 1246983
1492992000 537517 782307 1233815 1243846
1492905600 1195234 642936 1249427 1108475
1492819200 1191431 690099 1247046 1203018
1492732800 966859 587021 966859 1200276
1492646400 1083168 839743 1247125 1052722
1492560000 858528 527653 1238710 1175810
1492473600 1042770 309961 1206454 1092019
1492387200 1177473 818428 1183090 1150618
1492300800 1167810 347656 1217128 1150618
1492214400 1192810 392852 1234905 862646
1492128000 1124364 762115 1244425 1164190
1492041600 989964 445890 1213044 1052258
1491955200 1130549 626322 1245128 1008942
1491868800 539962 357522 1238114 1191749
1491782400 0 0 0 0
1491696000 0 0 0 0
1491609600 0 0 0 0
1491523200 0 0 0 0
1491436800 0 0 0 0
1491350400 0 0 0 0
1491264000 0 0 0 0
1491177600 0 0 0 0
1491091200 0 0 0 0
1491004800 0 0 0 0
1490918400 0 0 0 0
1490832000 0 0 0 0
1490745600 0 0 0 0
1490659200 0 0 0 0
1490572800 0 0 0 0
1490486400 0 0 0 0
1490400000 0 0 0 0
1490313600 0 0 0 0
1490227200 0 0 0 0
1490140800 0 0 0 0
1490054400 0 0 0 0
1489968000 0 0 0 0
1489881600 0 0 0 0
1489795200 0 0 0 0
1489708800 0 0 0 0
1489622400 0 0 0 0
1489536000 0 0 0 0
1489449600 0 0 0 0
1489363200 0 0 0 0
1489276800 0 0 0 0
1489190400 0 0 0 0
1489104000 0 0 0 0
1489017600 0 0 0 0
1488931200 0 0 0 0
1488844800 0 0 0 0
1488758400 0 0 0 0
1488672000 0 0 0 0
1488585600 0 0 0 0
1488499200 0 0 0 0
1488412800 0 0 0 0
1488326400 0 0 0 0
1488240000 0 0 0 0
1488153600 0 0 0 0
1488067200 0 0 0 0
1487980800 0 0 0 0
1487894400 0 0 0 0
1487808000 0 0 0 0
1487721600 0 0 0 0
1487635200 0 0 0 0
1487548800 0 0 0 0
1487462400 0 0 0 0
1487376000 0 0 0 0
1487289600 0 0 0 0
1487203200 0 0 0 0
1487116800 0 0 0 0
1487030400 0 0 0 0
1486944000 0 0 0 0
1486857600 0 0 0 0
1486771200 0 0 0 0
1486684800 0 0 0 0
1486598400 0 0 0 0
1486512000 0 0 0 0
1486425600 0 0 0 0
1486339200 0 0 0 0
1486252800 0 0 0 0
1486166400 0 0 0 0
1486080000 0 0 0 0
1485993600 0 0 0 0
1485907200 0 0 0 0
1485820800 0 0 0 0
1485734400 0 0 0 0
1485648000 0 0 0 0
1485561600 0 0 0 0
1485475200 0 0 0 0
1485388800 0 0 0 0
1485302400 0 0 0 0
1485216000 0 0 0 0
1485129600 0 0 0 0
1485043200 0 0 0 0
1484956800 0 0 0 0
1484870400 0 0 0 0
1484784000 0 0 0 0
1484697600 0 0 0 0
1484611200 0 0 0 0
1484524800 0 0 0 0
1484438400 0 0 0 0
1484352000 0 0 0 0
1484265600 0 0 0 0
1484179200 0 0 0 0
1484092800 0 0 0 0
1484006400 0 0 0 0
1483920000 0 0 0 0
1483833600 0 0 0 0
1483747200 0 0 0 0
1483660800 0 0 0 0
1483574400 0 0 0 0
1483488000 0 0 0 0
1483401600 0 0 0 0
1483315200 0 0 0 0
1483228800 0 0 0 0
1483142400 0 0 0 0
1483056000 0 0 0 0
1482969600 0 0 0 0
1482883200 0 0 0 0
1482796800 0 0 0 0
1482710400 0 0 0 0
1482624000 0 0 0 0
1482537600 0 0 0 0
1482451200 0 0 0 0
1482364800 0 0 0 0
1482278400 0 0 0 0
1482192000 0 0 0 0
1482105600 0 0 0 0
1482019200 0 0 0 0
1481932800 0 0 0 0
1481846400 0 0 0 0
1481760000 0 0 0 0
1481673600 0 0 0 0
1481587200 0 0 0 0
1481500800 0 0 0 0
1481414400 0 0 0 0
1481328000 0 0 0 0
1481241600 0 0 0 0
1481155200 0 0 0 0
1481068800 0 0 0 0
1480982400 0 0 0 0
1480896000 0 0 0 0
1480809600 0 0 0 0
1480723200 0 0 0 0
1480636800 0 0 0 0
1480550400 0 0 0 0
1480464000 0 0 0 0
1480377600 0 0 0 0
1480291200 0 0 0 0
1480204800 0 0 0 0
1480118400 0 0 0 0
1480032000 0 0 0 0
1479945600 0 0 0 0
1479859200 0 0 0 0
1479772800 0 0 0 0
1479686400 0 0 0 0
1479600000 0 0 0 0
1479513600 0 0 0 0
1479427200 0 0 0 0
1479340800 0 0 0 0
1479254400 0 0 0 0
1479168000 0 0 0 0
1479081600 0 0 0 0
1478995200 0 0 0 0
1478908800 0 0 0 0
1478822400 0 0 0 0
1478736000 0 0 0 0
1478649600 0 0 0 0
1478563200 0 0 0 0
1478476800 0 0 0 0
1478390400 0 0 0 0
1478304000 0 0 0 0
1478217600 0 0 0 0
1478131200 0 0 0 0
1478044800 0 0 0 0
1477958400 0 0 0 0
1477872000 0 0 0 0
1477785600 0 0 0 0
1477699200 0 0 0 0
1477612800 0 0 0 0
1477526400 0 0 0 0
1477440000 0 0 0 0
1477353600 0 0 0 0
1477267200 0 0 0 0
1477180800 0 0 0 0
1477094400 0 0 0 0
1477008000 0 0 0 0
1476921600 0 0 0 0
1476835200 0 0 0 0
1476748800 0 0 0 0
1476662400 0 0 0 0
1476576000 0 0 0 0
1476489600 0 0 0 0
1476403200 0 0 0 0
1476316800 0 0 0 0
1476230400 0 0 0 0
1476144000 0 0 0 0
1476057600 0 0 0 0
1475971200 0 0 0 0
1475884800 0 0 0 0
1475798400 0 0 0 0
1475712000 0 0 0 0
1475625600 0 0 0 0
1475539200 0 0 0 0
1475452800 0 0 0 0
1475366400 0 0 0 0
1475280000 0 0 0 0
1475193600 0 0 0 0
1475107200 0 0 0 0
1475020800 0 0 0 0
1474934400 0 0 0 0
1474848000 0 0 0 0
1474761600 0 0 0 0
1474675200 0 0 0 0
1474588800 0 0 0 0
1474502400 0 0 0 0
1474416000 0 0 0 0
1474329600 0 0 0 0
1474243200 0 0 0 0
1474156800 0 0 0 0
1474070400 0 0 0 0
1473984000 0 0 0 0
1473897600 0 0 0 0
1473811200 0 0 0 0
1473724800 0 0 0 0
1473638400 0 0 0 0
1473552000 0 0 0 0
1473465600 0 0 0 0
1473379200 0 0 0 0
1473292800 0 0 0 0
1473206400 0 0 0 0
1473120000 0 0 0 0
1473033600 0 0 0 0
1472947200 0 0 0 0
1472860800 0 0 0 0
1472774400 0 0 0 0
1472688000 0 0 0 0
1472601600 0 0 0 0
1472515200 0 0 0 0
1472428800 0 0 0 0
1472342400 0 0 0 0
1472256000 0 0 0 0
1472169600 0 0 0 0
1472083200 0 0 0 0
1471996800 0 0 0 0
1471910400 0 0 0 0
1471824000 0 0 0 0
1471737600 0 0 0 0
1471651200 0 0 0 0
1471564800 0 0 0 0
1471478400 0 0 0 0
1471392000 0 0 0 0
1471305600 0 0 0 0
1471219200 0 0 0 0
1471132800 0 0 0 0
1471046400 0 0 0 0
1470960000 0 0 0 0
1470873600 0 0 0 0
1470787200 0 0 0 0
1470700800 0 0 0 0
1470614400 0 0 0 0
1470528000 0 0 0 0
1470441600 0 0 0 0
1470355200 0 0 0 0
1470268800 0 0 0 0
1470182400 0 0 0 0
1470096000 0 0 0 0
1470009600 0 0 0 0
1469923200 0 0 0 0
1469836800 0 0 0 0
1469750400 0 0 0 0
1469664000 0 0 0 0
1469577600 0 0 0 0
1469491200 0 0 0 0
1469404800 0 0 0 0
1469318400 0 0 0 0
1469232000 0 0 0 0
1469145600 0 0 0 0
1469059200 0 0 0 0
1468972800 0 0 0 0
1468886400 0 0 0 0
1468800000 0 0 0 0
1468713600 0 0 0 0
1468627200 0 0 0 0
1468540800 0 0 0 0
1468454400 0 0 0 0
1468368000 0 0 0 0
1468281600 0 0 0 0
1468195200 0 0 0 0
1468108800 0 0 0 0
1468022400 0 0 0 0
1467936000 0 0 0 0
1467849600 0 0 0 0
1467763200 0 0 0 0
1467676800 0 0 0 0
1467590400 0 0 0 0
1467504000 0 0 0 0
1467417600 0 0 0 0
1467331200 0 0 0 0
1467244800 0 0 0 0
1467158400 0 0 0 0
1467072000 0 0 0 0
1466985600 0 0 0 0
1466899200 0 0 0 0
1466812800 0 0 0 0
1466726400 0 0 0 0
1466640000 0 0 0 0
1466553600 0 0 0 0
1466467200 0 0 0 0
1466380800 0 0 0 0
1466294400 0 0 0 0
1466208000 0 0 0 0
1466121600 0 0 0 0
1466035200 0 0 0 0
1465948800 0 0 0 0
1465862400 0 0 0 0
1465776000 0 0 0 0
1465689600 0 0 0 0
1465603200 0 0 0 0
1465516800 0 0 0 0
1465430400 0 0 0 0
1465344000 0 0 0 0
1465257600 0 0 0 0
1465171200 0 0 0 0
1465084800 0 0 0 0
1464998400 0 0 0 0
1464912000 0 0 0 0
1464825600 0 0 0 0
1464739200 0 0 0 0
1464652800 0 0 0 0
1464566400 0 0 0 0
1464480000 0 0 0 0
1464393600 0 0 0 0
1464307200 0 0 0 0
1464220800 0 0 0 0
1464134400 0 0 0 0
1464048000 0 0 0 0
1463961600 0 0 0 0
1463875200 0 0 0 0
1463788800 0 0 0 0
1463702400 0 0 0 0
1463616000 0 0 0 0
1463529600 0 0 0 0
1463443200 0 0 0 0
1463356800 0 0 0 0
1463270400 0 0 0 0
1463184000 0 0 0 0
1463097600 0 0 0 0
1463011200 0 0 0 0
1462924800 0 0 0 0
1462838400 0 0 0 0
1462752000 0 0 0 0
1462665600 0 0 0 0
1462579200 0 0 0 0
1462492800 0 0 0 0
1462406400 0 0 0 0
1462320000 0 0 0 0
1462233600 0 0 0 0
1462147200 0 0 0 0
1462060800 0 0 0 0
1461974400 0 0 0 0
1461888000 0 0 0 0
1461801600 0 0 0 0
1461715200 0 0 0 0
1461628800 0 0 0 0
1461542400 0 0 0 0
1461456000 0 0 0 0
1461369600 0 0 0 0
1461283200 0 0 0 0
1461196800 0 0 0 0
1461110400 0 0 0 0
1461024000 0 0 0 0
1460937600 0 0 0 0
1460851200 0 0 0 0
1460764800 0 0 0 0
1460678400 0 0 0 0
1460592000 0 0 0 0
1460505600 0 0 0 0
1460419200 0 0 0 0
1460332800 0 0 0 0
1460246400 0 0 0 0
1460160000 0 0 0 0
1460073600 0 0 0 0
1459987200 0 0 0 0
1459900800 0 0 0 0
1459814400 0 0 0 0
1459728000 0 0 0 0
1459641600 0 0 0 0
1459555200 0 0 0 0
1459468800 0 0 0 0
1459382400 0 0 0 0
1459296000 0 0 0 0
1459209600 0 0 0 0
1459123200 0 0 0 0
1459036800 0 0 0 0
1458950400 0 0 0 0
1458864000 0 0 0 0
1458777600 0 0 0 0
1458691200 0 0 0 0
1458604800 0 0 0 0
1458518400 0 0 0 0
1458432000 0 0 0 0
1458345600 0 0 0 0
1458259200 0 0 0 0
1458172800 0 0 0 0
1458086400 0 0 0 0
1458000000 0 0 0 0
1457913600 0 0 0 0
1457827200 0 0 0 0
1457740800 0 0 0 0
1457654400 0 0 0 0
1457568000 0 0 0 0
1457481600 0 0 0 0
1457395200 0 0 0 0
1457308800 0 0 0 0
1457222400 0 0 0 0
1457136000 0 0 0 0
1457049600 0 0 0 0
1456963200 0 0 0 0
1456876800 0 0 0 0
1456790400 0 0 0 0
1456704000 0 0 0 0
1456617600 0 0 0 0
1456531200 0 0 0 0
1456444800 0 0 0 0
1456358400 0 0 0 0
1456272000 0 0 0 0
1456185600 0 0 0 0
1456099200 0 0 0 0
1456012800 0 0 0 0
1455926400 0 0 0 0
1455840000 0 0 0 0
1455753600 0 0 0 0
1455667200 0 0 0 0
1455580800 0 0 0 0
1455494400 0 0 0 0
1455408000 0 0 0 0
1455321600 0 0 0 0
1455235200 0 0 0 0
1455148800 0 0 0 0
1455062400 0 0 0 0
1454976000 0 0 0 0
1454889600 0 0 0 0
1454803200 0 0 0 0
1454716800 0 0 0 0
1454630400 0 0 0 0
1454544000 0 0 0 0
1454457600 0 0 0 0
1454371200 0 0 0 0
1454284800 0 0 0 0
1454198400 0 0 0 0
1454112000 0 0 0 0
1454025600 0 0 0 0
1453939200 0 0 0 0
1453852800 0 0 0 0
1453766400 0 0 0 0
1453680000 0 0 0 0
1453593600 0 0 0 0
1453507200 0 0 0 0
1453420800 0 0 0 0
1453334400 0 0 0 0
1453248000 0 0 0 0
1453161600 0 0 0 0
1453075200 0 0 0 0
1452988800 0 0 0 0
1452902400 0 0 0 0
1452816000 0 0 0 0
1452729600 0 0 0 0
1452643200 0 0 0 0
1452556800 0 0 0 0
1452470400 0 0 0 0
1452384000 0 0 0 0
1452297600 0 0 0 0
1452211200 0 0 0 0
1452124800 0 0 0 0
1452038400 0 0 0 0
1451952000 0 0 0 0
1451865600 0 0 0 0
1451779200 0 0 0 0
1451692800 0 0 0 0
1451606400 0 0 0 0
1451520000 0 0 0 0
1451433600 0 0 0 0
1451347200 0 0 0 0
1451260800 0 0 0 0
1451174400 0 0 0 0
1451088000 0 0 0 0
1451001600 0 0 0 0
1450915200 0 0 0 0
1450828800 0 0 0 0
1450742400 0 0 0 0
1450656000 0 0 0 0
1450569600 0 0 0 0
1450483200 0 0 0 0
1450396800 0 0 0 0
1450310400 0 0 0 0
1450224000 0 0 0 0
1450137600 0 0 0 0
1450051200 0 0 0 0
1449964800 0 0 0 0
1449878400 0 0 0 0
1449792000 0 0 0 0
1449705600 0 0 0 0
1449619200 0 0 0 0
1449532800 0 0 0 0
1449446400 0 0 0 0
1449360000 0 0 0 0
1449273600 0 0 0 0
1449187200 0 0 0 0
1449100800 0 0 0 0
1449014400 0 0 0 0
1448928000 0 0 0 0
1448841600 0 0 0 0
1448755200 0 0 0 0
1448668800 0 0 0 0
1448582400 0 0 0 0
1448496000 0 0 0 0
1448409600 0 0 0 0
1448323200 0 0 0 0
1448236800 0 0 0 0
1448150400 0 0 0 0
1448064000 0 0 0 0
1447977600 0 0 0 0
1447891200 0 0 0 0
1447804800 0 0 0 0
1447718400 0 0 0 0
1447632000 0 0 0 0
1447545600 0 0 0 0
1447459200 0 0 0 0
1447372800 0 0 0 0
1447286400 0 0 0 0
1447200000 0 0 0 0
1447113600 0 0 0 0
1447027200 0 0 0 0
1446940800 0 0 0 0
1446854400 0 0 0 0
1446768000 0 0 0 0
1446681600 0 0 0 0
1446595200 0 0 0 0
1446508800 0 0 0 0
1446422400 0 0 0 0
1446336000 0 0 0 0
1446249600 0 0 0 0
1446163200 0 0 0 0
1446076800 0 0 0 0
1445990400 0 0 0 0
1445904000 0 0 0 0
1445817600 0 0 0 0
1445731200 0 0 0 0
1445644800 0 0 0 0
1445558400 0 0 0 0
1445472000 0 0 0 0
1445385600 0 0 0 0
1445299200 0 0 0 0
1445212800 0 0 0 0
1445126400 0 0 0 0
1445040000 0 0 0 0
1444953600 0 0 0 0
1444867200 0 0 0 0
1444780800 0 0 0 0
1444694400 0 0 0 0
1444608000 0 0 0 0
1444521600 0 0 0 0
1444435200 0 0 0 0
1444348800 0 0 0 0
1444262400 0 0 0 0
1444176000 0 0 0 0
1444089600 0 0 0 0
1444003200 0 0 0 0
1443916800 0 0 0 0
1443830400 0 0 0 0
1443744000 0 0 0 0
1443657600 0 0 0 0
1443571200 0 0 0 0
1443484800 0 0 0 0
1443398400 0 0 0 0
1443312000 0 0 0 0
1443225600 0 0 0 0
1443139200 0 0 0 0
1443052800 0 0 0 0
1442966400 0 0 0 0
1442880000 0 0 0 0
1442793600 0 0 0 0
1442707200 0 0 0 0
1442620800 0 0 0 0
1442534400 0 0 0 0
1442448000 0 0 0 0
1442361600 0 0 0 0
1442275200 0 0 0 0
1442188800 0 0 0 0
1442102400 0 0 0 0
1442016000 0 0 0 0
1441929600 0 0 0 0
1441843200 0 0 0 0
1441756800 0 0 0 0
1441670400 0 0 0 0
1441584000 0 0 0 0
1441497600 0 0 0 0
1441411200 0 0 0 0
1441324800 0 0 0 0
1441238400 0 0 0 0
1441152000 0 0 0 0
1441065600 0 0 0 0
1440979200 0 0 0 0
1440892800 0 0 0 0
1440806400 0 0 0 0
1440720000 0 0 0 0
1440633600 0 0 0 0
1440547200 0 0 0 0
1440460800 0 0 0 0
1440374400 0 0 0 0
1440288000 0 0 0 0
1440201600 0 0 0 0
