1444127702 35342659742704 15930357094376
1444127702 12286411 4157821 12286411 4157821
1444127402 14743120 7418485 14743120 7418485
1444127400 14869264 7489273 33664735 18036791
1444127100 33657400 18037968 33664735 18213370
1444126800 32574343 18204214 34031894 18213370
1444126500 34008648 16826974 34031894 16840083
1444126200 30576035 14898289 35193797 18545711
1444125900 35194752 18542667 35337117 18545711
1444125600 35338704 18085736 35575274 18089215
1444125300 35524126 17564385 35575274 17567482
1444125000 27901734 17117026 27903083 19201811
1444124700 27712672 19217870 29472267 21610782
1444124400 29502919 21604578 34070085 21610782
1444124100 34018593 20679454 34070085 20680218
1444123800 26345572 20545915 26346358 20565763
1444123500 26268331 17593113 32188423 18259505
1444123200 32188086 18289440 32188423 22749823
1444122900 32112409 22713398 32137927 22749823
1444122600 28291038 17299089 28310285 18580927
1444122300 26358549 18563459 26385654 18580927
1444122000 22372351 15966215 30175525 16762998
1444121700 30206684 16753247 34849513 16762998
1444121400 34800226 15297381 34849513 15300388
1444121100 27455190 14858648 27456559 16241472
1444120800 27254177 16251575 27694209 17756970
1444120500 27692485 17753936 27694209 17756970
1444120200 27475155 17299292 33358447 17301996
1444119900 33385130 16875177 37360962 16896435
1444119600 37341468 13712471 37360962 14400792
1444119300 34437213 14401064 34474778 14441644
1444119000 34495754 14455765 37621296 16559865
1444118700 37544777 16568006 37621296 17373988
1444118400 29993671 17355480 33597095 17373988
1444118100 33599782 14599380 34000207 14815071
1444117800 33999301 14809332 34000207 14815071
1444117500 33810671 13950908 33864418 13954337
1444117200 25807213 13433022 27238295 13439995
1444116900 27228792 11342754 27238295 11348193
1444116600 26289225 10837282 26465776 15752589
1444116300 26494260 15702870 29314182 15752589
1444116000 29325770 10806612 31052400 14655586
1444115700 31028049 14664388 31052400 15975943
1444115400 27399366 15969207 27399876 15975943
1444115100 27310723 14956132 27323445 14965613
1444114800 25441662 13550271 29389226 14549435
1444114500 29372674 14551936 29389226 14924642
1444114200 26896021 14910360 26906426 14924642
1444113900 25315378 12773534 25345791 12782445
1444113600 20821097 11455654 26365664 12921299
1444113300 26400732 12924106 31625916 13342450
1444113000 31631360 13344187 33259223 13863829
1444112700 33225487 13853936 33259223 13863829
1444112400 28209918 12389334 29300404 13319639
1444112100 29301111 13316644 29406483 13319639
1444111800 29390726 12862951 29406483 12870394
1444111500 27037259 11748555 27043064 11754012
1444111200 26096392 10951570 26172335 13347610
1444110900 14774932 13351292 14780983 13900052
1444110600 13891439 13864183 16582497 13900052
1444110300 16597179 8504034 18784910 8519784
1444110000 18781487 6160704 18784910 6660489
1444109700 18267487 6648284 18271562 6660489
1444109400 17853230 5442138 17864098 5748405
1444109100 16228726 5756863 16234033 7017232
1444108800 15410708 7011034 15438072 7017232
1444108500 11334649 6096074 11504912 7347513
1444108200 11506051 7338722 11675856 7347513
1444107900 11712594 6025210 15349713 6028957
1444107600 15329067 5653810 15349713 5654281
1444107300 12251409 5585169 12252902 5806705
1444107000 12035998 5820509 13077807 7877346
1444106700 13075622 7876066 13077807 7877346
1444106400 12745173 7687761 12750165 8377963
1444106100 11311410 8379991 20045994 8682195
1444105800 19991307 8673810 20045994 8682195
1444105500 11829502 7421570 11843043 7424540
1444105200 9805290 6974848 9811899 6979100
1444104900 8828526 6336127 10013936 6341413
1444104600 9993214 5519088 10013936 5548582
1444104300 7946470 2602063 8638471 3030018
1444104000 8634105 3033763 8638471 3591792
1444103700 7971039 3595464 7983658 4142635
1444103400 6095561 4134340 6554854 4142635
1444103100 6554179 3314624 6554854 3532465
1444102800 6451697 3530427 6453665 3532465
1444102500 6158023 3222272 6158578 3226854
1444102200 6074932 2539516 6075470 2539696
1444101900 5999925 2510131 6749261 2512759
1444101600 6738897 2118051 6749261 2118602
1444101300 5199458 2037581 5893429 2279218
1444101000 5904508 2281896 7555424 2681049
1444100700 7539872 2673485 7555424 2681049
1444100400 6000653 1928170 6058690 2452755
1444100100 6063281 2452098 6747424 2452755
1444099800 6736347 2351846 6747424 2354250
1444099500 5115415 1992249 9508587 1993688
1444099200 9496827 1777909 9508587 1780420
1444098900 8311668 1784087 8332594 2330600
1444098600 5220573 2331902 9213577 2525930
1444098300 9222935 2525622 10617356 2525930
1444098000 10643504 2480054 14539558 2517918
1444097700 14503517 2523661 14539558 3379492
1444097400 9138195 3378913 9836573 3379492
1444097100 9853482 3294588 12373018 3564201
1444096800 12364833 3568645 12373018 4230881
1444096500 11143137 4228332 11145378 4230881
1444096200 10826041 3852112 13324721 4384127
1444095900 13369833 4387189 20091551 4843501
1444095600 20098012 4837819 21060798 4843501
1444095300 21060955 3980981 21084443 3991230
1444095000 21059597 2449841 21084443 2453888
1444094700 17365830 1846894 18579493 1846901
1444094400 18628485 1846031 23478776 1852455
1444094100 23484651 1856442 24066332 2251179
1444093800 24037265 2253295 24066332 2568696
1444093500 19694572 2568229 19706356 2568696
1444093200 18524324 2518571 18528002 2522056
1444092900 18159318 2170365 18160219 2173651
1444092600 18031385 1681188 18961252 1732142
1444092300 18956701 1733352 18961252 1913650
1444092000 18274477 1915159 18278725 2140120
1444091700 17665810 2139961 21278347 2140120
1444091400 21278154 2116714 21278347 2179294
1444091100 21200047 2185472 21249424 2797127
1444090800 16314920 2803980 16781065 3825157
1444090500 16772468 3823697 16781065 3825157
1444090200 15505708 3608352 17612123 3916700
1444089900 17602386 3915519 17612123 3916700
1444089600 16172125 3737732 19226420 3739579
1444089300 19252972 3464516 23209243 3756113
1444089000 23174337 3752211 23209243 3756113
1444088700 17942828 3164350 17973372 3170926
1444088400 13385138 2184675 13391877 2213424
1444088100 11376530 2214282 12292335 2342130
1444087800 12301625 2346364 13685924 2977326
1444087500 13710820 2977018 16175563 2977326
1444087200 16154708 2952454 16175563 3821049
1444086900 13024827 3816406 13047320 3821049
1444086600 9686926 3120001 11692770 3124725
1444086300 11705357 2420147 13580906 2998020
1444086000 13593503 2996145 15470585 2998020
1444085700 15441077 2722014 15470585 3485800
1444085400 11050158 3485463 11899904 3485800
1444085100 11925554 3433222 15747465 3435256
1444084800 15732649 3133304 15747465 3594249
1444084500 13541159 3597145 15937039 4028715
1444084200 15952404 4044585 18241829 6409230
1444083900 18271939 6392833 22758354 6409230
1444083600 22743835 3946740 22758354 3949789
1444083300 20575981 3491642 20580578 3492515
1444083000 19883871 3361438 19891143 3361705
1444082700 18804276 3329300 19182263 4074319
1444082400 19238536 4078827 27623237 4750533
1444082100 27642957 4744343 30581251 4750533
1444081800 30590539 3830142 31974560 5017446
1444081500 31981797 5058236 33060255 11136075
1444081200 33098472 11177968 38792912 17420147
1444080900 38768078 17418805 38792912 17420147
1444080600 35090201 17222740 38404807 17782312
1444080300 38402238 17778281 38404807 17782312
1444080000 37999529 17172865 38019467 17177703
1444079700 35005945 16454089 35028861 16756454
1444079400 31578482 16758942 31591548 17129685
1444079100 29620130 17124223 29631733 17129685
1444078800 28485322 16590886 30552915 17686661
1444078500 30573323 17697367 33614244 19292603
1444078200 33620111 19303286 34494354 20895190
1444077900 34504428 20897587 36005597 21254761
1444077600 36012561 21275447 37050338 24357773
1444077300 37048898 24355258 37050338 24357773
1444077000 36869757 23966503 42129844 23980523
1444076700 42101695 21884782 42129844 22965397
1444076400 37930317 22989753 41321747 26618808
1444076100 41330112 26619145 42576589 26669502
1444075800 42608550 26677351 47370872 27846927
1444075500 47347312 27836090 47370872 27846927
1444075200 43839743 26211288 44257832 26221488
1444074900 44282276 24627235 46702253 24691560
1444074600 46700176 18268632 46702253 19681082
1444074300 46353818 19639723 46390801 19681082
1444074000 40832130 13474868 40843389 13477361
1444073700 39146912 13113164 39154634 14545578
1444073400 38098578 14559761 53323831 16673093
1444073100 53278286 16651265 53323831 16673093
1444072800 46445128 13415454 46492228 15048066
1444072500 41779611 15048876 41782266 15169590
1444072200 41386136 15187370 41684653 17836610
1444071900 41691895 17848929 42771029 19684524
1444071600 42862725 19682710 51940642 19684524
1444071300 51908964 19491725 51940642 19503167
1444071000 47283202 17798931 61318488 19590877
1444070700 61278039 19595978 61318488 20356156
1444070400 55285759 20384046 60440035 24539749
1444070100 60424697 24534084 60440035 24539749
1444069800 58176997 23717955 63766629 27881239
1444069500 63721957 27900764 63766629 30810034
1444069200 57090355 30785909 60733928 30810034
1444068900 60714100 27202458 60733928 28861335
1444068600 57705833 28878554 57759756 31444264
1444068300 49722256 31396471 57298870 31444264
1444068000 57194139 24252947 57298870 24275359
1444067700 46848980 22041344 53771124 24177584
1444067400 53800764 24187923 58217131 25728560
1444067100 58207992 25706133 58217131 25728560
1444066800 56889433 22417647 63299838 30319711
1444066500 63280391 30306239 63299838 30319711
1444066200 60406733 28304865 63959334 29189705
1444065900 63958403 29177784 63959334 29189705
1444065600 63881842 27381200 73131718 27401593
1444065300 73142809 24329684 74795432 24342761
1444065000 74756703 22369172 74795432 22381301
1444064700 68913971 20569946 68986181 21744295
1444064400 58081011 21773460 58154764 26119136
1444064100 47064800 26085704 47091893 26119136
1444063800 42999505 21087897 43027995 21104374
1444063500 38882620 18628483 51555084 18632948
1444063200 51560135 18181249 52312793 18186465
1444062900 52267698 17383392 52312793 17404194
1444062600 45548395 14324508 45548579 20354248
1444062300 45479910 20325806 45521107 20354248
1444062000 39343013 16123028 39557406 21344811
1444061700 39545061 21341069 39557406 21344811
1444061400 37677478 20760252 37705763 20783583
1444061100 33465568 17286336 33828017 17630833
1444060800 33821060 17628673 33828017 17630833
1444060500 32830308 17312171 39649459 18096972
1444060200 39668006 18093820 42431567 18096972
1444059900 42403345 17614606 42431567 17624240
1444059600 38178434 16191036 38198366 17949630
1444059300 35223037 17940413 39531651 17949630
1444059000 39516141 15195298 39531651 16764042
1444058700 37265495 16757547 46245904 16764042
1444058400 46262434 15790723 48725425 15912367
1444058100 48726362 15908024 49006533 15912367
1444057800 48987554 14613012 49006533 15096886
1444057500 46145404 15116372 46159805 18019890
1444057200 43997229 18001938 43999749 18019890
1444056900 43728634 16221725 43747770 16224762
1444056600 40889209 15764391 42058962 15769224
1444056300 42062035 15271831 42519993 15286018
1444056000 42532038 13177000 44326849 15998418
1444055700 44242719 15994832 44326849 15998418
1444055400 31697405 15460202 31707494 15460591
1444055100 30211098 15415397 32731023 17369233
1444054800 32780845 17368929 40204459 17369233
1444054500 40206512 17310833 40512474 17323734
1444054200 40464537 15385107 40512474 15388670
1444053900 33367839 14852147 40188880 14854310
1444053600 40175390 14551654 40188880 17795617
1444053300 38204040 17789332 43952015 17795617
1444053000 43896193 16841888 43952015 16852918
1444052700 35626499 15192166 42737020 15198448
1444052400 42702961 14246663 42737020 14256197
1444052100 37622999 12833720 37628318 13952930
1444051800 36784510 13948101 36830597 13952930
1444051500 29919553 13242640 30215012 15333819
1444051200 30167577 15142200 30215012 15333819
1444050900 30560680 14172603 31417150 14391434
1444050600 30659064 14592328 31417150 15074346
1444050300 39753456 14395073 42122082 15074346
1444050000 39417468 13225882 39486649 13979822
1444049700 41017683 14047431 43747889 14146074
1444049400 42010598 13498766 43747889 14146074
1444049100 41919278 13211996 45124422 13249618
1444048800 43267697 12083394 45124422 12313360
1444048500 35906362 13450784 35992991 15110306
1444048200 35779969 15110306 35779969 15110306
1444047900 35755714 15099714 35779969 15110306
1444047600 28633870 11858065 29143994 11932795
1444047300 28788018 12147412 29143994 13008595
1444047000 27211360 12885141 28261410 13008595
1444046700 26172308 10563796 28773771 12803976
1444046400 28743102 11340849 28773771 11363573
1444046100 28595236 11304133 28622943 11381527
1444045800 28470331 11105540 28554249 11381527
1444045500 28387660 11373408 28415924 11480532
1444045200 25337088 11594507 28194672 12066549
1444044900 28925795 11858470 29992516 12066549
1444044600 28787636 10996421 29992516 11554881
1444044300 32480689 9288023 33554496 10634344
1444044000 32966498 8952734 33376962 9856735
1444043700 32161192 9807665 33285134 9856735
1444043400 32973950 9387808 33285134 9736073
1444043100 26272624 7804497 32772194 9162010
1444042800 23557288 8979887 24287590 11820490
1444042500 21889880 12578323 23631854 13684014
1444042200 22545052 11048796 23631854 13684014
1444041900 23460033 9896828 25028740 10039517
1444041600 24109572 8635515 25028740 8915152
1444041300 22151900 8159647 24583424 9076480
1444041000 25126419 9771240 25483416 10228016
1444040700 26069471 9532846 30556029 10228016
1444040400 29465538 8434595 30556029 8604919
1444040100 25796099 7641180 26688345 7767261
1444039800 26958314 8080905 27135809 8492633
1444039500 29325273 7983511 29880332 8492633
1444039200 27214583 8125858 27585058 8293382
1444038900 25102887 8283471 25792438 9451688
1444038600 25207126 9164953 25926995 9451688
1444038300 24688330 6963609 25926995 8979048
1444038000 23859968 7562734 24261077 7844966
1444037700 25198523 8135293 26585324 8564786
1444037400 25997928 7394859 26585324 8564786
1444037100 25248871 6245688 26312696 6625682
1444036800 26344559 6352807 26469401 7535465
1444036500 25055897 7188397 26469401 7535465
1444036200 22711378 6960977 22964848 7149018
1444035900 22767210 7685863 23575858 7823250
1444035600 24466248 7061070 27884198 7105264
1444035300 28363987 6889374 29073758 6891426
1444035000 27438518 7386497 29073758 7715331
1444034700 27359798 7810638 28852382 7845361
1444034400 28738851 6635444 28852382 7272251
1444034100 27919775 7247726 28294036 7272251
1444033800 26781073 7081899 27366118 7211446
1444033500 24414654 6592710 26401759 6997907
1444033200 25207048 5759538 25695093 6330332
1444032900 21932212 6526582 23333586 6812916
1444032600 21307117 8036521 22227474 8829848
1444032300 20127757 8975043 22227474 9025019
1444032000 18618943 7293624 21124080 7322542
1444031700 21273613 7252879 21494824 7322542
1444031400 21160045 7353899 21494824 7486211
1444031100 24313690 7875967 25124654 7969417
1444030800 24391014 8018269 24464717 8244427
1444030500 23304664 8309953 24464717 8406890
1444030200 24052443 8034055 25672348 8406890
1444029900 24543951 7897563 28821583 8474225
1444029600 28424704 8369345 28821583 8474225
1444029300 25240456 7741483 26869721 7958424
1444029000 22318376 7411858 22863332 7424964
1444028700 19345856 7007307 21965053 7541478
1444028400 20232255 7441598 21850090 7541478
1444028100 24459833 7375808 28267491 7839222
1444027800 25566647 7756088 28267491 7839222
1444027500 20950547 6531363 23815551 7702189
1444027200 22206621 6631388 22601157 6825728
1444026900 19693129 6804835 20660817 6825728
1444026600 18822624 6166248 19191479 6773928
1444026300 16938145 6370555 19191479 7112748
1444026000 15671402 6923181 19177974 7112748
1444025700 16948924 5940042 19177974 6195493
1444025400 16111830 5217286 17699676 5567337
1444025100 14224776 4844664 17699676 5181776
1444024800 14259453 5309387 14505510 5809372
1444024500 14627403 5814241 14807725 5821445
1444024200 13642202 6555220 14807725 7037648
1444023900 13944554 6657943 15473177 7037648
1444023600 15259801 5458387 15473177 5655162
1444023300 14549109 5582084 14734501 5655162
1444023000 14563525 4736387 14734501 5473979
1444022700 14860456 4000926 14971766 4251452
1444022400 13448563 3810686 13634472 3824427
1444022100 12754491 3931289 12804572 4087204
1444021800 12635398 3980877 12804572 4087204
1444021500 12377636 4177936 12525714 4534968
1444021200 11724610 4396897 11911144 4534968
1444020900 11219166 4178272 11526443 4632594
1444020600 12911006 5187235 13821299 5551889
1444020300 13061551 7698953 13821299 8227866
1444020000 10723349 7248948 10750648 7436876
1444019700 10439903 6082704 10618557 6527551
1444019400 8954613 4552513 10175614 5424625
1444019100 8336928 4660112 9192578 5823563
1444018800 8982040 5365720 9192578 5823563
1444018500 10027985 3809501 12757567 4156195
1444018200 9814383 3530416 12757567 4156195
1444017900 7469805 3589583 7906166 3713169
1444017600 7778986 2541004 7911838 2562847
1444017300 7951725 2420701 8010733 2562847
1444017000 7749637 2321916 8010733 2395221
1444016700 5501051 2536281 7577978 3093053
1444016400 5346430 3023117 5443434 3093053
1444016100 5102675 2520049 5443434 2749108
1444015800 4653847 2476156 4690185 2670081
1444015500 4689572 4150355 4691964 4507754
1444015200 4037549 3828664 4077891 3873322
1444014900 3696626 3861135 3882690 4158626
1444014600 3538151 3924902 3611411 4158626
1444014300 3623400 3900339 3630204 5507203
1444014000 3368064 5584882 4203842 5889231
1444013700 4956661 5714269 6070336 5889231
1444013400 5003301 4958813 6070336 5455443
1444013100 3898365 4063462 4458612 5417939
1444012800 4535799 5330289 4832098 5417939
1444012500 4699859 4749167 4832098 4993829
1444012200 4284943 3986860 4504233 4387229
1444011900 3683920 3128946 4140770 5750557
1444011600 3640439 5142616 3652802 5750557
1444011300 3726511 2792589 3921331 2808908
1444011000 4118366 2645218 4247910 2768781
1444010700 4897620 2634974 5055940 2942288
1444010400 4762313 3587876 4844398 6066105
1444010100 4629438 5143493 4844398 6066105
1444009800 4710448 3282417 4966313 3797387
1444009500 4405304 3225204 4966313 3294061
1444009200 3888431 2748790 3892184 3021139
1444008900 3927374 3791761 4006294 4931773
1444008600 5010184 4440040 5670201 4931773
1444008300 5628004 3059825 5670201 4116746
1444008000 4967840 2530358 5062941 2560962
1444007700 4742960 2683692 4947491 3078811
1444007400 5419005 4581739 5724713 5556165
1444007100 5897432 3947853 5955030 5556165
1444006800 4202223 3109402 4564480 3192056
1444006500 5067831 2808564 5812459 2842594
1444006200 7034867 3173840 7838550 3391622
1444005900 9582459 3542203 10025345 3599965
1444005600 8156644 4553976 8366472 8291826
1444005300 8346315 6166792 8366472 8291826
1444005000 8435268 3319122 8512274 3511018
1444004700 8077971 2809430 8512274 3511018
1444004400 8214148 2822702 8364328 3110542
1444004100 7204806 3102669 7637655 3110542
1444003800 6991748 5159198 7266879 6518833
1444003500 8687814 4953430 10303302 6518833
1444003200 10556679 3978393 11549421 4000026
1444002900 11808590 3857514 12186722 3893635
1444002600 14243075 3757988 15595043 3804813
1444002300 15484996 4572334 15595043 6847947
1444002000 15020199 6759417 16019508 6847947
1444001700 16811962 6431841 17984272 6460370
1444001400 16466577 4991498 17984272 6460370
1444001100 14832622 4042159 15468757 4053446
1444000800 11276694 3087647 11557610 3176796
1444000500 10723744 3466778 11533961 4544355
1444000200 13107744 5972175 14128110 6897906
1443999900 17532336 4704503 24050069 6897906
1443999600 23248078 3143300 24050069 3257000
1443999300 18520362 2731754 20105851 2781949
1443999000 18434554 2963114 19920192 3082223
1443998700 20027430 3459788 20076090 5559163
1443998400 17433797 5302580 17659257 5559163
1443998100 18699689 4016496 20238842 4297281
1443997800 21462517 3306173 22267034 3601120
1443997500 23229635 3041840 23474305 3661154
1443997200 22092883 3762011 22388470 4157173
1443996900 20016833 4078003 20934768 4157173
1443996600 18859274 4753296 18991014 5274275
1443996300 22435088 5764928 24181516 5885744
1443996000 24777572 6272541 27112941 8445942
1443995700 26083827 9382956 27112941 10769119
1443995400 21868272 10392996 24561420 10769119
1443995100 26677620 15080023 32678267 16300616
1443994800 33445574 12944632 36391046 13262418
1443994500 37305680 11564204 38640147 11724744
1443994200 39457952 12883506 39995625 13904889
1443993900 45169146 14055009 46412722 14095590
1443993600 46015840 13506949 47873816 15521129
1443993300 46863081 15114259 47873816 15521129
1443993000 46170655 13955412 46677830 14520629
1443992700 43133753 13771176 46677830 15975407
1443992400 46428233 15942258 48716793 15975407
1443992100 47071319 15080410 48716793 15812380
1443991800 43936249 14320888 44637106 14533450
1443991500 40704512 14659398 44907059 14695705
1443991200 45581830 13286973 48225606 13376903
1443990900 48539910 13499736 48998485 14324238
1443990600 45951935 14597802 48998485 14775169
1443990300 42382165 13657652 44461792 15598011
1443990000 44408186 15905644 44461792 17110964
1443989700 44802854 16656837 45697406 17110964
1443989400 45094374 15048009 45697406 15985031
1443989100 46861078 15753640 49681407 16673875
1443988800 49625052 16236233 49681407 16673875
1443988500 48325576 14791053 49404254 15189758
1443988200 48410069 15963304 49514746 16471880
1443987900 49212347 16813408 49514746 18574052
1443987600 51331349 19124847 60921783 21239192
1443987300 59255295 20095724 60921783 21239192
1443987000 49411103 17406835 56823862 18427387
1443986700 44463832 14758146 44537522 16735866
1443986400 39201262 14104933 39352827 15406543
1443986100 41273688 16694224 44076257 18572972
1443985800 45451928 20489231 46356376 21749093
1443985500 42633147 19119001 46356376 21749093
1443985200 43493439 18067122 52216177 18195893
1443984900 51349854 19574745 52216177 21614535
1443984600 52775111 19944865 54554748 21614535
1443984300 58351020 20200718 59302412 20535589
1443984000 54224694 19533803 55096980 19693815
1443983700 55035187 18698755 55096980 18919568
1443983400 54194933 18741659 54943776 18981265
1443983100 51233260 20795088 53709421 27505523
1443982800 51261048 26626421 51855331 27505523
1443982500 52048118 22370183 52333317 23251806
1443982200 49275864 22511322 52333317 23461585
1443981900 54241409 21811655 55955764 23461585
1443981600 54480272 17802465 55159057 19545084
1443981300 51280422 19975379 51874614 20611933
1443981000 51988304 21807972 53017169 22583427
1443980700 48745158 21920096 54171329 22583427
1443980400 52889992 22427518 54171329 22531711
1443980100 46540616 21590422 47971315 22027556
1443979800 44736048 20644322 44919430 20952638
1443979500 46132323 19509922 47406609 20444425
1443979200 47397823 17992395 47406609 18036526
1443978900 47905023 17729894 48695258 18036526
1443978600 45362559 17938810 48695258 18370298
1443978300 50901756 19455246 52769396 20463837
1443978000 49923015 20314446 50964063 20463837
1443977700 46017110 20401590 46272965 21396386
1443977400 48159925 21685896 49400524 21876237
1443977100 46938262 21636879 49400524 24387200
1443976800 43391435 23493615 43906093 24387200
1443976500 42348032 19553169 43708154 20063405
1443976200 44659916 20684875 45276994 21901280
1443975900 44775615 23365179 45276994 23741781
1443975600 42082044 20535525 46054277 20626201
1443975300 49429634 19983226 54354337 20180256
1443975000 50531600 19473021 54354337 19695758
1443974700 44148040 22467963 48018310 23289933
1443974400 40990221 22763902 41846472 23289933
1443974100 40608710 19903213 41846472 20702900
1443973800 40122328 20584711 40977850 21783030
1443973500 43294053 19766377 43860962 21783030
1443973200 41787114 18539226 42435037 18755972
1443972900 41841736 19265470 45601933 21570677
1443972600 38189576 18950133 45601933 21570677
1443972300 42098081 18512847 47717568 18840199
1443972000 45045868 15510787 47717568 15799704
1443971700 36887351 15142514 40303577 16272302
1443971400 42342941 17405255 43683739 18150126
1443971100 37655448 16918747 43683739 20923455
1443970800 30329249 20375864 30954717 20923455
1443970500 30287561 19088611 30954717 20340773
1443970200 29548339 18389721 29702295 20340773
1443969900 31895701 16317617 39529275 17106986
1443969600 41638273 17271838 49734107 20338466
1443969300 45181085 18979456 49734107 20338466
1443969000 37997386 17032576 38445625 17074362
1443968700 37059070 15732956 39299817 17074362
1443968400 40230758 15307791 43804371 15340802
1443968100 46439745 15966331 50284801 17112039
1443967800 50780255 17314742 51105997 17448012
1443967500 45244942 15194903 51105997 17448012
1443967200 47464573 16573152 48404664 18792505
1443966900 42562141 19891237 43781266 21494305
1443966600 42752447 20768076 44047001 21494305
1443966300 39011239 21861565 44047001 22760143
1443966000 31887364 23162594 35630606 24739414
1443965700 39967754 23464618 46383867 24739414
1443965400 45895454 21171491 46383867 21578764
1443965100 44712398 20879065 45578792 20907436
1443964800 44535189 20715817 49274965 21363975
1443964500 49955046 21164223 50947296 21363975
1443964200 49159301 21531041 50947296 21963819
1443963900 55356265 20781262 57202650 21963819
1443963600 47428558 21325914 48299748 21534118
1443963300 47891835 21469038 48299748 22863107
1443963000 43679421 21806076 47288394 22863107
1443962700 42157884 20423970 42397230 21111123
1443962400 39783128 20483992 44156801 20862612
1443962100 45153610 19101473 46607971 19248720
1443961800 48995264 20351929 50543070 21067198
1443961500 48133511 20965708 54016672 21067198
1443961200 53947050 18494110 54016672 18932956
1443960900 47431870 20511151 53679792 22813764
1443960600 37422839 24451396 38316050 25513158
1443960300 35506612 22823805 36843725 25513158
1443960000 36283916 21253410 36543070 21313289
1443959700 35997983 20515548 37077069 21018804
1443959400 37421460 20407320 37647883 20825632
1443959100 40412565 20389254 42227995 22717719
1443958800 43045123 21830311 46246660 22717719
1443958500 52617062 19621441 62041046 21497276
1443958200 57450847 22952345 62041046 23908994
1443957900 51915497 22104800 54432983 23908994
1443957600 51455374 18081379 53334615 18667833
1443957300 44520257 15614932 44926942 15830153
1443957000 43612888 15914577 44926942 16318031
1443956700 45157868 14652793 45741670 17003061
1443956400 44477539 17172690 44960285 17823847
1443956100 41940828 18170585 42624419 18683529
1443955800 36795826 17005922 40929566 18683529
1443955500 38568735 16216119 39648062 16300425
1443955200 36023479 13315479 36726835 13853272
1443954900 33366743 13892840 33429836 13950571
1443954600 34921634 13828654 35902431 13950571
1443954300 31766820 12864841 35902431 13748499
1443954000 29014564 13951896 29306384 15214150
1443953700 29371421 15836800 29467633 16757911
1443953400 31065773 15791672 32116484 16757911
1443953100 33380586 16072068 38422953 16540257
1443952800 37272357 16134122 38422953 16540257
1443952500 32749009 15208500 32764289 16193187
1443952200 34964379 16317595 36435755 16399389
1443951900 36771537 16263026 38701032 16399389
1443951600 37990088 15332201 38701032 16075482
1443951300 34946114 15272192 35204591 16075482
1443951000 40296471 15009746 44065506 15618482
1443950700 45318268 21373457 46783877 23513695
1443950400 45775955 23084325 46783877 23513695
1443950100 44954306 21127415 49580820 21402044
1443949800 52649698 20565129 54667359 20721148
1443949500 42855544 19119501 54667359 20462554
1443949200 31159647 16303983 32412995 17483300
1443948900 33646254 18774205 35470663 20683893
1443948600 31975619 19913382 35470663 20683893
1443948300 27649690 17428844 29677773 20456043
1443948000 31491099 20006984 40756597 20456043
1443947700 39474090 17299761 40756597 18247559
1443947400 34905115 16819925 38136503 22129459
1443945600 34085147 19336917 37365063 22129459
1443943800 27301225 16779221 32976189 19453320
1443942000 22702755 12931267 24944826 14859529
1443940200 29409858 11454193 48841720 15066877
1443938400 33489354 8708159 48841720 11019003
1443936600 13985537 4263740 20998859 6756740
1443934800 11183034 3105979 12282768 3402451
1443933000 8478007 4208573 9761624 6837662
1443931200 8507240 6247816 9525673 8413762
1443929400 6544557 5060985 7592055 6298632
1443927600 6463034 6802492 7736864 11982608
1443925800 5911294 8887127 6979110 17223945
1443924000 11496948 6956313 17663498 9837152
1443922200 11207876 6905688 20126157 9698955
1443920400 22291121 8194909 28592434 9698955
1443918600 9934433 6627402 13552400 9978557
1443916800 5394503 6231473 7369871 8459952
1443915000 4891578 5669282 7121499 8279110
1443913200 16519058 6537313 30585166 14533893
1443911400 25880267 13930654 32946365 15672475
1443909600 31255675 13541324 35509209 15579581
1443907800 37260637 15633972 42753286 18280660
1443906000 41239333 13263293 51411696 17096907
1443904200 40417606 14745700 48364806 16336104
1443902400 43779180 14904393 46208769 18721432
1443900600 48278880 18058952 52354997 24071527
1443898800 56488264 17868317 64974033 21877237
1443897000 59221733 19382108 66092136 22709316
1443895200 43820932 16642463 47739321 18339110
1443893400 49781131 16678362 52138317 21998169
1443891600 43470131 20854173 47393276 24463552
1443889800 37357743 25805864 44715229 31151324
1443888000 36951307 24407948 41945538 29919864
1443886200 44241213 27145654 60866497 37044665
1443884400 46554454 19933742 60151865 23222503
1443882600 47540551 22137255 59336829 25467113
1443880800 39037731 21742961 51594158 28194707
1443879000 33851747 19623401 46195127 22231161
1443877200 40859802 21289300 47202668 23748612
1443875400 40026237 21631781 42202032 24831423
1443873600 36610341 22594433 42117544 24831423
1443871800 36018095 22929867 38476395 24842839
1443870000 34197620 20006813 38875810 22018060
1443868200 36877839 20095672 41139503 25296112
1443866400 46635783 19017439 53554248 21424511
1443864600 41124395 13873555 48196712 20146496
1443862800 37248301 14836780 41623772 16785070
1443861000 33230053 14903618 38590919 16016930
1443859200 35526104 14654937 40883504 16802415
1443857400 38803388 17071008 43304411 18525179
1443855600 32989479 17919291 40256829 19011229
1443853800 25854143 14117898 31518883 17283935
1443852000 23138593 10634177 31867225 12633281
1443850200 15875401 11632029 20329437 13196102
1443848400 10909856 9296006 13908897 10074952
1443846600 18382558 8417107 22686263 10969656
1443844800 14235834 7616211 18784606 9848368
1443843000 12486066 5776741 14917504 7879592
1443841200 12698892 7657924 16108965 8640314
1443839400 11860692 6053441 13911846 7125416
1443837600 14545536 6582774 18298355 8855920
1443835800 13253048 7298342 18298355 8855920
1443834000 14046478 11785046 17329677 19167079
1443832200 15694127 12148655 19785886 18565389
1443830400 12205578 9101275 16492686 9707890
1443828600 18852587 11286161 23045089 16290771
1443826800 23204323 9182486 27902392 11627663
1443825000 35342197 8559622 44867961 12998308
1443823200 41265289 12472472 47135048 14755461
1443821400 43552234 16647426 60586192 20239891
1443819600 61204429 16459969 72041345 19878849
1443817800 48229091 13228413 53788656 18192184
1443816000 53393663 14918260 66805551 17710676
1443814200 64734936 16340091 69573478 18808171
1443812400 62772156 21173067 69345975 25822083
1443810600 62552505 18992240 67371660 20316233
1443808800 54543413 19430549 61626055 22006564
1443807000 50002636 19440766 59086929 21604008
1443805200 50346509 21710721 61394774 23798913
1443803400 44263127 21403119 48858472 25177865
1443801600 49857476 25249678 52395012 27538869
1443799800 41046179 23129364 49428973 27568901
1443798000 34007093 21317968 41397689 23167635
1443796200 41954841 20200091 52080437 22659885
1443794400 42292483 20833865 46524436 23340591
1443792600 41242566 17680776 49597083 21254516
1443790800 40994793 15710505 44193490 16841017
1443789000 42249887 15314118 46863469 15909672
1443787200 37133303 14817037 39672345 16651206
1443785400 39625485 16255763 43984371 18984345
1443783600 38050388 15449954 45992368 18869697
1443781800 31401930 15981351 39793012 19889419
1443780000 34834700 14775896 39567511 16567633
1443778200 35344958 15564778 39709869 18661409
1443776400 34742694 16355602 41491601 18694940
1443774600 27710563 11657101 33221774 13606990
1443772800 28161980 8433739 33221774 9158555
1443771000 25932416 8691100 28921604 9583734
1443769200 24416165 8498018 26233031 9843356
1443767400 27439747 7514374 31056547 11023693
1443765600 26622109 7203783 37538619 9965223
1443763800 17784239 5364143 21348299 6429810
1443762000 14103960 3857269 18852358 5095619
1443760200 8457010 3499276 10250702 6340678
1443758400 6173838 4463679 7984818 6359436
1443756600 3724185 4291977 4598388 8502255
1443754800 2968279 5508334 4847635 7271215
1443753000 4048076 4549719 6216194 9030283
1443751200 5704195 5452452 9152834 9030283
1443749400 7797999 5263547 10410298 9026318
1443747600 8110558 4694863 9307891 7763075
1443745800 13008008 3720547 18701974 4443222
1443744000 9094548 4246151 10310978 6926109
1443742200 11393299 5480608 13932561 8601822
1443740400 20029528 8429614 24903559 13759841
1443738600 29238734 10744399 38751712 18199143
1443736800 30430814 10913739 33533485 13939223
1443735000 40881463 12452491 56019870 18245383
1443733200 53789929 19258241 57984996 21510396
1443731400 53717859 24796072 58739379 29428253
1443729600 51066154 24483897 55793265 29995174
1443727800 58523237 21824176 64576091 24332239
1443726000 62248287 23591466 71206576 26692179
1443724200 56008524 27371684 61958449 31557363
1443722400 58704549 28918940 65686983 31557363
1443720600 55492484 33849952 63769471 37482176
1443718800 58337338 32310155 70783210 33208052
1443717000 63848561 40448877 72082397 44304868
1443715200 55628425 33478901 63386398 38367570
1443713400 45315712 30068933 57655423 34817204
1443711600 57367690 29100914 63912747 31019845
1443709800 48990335 22021270 69723799 29211791
1443708000 50923298 19013565 57957916 20775305
1443706200 35943341 15755146 44948156 16992200
1443704400 39340963 16586862 45257671 20891246
1443702600 44392226 18205679 56285645 19836744
1443700800 35326462 12939481 47504439 15205135
1443699000 36955457 12726848 47909012 15108178
1443697200 39294489 15893067 47909012 20790458
1443695400 35794906 17287119 39932911 20079939
1443693600 38517985 16186027 40404939 20445397
1443691800 43349807 14158503 46611764 17604889
1443690000 36194443 12436285 40056886 13388132
1443688200 35973546 11421062 38400710 13388132
1443686400 37683005 12134952 42878942 16307566
1443684600 32234291 9891017 37097081 10698326
1443682800 29932389 9999701 34635837 11805607
1443681000 25646017 8928891 34635837 14210633
1443679200 20655558 11126561 24074917 14210633
1443677400 17779440 7582807 19521540 10938948
1443675600 16963433 7809986 18310777 9336202
1443673800 15009690 7129317 21405891 11379779
1443672000 5648970 5649725 7756006 8341686
1443670200 4490647 4588802 10623528 6532418
1443668400 8858517 4180406 10623528 5249256
1443666600 8274471 4269317 9525896 6394468
1443664800 11248620 4058888 19772848 4572207
1443663000 25725633 4623171 31796534 6695558
1443661200 27658918 5155494 31748187 6695558
1443659400 18428741 4410043 22514011 5758351
1443657600 15259866 2873333 19154799 3004361
1443655800 12207400 3362494 16424657 3740343
1443654000 14832502 3460730 19581086 4196290
1443652200 23570414 5522772 26895374 7261917
1443650400 17948959 4633866 20103560 5782120
1443648600 9427918 2662195 53508989 13290921
1443646800 58545896 15825853 64582539 24420186
1443645000 64468004 23662384 68408147 26050173
1443643200 64639495 32022494 70505342 37962623
1443641400 63035187 33012460 69804175 37119767
1443639600 60589238 31543354 69804175 33484801
1443637800 67694297 37017105 72282495 45393522
1443636000 58525900 34879374 66650837 40762183
1443634200 52460508 35833387 61283104 42786427
1443632400 49882658 36619514 54796908 42786427
1443630600 43840092 30225082 51852167 33946600
1443628800 53628749 28575238 62860079 31708553
1443627000 57076685 25186954 62860079 27050106
1443625200 54802479 25412178 61086788 27050106
1443623400 52635524 24069882 61979963 27293904
1443621600 47626840 19650698 59650726 24984707
1443619800 29366289 19889579 32457952 24050573
1443618000 31227843 20361296 39885606 21592701
1443616200 43870568 20309502 50088151 24238425
1443614400 38701215 21167582 41743559 24238425
1443612600 37726793 20125850 45648610 24022411
1443610800 34386358 21020899 38733406 28135987
1443609000 30104867 24787814 34260189 28135987
1443607200 38661429 25631540 41476897 28303018
1443605400 41430701 19795860 48507373 22455005
1443603600 35098470 16657996 44430256 18118480
1443601800 32038408 16527697 37029695 19996132
1443600000 35029469 17906277 43147667 20472405
1443598200 41083458 14249509 51133055 18851367
1443596400 30044652 13798383 33342457 15082708
1443594600 34029305 14795673 42127634 16667432
1443592800 34486302 12561110 38159707 13678406
1443591000 22696661 11128089 27059393 15393006
1443589200 19070706 7539945 21258446 8716690
1443587400 14091307 5421023 20320252 8057526
1443585600 8629260 6019685 10173487 8475881
1443583800 5432313 4976521 6697689 7955347
1443582000 4596041 4390572 5458885 5440529
1443580200 5823009 5027339 11060131 8678476
1443578400 5025689 4545522 6251195 7900192
1443576600 5590216 3661866 6581787 7900192
1443574800 5730982 3493300 6335040 6287605
1443573000 8280033 4510398 12070480 6287605
1443571200 10244807 7648253 12070480 13523930
1443569400 17068856 10123841 27151310 13523930
1443567600 29237915 10617593 41880232 17002860
1443565800 44233035 13199849 49252693 17002860
1443564000 38274231 13344384 50300421 19342211
1443562200 37076484 18139753 39181379 23296738
1443560400 45243876 19053636 55969467 23296738
1443558600 44629787 24870645 51096399 26877069
1443556800 54780510 26200399 68089664 28121742
1443555000 69015304 28794698 73058231 34728668
1443553200 57928076 26806725 62545524 29459393
1443551400 54294296 30607479 61940789 33884585
1443549600 52092618 34210888 55777887 37499959
1443547800 55760957 28185782 61541088 31962766
1443546000 61321737 30653016 76401782 33491627
1443544200 45528318 28802908 54907196 33294911
1443542400 41964165 24443733 54907196 27321981
1443540600 44699224 27354861 51990425 29861286
1443538800 47798106 23584587 54218653 25403586
1443537000 44665345 24831543 61173798 30178576
1443535200 52808577 19128862 61173798 21797838
1443533400 39386951 15619926 51578795 21629181
1443531600 35142083 14758172 39797946 16222777
1443529800 37109821 17864650 42488758 23966531
1443528000 36319612 14447519 39543239 15773202
1443526200 35544424 14565481 39543239 17800325
1443524400 35560050 14862431 38463984 16355699
1443522600 31856548 14685926 39360388 16812255
1443520800 33600602 16935830 39578766 19914056
1443519000 44504369 19187716 51486289 21808514
1443517200 43401074 19570609 50427120 21215853
1443515400 49211013 16717720 54892829 18916802
1443513600 46384085 14913466 49623588 16379004
1443511800 38575305 12302308 46562726 15629762
1443510000 37951458 9913952 39840627 11297472
1443508200 36074014 10583737 38194660 14644707
1443506400 38569145 9623207 43825245 12591577
1443504600 27848169 7390886 34914178 8737925
1443502800 30325105 5992120 36048929 7696345
1443501000 23323995 4846258 34339099 6109933
1443499200 17178822 3552162 20491057 4212779
1443497400 12185604 4514716 20491057 6235008
1443495600 9804334 5929831 12020916 7861669
1443493800 9231204 6556778 11031007 7605845
1443492000 8829504 7859683 9571875 9481908
1443490200 9982889 5626737 12422586 7454806
1443488400 10584380 6082112 12422586 7426387
1443486600 10369157 7919869 11483072 12326607
1443484800 12020975 10307879 16584353 12326607
1443483000 15772172 9289125 19694913 10766077
1443481200 21611531 12964528 25486883 16030762
1443479400 28849961 17192408 34619280 21995578
1443477600 43459209 13841000 50058617 16594878
1443475800 40879583 14077305 45265739 16442770
1443474000 46700617 14489797 52428877 17938195
1443472200 54223728 20509030 63840884 23907872
1443470400 58355764 24468411 63840884 27328799
1443468600 51468762 26270066 66008099 30605354
1443466800 54946515 26338284 66008099 30590551
1443465000 53641371 28620635 56792983 33134378
1443463200 57282905 23421389 62126697 28445973
1443461400 50776768 27878599 55035211 29536118
1443459600 51336930 27644668 54072902 31260020
1443457800 43731107 24582093 50438914 28791970
1443456000 48596278 25526749 55852236 28905593
1443454200 38721898 24662522 43875500 27763290
1443452400 36403230 21173419 39124337 23793283
1443450600 31936888 22938718 42159147 28566579
1443448800 34345386 22682541 41806074 26021296
1443447000 40343655 23028052 43939769 26021296
1443445200 40494453 21837902 51469125 24270490
1443443400 46347340 19492273 56041139 23522221
1443441600 34174057 16022000 34174057 16022000
1443439800 34174057 16022000 34174057 16022000
1443438000 33649922 15012267 36848850 16022000
1443436200 26073283 13977035 29545830 16697184
1443434400 24681540 11124909 26948207 13913159
1443432600 32563446 13941941 42673278 16693908
1443430800 42009387 13183078 50787353 16693908
1443429000 45278031 12042369 49089852 13866209
1443427200 35272264 10713575 37893954 15829244
1443425400 34155871 9605448 37325207 15829244
1443423600 32042228 8307569 35140068 8863317
1443421800 28665516 8930271 34294853 10683102
1443420000 31935027 8452002 39189293 9406354
1443418200 19798904 7371718 27990640 8924792
1443416400 13103158 6571824 16230801 8909875
1443414600 11241398 5234798 16230801 6254948
1443412800 11906713 6239169 15349403 7036942
1443411000 6229127 6551804 7460833 8453036
1443409200 11988869 6117987 13848220 6644197
1443407400 10823034 5172001 13848220 6907072
1443405600 4822604 5203778 5948051 5897240
1443403800 4848533 5496842 5572759 6364484
1443402000 6429856 4789396 9327440 5320857
1443400200 8061376 4815977 10906135 5665062
1443398400 11182029 5156007 15846534 6026282
1443396600 11977263 4894280 17363165 5830039
1443394800 20311789 5889454 23844533 7257368
1443393000 23344322 7440831 26832487 8616966
1443391200 27328914 8129573 33315737 9339260
1443389400 40461635 7470885 44761167 10382342
1443387600 48255716 12923677 52259397 15729103
1443385800 50127945 19501176 58833061 23906044
1443384000 53434082 18886657 59039145 24336069
1443382200 56541573 25503562 62447080 33456272
1443380400 60489770 21804496 69760513 24186304
1443378600 65196425 29982098 68915715 33521850
1443376800 66152923 35425016 71365297 38517385
1443375000 57902567 32210285 63989531 35952760
1443373200 48518715 34416953 60824382 36233683
1443371400 45639262 31222429 52067247 34353110
1443369600 43677251 31628215 47460724 35203588
1443367800 44039636 20986463 50360645 26138586
1443366000 47590970 20485628 51354535 23914442
1443364200 41718980 18969180 49742523 21723901
1443362400 40439057 16955189 50804929 18337411
1443360600 36630060 17087161 41256379 19098023
1443358800 40716317 20184311 48352112 23779839
1443357000 53166612 20512795 66894328 24359807
1443355200 53355736 22768732 66894328 24407950
1443353400 45727544 28241905 50853402 31396117
1443351600 38783621 31860364 49338834 35466009
1443349800 36342473 32772047 41418201 35840971
1443348000 43539047 26654968 51585331 33129215
1443346200 43734749 27946706 48797634 31981789
1443344400 50029435 23290126 65307700 31972488
1443342600 50471601 24045769 65307700 25675484
1443340800 38721294 15137807 52597755 21021073
1443339000 37087788 17014458 41835285 21021073
1443337200 33741351 12872416 37159584 14381559
1443335400 25715517 8703506 32935549 10424273
1443333600 17541129 6786377 22500122 8819165
1443331800 15248659 6658800 24287638 10420728
1443330000 12120163 6322465 14583593 8949680
1443328200 10854882 3965839 12877964 4960845
1443326400 6739371 3291382 8910020 4037291
1443324600 6927708 5383682 8910020 7592214
1443322800 5040548 5100706 7707691 5458131
1443321000 3964798 5334523 5803699 6274098
1443319200 6963422 6769211 10174931 8669161
1443317400 10034713 7366304 12487244 9521067
1443315600 15737926 9450530 20388317 11550501
1443313800 18360113 11136644 22007699 13885224
1443312000 18088995 14383594 26714260 16671624
1443310200 22169806 16176171 27151120 19230698
1443308400 25573984 16493358 28002621 19041287
1443306600 25717844 18178387 28461208 21620763
1443304800 29625188 21841233 31896993 26407610
1443303000 31421409 29720919 35484339 33868470
1443301200 44317284 25863805 48656289 33086840
1443299400 45854932 19976102 56022135 24378157
1443297600 55542525 26467057 63407624 31594991
1443295800 61555535 26591451 66073750 32631707
1443294000 62906983 27836533 66854110 32257918
1443292200 62351783 24427799 75675254 30213002
1443290400 68505742 27835949 75657524 31370760
1443288600 56409802 29015963 62353305 33401539
1443286800 48757988 28544839 55756624 33214003
1443285000 54172238 27870046 63429077 33214003
1443283200 53718749 27231672 57731517 31759981
1443281400 54073695 29979009 59234631 31759981
1443279600 54809749 29570376 61205443 31731803
1443277800 44688866 29791221 54110227 33819146
1443276000 41148935 33412673 46229066 36397679
1443274200 45944909 32194276 60378556 35362203
1443272400 51321258 26779502 60378556 32878663
1443270600 52641009 19488113 55793784 24072879
1443268800 47005626 16903507 54961509 19181760
1443267000 48479697 15023015 54961509 19181760
1443265200 36460052 16936831 40540843 22360258
1443263400 41321524 19091215 50297370 22360258
1443261600 43872787 13532753 48256602 17154127
1443259800 39493581 15027809 49919538 16916258
1443258000 38509435 14107887 44390256 16189957
1443256200 42359252 14734801 44733394 17940215
1443254400 39584441 14838361 44912125 16380693
1443252600 37262463 20168670 42797220 24279600
1443250800 37629621 18500900 40132333 22332874
1443249000 36703794 11339674 40394678 14704667
1443247200 25434522 9434617 26827457 11239345
1443245400 22605453 7489780 29856908 9751016
1443243600 23694175 8685410 32191769 10796442
1443241800 13333164 5772590 18191365 10304821
1443240000 11586889 5665234 18161526 8134039
1443238200 11429247 4986118 20042796 9176285
1443236400 5568054 5190243 6667328 9176285
1443234600 5669131 5153672 8274949 6470497
1443232800 7404675 5174742 9145836 6181921
1443231000 7367014 7311867 9280395 11187835
1443229200 10351257 5052368 11543838 6339942
1443227400 12857279 7982385 19980577 10688859
1443225600 16759329 8370373 20708319 10688859
1443223800 18548927 8164853 21148741 9665633
1443222000 26488380 10535273 36692822 13130109
1443220200 33804833 9271722 39592157 11848477
1443218400 43180420 9624262 45747773 11721776
1443216600 47435294 12901790 53194658 19116871
1443214800 47932447 17962607 52943367 20504943
1443213000 55835130 22907842 64087858 33343869
1443211200 54826403 27419698 58214953 33343869
1443209400 66101484 21565904 74682477 25856212
1443207600 80725120 24117390 86196476 28158581
1443205800 72617746 28500339 79434293 32154933
1443204000 65658379 28097558 69969429 33474116
1443202200 60904168 29119508 71371322 33975083
1443200400 65360476 30686878 76213292 35446572
1443198600 45920000 27000232 52465777 31224131
1443196800 43088523 18265427 51475519 23931349
1443195000 33621634 19952935 50904852 34387729
1443193200 52779533 24448391 56779723 26186416
1443191400 48159247 18223949 55313496 21838575
1443189600 47630542 19931788 53714953 21201714
1443187800 45626838 17105293 53694405 19248583
1443186000 43015328 18335095 48041013 20096232
1443184200 44787324 24126639 50987538 28257950
1443182400 50183448 24546371 56103165 28271775
1443180600 47266381 23392898 50722884 28271775
1443178800 43372181 17676323 49534032 20906405
1443177000 36578167 15693027 38740976 16504454
1443175200 40005307 14891744 46710389 16315539
1443173400 36503035 16604676 46710389 18881244
1443171600 37749612 17053505 41695840 21638880
1443169800 37492526 14217631 41626567 16858626
1443168000 33193040 16000341 38087607 18250374
1443166200 27282094 13364214 32493398 15093003
1443164400 21925099 10589877 25198482 13324790
1443162600 15937893 9083726 19916531 9957656
1443160800 13142496 9694251 22858963 14437668
1443159000 19137418 13525441 24761182 14851603
1443157200 14105549 4484828 18273136 12002558
1443155400 10242087 3233438 18273136 3977458
1443153600 6816650 2860414 8028584 5187467
1443151800 3551545 3709134 5747196 7325866
1443150000 1259639 5152578 1708854 7325866
1443148200 1979215 2621243 4427647 6191954
1443146400 3123314 3547662 4624455 4605669
1443144600 3663492 2794549 4875807 4492820
1443142800 3558699 3000098 4548323 4756290
1443141000 9275776 8245955 12775634 11599956
1443139200 16167249 8146639 21179522 10066944
1443137400 20728759 8287258 26001520 11065082
1443135600 20642153 10123495 26001520 11065082
1443133800 25231781 12115216 34697780 13348120
1443132000 30187957 12877139 34697780 14556636
1443130200 33857657 12707324 42310098 15982274
1443128400 44661249 16340186 49686326 19612511
1443126600 46328233 18197076 51254747 19996065
1443124800 45932928 17691799 52034093 20171877
1443123000 49500358 23614102 56846859 27211620
1443121200 47258497 25112542 50288974 28313545
1443119400 51669220 23740579 59839119 25112638
1443117600 56174501 26330784 63419784 31429254
1443115800 56312655 26109535 67624294 30452274
1443114000 48970225 25170855 64747820 27006564
1443112200 52338350 21978862 58086608 24365064
1443110400 43214810 20561039 48341864 22290704
1443108600 47365456 21198375 51626834 29785888
1443106800 52700312 22114311 58561740 29785888
1443105000 49777032 19196015 53988497 20936638
1443103200 49109210 19690451 51970402 22195048
1443101400 40511654 19531946 44970091 21520510
1443099600 37311332 19031432 42114613 23340152
1443097800 58645848 22152028 64429999 23591489
1443096000 56712561 16552989 68650848 18513948
1443094200 52770607 16491365 64900590 19050750
1443092400 56247987 17581883 59573125 20667222
1443090600 45946292 16311992 55132031 20909419
1443088800 39721807 13405091 46977720 17839166
1443087000 40564376 15614635 44727837 18300613
1443085200 41244827 13089996 45833062 15511706
1443083400 41535319 16340258 46715347 21743880
1443081600 36021084 14441542 43189435 15767896
1443079800 37125921 12636319 45726187 14733607
1443078000 40766756 13193728 48032855 15694760
1443076200 35415087 9607192 50198745 14344341
1443074400 10764516 2746991 20583797 5228410
1443072600 304461 65280 3621977 575025
1443070800 5756 21528 5797 22188
1443069000 5746 20922 5813 21636
1443067200 5722 20547 5821 20970
1443065400 5762 20374 5865 20818
1443063600 5723 20077 5779 20493
1443061800 5684 19923 5821 20388
1443060000 5012 18446 5821 20388
1443058200 4752 17687 4939 18243
1443056400 4706 17585 4817 18125
1443054600 4675 17614 4804 18359
1443052800 4632 17168 4689 17637
1443051000 4473 16736 4639 17474
1443049200 2189 8253 4234 16179
1443047400 0 0 0 0
1443045600 19524050 14738491 41763160 27569008
1443043800 44107329 22188660 50812932 25896429
1443042000 46270256 25813210 52645092 29921079
1443040200 56317297 28810070 67638177 35193694
1443038400 62855075 29756656 73411956 34309879
1443036600 64149752 23355269 70961315 25677993
1443034800 55629783 29612351 61507714 31813231
1443033000 62517990 32450000 66657221 35878045
1443031200 56724164 32314795 60398153 40237478
1443029400 63543176 33310451 80755004 36938183
1443027600 75464008 36507189 85029371 39490480
1443025800 71614169 30819510 75539170 37025794
1443024000 55229380 31067150 68675168 35963048
1443022200 53524665 29537823 62893026 34848179
1443020400 61596322 28535692 69502168 32223028
1443018600 56284992 25472466 59799690 28115955
1443016800 47684693 24018351 53842296 28148652
1443015000 40959175 24065677 47944152 25605024
1443013200 49453885 24278208 55136499 25609749
1443011400 49296032 26272767 52305627 29764010
1443009600 41111678 20123844 45984961 24211570
1443007800 37860518 18719672 42464032 22699078
1443006000 40676258 17366892 44535237 19665975
1443004200 41780506 16265400 47650286 17567407
1443002400 44639450 17489642 50372740 20803627
1443000600 41777909 20303354 54038558 23606885
1442998800 46079431 16018564 50649575 17867724
1442997000 45011859 18406815 52062473 21316770
1442995200 30538844 15055198 40391699 16466942
1442993400 24894400 15071972 31249970 17984848
1442991600 33502638 15613961 41077356 17498597
1442989800 29384477 11595766 34877079 14837747
1442988000 17575581 9945977 20729599 12473879
1442986200 21363404 10674382 26517911 12976935
1442984400 13585521 10263701 14848516 12177630
1442982600 12836953 9826099 16473170 13162951
1442980800 12432473 8131734 16394589 9847172
1442979000 11610935 7282868 13257215 8775483
1442977200 13321663 7640726 15009666 8264278
1442975400 16197715 6638002 21056783 7691004
1442973600 14779835 6355902 15565756 7503422
1442971800 14779525 7172256 16252593 8053182
1442970000 13101113 7378878 14872441 8477888
1442968200 12689102 6606559 14259825 7959547
1442966400 16164805 8701599 17850672 10058454
1442964600 19197288 8125757 22030045 10204815
1442962800 15752694 7665461 19210361 8994604
1442961000 20352574 8885426 24615719 10677815
1442959200 24673002 9792071 33731654 10975571
1442957400 32371276 16341870 38899689 23757013
1442955600 40542581 22113016 54006151 28214511
1442953800 54962762 19255799 64051575 25326953
1442952000 76184723 25501846 92819252 28218047
1442950200 70279516 22960027 78133958 26885613
1442948400 62513451 26977929 73433483 32323403
1442946600 65764208 30635170 74178769 33743946
1442944800 71848801 28203342 75838072 33624907
1442943000 79858855 28584086 85472700 32414101
1442941200 74621736 30125669 84833115 32414101
1442939400 61309137 27272040 76338871 28817327
1442937600 61294648 25977630 66956948 27495041
1442935800 58575234 26101905 65351892 29923929
1442934000 53369962 22710145 60674291 25502755
1442932200 48146340 20984743 57559733 21875645
1442930400 38439936 20991542 44602236 21960346
1442928600 43095887 19776069 49299175 21418131
1442926800 49040247 20041859 56241390 22080576
1442925000 44046147 19810629 49790572 22111416
1442923200 42190187 23899389 52480185 29012375
1442921400 37518172 25372188 41515589 27472516
1442919600 32724949 23179462 40104537 27312901
1442917800 32469945 21187085 36702469 24486049
1442916000 33832349 22135256 43504304 25375079
1442914200 38774382 21389780 49113959 23646578
1442912400 34540865 19309673 44368480 21574039
1442910600 34052421 19890967 38641414 21481277
1442908800 28103862 18251912 35883074 19647105
1442907000 36903290 15166405 41963153 18516368
1442905200 35779078 11206544 38836902 13125351
1442903400 34399328 12054792 41909474 14269934
1442901600 29091377 12267539 37650459 14042635
1442899800 21129999 11767934 33783447 14545697
1442898000 19875945 9445031 27561370 12347928
1442896200 22310211 8396186 27986106 12347928
1442894400 16176181 5364240 23489163 6370162
1442892600 6981506 6026281 9936925 7188400
1442890800 9544460 6110720 11833627 6698380
1442889000 6689015 6316022 8704658 6802990
1442887200 6651766 5344073 7765439 5994425
1442885400 8221138 4157063 10747631 4810854
1442883600 9315190 5396467 10886623 8208814
1442881800 8249642 6520180 10757700 8208814
1442880000 14004687 6913379 16999290 9089547
1442878200 15256887 6263208 20075641 6724198
1442876400 18875345 7529593 23455272 11434977
1442874600 21439774 11545605 28987365 13864616
1442872800 31559135 11347184 34567871 13188284
1442871000 38052349 15190196 44216849 18067609
1442869200 43824051 19657482 51309708 22254629
1442867400 54126786 25193288 58304976 29498222
1442865600 62298047 27306890 75272416 34046688
1442858400 67386258 25598106 77582310 29712040
1442851200 57768649 23310749 67811352 33506899
1442844000 53366966 18611786 62144456 24123827
1442836800 50405173 16959136 70858181 26858388
1442829600 39259108 13832826 48335494 15668070
1442822400 29889069 12430894 39957498 20528979
1442815200 22705629 17399796 35892333 27335671
1442808000 10914483 13170855 25208583 17524266
1442800800 9511366 12345634 13213615 14868929
1442793600 17479498 13986470 41592542 19597071
1442786400 37155006 17866056 51108078 25507236
1442779200 57251446 17441019 69613333 22753274
1442772000 56648229 23465074 68823088 29694852
1442764800 46542836 20868772 66365255 24971753
1442757600 56368743 21259388 77541217 25323119
1442750400 50494987 18039477 58556737 25519032
1442743200 48210390 15957514 58418288 19601146
1442736000 39108290 14424388 51366057 20278751
1442728800 22453069 6584371 39119114 12660368
1442721600 8188229 4234063 17019153 6371191
1442714400 10667335 3921753 16494643 6711792
1442707200 21621555 7177805 37226277 11855525
1442700000 44188275 14494914 68188932 20738819
1442692800 58168858 20950474 76196692 24637593
1442685600 65717092 24406498 81050458 33152981
1442678400 53341264 22155316 69336252 28577067
1442671200 56073167 21840040 75543079 26059116
1442664000 36347166 8261234 83538495 22081025
1442656800 27231544 9597413 50106577 13388287
1442649600 36916766 9759217 49917015 14289541
1442642400 26666636 7131364 47585665 10124528
1442635200 9683081 5385397 19681869 8523129
1442628000 7694049 5549558 12784557 7533131
1442620800 18817181 8167558 35604719 10474197
1442613600 53387152 16113783 79012240 26528717
1442606400 80146030 32603036 93572160 44900894
1442599200 60604482 33948324 76021296 42563126
1442592000 44448995 25527108 56388338 31893208
1442584800 46437761 19728725 54616125 26924171
1442577600 46576842 18344891 61473644 30080235
1442570400 43779320 19168015 64389903 25384419
1442563200 31622070 14657972 43400989 19805783
1442556000 20197007 13084042 30070618 17884717
1442548800 11920869 6992539 17179589 10492438
1442541600 12135653 7302177 19388535 10826215
1442534400 17673318 13212021 32187202 20914264
1442527200 38270196 22383499 67387905 37154124
1442520000 66682994 34598500 81046128 42257984
1442512800 62946195 36940845 78475110 43129471
1442505600 63472376 25233227 76896345 32687737
1442498400 39265206 19677024 49643565 25587219
1442491200 38443105 19754562 46842957 32586210
1442484000 32020534 18289687 47146496 25574376
1442476800 31574661 18157378 45945488 26437484
1442469600 21041375 13447282 44140183 18983667
1442462400 8214313 6430785 20347857 9443236
1442455200 8834578 9203173 19100771 12405660
1442448000 18871576 12309284 34281982 15690311
1442440800 44460619 16957355 61427389 29221364
1442433600 67367028 30172877 79640883 41455146
1442426400 70915740 28657064 84731307 37014201
1442419200 53487977 25856709 68751269 31370840
1442412000 44501518 22248718 60813810 30800260
1442404800 35611373 21672329 48832580 27222162
1442397600 41702906 14309913 54182241 21327615
1442390400 29874043 13030237 40111476 16996763
1442383200 24401518 8945919 37440461 13488751
1442376000 10492718 6957857 15769174 9003260
1442368800 7657452 8692251 11466342 11569749
1442361600 17022695 9110294 36813289 12889185
1442354400 59722665 18273129 84304956 32919835
1442347200 70497877 28960595 84304956 41885834
1442340000 83342978 41468970 98731413 52727232
1442332800 59187389 28673212 75551128 34914731
1442325600 58938946 21700256 70502490 29817967
1442318400 56610046 21055458 75089939 25710855
1442311200 54526032 18437002 68572597 23406762
1442304000 33248340 13742785 51106211 18740654
1442296800 17990268 11544150 24415471 17364309
1442289600 7773554 8676281 11929447 13860088
1442282400 8760960 7981989 12873829 11806105
1442275200 14020166 9450661 21222519 13294885
1442268000 36910711 15468063 61742914 21306599
1442260800 56675386 24153978 70148400 34449395
1442253600 53981034 31953790 68011960 45464685
1442246400 55419568 27723471 74522428 35749441
1442239200 43299471 15047788 53589521 25066226
1442232000 39057044 14847507 52082740 20577093
1442224800 35535096 16918926 48363971 20825348
1442217600 31086335 14497597 48363971 18436641
1442210400 15543808 9344373 24303082 12758872
1442203200 5812278 4667585 15407510 5962229
1442196000 11225329 5319409 23060135 10976522
1442188800 17346315 9928371 29419885 17883253
1442181600 47891418 18176292 64386368 27494004
1442174400 67463227 32333269 86752994 37938648
1442167200 66957952 31895720 89721682 36037343
1442160000 54361973 29022025 78471016 34959516
1442152800 55930289 23949768 79314985 32038484
1442145600 60867554 26239577 71616127 39002942
1442138400 47365483 17782149 59449743 21526847
1442131200 43839757 10095670 57346608 14014491
1442124000 21441347 5896873 32860180 8469827
1442116800 8607399 3462981 14089662 5062549
1442109600 10388134 2591664 14884626 6905705
1442102400 21334740 8382143 32601086 16197609
1442095200 41980507 21685163 68095206 27924417
1442088000 61577537 31844089 80577983 39243802
1442080800 54274437 41896783 72217791 56914734
1442073600 57935617 30977186 71409030 35986558
1442066400 44634196 25563593 55787494 30486281
1442059200 48144817 22463322 71641519 27955064
1442052000 47799422 19585285 59088409 24671981
1442044800 37797311 12721809 47511428 15928652
1442037600 21230677 7275191 32051494 11952443
1442030400 6392255 1701071 11523769 4064605
1442023200 6322433 2769797 8895470 7805461
1442016000 16415724 5030126 31302154 9847649
1442008800 44322314 19325319 62155170 32051122
1442001600 55783744 31330694 65702815 36796111
1441994400 50771780 31589510 67692116 39082624
1441987200 52146535 24613701 68075879 31147531
1441980000 37831092 14899676 50490502 18252199
1441972800 39716840 13706908 54204903 19982390
1441965600 31779651 19071115 43258742 26745011
1441958400 28945100 9683687 47802047 17999911
1441951200 11281296 3249423 20759855 5677718
1441944000 3131198 3486176 7988780 5370781
1441936800 3117073 4248496 7444419 8439902
1441929600 15086001 11869694 31260904 17285277
1441922400 43140946 18323009 64156412 26065093
1441915200 60505384 27024755 75654502 37214498
1441908000 48808275 28295712 64096293 34721575
1441900800 47093512 31593732 57273390 37778490
1441893600 47097876 20709455 62765472 25943215
1441886400 32391001 21616591 43630726 30537648
1441879200 36994035 15892103 46623426 28677732
1441872000 35383742 11594371 41588758 16585067
1441864800 21546714 7018541 26804296 9545659
1441857600 13220754 5038922 19105200 6107994
1441850400 14734095 5569917 23669391 6918825
1441843200 31775572 9852482 42995843 14929952
1441836000 41877245 15013300 59572853 22556565
1441828800 60648654 24862608 75450871 34814024
1441821600 53552328 29041138 65043771 34025856
1441814400 50651807 17236339 67380657 23608563
1441807200 44228480 13659182 54337302 16194881
1441800000 42645936 14510790 48982001 18785923
1441792800 33132533 15089622 41429976 19863958
1441785600 26203430 14763627 38332591 21277073
1441778400 21233070 7791075 26244789 10099236
1441771200 9720557 4338731 16180869 7447621
1441764000 8320276 5005853 14900766 7444211
1441756800 18597932 9525748 36381071 12720642
1441749600 43255296 20417683 57542286 30411984
1441742400 70131627 36837052 85959265 43705668
1441735200 57298926 27318508 82760347 35892874
1441728000 46850788 19811594 61197048 24618586
1441720800 40004110 23027420 52385369 28378382
1441713600 41880977 19450733 58379185 25094211
1441706400 33771733 17658427 42542513 22073831
1441699200 34456152 14281571 45996778 17581056
1441692000 15679512 11374177 24742089 15794798
1441684800 7833256 6130104 14341922 8406332
1441677600 8547835 6795160 12912513 9530680
1441670400 27372343 9942309 36818012 13816826
1441663200 46243511 18708430 56624732 31268664
1441656000 66415076 35090315 91474388 45028486
1441648800 76910623 34454823 90789772 40996931
1441641600 53959313 26336844 65255584 34689444
1441634400 57197731 22813627 67892085 29254904
1441627200 40681354 19303409 53207883 26836573
1441620000 36792998 16474987 47415835 20825078
1441612800 34373458 14228151 44610538 16790233
1441605600 16946781 8959134 24057665 15256612
1441598400 11648027 5480873 22378499 9626375
1441591200 18826365 5199653 24416158 8085007
1441584000 24725582 9143091 31078779 14150782
1441576800 37652794 14966972 45730049 25883496
1441569600 61593321 21940752 79922551 26475218
1441562400 71625192 26157101 91009609 32981837
1441555200 54752475 20247943 72643245 25958194
1441548000 41828012 20162819 56032434 27430022
1441540800 46082839 24652327 67267972 29018804
1441533600 48454156 22255958 60987897 30632938
1441526400 40338931 12416673 53424458 18835150
1441519200 18399000 5417202 29037957 11995099
1441512000 10616148 2558207 15850748 4826747
1441504800 9352630 3179956 14244214 5250170
1441497600 23834963 7119423 35021727 11748682
1441490400 40519200 10948014 67078637 18875425
1441483200 60559764 23243237 79340976 29081684
1441476000 55005383 21183888 65937308 24133391
1441468800 45816484 18556823 59006292 22953775
1441461600 46468808 18693065 59388654 22971018
1441454400 49370433 25486297 57596240 32760402
1441447200 54289387 22090914 71903127 32283325
1441440000 39641407 11516301 48605473 16657197
1441432800 19317723 7836369 32439631 12136769
1441425600 7699238 4858170 15102238 11488998
1441418400 8770845 7574503 16714889 9811330
1441411200 20099264 7986763 29174476 15165722
1441404000 35933222 19496122 50633982 37928927
1441396800 55763476 30507587 76051775 37928927
1441389600 41379471 28833583 52704016 36355344
1441382400 44843522 16062359 60448275 18442010
1441375200 36144577 16285651 43632806 21663690
1441368000 36193256 14898660 48486810 18650817
1441360800 30401339 15969124 40580548 20588114
1441353600 23711691 11897433 29951025 18780696
1441346400 13268459 7358684 18143106 11721014
1441339200 4776201 5096963 10107975 6417602
1441332000 6567985 5415755 16175960 6807654
1441324800 19285390 8688578 30100421 14630215
1441317600 38914103 21547395 56150705 31662600
1441310400 64758920 26630322 79936160 34317823
1441303200 66202448 27945078 78348886 36075893
1441296000 50605895 22688041 58969558 30323044
1441288800 30434549 10872693 53117822 19788785
1441281600 44186901 17748300 58435940 20062396
1441274400 34610864 16361973 44210840 21086261
1441267200 30600341 15059669 38736419 22160962
1441260000 17854682 6021083 34563669 9769621
1441252800 7152310 2512458 12089675 4182312
1441245600 6953535 2884578 14862056 6325248
1441238400 18879074 6792865 32404377 11790457
1441231200 32771759 14466362 43916643 27288049
1441224000 48588666 24846504 64988641 29110568
1441216800 58755710 23143101 71442612 28341672
1441209600 42610558 16810802 63856160 20545691
1441202400 45526158 13727638 60695713 20562536
1441195200 34923158 12556664 45750047 15304330
1441188000 32995136 10457542 43825566 13982817
1441180800 32634105 7226132 46969241 12872677
1441173600 15677527 5500259 25187174 7311153
1441166400 9179691 3641072 15318206 4379649
1441159200 4484305 3567931 7341401 6131194
1441152000 13974839 5692446 29741068 10311066
1441144800 33659150 10338932 52288699 20381051
1441137600 60828056 20116767 75727559 25382701
1441130400 50645009 17559550 76078018 21411939
1441123200 43396471 19217083 53509058 27632418
1441116000 47654662 15969867 56059839 19463559
1441108800 30507314 14235740 47714668 18326641
1441101600 29875955 13373648 38599971 19502774
1441094400 21243537 8428572 31647651 12691835
1441087200 15019973 4845460 24175348 8024521
1441080000 11536202 4154450 16743641 8770304
1441072800 9377078 4841838 23617300 8149396
1441065600 21425107 10195373 34528575 15158467
1441058400 27680824 14387361 46045470 24760278
1441051200 59090453 27045653 80389153 38377589
1441044000 54212481 25826329 72063310 32969229
1441036800 48499421 22701745 66766797 26861859
1441029600 36879618 18657338 45788297 28553688
1441022400 39188247 12645956 62120606 18236328
1441015200 32161815 12553831 45420125 19247554
1441008000 34841235 11940463 43293133 16212218
1441000800 21485984 7077616 31525651 11223079
1440993600 8719628 3470949 11247098 5755794
1440986400 9099330 3205019 11571407 6398261
1440979200 16537763 7712871 26727512 11629887
1440972000 38965166 15199072 58482438 18813397
1440964800 68497300 22996908 80902932 32870236
1440957600 58330802 24699954 68263340 32824614
1440950400 55754695 20765154 75114249 24923177
1440943200 52666557 20465247 65589189 25264079
1440936000 46635083 18649306 55879167 24630176
1440928800 42461768 15807191 52458730 20719438
1440921600 34041917 9355251 50436316 12576531
1440914400 16215733 9849015 32902329 12418134
1440907200 8589483 5259781 13054677 10422190
1440900000 12745962 6321327 18769826 10388388
1440892800 17636500 12692142 38007506 23909396
1440885600 46365036 18981641 55802640 25767336
1440878400 59356916 24765442 72819659 34954119
1440871200 45781473 29169116 59872370 38257314
1440864000 45308015 22842664 54551953 27488148
1440856800 40718525 19485815 50264003 24389728
1440849600 32931657 17426890 42112628 22137314
1440842400 41845667 14973244 56223900 21035855
1440835200 45421460 13435212 61340864 21035855
1440828000 24865463 9296704 45128798 15249882
1440820800 6495798 4526781 11184800 7316764
1440813600 8685324 6988203 11764046 12203727
1440806400 16680395 12047372 36262362 18447224
1440799200 52034385 18130393 68434850 23290980
1440792000 59863714 23883724 73392527 31008565
1440784800 59011750 24066296 71541050 31198588
1440777600 51135120 18202122 62068138 25302463
1440770400 53793854 18181203 65099800 22873770
1440763200 41857903 21139402 49631616 25887289
1440756000 47834348 16595944 64246527 23520362
1440748800 35665555 13323738 45205777 20402100
1440741600 16827297 5182553 26487732 7531378
1440734400 7826133 4964610 10296905 7747129
1440727200 9545944 4731802 14685958 6544287
1440720000 15490141 7950205 28745983 13753887
1440712800 47094909 15389792 66857800 30283612
1440705600 58285118 29794418 70695705 38727553
1440698400 51134259 27240415 67230318 35099106
1440691200 40676682 28298612 50369416 33451424
1440684000 49708536 22678919 60095730 36208845
1440676800 45826153 17196492 54810717 23144613
1440669600 38656194 14934009 55281862 18638934
1440662400 29687863 12434063 48402008 23083289
1440655200 19947175 9016171 31460121 15225743
1440648000 10297273 7061794 13788734 14626165
1440640800 12281452 8606603 20561097 14061111
1440633600 26484851 16237426 48579000 21871584
1440626400 58831304 26982667 79922652 38161992
1440619200 68375313 28537517 81757091 35321530
1440612000 55085403 27751334 72273896 32111716
1440604800 62009364 25018570 73657077 29499752
1440597600 56409036 25037927 72084972 31127489
1440590400 40198938 20554264 52059140 25420402
1440583200 45904142 18844751 59048415 28777432
1440576000 33902519 15756361 46651476 19964095
1440568800 15469888 9145318 28154537 14586871
1440561600 7602127 5231583 14139950 8262302
1440554400 8466907 4664891 14623211 10555107
1440547200 20138148 10300825 30527037 15860410
1440540000 52156177 17690937 69770138 28849295
1440532800 68516739 29967667 78088575 38978772
1440525600 53688234 27373268 66896132 34153196
1440518400 51672792 24868367 61290425 31091687
1440511200 46657568 22101115 64815296 25637759
1440504000 52818869 20870736 60092077 26837924
1440496800 44285518 14670132 51115169 23876409
1440489600 39384106 11855976 51097368 17024804
1440482400 20079636 7621219 32732846 11052710
1440475200 5785011 4693848 8137359 7061583
1440468000 9915905 4855685 19338454 7744240
1440460800 18676121 11077393 38990495 14948745
1440453600 42250268 15704557 56878084 23210756
1440446400 65077413 25650662 81425342 32694442
1440439200 56965786 29880583 74908825 36011805
1440432000 44937155 30902912 59162768 38324953
1440424800 46813689 25839055 54298963 29408989
1440417600 48693207 20622787 54127260 23967669
1440410400 44778470 20488204 58301671 22807249
1440403200 37180135 20604566 50936616 25514535
1440396000 19679707 10042510 36882983 18360445
1440388800 5418249 5593328 10734982 8388255
1440381600 13481111 5648420 19240100 7869519
1440374400 22546296 10356948 50385197 15095880
1440367200 57284604 20972005 74689968 29952224
1440360000 64546270 27777114 75788923 36536819
1440352800 72622394 27375289 83536787 36632107
1440345600 69988824 26354596 82503469 32384022
1440338400 62485247 25366853 85549852 35465821
1440331200 52244328 21772473 62158416 26898599
1440324000 45260888 16328247 58787414 23132262
1440316800 34314125 15034721 50843509 20250410
1440309600 16193216 9358433 28504998 14880110
1440302400 6546989 7469738 12496083 9668184
1440295200 16810055 8261176 36538321 10634543
1440288000 24636830 9309819 35747294 14533957
1440280800 46095376 18624271 62604150 25544568
1440273600 66286340 26329811 78047928 36151512
1440266400 60972859 26405149 86818242 35973401
1440259200 59771311 23998569 74758593 33362051
1440252000 57478116 26187351 73996433 36536899
1440244800 62624979 20282681 79837969 23496429
1440237600 57591318 18812443 74864612 25681655
1440230400 36678912 11790455 56326147 16493490
1440223200 14051696 4725562 22329027 7693709
1440216000 6526012 3477778 7906415 6038499
1440208800 8714222 4855571 15395277 9142176
1440201600 19062679 8149613 38173473 13217614
1440194400 49001789 15391231 63904360 22831578
1440187200 52555362 17612750 57428493 21754053
1440180000 51425855 16543935 69030609 20158776
1440172800 45698433 21657925 62084677 26699324
1440165600 54866998 18326885 68457663 24139635
1440158400 50739965 18107338 58913365 23230414
1440151200 49421797 19864179 57807562 24000258
1440144000 35535983 10144780 48793939 19880904
1440136800 12709690 2586262 23691277 4874041
1440129600 7331844 3683403 10023927 6233611
1440122400 9541456 3486057 15211850 6315481
1440115200 21385791 5486880 29969743 7752268
1440108000 44080968 13138851 66474425 21838784
1440100800 67504495 19443586 78094460 25483536
1440093600 62223158 18224052 72321143 23472259
1440086400 57130036 22324520 78684475 28317686
1440079200 50122749 18538684 60829083 23940894
1440072000 51613727 18709075 63726500 26545548
1440064800 40287730 16403784 57135292 24727216
1440057600 41587196 17590022 60749961 25969851
1440050400 17714132 9892608 36465250 17370357
1440043200 6914648 5356882 15124838 8980395
1440036000 9847881 4155331 12791987 6106173
1440028800 20538898 8907956 32921577 12705811
1440021600 41894471 15692938 68533231 24082507
1440014400 69809402 23148520 76633605 28464397
1440007200 66172561 24330777 87044691 28983125
1440000000 56809841 16622749 68405572 19756917
1439992800 54552802 16790409 63681268 19926564
1439985600 48157359 14167022 62356941 21302025
1439978400 47206332 13082915 56427756 17315816
1439971200 41069641 11304994 48596916 16845856
1439964000 22135449 4626581 36126995 10126358
1439956800 8385994 2229639 13319047 4191429
1439949600 11210079 2618595 23330948 4037061
1439942400 28585246 5528969 45392569 14346030
1439935200 40523816 9110865 52355564 16263988
1439928000 32057387 11924771 57559829 36433103
1439920800 55116041 29517433 64258037 36433103
1439913600 54316804 35441750 67365587 44696917
1439906400 60032697 21380550 73388278 34431578
1439899200 51842084 19402549 65113513 23246543
1439892000 49372554 16312702 63892967 20039867
1439884800 39720124 13597887 52693760 18348280
1439877600 24730283 11170752 37601741 16376407
1439870400 9146771 6354286 14028606 9633441
1439863200 12661026 7014831 18520424 11498202
1439856000 24800399 11592602 39921159 16773747
1439848800 48371827 19546671 68042351 24798683
1439841600 62886500 23838182 76467021 30568495
1439834400 58974933 23489377 77029505 31420835
1439827200 57348619 21765333 77782002 25886447
1439820000 55569843 16413190 68697091 21954087
1439812800 68709140 18179881 83160075 25440002
1439805600 57566997 14184030 73921996 23722746
1439798400 47659334 15620180 57049599 19337028
1439791200 24599356 10075794 48100581 15045917
1439784000 8273123 4136028 11035022 7001652
1439776800 12835639 4929411 19026141 7872973
1439769600 21054352 9865565 29102697 16494485
1439762400 38230149 15473741 49636438 22011700
1439755200 52531110 22119036 62197730 27391771
1439748000 57873624 33753472 78031399 39676399
1439740800 68683129 28193584 77795158 36194595
1439733600 55878904 22117950 69278602 27989210
1439726400 68183057 27478833 79233351 33954221
1439719200 49306808 20847957 59286327 27879177
1439712000 16811071 5343869 16811071 5343869
1439704800 16811071 5343869 16811071 5343869
1439697600 16811071 5343869 16811071 5343869
1439690400 16811071 5343869 16811071 5343869
1439683200 16811071 5343869 16811071 5343869
1439676000 16811071 5343869 16811071 5343869
1439668800 21486158 7726796 38861079 16067301
1439661600 24937568 9665974 66062299 22739151
1439654400 54306467 22160953 64666534 28155142
1439647200 55028188 23747671 73372646 30679796
1439640000 49304487 22005013 68984307 28234890
1439632800 44194944 22124614 53377809 29727117
1439625600 31419170 15684345 44029795 20085599
1439618400 17957891 9417669 29753357 16926213
1439611200 9654241 5465090 16581175 7164416
1439604000 8744018 5430453 12992933 7323519
1439596800 25576941 9161684 36985885 12624136
1439589600 44881502 16182295 73962604 26312665
1439582400 59609665 27922730 69760021 35075181
1439575200 53798805 28368025 71362006 32703223
1439568000 53932250 23185017 72377155 27771067
1439560800 49845628 22468841 65580437 25898110
1439553600 38587446 19107883 46983482 27523989
1439546400 47281219 19840631 62369515 26885649
1439539200 33555837 12939986 49916806 16922318
1439532000 14072281 9570657 24174150 14906412
1439524800 4701250 5307399 6507497 7356813
1439517600 11561255 7813099 22666611 12037463
1439510400 28899648 12542258 42992006 16243538
1439503200 47014564 21830481 59064634 28478208
1439496000 59405917 28213137 72509655 36945830
1439488800 54495656 28351904 62398148 33722626
1439481600 47617182 23780991 60708139 30937611
1439474400 44808784 23627634 55211039 26937371
1439467200 43592742 23930553 55710499 28491465
1439460000 41693366 20051688 47527388 24065570
1439452800 34909549 14360015 44549251 24767541
1439445600 17828524 9600973 30162543 15927944
1439438400 8677822 4565999 18808751 7926496
1439431200 8064058 5745855 14650199 12382939
1439424000 19770944 12477788 29905492 17737102
1439416800 37675516 21287693 55027263 35672102
1439409600 63917342 32128054 77304069 38253576
1439402400 57363354 36499150 69120834 43734264
1439395200 51361302 28287086 66730383 35388615
1439388000 52238250 24648005 60249675 31767271
1439380800 57128822 30142924 80200456 49524139
1439373600 60417418 37471717 82040685 47654413
1439366400 48862790 29400431 75092791 46840645
1439359200 25896849 17938130 41313834 25425769
1439352000 17022163 11810399 21635753 18385455
1439344800 16562003 8494601 22737213 20599253
1439337600 33733430 25171224 57323277 28523953
1439330400 75967039 35571398 98823882 54626947
1439323200 100698266 51282363 108199377 66445024
1439316000 99646794 60827242 111116871 72531671
1439308800 89133598 61336733 108772144 76210606
1439301600 64331182 42976583 79870462 51416443
1439294400 58541189 39034861 70027536 45596934
1439287200 59635289 36961109 71152737 47053591
1439280000 3322870 2217243 70450782 50431059
1439272800 0 0 0 0
1439265600 0 0 0 0
1439258400 0 0 0 0
1439251200 0 0 0 0
1439244000 0 0 0 0
1439236800 0 0 0 0
1439229600 0 0 0 0
1439222400 0 0 0 0
1439215200 0 0 0 0
1439208000 0 0 0 0
1439200800 0 0 0 0
1439193600 0 0 0 0
1439186400 0 0 0 0
1439179200 0 0 0 0
1439172000 0 0 0 0
1439164800 0 0 0 0
1439157600 0 0 0 0
1439150400 0 0 0 0
1439143200 0 0 0 0
1439136000 0 0 0 0
1439128800 0 0 0 0
1439121600 0 0 0 0
1439114400 0 0 0 0
1439107200 0 0 0 0
1439100000 0 0 0 0
1439092800 0 0 0 0
1439085600 0 0 0 0
1439078400 0 0 0 0
1439071200 0 0 0 0
1439064000 0 0 0 0
1439056800 0 0 0 0
1439049600 0 0 0 0
1439042400 0 0 0 0
1439035200 0 0 0 0
1439028000 0 0 0 0
1439020800 0 0 0 0
1439013600 0 0 0 0
1439006400 0 0 0 0
1438999200 0 0 0 0
1438992000 0 0 0 0
1438984800 0 0 0 0
1438977600 0 0 0 0
1438970400 0 0 0 0
1438963200 0 0 0 0
1438956000 0 0 0 0
1438948800 0 0 0 0
1438941600 0 0 0 0
1438934400 0 0 0 0
1438927200 0 0 0 0
1438920000 0 0 0 0
1438912800 0 0 0 0
1438905600 0 0 0 0
1438898400 0 0 0 0
1438891200 0 0 0 0
1438884000 0 0 0 0
1438876800 0 0 0 0
1438869600 0 0 0 0
1438862400 0 0 0 0
1438855200 0 0 0 0
1438848000 0 0 0 0
1438840800 0 0 0 0
1438833600 0 0 0 0
1438826400 0 0 0 0
1438819200 0 0 0 0
1438812000 0 0 0 0
1438804800 0 0 0 0
1438797600 0 0 0 0
1438790400 0 0 0 0
1438783200 0 0 0 0
1438776000 0 0 0 0
1438768800 0 0 0 0
1438761600 0 0 0 0
1438754400 0 0 0 0
1438747200 0 0 0 0
1438740000 0 0 0 0
1438732800 0 0 0 0
1438725600 0 0 0 0
1438718400 0 0 0 0
1438711200 0 0 0 0
1438704000 0 0 0 0
1438696800 0 0 0 0
1438689600 0 0 0 0
1438682400 0 0 0 0
1438675200 0 0 0 0
1438668000 0 0 0 0
1438660800 0 0 0 0
1438653600 0 0 0 0
1438646400 0 0 0 0
1438639200 0 0 0 0
1438632000 0 0 0 0
1438624800 0 0 0 0
1438617600 0 0 0 0
1438610400 0 0 0 0
1438603200 0 0 0 0
1438596000 0 0 0 0
1438588800 0 0 0 0
1438581600 0 0 0 0
1438574400 0 0 0 0
1438567200 0 0 0 0
1438560000 0 0 0 0
1438552800 0 0 0 0
1438545600 0 0 0 0
1438473600 0 0 0 0
1438387200 0 0 0 0
1438300800 0 0 0 0
1438214400 0 0 0 0
1438128000 0 0 0 0
1438041600 0 0 0 0
1437955200 0 0 0 0
1437868800 0 0 0 0
1437782400 0 0 0 0
1437696000 0 0 0 0
1437609600 0 0 0 0
1437523200 0 0 0 0
1437436800 0 0 0 0
1437350400 0 0 0 0
1437264000 0 0 0 0
1437177600 0 0 0 0
1437091200 0 0 0 0
1437004800 0 0 0 0
1436918400 0 0 0 0
1436832000 0 0 0 0
1436745600 0 0 0 0
1436659200 0 0 0 0
1436572800 0 0 0 0
1436486400 0 0 0 0
1436400000 0 0 0 0
1436313600 0 0 0 0
1436227200 0 0 0 0
1436140800 0 0 0 0
1436054400 0 0 0 0
1435968000 0 0 0 0
1435881600 0 0 0 0
1435795200 0 0 0 0
1435708800 0 0 0 0
1435622400 0 0 0 0
1435536000 0 0 0 0
1435449600 0 0 0 0
1435363200 0 0 0 0
1435276800 0 0 0 0
1435190400 0 0 0 0
1435104000 0 0 0 0
1435017600 0 0 0 0
1434931200 0 0 0 0
1434844800 0 0 0 0
1434758400 0 0 0 0
1434672000 0 0 0 0
1434585600 0 0 0 0
1434499200 0 0 0 0
1434412800 0 0 0 0
1434326400 0 0 0 0
1434240000 0 0 0 0
1434153600 0 0 0 0
1434067200 0 0 0 0
1433980800 0 0 0 0
1433894400 0 0 0 0
1433808000 0 0 0 0
1433721600 0 0 0 0
1433635200 0 0 0 0
1433548800 0 0 0 0
1433462400 0 0 0 0
1433376000 0 0 0 0
1433289600 0 0 0 0
1433203200 0 0 0 0
1433116800 0 0 0 0
1433030400 0 0 0 0
1432944000 0 0 0 0
1432857600 0 0 0 0
1432771200 0 0 0 0
1432684800 0 0 0 0
1432598400 0 0 0 0
1432512000 0 0 0 0
1432425600 0 0 0 0
1432339200 0 0 0 0
1432252800 0 0 0 0
1432166400 0 0 0 0
1432080000 0 0 0 0
1431993600 0 0 0 0
1431907200 0 0 0 0
1431820800 0 0 0 0
1431734400 0 0 0 0
1431648000 0 0 0 0
1431561600 0 0 0 0
1431475200 0 0 0 0
1431388800 0 0 0 0
1431302400 0 0 0 0
1431216000 0 0 0 0
1431129600 0 0 0 0
1431043200 0 0 0 0
1430956800 0 0 0 0
1430870400 0 0 0 0
1430784000 0 0 0 0
1430697600 0 0 0 0
1430611200 0 0 0 0
1430524800 0 0 0 0
1430438400 0 0 0 0
1430352000 0 0 0 0
1430265600 0 0 0 0
1430179200 0 0 0 0
1430092800 0 0 0 0
1430006400 0 0 0 0
1429920000 0 0 0 0
1429833600 0 0 0 0
1429747200 0 0 0 0
1429660800 0 0 0 0
1429574400 0 0 0 0
1429488000 0 0 0 0
1429401600 0 0 0 0
1429315200 0 0 0 0
1429228800 0 0 0 0
1429142400 0 0 0 0
1429056000 0 0 0 0
1428969600 0 0 0 0
1428883200 0 0 0 0
1428796800 0 0 0 0
1428710400 0 0 0 0
1428624000 0 0 0 0
1428537600 0 0 0 0
1428451200 0 0 0 0
1428364800 0 0 0 0
1428278400 0 0 0 0
1428192000 0 0 0 0
1428105600 0 0 0 0
1428019200 0 0 0 0
1427932800 0 0 0 0
1427846400 0 0 0 0
1427760000 0 0 0 0
1427673600 0 0 0 0
1427587200 0 0 0 0
1427500800 0 0 0 0
1427414400 0 0 0 0
1427328000 0 0 0 0
1427241600 0 0 0 0
1427155200 0 0 0 0
1427068800 0 0 0 0
1426982400 0 0 0 0
1426896000 0 0 0 0
1426809600 0 0 0 0
1426723200 0 0 0 0
1426636800 0 0 0 0
1426550400 0 0 0 0
1426464000 0 0 0 0
1426377600 0 0 0 0
1426291200 0 0 0 0
1426204800 0 0 0 0
1426118400 0 0 0 0
1426032000 0 0 0 0
1425945600 0 0 0 0
1425859200 0 0 0 0
1425772800 0 0 0 0
1425686400 0 0 0 0
1425600000 0 0 0 0
1425513600 0 0 0 0
1425427200 0 0 0 0
1425340800 0 0 0 0
1425254400 0 0 0 0
1425168000 0 0 0 0
1425081600 0 0 0 0
1424995200 0 0 0 0
1424908800 0 0 0 0
1424822400 0 0 0 0
1424736000 0 0 0 0
1424649600 0 0 0 0
1424563200 0 0 0 0
1424476800 0 0 0 0
1424390400 0 0 0 0
1424304000 0 0 0 0
1424217600 0 0 0 0
1424131200 0 0 0 0
1424044800 0 0 0 0
1423958400 0 0 0 0
1423872000 0 0 0 0
1423785600 0 0 0 0
1423699200 0 0 0 0
1423612800 0 0 0 0
1423526400 0 0 0 0
1423440000 0 0 0 0
1423353600 0 0 0 0
1423267200 0 0 0 0
1423180800 0 0 0 0
1423094400 0 0 0 0
1423008000 0 0 0 0
1422921600 0 0 0 0
1422835200 0 0 0 0
1422748800 0 0 0 0
1422662400 0 0 0 0
1422576000 0 0 0 0
1422489600 0 0 0 0
1422403200 0 0 0 0
1422316800 0 0 0 0
1422230400 0 0 0 0
1422144000 0 0 0 0
1422057600 0 0 0 0
1421971200 0 0 0 0
1421884800 0 0 0 0
1421798400 0 0 0 0
1421712000 0 0 0 0
1421625600 0 0 0 0
1421539200 0 0 0 0
1421452800 0 0 0 0
1421366400 0 0 0 0
1421280000 0 0 0 0
1421193600 0 0 0 0
1421107200 0 0 0 0
1421020800 0 0 0 0
1420934400 0 0 0 0
1420848000 0 0 0 0
1420761600 0 0 0 0
1420675200 0 0 0 0
1420588800 0 0 0 0
1420502400 0 0 0 0
1420416000 0 0 0 0
1420329600 0 0 0 0
1420243200 0 0 0 0
1420156800 0 0 0 0
1420070400 0 0 0 0
1419984000 0 0 0 0
1419897600 0 0 0 0
1419811200 0 0 0 0
1419724800 0 0 0 0
1419638400 0 0 0 0
1419552000 0 0 0 0
1419465600 0 0 0 0
1419379200 0 0 0 0
1419292800 0 0 0 0
1419206400 0 0 0 0
1419120000 0 0 0 0
1419033600 0 0 0 0
1418947200 0 0 0 0
1418860800 0 0 0 0
1418774400 0 0 0 0
1418688000 0 0 0 0
1418601600 0 0 0 0
1418515200 0 0 0 0
1418428800 0 0 0 0
1418342400 0 0 0 0
1418256000 0 0 0 0
1418169600 0 0 0 0
1418083200 0 0 0 0
1417996800 0 0 0 0
1417910400 0 0 0 0
1417824000 0 0 0 0
1417737600 0 0 0 0
1417651200 0 0 0 0
1417564800 0 0 0 0
1417478400 0 0 0 0
1417392000 0 0 0 0
1417305600 0 0 0 0
1417219200 0 0 0 0
1417132800 0 0 0 0
1417046400 0 0 0 0
1416960000 0 0 0 0
1416873600 0 0 0 0
1416787200 0 0 0 0
1416700800 0 0 0 0
1416614400 0 0 0 0
1416528000 0 0 0 0
1416441600 0 0 0 0
1416355200 0 0 0 0
1416268800 0 0 0 0
1416182400 0 0 0 0
1416096000 0 0 0 0
1416009600 0 0 0 0
1415923200 0 0 0 0
1415836800 0 0 0 0
1415750400 0 0 0 0
1415664000 0 0 0 0
1415577600 0 0 0 0
1415491200 0 0 0 0
1415404800 0 0 0 0
1415318400 0 0 0 0
1415232000 0 0 0 0
1415145600 0 0 0 0
1415059200 0 0 0 0
1414972800 0 0 0 0
1414886400 0 0 0 0
1414800000 0 0 0 0
1414713600 0 0 0 0
1414627200 0 0 0 0
1414540800 0 0 0 0
1414454400 0 0 0 0
1414368000 0 0 0 0
1414281600 0 0 0 0
1414195200 0 0 0 0
1414108800 0 0 0 0
1414022400 0 0 0 0
1413936000 0 0 0 0
1413849600 0 0 0 0
1413763200 0 0 0 0
1413676800 0 0 0 0
1413590400 0 0 0 0
1413504000 0 0 0 0
1413417600 0 0 0 0
1413331200 0 0 0 0
1413244800 0 0 0 0
1413158400 0 0 0 0
1413072000 0 0 0 0
1412985600 0 0 0 0
1412899200 0 0 0 0
1412812800 0 0 0 0
1412726400 0 0 0 0
1412640000 0 0 0 0
1412553600 0 0 0 0
1412467200 0 0 0 0
1412380800 0 0 0 0
1412294400 0 0 0 0
1412208000 0 0 0 0
1412121600 0 0 0 0
1412035200 0 0 0 0
1411948800 0 0 0 0
1411862400 0 0 0 0
1411776000 0 0 0 0
1411689600 0 0 0 0
1411603200 0 0 0 0
1411516800 0 0 0 0
1411430400 0 0 0 0
1411344000 0 0 0 0
1411257600 0 0 0 0
1411171200 0 0 0 0
1411084800 0 0 0 0
1410998400 0 0 0 0
1410912000 0 0 0 0
1410825600 0 0 0 0
1410739200 0 0 0 0
1410652800 0 0 0 0
1410566400 0 0 0 0
1410480000 0 0 0 0
1410393600 0 0 0 0
1410307200 0 0 0 0
1410220800 0 0 0 0
1410134400 0 0 0 0
1410048000 0 0 0 0
1409961600 0 0 0 0
1409875200 0 0 0 0
1409788800 0 0 0 0
1409702400 0 0 0 0
1409616000 0 0 0 0
1409529600 0 0 0 0
1409443200 0 0 0 0
1409356800 0 0 0 0
1409270400 0 0 0 0
1409184000 0 0 0 0
1409097600 0 0 0 0
1409011200 0 0 0 0
1408924800 0 0 0 0
1408838400 0 0 0 0
1408752000 0 0 0 0
1408665600 0 0 0 0
1408579200 0 0 0 0
1408492800 0 0 0 0
1408406400 0 0 0 0
1408320000 0 0 0 0
1408233600 0 0 0 0
1408147200 0 0 0 0
1408060800 0 0 0 0
1407974400 0 0 0 0
1407888000 0 0 0 0
1407801600 0 0 0 0
1407715200 0 0 0 0
1407628800 0 0 0 0
1407542400 0 0 0 0
1407456000 0 0 0 0
1407369600 0 0 0 0
1407283200 0 0 0 0
1407196800 0 0 0 0
1407110400 0 0 0 0
1407024000 0 0 0 0
1406937600 0 0 0 0
1406851200 0 0 0 0
1406764800 0 0 0 0
1406678400 0 0 0 0
1406592000 0 0 0 0
1406505600 0 0 0 0
1406419200 0 0 0 0
1406332800 0 0 0 0
1406246400 0 0 0 0
1406160000 0 0 0 0
1406073600 0 0 0 0
1405987200 0 0 0 0
1405900800 0 0 0 0
1405814400 0 0 0 0
1405728000 0 0 0 0
1405641600 0 0 0 0
1405555200 0 0 0 0
1405468800 0 0 0 0
1405382400 0 0 0 0
1405296000 0 0 0 0
1405209600 0 0 0 0
1405123200 0 0 0 0
1405036800 0 0 0 0
1404950400 0 0 0 0
1404864000 0 0 0 0
1404777600 0 0 0 0
1404691200 0 0 0 0
1404604800 0 0 0 0
1404518400 0 0 0 0
1404432000 0 0 0 0
1404345600 0 0 0 0
1404259200 0 0 0 0
1404172800 0 0 0 0
1404086400 0 0 0 0
1404000000 0 0 0 0
1403913600 0 0 0 0
1403827200 0 0 0 0
1403740800 0 0 0 0
1403654400 0 0 0 0
1403568000 0 0 0 0
1403481600 0 0 0 0
1403395200 0 0 0 0
1403308800 0 0 0 0
1403222400 0 0 0 0
1403136000 0 0 0 0
1403049600 0 0 0 0
1402963200 0 0 0 0
1402876800 0 0 0 0
1402790400 0 0 0 0
1402704000 0 0 0 0
1402617600 0 0 0 0
1402531200 0 0 0 0
1402444800 0 0 0 0
1402358400 0 0 0 0
1402272000 0 0 0 0
1402185600 0 0 0 0
1402099200 0 0 0 0
1402012800 0 0 0 0
1401926400 0 0 0 0
1401840000 0 0 0 0
1401753600 0 0 0 0
1401667200 0 0 0 0
1401580800 0 0 0 0
1401494400 0 0 0 0
1401408000 0 0 0 0
1401321600 0 0 0 0
1401235200 0 0 0 0
1401148800 0 0 0 0
1401062400 0 0 0 0
1400976000 0 0 0 0
1400889600 0 0 0 0
1400803200 0 0 0 0
1400716800 0 0 0 0
1400630400 0 0 0 0
1400544000 0 0 0 0
1400457600 0 0 0 0
1400371200 0 0 0 0
1400284800 0 0 0 0
1400198400 0 0 0 0
1400112000 0 0 0 0
1400025600 0 0 0 0
1399939200 0 0 0 0
1399852800 0 0 0 0
1399766400 0 0 0 0
1399680000 0 0 0 0
1399593600 0 0 0 0
1399507200 0 0 0 0
1399420800 0 0 0 0
1399334400 0 0 0 0
1399248000 0 0 0 0
1399161600 0 0 0 0
1399075200 0 0 0 0
1398988800 0 0 0 0
1398902400 0 0 0 0
1398816000 0 0 0 0
1398729600 0 0 0 0
1398643200 0 0 0 0
1398556800 0 0 0 0
1398470400 0 0 0 0
1398384000 0 0 0 0
1398297600 0 0 0 0
1398211200 0 0 0 0
1398124800 0 0 0 0
1398038400 0 0 0 0
1397952000 0 0 0 0
1397865600 0 0 0 0
1397779200 0 0 0 0
1397692800 0 0 0 0
1397606400 0 0 0 0
1397520000 0 0 0 0
1397433600 0 0 0 0
1397347200 0 0 0 0
1397260800 0 0 0 0
1397174400 0 0 0 0
1397088000 0 0 0 0
1397001600 0 0 0 0
1396915200 0 0 0 0
1396828800 0 0 0 0
1396742400 0 0 0 0
1396656000 0 0 0 0
1396569600 0 0 0 0
1396483200 0 0 0 0
1396396800 0 0 0 0
1396310400 0 0 0 0
1396224000 0 0 0 0
1396137600 0 0 0 0
1396051200 0 0 0 0
1395964800 0 0 0 0
1395878400 0 0 0 0
1395792000 0 0 0 0
1395705600 0 0 0 0
1395619200 0 0 0 0
1395532800 0 0 0 0
1395446400 0 0 0 0
1395360000 0 0 0 0
1395273600 0 0 0 0
1395187200 0 0 0 0
1395100800 0 0 0 0
1395014400 0 0 0 0
1394928000 0 0 0 0
1394841600 0 0 0 0
1394755200 0 0 0 0
1394668800 0 0 0 0
1394582400 0 0 0 0
1394496000 0 0 0 0
1394409600 0 0 0 0
1394323200 0 0 0 0
1394236800 0 0 0 0
1394150400 0 0 0 0
1394064000 0 0 0 0
1393977600 0 0 0 0
1393891200 0 0 0 0
1393804800 0 0 0 0
1393718400 0 0 0 0
1393632000 0 0 0 0
1393545600 0 0 0 0
1393459200 0 0 0 0
1393372800 0 0 0 0
1393286400 0 0 0 0
1393200000 0 0 0 0
1393113600 0 0 0 0
1393027200 0 0 0 0
1392940800 0 0 0 0
1392854400 0 0 0 0
1392768000 0 0 0 0
1392681600 0 0 0 0
1392595200 0 0 0 0
1392508800 0 0 0 0
1392422400 0 0 0 0
1392336000 0 0 0 0
1392249600 0 0 0 0
1392163200 0 0 0 0
1392076800 0 0 0 0
1391990400 0 0 0 0
1391904000 0 0 0 0
1391817600 0 0 0 0
1391731200 0 0 0 0
1391644800 0 0 0 0
1391558400 0 0 0 0
1391472000 0 0 0 0
1391385600 0 0 0 0
1391299200 0 0 0 0
1391212800 0 0 0 0
1391126400 0 0 0 0
1391040000 0 0 0 0
1390953600 0 0 0 0
1390867200 0 0 0 0
1390780800 0 0 0 0
1390694400 0 0 0 0
1390608000 0 0 0 0
1390521600 0 0 0 0
1390435200 0 0 0 0
1390348800 0 0 0 0
1390262400 0 0 0 0
1390176000 0 0 0 0
1390089600 0 0 0 0
1390003200 0 0 0 0
1389916800 0 0 0 0
1389830400 0 0 0 0
1389744000 0 0 0 0
1389657600 0 0 0 0
1389571200 0 0 0 0
1389484800 0 0 0 0
1389398400 0 0 0 0
1389312000 0 0 0 0
1389225600 0 0 0 0
1389139200 0 0 0 0
1389052800 0 0 0 0
1388966400 0 0 0 0
1388880000 0 0 0 0
1388793600 0 0 0 0
1388707200 0 0 0 0
1388620800 0 0 0 0
1388534400 0 0 0 0
1388448000 0 0 0 0
1388361600 0 0 0 0
1388275200 0 0 0 0
1388188800 0 0 0 0
1388102400 0 0 0 0
1388016000 0 0 0 0
1387929600 0 0 0 0
1387843200 0 0 0 0
1387756800 0 0 0 0
1387670400 0 0 0 0
1387584000 0 0 0 0
1387497600 0 0 0 0
1387411200 0 0 0 0
1387324800 0 0 0 0
1387238400 0 0 0 0
1387152000 0 0 0 0
1387065600 0 0 0 0
1386979200 0 0 0 0
1386892800 0 0 0 0
1386806400 0 0 0 0
1386720000 0 0 0 0
1386633600 0 0 0 0
1386547200 0 0 0 0
1386460800 0 0 0 0
1386374400 0 0 0 0
1386288000 0 0 0 0
1386201600 0 0 0 0
1386115200 0 0 0 0
1386028800 0 0 0 0
1385942400 0 0 0 0
1385856000 0 0 0 0
1385769600 0 0 0 0
1385683200 0 0 0 0
1385596800 0 0 0 0
1385510400 0 0 0 0
1385424000 0 0 0 0
1385337600 0 0 0 0
1385251200 0 0 0 0
1385164800 0 0 0 0
1385078400 0 0 0 0
1384992000 0 0 0 0
1384905600 0 0 0 0
1384819200 0 0 0 0
1384732800 0 0 0 0
1384646400 0 0 0 0
1384560000 0 0 0 0
1384473600 0 0 0 0
1384387200 0 0 0 0
1384300800 0 0 0 0
1384214400 0 0 0 0
1384128000 0 0 0 0
1384041600 0 0 0 0
1383955200 0 0 0 0
1383868800 0 0 0 0
1383782400 0 0 0 0
1383696000 0 0 0 0
1383609600 0 0 0 0
1383523200 0 0 0 0
1383436800 0 0 0 0
1383350400 0 0 0 0
1383264000 0 0 0 0
1383177600 0 0 0 0
1383091200 0 0 0 0
1383004800 0 0 0 0
1382918400 0 0 0 0
1382832000 0 0 0 0
1382745600 0 0 0 0
1382659200 0 0 0 0
1382572800 0 0 0 0
1382486400 0 0 0 0
1382400000 0 0 0 0
1382313600 0 0 0 0
1382227200 0 0 0 0
1382140800 0 0 0 0
1382054400 0 0 0 0
1381968000 0 0 0 0
1381881600 0 0 0 0
1381795200 0 0 0 0
1381708800 0 0 0 0
1381622400 0 0 0 0
1381536000 0 0 0 0
1381449600 0 0 0 0
1381363200 0 0 0 0
1381276800 0 0 0 0
1381190400 0 0 0 0
1381104000 0 0 0 0
1381017600 0 0 0 0
1380931200 0 0 0 0
1380844800 0 0 0 0
1380758400 0 0 0 0
1380672000 0 0 0 0
1380585600 0 0 0 0
1380499200 0 0 0 0
1380412800 0 0 0 0
1380326400 0 0 0 0
1380240000 0 0 0 0
1380153600 0 0 0 0
1380067200 0 0 0 0
1379980800 0 0 0 0
1379894400 0 0 0 0
1379808000 0 0 0 0
1379721600 0 0 0 0
1379635200 0 0 0 0
1379548800 0 0 0 0
1379462400 0 0 0 0
1379376000 0 0 0 0
1379289600 0 0 0 0
1379203200 0 0 0 0
1379116800 0 0 0 0
1379030400 0 0 0 0
1378944000 0 0 0 0
1378857600 0 0 0 0
1378771200 0 0 0 0
1378684800 0 0 0 0
1378598400 0 0 0 0
1378512000 0 0 0 0
1378425600 0 0 0 0
1378339200 0 0 0 0
1378252800 0 0 0 0
1378166400 0 0 0 0
1378080000 0 0 0 0
1377993600 0 0 0 0
1377907200 0 0 0 0
1377820800 0 0 0 0
1377734400 0 0 0 0
1377648000 0 0 0 0
1377561600 0 0 0 0
1377475200 0 0 0 0
1377388800 0 0 0 0
1377302400 0 0 0 0
1377216000 0 0 0 0
1377129600 0 0 0 0
1377043200 0 0 0 0
1376956800 0 0 0 0
1376870400 0 0 0 0
1376784000 0 0 0 0
1376697600 0 0 0 0
1376611200 0 0 0 0
1376524800 0 0 0 0
1376438400 0 0 0 0
1376352000 0 0 0 0
1376265600 0 0 0 0
1376179200 0 0 0 0
1376092800 0 0 0 0
1376006400 0 0 0 0
1375920000 0 0 0 0
1375833600 0 0 0 0
1375747200 0 0 0 0
1375660800 0 0 0 0
1375574400 0 0 0 0
1375488000 0 0 0 0
1375401600 0 0 0 0
1375315200 0 0 0 0
