1509011702 3 3
1509011702 3 3 3 3
1509011405 3 3 3 3
1509011400 3 3 3 3
1509011100 3 3 3 3
1509010800 3 3 3 3
1509010500 3 3 3 3
1509010200 3 3 3 3
1509009900 3 3 3 3
1509009600 3 3 3 3
1509009300 3 3 3 3
1509009000 3 3 3 3
1509008700 3 3 3 3
1509008400 3 3 3 3
1509008100 3 3 3 3
1509007800 3 3 3 3
1509007500 3 3 3 3
1509007200 3 3 3 3
1509006900 3 3 3 3
1509006600 3 3 3 3
1509006300 3 3 3 3
1509006000 3 3 3 3
1509005700 3 3 3 3
1509005400 3 3 3 3
1509005100 3 3 3 3
1509004800 3 3 3 3
1509004500 3 3 3 3
1509004200 3 3 3 3
1509003900 3 3 3 3
1509003600 3 3 3 3
1509003300 3 3 3 3
1509003000 3 3 3 3
1509002700 3 3 3 3
1509002400 3 3 3 3
1509002100 3 3 3 3
1509001800 3 3 3 3
1509001500 3 3 3 3
1509001200 3 3 3 3
1509000900 3 3 3 3
1509000600 3 3 3 3
1509000300 3 3 3 3
1509000000 3 3 3 3
1508999700 3 3 3 3
1508999400 3 3 3 3
1508999100 3 3 3 3
1508998800 3 3 3 3
1508998500 3 3 3 3
1508998200 3 3 3 3
1508997900 3 3 3 3
1508997600 3 3 3 3
1508997300 3 3 3 3
1508997000 3 3 3 3
1508996700 3 3 3 3
1508996400 3 3 3 3
1508996100 3 3 3 3
1508995800 3 3 3 3
1508995500 3 3 3 3
1508995200 3 3 3 3
1508994900 3 3 3 3
1508994600 3 3 3 3
1508994300 3 3 3 3
1508994000 3 3 3 3
1508993700 3 3 3 3
1508993400 3 3 3 3
1508993100 3 3 3 3
1508992800 3 3 3 3
1508992500 3 3 3 3
1508992200 3 3 3 3
1508991900 3 3 3 3
1508991600 3 3 3 3
1508991300 3 3 3 3
1508991000 3 3 3 3
1508990700 3 3 3 3
1508990400 3 3 3 3
1508990100 3 3 3 3
1508989800 3 3 3 3
1508989500 3 3 3 3
1508989200 3 3 3 3
1508988900 3 3 3 3
1508988600 3 3 3 3
1508988300 3 3 3 3
1508988000 3 3 3 3
1508987700 3 3 3 3
1508987400 3 3 3 3
1508987100 3 3 3 3
1508986800 3 3 3 3
1508986500 3 3 3 3
1508986200 3 3 3 3
1508985900 3 3 3 3
1508985600 3 3 3 3
1508985300 3 3 3 3
1508985000 3 3 3 3
1508984700 3 3 3 3
1508984400 3 3 3 3
1508984100 3 3 3 3
1508983800 3 3 3 3
1508983500 3 3 3 3
1508983200 3 3 3 3
1508982900 3 3 3 3
1508982600 3 3 3 3
1508982300 3 3 3 3
1508982000 3 3 3 3
1508981700 3 3 3 3
1508981400 3 3 3 3
1508981100 3 3 3 3
1508980800 3 3 3 3
1508980500 3 3 3 3
1508980200 3 3 3 3
1508979900 3 3 3 3
1508979600 3 3 3 3
1508979300 3 3 3 3
1508979000 3 3 3 3
1508978700 3 3 3 3
1508978400 3 3 3 3
1508978100 3 3 3 3
1508977800 3 3 3 3
1508977500 3 3 3 3
1508977200 3 3 3 3
1508976900 3 3 3 3
1508976600 3 3 3 3
1508976300 3 3 3 3
1508976000 3 3 3 3
1508975700 3 3 3 3
1508975400 3 3 3 3
1508975100 3 3 3 3
1508974800 3 3 3 3
1508974500 3 3 3 3
1508974200 3 3 3 3
1508973900 3 3 3 3
1508973600 3 3 3 3
1508973300 3 3 3 3
1508973000 3 3 3 3
1508972700 3 3 3 3
1508972400 3 3 3 3
1508972100 3 3 3 3
1508971800 3 3 3 3
1508971500 3 3 3 3
1508971200 3 3 3 3
1508970900 3 3 3 3
1508970600 3 3 3 3
1508970300 3 3 3 3
1508970000 3 3 3 3
1508969700 3 3 3 3
1508969400 3 3 3 3
1508969100 3 3 3 3
1508968800 3 3 3 3
1508968500 3 3 3 3
1508968200 3 3 3 3
1508967900 3 3 3 3
1508967600 3 3 3 3
1508967300 3 3 3 3
1508967000 3 3 3 3
1508966700 3 3 3 3
1508966400 3 3 3 3
1508966100 3 3 3 3
1508965800 3 3 3 3
1508965500 3 3 3 3
1508965200 3 3 3 3
1508964900 3 3 3 3
1508964600 3 3 3 3
1508964300 3 3 3 3
1508964000 3 3 3 3
1508963700 3 3 3 3
1508963400 3 3 3 3
1508963100 3 3 3 3
1508962800 3 3 3 3
1508962500 3 3 3 3
1508962200 3 3 3 3
1508961900 3 3 3 3
1508961600 3 3 3 3
1508961300 3 3 3 3
1508961000 3 3 3 3
1508960700 3 3 3 3
1508960400 3 3 3 3
1508960100 3 3 3 3
1508959800 3 3 3 3
1508959500 3 3 3 3
1508959200 3 3 3 3
1508958900 3 3 3 3
1508958600 3 3 3 3
1508958300 3 3 3 3
1508958000 3 3 3 3
1508957700 3 3 3 3
1508957400 3 3 3 3
1508957100 3 3 3 3
1508956800 3 3 3 3
1508956500 3 3 3 3
1508956200 3 3 3 3
1508955900 3 3 3 3
1508955600 3 3 3 3
1508955300 3 3 3 3
1508955000 3 3 3 3
1508954700 3 3 3 3
1508954400 3 3 3 3
1508954100 3 3 3 3
1508953800 3 3 3 3
1508953500 3 3 3 3
1508953200 3 3 3 3
1508952900 3 3 3 3
1508952600 3 3 3 3
1508952300 3 3 3 3
1508952000 3 3 3 3
1508951700 3 3 3 3
1508951400 3 3 3 3
1508951100 3 3 3 3
1508950800 3 3 3 3
1508950500 3 3 3 3
1508950200 3 3 3 3
1508949900 3 3 3 3
1508949600 3 3 3 3
1508949300 3 3 3 3
1508949000 3 3 3 3
1508948700 3 3 3 3
1508948400 3 3 3 3
1508948100 3 3 3 3
1508947800 3 3 3 3
1508947500 3 3 3 3
1508947200 3 3 3 3
1508946900 3 3 3 3
1508946600 3 3 3 3
1508946300 3 3 3 3
1508946000 3 3 3 3
1508945700 3 3 3 3
1508945400 3 3 3 3
1508945100 3 3 3 3
1508944800 3 3 3 3
1508944500 3 3 3 3
1508944200 3 3 3 3
1508943900 3 3 3 3
1508943600 3 3 3 3
1508943300 3 3 3 3
1508943000 3 3 3 3
1508942700 3 3 3 3
1508942400 3 3 3 3
1508942100 3 3 3 3
1508941800 3 3 3 3
1508941500 3 3 3 3
1508941200 3 3 3 3
1508940900 3 3 3 3
1508940600 3 3 3 3
1508940300 3 3 3 3
1508940000 3 3 3 3
1508939700 3 3 3 3
1508939400 3 3 3 3
1508939100 3 3 3 3
1508938800 3 3 3 3
1508938500 3 3 3 3
1508938200 3 3 3 3
1508937900 3 3 3 3
1508937600 3 3 3 3
1508937300 3 3 3 3
1508937000 3 3 3 3
1508936700 3 3 3 3
1508936400 3 3 3 3
1508936100 3 3 3 3
1508935800 3 3 3 3
1508935500 3 3 3 3
1508935200 3 3 3 3
1508934900 3 3 3 3
1508934600 3 3 3 3
1508934300 3 3 3 3
1508934000 3 3 3 3
1508933700 3 3 3 3
1508933400 3 3 3 3
1508933100 3 3 3 3
1508932800 3 3 3 3
1508932500 3 3 3 3
1508932200 3 3 3 3
1508931900 3 3 3 3
1508931600 3 3 3 3
1508931300 3 3 3 3
1508931000 3 3 3 3
1508930700 3 3 3 3
1508930400 3 3 3 3
1508930100 3 3 3 3
1508929800 3 3 3 3
1508929500 3 3 3 3
1508929200 3 3 3 3
1508928900 3 3 3 3
1508928600 3 3 3 3
1508928300 3 3 3 3
1508928000 3 3 3 3
1508927700 3 3 3 3
1508927400 3 3 3 3
1508927100 3 3 3 3
1508926800 3 3 3 3
1508926500 3 3 3 3
1508926200 3 3 3 3
1508925900 3 3 3 3
1508925600 3 3 3 3
1508925300 3 3 3 3
1508925000 3 3 3 3
1508924700 3 3 3 3
1508924400 3 3 3 3
1508924100 3 3 3 3
1508923800 3 3 3 3
1508923500 3 3 3 3
1508923200 3 3 3 3
1508922900 3 3 3 3
1508922600 3 3 3 3
1508922300 3 3 3 3
1508922000 3 3 3 3
1508921700 3 3 3 3
1508921400 3 3 3 3
1508921100 3 3 3 3
1508920800 3 3 3 3
1508920500 3 3 3 3
1508920200 3 3 3 3
1508919900 3 3 3 3
1508919600 3 3 3 3
1508919300 3 3 3 3
1508919000 3 3 3 3
1508918700 3 3 3 3
1508918400 3 3 3 3
1508918100 3 3 3 3
1508917800 3 3 3 3
1508917500 3 3 3 3
1508917200 3 3 3 3
1508916900 3 3 3 3
1508916600 3 3 3 3
1508916300 3 3 3 3
1508916000 3 3 3 3
1508915700 3 3 3 3
1508915400 3 3 3 3
1508915100 3 3 3 3
1508914800 3 3 3 3
1508914500 3 3 3 3
1508914200 3 3 3 3
1508913900 3 3 3 3
1508913600 3 3 3 3
1508913300 3 3 3 3
1508913000 3 3 3 3
1508912700 3 3 3 3
1508912400 3 3 3 3
1508912100 3 3 3 3
1508911800 3 3 3 3
1508911500 3 3 3 3
1508911200 3 3 3 3
1508910900 3 3 3 3
1508910600 3 3 3 3
1508910300 3 3 3 3
1508910000 3 3 3 3
1508909700 3 3 3 3
1508909400 3 3 3 3
1508909100 3 3 3 3
1508908800 3 3 3 3
1508908500 3 3 3 3
1508908200 3 3 3 3
1508907900 3 3 3 3
1508907600 3 3 3 3
1508907300 3 3 3 3
1508907000 3 3 3 3
1508906700 3 3 3 3
1508906400 3 3 3 3
1508906100 3 3 3 3
1508905800 3 3 3 3
1508905500 3 3 3 3
1508905200 3 3 3 3
1508904900 3 3 3 3
1508904600 3 3 3 3
1508904300 3 3 3 3
1508904000 3 3 3 3
1508903700 3 3 3 3
1508903400 3 3 3 3
1508903100 3 3 3 3
1508902800 3 3 3 3
1508902500 3 3 3 3
1508902200 3 3 3 3
1508901900 3 3 3 3
1508901600 3 3 3 3
1508901300 3 3 3 3
1508901000 3 3 3 3
1508900700 3 3 3 3
1508900400 3 3 3 3
1508900100 3 3 3 3
1508899800 3 3 3 3
1508899500 3 3 3 3
1508899200 3 3 3 3
1508898900 3 3 3 3
1508898600 3 3 3 3
1508898300 3 3 3 3
1508898000 3 3 3 3
1508897700 3 3 3 3
1508897400 3 3 3 3
1508897100 3 3 3 3
1508896800 3 3 3 3
1508896500 3 3 3 3
1508896200 3 3 3 3
1508895900 3 3 3 3
1508895600 3 3 3 3
1508895300 3 3 3 3
1508895000 3 3 3 3
1508894700 3 3 3 3
1508894400 3 3 3 3
1508894100 3 3 3 3
1508893800 3 3 3 3
1508893500 3 3 3 3
1508893200 3 3 3 3
1508892900 3 3 3 3
1508892600 3 3 3 3
1508892300 3 3 3 3
1508892000 3 3 3 3
1508891700 3 3 3 3
1508891400 3 3 3 3
1508891100 3 3 3 3
1508890800 3 3 3 3
1508890500 3 3 3 3
1508890200 3 3 3 3
1508889900 3 3 3 3
1508889600 3 3 3 3
1508889300 3 3 3 3
1508889000 3 3 3 3
1508888700 3 3 3 3
1508888400 3 3 3 3
1508888100 3 3 3 3
1508887800 3 3 3 3
1508887500 3 3 3 3
1508887200 3 3 3 3
1508886900 3 3 3 3
1508886600 3 3 3 3
1508886300 3 3 3 3
1508886000 3 3 3 3
1508885700 3 3 3 3
1508885400 3 3 3 3
1508885100 3 3 3 3
1508884800 3 3 3 3
1508884500 3 3 3 3
1508884200 3 3 3 3
1508883900 3 3 3 3
1508883600 3 3 3 3
1508883300 3 3 3 3
1508883000 3 3 3 3
1508882700 3 3 3 3
1508882400 3 3 3 3
1508882100 3 3 3 3
1508881800 3 3 3 3
1508881500 3 3 3 3
1508881200 3 3 3 3
1508880900 3 3 3 3
1508880600 3 3 3 3
1508880300 3 3 3 3
1508880000 3 3 3 3
1508879700 3 3 3 3
1508879400 3 3 3 3
1508879100 3 3 3 3
1508878800 3 3 3 3
1508878500 3 3 3 3
1508878200 3 3 3 3
1508877900 3 3 3 3
1508877600 3 3 3 3
1508877300 3 3 3 3
1508877000 3 3 3 3
1508876700 3 3 3 3
1508876400 3 3 3 3
1508876100 3 3 3 3
1508875800 3 3 3 3
1508875500 3 3 3 3
1508875200 3 3 3 3
1508874900 3 3 3 3
1508874600 3 3 3 3
1508874300 3 3 3 3
1508874000 3 3 3 3
1508873700 3 3 3 3
1508873400 3 3 3 3
1508873100 3 3 3 3
1508872800 3 3 3 3
1508872500 3 3 3 3
1508872200 3 3 3 3
1508871900 3 3 3 3
1508871600 3 3 3 3
1508871300 3 3 3 3
1508871000 3 3 3 3
1508870700 3 3 3 3
1508870400 3 3 3 3
1508870100 3 3 3 3
1508869800 3 3 3 3
1508869500 3 3 3 3
1508869200 3 3 3 3
1508868900 3 3 3 3
1508868600 3 3 3 3
1508868300 3 3 3 3
1508868000 3 3 3 3
1508867700 3 3 3 3
1508867400 3 3 3 3
1508867100 3 3 3 3
1508866800 3 3 3 3
1508866500 3 3 3 3
1508866200 3 3 3 3
1508865900 3 3 3 3
1508865600 3 3 3 3
1508865300 3 3 3 3
1508865000 3 3 3 3
1508864700 3 3 3 3
1508864400 3 3 3 3
1508864100 3 3 3 3
1508863800 3 3 3 3
1508863500 3 3 3 3
1508863200 3 3 3 3
1508862900 3 3 3 3
1508862600 3 3 3 3
1508862300 3 3 3 3
1508862000 3 3 3 3
1508861700 3 3 3 3
1508861400 3 3 3 3
1508861100 3 3 3 3
1508860800 3 3 3 3
1508860500 3 3 3 3
1508860200 3 3 3 3
1508859900 3 3 3 3
1508859600 3 3 3 3
1508859300 3 3 3 3
1508859000 3 3 3 3
1508858700 3 3 3 3
1508858400 3 3 3 3
1508858100 3 3 3 3
1508857800 3 3 3 3
1508857500 3 3 3 3
1508857200 3 3 3 3
1508856900 3 3 3 3
1508856600 3 3 3 3
1508856300 3 3 3 3
1508856000 3 3 3 3
1508855700 3 3 3 3
1508855400 3 3 3 3
1508855100 3 3 3 3
1508854800 3 3 3 3
1508854500 3 3 3 3
1508854200 3 3 3 3
1508853900 3 3 3 3
1508853600 3 3 3 3
1508853300 3 3 3 3
1508853000 3 3 3 3
1508852700 3 3 3 3
1508852400 3 3 3 3
1508852100 3 3 3 3
1508851800 3 3 3 3
1508851500 3 3 3 3
1508851200 3 3 3 3
1508850900 3 3 3 3
1508850600 3 3 3 3
1508850300 3 3 3 3
1508850000 3 3 3 3
1508849700 3 3 3 3
1508849400 3 3 3 3
1508849100 3 3 3 3
1508848800 3 3 3 3
1508848500 3 3 3 3
1508848200 3 3 3 3
1508847900 3 3 3 3
1508847600 3 3 3 3
1508847300 3 3 3 3
1508847000 3 3 3 3
1508846700 3 3 3 3
1508846400 3 3 3 3
1508846100 3 3 3 3
1508845800 3 3 3 3
1508845500 3 3 3 3
1508845200 3 3 3 3
1508844900 3 3 3 3
1508844600 3 3 3 3
1508844300 3 3 3 3
1508844000 3 3 3 3
1508843700 3 3 3 3
1508843400 3 3 3 3
1508843100 3 3 3 3
1508842800 3 3 3 3
1508842500 3 3 3 3
1508842200 3 3 3 3
1508841900 3 3 3 3
1508841600 3 3 3 3
1508841300 3 3 3 3
1508841000 3 3 3 3
1508840700 3 3 3 3
1508840400 3 3 3 3
1508840100 3 3 3 3
1508839800 3 3 3 3
1508839500 3 3 3 3
1508839200 3 3 3 3
1508838900 3 3 3 3
1508838600 3 3 3 3
1508838300 3 3 3 3
1508838000 3 3 3 3
1508837700 3 3 3 3
1508837400 3 3 3 3
1508837100 3 3 3 3
1508836800 3 3 3 3
1508836500 3 3 3 3
1508836200 3 3 3 3
1508835900 3 3 3 3
1508835600 3 3 3 3
1508835300 3 3 3 3
1508835000 3 3 3 3
1508834700 3 3 3 3
1508834400 3 3 3 3
1508834100 3 3 3 3
1508833800 3 3 3 3
1508833500 3 3 3 3
1508833200 3 3 3 3
1508832900 3 3 3 3
1508832600 3 3 3 3
1508832300 3 3 3 3
1508832000 3 3 3 3
1508831700 3 3 3 3
1508830200 3 3 3 3
1508828400 3 3 3 3
1508826600 3 3 3 3
1508824800 3 3 3 3
1508823000 3 3 3 3
1508821200 3 3 3 3
1508819400 3 3 3 3
1508817600 3 3 3 3
1508815800 3 3 3 3
1508814000 3 3 3 3
1508812200 3 3 3 3
1508810400 3 3 3 3
1508808600 3 3 3 3
1508806800 3 3 3 3
1508805000 3 3 3 3
1508803200 3 3 3 3
1508801400 3 3 3 3
1508799600 3 3 3 3
1508797800 3 3 3 3
1508796000 3 3 3 3
1508794200 3 3 3 3
1508792400 3 3 3 3
1508790600 3 3 3 3
1508788800 3 3 3 3
1508787000 3 3 3 3
1508785200 3 3 3 3
1508783400 3 3 3 3
1508781600 3 3 3 3
1508779800 3 3 3 3
1508778000 3 3 3 3
1508776200 3 3 3 3
1508774400 3 3 3 3
1508772600 3 3 3 3
1508770800 3 3 3 3
1508769000 3 3 3 3
1508767200 3 3 3 3
1508765400 3 3 3 3
1508763600 3 3 3 3
1508761800 3 3 3 3
1508760000 3 3 3 3
1508758200 3 3 3 3
1508756400 3 3 3 3
1508754600 3 3 3 3
1508752800 3 3 3 3
1508751000 3 3 3 3
1508749200 3 3 3 3
1508747400 3 3 3 3
1508745600 3 3 3 3
1508743800 3 3 3 3
1508742000 3 3 3 3
1508740200 3 3 3 3
1508738400 3 3 3 3
1508736600 3 3 3 3
1508734800 3 3 3 3
1508733000 3 3 3 3
1508731200 3 3 3 3
1508729400 3 3 3 3
1508727600 3 3 3 3
1508725800 3 3 3 3
1508724000 3 3 3 3
1508722200 3 3 3 3
1508720400 3 3 3 3
1508718600 3 3 3 3
1508716800 3 3 3 3
1508715000 3 3 3 3
1508713200 3 3 3 3
1508711400 3 3 3 3
1508709600 3 3 3 3
1508707800 3 3 3 3
1508706000 3 3 3 3
1508704200 3 3 3 3
1508702400 3 3 3 3
1508700600 3 3 3 3
1508698800 3 3 3 3
1508697000 3 3 3 3
1508695200 3 3 3 3
1508693400 3 3 3 3
1508691600 3 3 3 3
1508689800 3 3 3 3
1508688000 3 3 3 3
1508686200 3 3 3 3
1508684400 3 3 3 3
1508682600 3 3 3 3
1508680800 3 3 3 3
1508679000 3 3 3 3
1508677200 3 3 3 3
1508675400 3 3 3 3
1508673600 3 3 3 3
1508671800 3 3 3 3
1508670000 3 3 3 3
1508668200 3 3 3 3
1508666400 3 3 3 3
1508664600 3 3 3 3
1508662800 3 3 3 3
1508661000 3 3 3 3
1508659200 3 3 3 3
1508657400 3 3 3 3
1508655600 3 3 3 3
1508653800 3 3 3 3
1508652000 3 3 3 3
1508650200 3 3 3 3
1508648400 3 3 3 3
1508646600 3 3 3 3
1508644800 3 3 3 3
1508643000 3 3 3 3
1508641200 3 3 3 3
1508639400 3 3 3 3
1508637600 3 3 3 3
1508635800 3 3 3 3
1508634000 3 3 3 3
1508632200 3 3 3 3
1508630400 3 3 3 3
1508628600 3 3 3 3
1508626800 3 3 3 3
1508625000 3 3 3 3
1508623200 3 3 3 3
1508621400 3 3 3 3
1508619600 3 3 3 3
1508617800 3 3 3 3
1508616000 3 3 3 3
1508614200 3 3 3 3
1508612400 3 3 3 3
1508610600 3 3 3 3
1508608800 3 3 3 3
1508607000 3 3 3 3
1508605200 3 3 3 3
1508603400 3 3 3 3
1508601600 3 3 3 3
1508599800 3 3 3 3
1508598000 3 3 3 3
1508596200 3 3 3 3
1508594400 3 3 3 3
1508592600 3 3 3 3
1508590800 3 3 3 3
1508589000 3 3 3 3
1508587200 3 3 3 3
1508585400 3 3 3 3
1508583600 3 3 3 3
1508581800 3 3 3 3
1508580000 3 3 3 3
1508578200 3 3 3 3
1508576400 3 3 3 3
1508574600 3 3 3 3
1508572800 3 3 3 3
1508571000 3 3 3 3
1508569200 3 3 3 3
1508567400 3 3 3 3
1508565600 3 3 3 3
1508563800 3 3 3 3
1508562000 3 3 3 3
1508560200 3 3 3 3
1508558400 3 3 3 3
1508556600 3 3 3 3
1508554800 3 3 3 3
1508553000 3 3 3 3
1508551200 3 3 3 3
1508549400 3 3 3 3
1508547600 3 3 3 3
1508545800 3 3 3 3
1508544000 3 3 3 3
1508542200 3 3 3 3
1508540400 3 3 3 3
1508538600 3 3 3 3
1508536800 3 3 3 3
1508535000 3 3 3 3
1508533200 3 3 3 3
1508531400 3 3 3 3
1508529600 3 3 3 3
1508527800 3 3 3 3
1508526000 3 3 3 3
1508524200 3 3 3 3
1508522400 3 3 3 3
1508520600 3 3 3 3
1508518800 3 3 3 3
1508517000 3 3 3 3
1508515200 3 3 3 3
1508513400 3 3 3 3
1508511600 3 3 3 3
1508509800 3 3 3 3
1508508000 3 3 3 3
1508506200 3 3 3 3
1508504400 3 3 3 3
1508502600 3 3 3 3
1508500800 3 3 3 3
1508499000 3 3 3 3
1508497200 3 3 3 3
1508495400 3 3 3 3
1508493600 3 3 3 3
1508491800 3 3 3 3
1508490000 3 3 3 3
1508488200 3 3 3 3
1508486400 3 3 3 3
1508484600 3 3 3 3
1508482800 3 3 3 3
1508481000 3 3 3 3
1508479200 3 3 3 3
1508477400 3 3 3 3
1508475600 3 3 3 3
1508473800 3 3 3 3
1508472000 3 3 3 3
1508470200 3 3 3 3
1508468400 3 3 3 3
1508466600 3 3 3 3
1508464800 3 3 3 3
1508463000 3 3 3 3
1508461200 3 3 3 3
1508459400 3 3 3 3
1508457600 3 3 3 3
1508455800 3 3 3 3
1508454000 3 3 3 3
1508452200 3 3 3 3
1508450400 3 3 3 3
1508448600 3 3 3 3
1508446800 3 3 3 3
1508445000 3 3 3 3
1508443200 3 3 3 3
1508441400 3 3 3 3
1508439600 3 3 3 3
1508437800 3 3 3 3
1508436000 3 3 3 3
1508434200 3 3 3 3
1508432400 3 3 3 3
1508430600 3 3 3 3
1508428800 3 3 3 3
1508427000 3 3 3 3
1508425200 3 3 3 3
1508423400 3 3 3 3
1508421600 3 3 3 3
1508419800 3 3 3 3
1508418000 3 3 3 3
1508416200 3 3 3 3
1508414400 3 3 3 3
1508412600 3 3 3 3
1508410800 3 3 3 3
1508409000 3 3 3 3
1508407200 3 3 3 3
1508405400 3 3 3 3
1508403600 3 3 3 3
1508401800 3 3 3 3
1508400000 3 3 3 3
1508398200 3 3 3 3
1508396400 3 3 3 3
1508394600 3 3 3 3
1508392800 3 3 3 3
1508391000 3 3 3 3
1508389200 3 3 3 3
1508387400 3 3 3 3
1508385600 3 3 3 3
1508383800 3 3 3 3
1508382000 3 3 3 3
1508380200 3 3 3 3
1508378400 3 3 3 3
1508376600 3 3 3 3
1508374800 3 3 3 3
1508373000 3 3 3 3
1508371200 3 3 3 3
1508369400 3 3 3 3
1508367600 3 3 3 3
1508365800 3 3 3 3
1508364000 3 3 3 3
1508362200 3 3 3 3
1508360400 3 3 3 3
1508358600 3 3 3 3
1508356800 3 3 3 3
1508355000 3 3 3 3
1508353200 3 3 3 3
1508351400 3 3 3 3
1508349600 3 3 3 3
1508347800 3 3 3 3
1508346000 3 3 3 3
1508344200 3 3 3 3
1508342400 3 3 3 3
1508340600 3 3 3 3
1508338800 3 3 3 3
1508337000 3 3 3 3
1508335200 3 3 3 3
1508333400 3 3 3 3
1508331600 3 3 3 3
1508329800 3 3 3 3
1508328000 3 3 3 3
1508326200 3 3 3 3
1508324400 3 3 3 3
1508322600 3 3 3 3
1508320800 3 3 3 3
1508319000 3 3 3 3
1508317200 3 3 3 3
1508315400 3 3 3 3
1508313600 3 3 3 3
1508311800 3 3 3 3
1508310000 3 3 3 3
1508308200 3 3 3 3
1508306400 3 3 3 3
1508304600 3 3 3 3
1508302800 3 3 3 3
1508301000 3 3 3 3
1508299200 3 3 3 3
1508297400 3 3 3 3
1508295600 3 3 3 3
1508293800 3 3 3 3
1508292000 3 3 3 3
1508290200 3 3 3 3
1508288400 3 3 3 3
1508286600 3 3 3 3
1508284800 3 3 3 3
1508283000 3 3 3 3
1508281200 3 3 3 3
1508279400 3 3 3 3
1508277600 3 3 3 3
1508275800 3 3 3 3
1508274000 3 3 3 3
1508272200 3 3 3 3
1508270400 3 3 3 3
1508268600 3 3 3 3
1508266800 3 3 3 3
1508265000 3 3 3 3
1508263200 3 3 3 3
1508261400 3 3 3 3
1508259600 3 3 3 3
1508257800 3 3 3 3
1508256000 3 3 3 3
1508254200 3 3 3 3
1508252400 3 3 3 3
1508250600 3 3 3 3
1508248800 3 3 3 3
1508247000 3 3 3 3
1508245200 3 3 3 3
1508243400 3 3 3 3
1508241600 3 3 3 3
1508239800 3 3 3 3
1508238000 3 3 3 3
1508236200 3 3 3 3
1508234400 3 3 3 3
1508232600 3 3 3 3
1508230800 3 3 3 3
1508229000 3 3 3 3
1508227200 3 3 3 3
1508225400 3 3 3 3
1508223600 3 3 3 3
1508221800 3 3 3 3
1508220000 3 3 3 3
1508218200 3 3 3 3
1508216400 3 3 3 3
1508214600 3 3 3 3
1508212800 3 3 3 3
1508211000 3 3 3 3
1508209200 3 3 3 3
1508207400 3 3 3 3
1508205600 3 3 3 3
1508203800 3 3 3 3
1508202000 3 3 3 3
1508200200 3 3 3 3
1508198400 3 3 3 3
1508196600 3 3 3 3
1508194800 3 3 3 3
1508193000 3 3 3 3
1508191200 3 3 3 3
1508189400 3 3 3 3
1508187600 3 3 3 3
1508185800 3 3 3 3
1508184000 3 3 3 3
1508182200 3 3 3 3
1508180400 3 3 3 3
1508178600 3 3 3 3
1508176800 3 3 3 3
1508175000 3 3 3 3
1508173200 3 3 3 3
1508171400 3 3 3 3
1508169600 3 3 3 3
1508167800 3 3 3 3
1508166000 3 3 3 3
1508164200 3 3 3 3
1508162400 3 3 3 3
1508160600 3 3 3 3
1508158800 3 3 3 3
1508157000 3 3 3 3
1508155200 3 3 3 3
1508153400 3 3 3 3
1508151600 3 3 3 3
1508149800 3 3 3 3
1508148000 3 3 3 3
1508146200 3 3 3 3
1508144400 3 3 3 3
1508142600 3 3 3 3
1508140800 3 3 3 3
1508139000 3 3 3 3
1508137200 3 3 3 3
1508135400 3 3 3 3
1508133600 3 3 3 3
1508131800 3 3 3 3
1508130000 3 3 3 3
1508128200 3 3 3 3
1508126400 3 3 3 3
1508124600 3 3 3 3
1508122800 3 3 3 3
1508121000 3 3 3 3
1508119200 3 3 3 3
1508117400 3 3 3 3
1508115600 3 3 3 3
1508113800 3 3 3 3
1508112000 3 3 3 3
1508110200 3 3 3 3
1508108400 3 3 3 3
1508106600 3 3 3 3
1508104800 3 3 3 3
1508103000 3 3 3 3
1508101200 3 3 3 3
1508099400 3 3 3 3
1508097600 3 3 3 3
1508095800 3 3 3 3
1508094000 3 3 3 3
1508092200 3 3 3 3
1508090400 3 3 3 3
1508088600 3 3 3 3
1508086800 3 3 3 3
1508085000 3 3 3 3
1508083200 3 3 3 3
1508081400 3 3 3 3
1508079600 3 3 3 3
1508077800 3 3 3 3
1508076000 3 3 3 3
1508074200 3 3 3 3
1508072400 3 3 3 3
1508070600 3 3 3 3
1508068800 3 3 3 3
1508067000 3 3 3 3
1508065200 3 3 3 3
1508063400 3 3 3 3
1508061600 3 3 3 3
1508059800 3 3 3 3
1508058000 3 3 3 3
1508056200 3 3 3 3
1508054400 3 3 3 3
1508052600 3 3 3 3
1508050800 3 3 3 3
1508049000 3 3 3 3
1508047200 3 3 3 3
1508045400 3 3 3 3
1508043600 3 3 3 3
1508041800 3 3 3 3
1508040000 3 3 3 3
1508038200 3 3 3 3
1508036400 3 3 3 3
1508034600 3 3 3 3
1508032800 3 3 3 3
1508031000 3 3 3 3
1508029200 3 3 3 3
1508027400 3 3 3 3
1508025600 3 3 3 3
1508023800 3 3 3 3
1508022000 3 3 3 3
1508020200 3 3 3 3
1508018400 3 3 3 3
1508016600 3 3 3 3
1508014800 3 3 3 3
1508013000 3 3 3 3
1508011200 3 3 3 3
1508009400 3 3 3 3
1508007600 3 3 3 3
1508005800 3 3 3 3
1508004000 3 3 3 3
1508002200 3 3 3 3
1508000400 3 3 3 3
1507998600 3 3 3 3
1507996800 3 3 3 3
1507995000 3 3 3 3
1507993200 3 3 3 3
1507991400 3 3 3 3
1507989600 3 3 3 3
1507987800 3 3 3 3
1507986000 3 3 3 3
1507984200 3 3 3 3
1507982400 3 3 3 3
1507980600 3 3 3 3
1507978800 3 3 3 3
1507977000 3 3 3 3
1507975200 3 3 3 3
1507973400 3 3 3 3
1507971600 3 3 3 3
1507969800 3 3 3 3
1507968000 3 3 3 3
1507966200 3 3 3 3
1507964400 3 3 3 3
1507962600 3 3 3 3
1507960800 3 3 3 3
1507959000 3 3 3 3
1507957200 3 3 3 3
1507955400 3 3 3 3
1507953600 3 3 3 3
1507951800 3 3 3 3
1507950000 3 3 3 3
1507948200 3 3 3 3
1507946400 3 3 3 3
1507944600 3 3 3 3
1507942800 3 3 3 3
1507941000 3 3 3 3
1507939200 3 3 3 3
1507937400 3 3 3 3
1507935600 3 3 3 3
1507933800 3 3 3 3
1507932000 3 3 3 3
1507930200 3 3 3 3
1507928400 3 3 3 3
1507926600 3 3 3 3
1507924800 3 3 3 3
1507923000 3 3 3 3
1507921200 3 3 3 3
1507919400 3 3 3 3
1507917600 3 3 3 3
1507915800 3 3 3 3
1507914000 3 3 3 3
1507912200 3 3 3 3
1507910400 3 3 3 3
1507908600 3 3 3 3
1507906800 3 3 3 3
1507905000 3 3 3 3
1507903200 3 3 3 3
1507901400 3 3 3 3
1507899600 3 3 3 3
1507897800 3 3 3 3
1507896000 3 3 3 3
1507894200 3 3 3 3
1507892400 3 3 3 3
1507890600 3 3 3 3
1507888800 3 3 3 3
1507887000 3 3 3 3
1507885200 3 3 3 3
1507883400 3 3 3 3
1507881600 3 3 3 3
1507879800 3 3 3 3
1507878000 3 3 3 3
1507876200 3 3 3 3
1507874400 3 3 3 3
1507872600 3 3 3 3
1507870800 3 3 3 3
1507869000 3 3 3 3
1507867200 3 3 3 3
1507865400 3 3 3 3
1507863600 3 3 3 3
1507861800 3 3 3 3
1507860000 3 3 3 3
1507858200 3 3 3 3
1507856400 3 3 3 3
1507854600 3 3 3 3
1507852800 3 3 3 3
1507851000 3 3 3 3
1507849200 3 3 3 3
1507847400 3 3 3 3
1507845600 3 3 3 3
1507843800 3 3 3 3
1507842000 3 3 3 3
1507840200 3 3 3 3
1507838400 3 3 3 3
1507836600 3 3 3 3
1507834800 3 3 3 3
1507833000 3 3 3 3
1507831200 3 3 3 3
1507829400 3 3 3 3
1507827600 3 3 3 3
1507825800 3 3 3 3
1507824000 3 3 3 3
1507822200 3 3 3 3
1507820400 3 3 3 3
1507818600 3 3 3 3
1507816800 3 3 3 3
1507815000 3 3 3 3
1507813200 3 3 3 3
1507811400 3 3 3 3
1507809600 3 3 3 3
1507807800 3 3 3 3
1507806000 3 3 3 3
1507804200 3 3 3 3
1507802400 3 3 3 3
1507800600 3 3 3 3
1507798800 3 3 3 3
1507797000 3 3 3 3
1507795200 3 3 3 3
1507793400 3 3 3 3
1507791600 3 3 3 3
1507789800 3 3 3 3
1507788000 3 3 3 3
1507786200 3 3 3 3
1507784400 3 3 3 3
1507782600 3 3 3 3
1507780800 3 3 3 3
1507779000 3 3 3 3
1507777200 3 3 3 3
1507775400 3 3 3 3
1507773600 3 3 3 3
1507771800 3 3 3 3
1507770000 3 3 3 3
1507768200 3 3 3 3
1507766400 3 3 3 3
1507764600 3 3 3 3
1507762800 3 3 3 3
1507761000 3 3 3 3
1507759200 3 3 3 3
1507757400 3 3 3 3
1507755600 3 3 3 3
1507753800 3 3 3 3
1507752000 3 3 3 3
1507750200 3 3 3 3
1507744800 3 3 3 3
1507737600 3 3 3 3
1507730400 3 3 3 3
1507723200 3 3 3 3
1507716000 3 3 3 3
1507708800 3 3 3 3
1507701600 3 3 3 3
1507694400 3 3 3 3
1507687200 3 3 3 3
1507680000 3 3 3 3
1507672800 3 3 3 3
1507665600 3 3 3 3
1507658400 3 3 3 3
1507651200 3 3 3 3
1507644000 3 3 3 3
1507636800 3 3 3 3
1507629600 3 3 3 3
1507622400 3 3 3 3
1507615200 3 3 3 3
1507608000 3 3 3 3
1507600800 3 3 3 3
1507593600 3 3 3 3
1507586400 3 3 3 3
1507579200 3 3 3 3
1507572000 3 3 3 3
1507564800 3 3 3 3
1507557600 3 3 3 3
1507550400 3 3 3 3
1507543200 3 3 3 3
1507536000 3 3 3 3
1507528800 3 3 3 3
1507521600 3 3 3 3
1507514400 3 3 3 3
1507507200 3 3 3 3
1507500000 3 3 3 3
1507492800 3 3 3 3
1507485600 3 3 3 3
1507478400 3 3 3 3
1507471200 3 3 3 3
1507464000 3 3 3 3
1507456800 3 3 3 3
1507449600 3 3 3 3
1507442400 3 3 3 3
1507435200 3 3 3 3
1507428000 3 3 3 3
1507420800 3 3 3 3
1507413600 3 3 3 3
1507406400 3 3 3 3
1507399200 3 3 3 3
1507392000 3 3 3 3
1507384800 3 3 3 3
1507377600 3 3 3 3
1507370400 3 3 3 3
1507363200 3 3 3 3
1507356000 3 3 3 3
1507348800 3 3 3 3
1507341600 3 3 3 3
1507334400 3 3 3 3
1507327200 3 3 3 3
1507320000 3 3 3 3
1507312800 3 3 3 3
1507305600 3 3 3 3
1507298400 3 3 3 3
1507291200 3 3 3 3
1507284000 3 3 3 3
1507276800 3 3 3 3
1507269600 3 3 3 3
1507262400 3 3 3 3
1507255200 3 3 3 3
1507248000 3 3 3 3
1507240800 3 3 3 3
1507233600 3 3 3 3
1507226400 3 3 3 3
1507219200 3 3 3 3
1507212000 3 3 3 3
1507204800 3 3 3 3
1507197600 3 3 3 3
1507190400 3 3 3 3
1507183200 3 3 3 3
1507176000 3 3 3 3
1507168800 3 3 3 3
1507161600 3 3 3 3
1507154400 3 3 3 3
1507147200 3 3 3 3
1507140000 3 3 3 3
1507132800 3 3 3 3
1507125600 3 3 3 3
1507118400 3 3 3 3
1507111200 3 3 3 3
1507104000 3 3 3 3
1507096800 3 3 3 3
1507089600 3 3 3 3
1507082400 3 3 3 3
1507075200 3 3 3 3
1507068000 3 3 3 3
1507060800 3 3 3 3
1507053600 3 3 3 3
1507046400 3 3 3 3
1507039200 3 3 3 3
1507032000 3 3 3 3
1507024800 3 3 3 3
1507017600 3 3 3 3
1507010400 3 3 3 3
1507003200 3 3 3 3
1506996000 3 3 3 3
1506988800 3 3 3 3
1506981600 3 3 3 3
1506974400 3 3 3 3
1506967200 3 3 3 3
1506960000 3 3 3 3
1506952800 3 3 3 3
1506945600 3 3 3 3
1506938400 3 3 3 3
1506931200 3 3 3 3
1506924000 3 3 3 3
1506916800 3 3 3 3
1506909600 3 3 3 3
1506902400 3 3 3 3
1506895200 3 3 3 3
1506888000 3 3 3 3
1506880800 3 3 3 3
1506873600 3 3 3 3
1506866400 3 3 3 3
1506859200 3 3 3 3
1506852000 3 3 3 3
1506844800 3 3 3 3
1506837600 3 3 3 3
1506830400 3 3 3 3
1506823200 3 3 3 3
1506816000 3 3 3 3
1506808800 3 3 3 3
1506801600 3 3 3 3
1506794400 3 3 3 3
1506787200 3 3 3 3
1506780000 3 3 3 3
1506772800 3 3 3 3
1506765600 3 3 3 3
1506758400 3 3 3 3
1506751200 3 3 3 3
1506744000 3 3 3 3
1506736800 3 3 3 3
1506729600 3 3 3 3
1506722400 3 3 3 3
1506715200 3 3 3 3
1506708000 3 3 3 3
1506700800 3 3 3 3
1506693600 3 3 3 3
1506686400 3 3 3 3
1506679200 3 3 3 3
1506672000 3 3 3 3
1506664800 3 3 3 3
1506657600 3 3 3 3
1506650400 3 3 3 3
1506643200 3 3 3 3
1506636000 3 3 3 3
1506628800 3 3 3 3
1506621600 3 3 3 3
1506614400 3 3 3 3
1506607200 3 3 3 3
1506600000 3 3 3 3
1506592800 3 3 3 3
1506585600 3 3 3 3
1506578400 3 3 3 3
1506571200 3 3 3 3
1506564000 3 3 3 3
1506556800 3 3 3 3
1506549600 3 3 3 3
1506542400 3 3 3 3
1506535200 3 3 3 3
1506528000 3 3 3 3
1506520800 3 3 3 3
1506513600 3 3 3 3
1506506400 3 3 3 3
1506499200 3 3 3 3
1506492000 3 3 3 3
1506484800 3 3 3 3
1506477600 3 3 3 3
1506470400 3 3 3 3
1506463200 3 3 3 3
1506456000 3 3 3 3
1506448800 3 3 3 3
1506441600 3 3 3 3
1506434400 3 3 3 3
1506427200 3 3 3 3
1506420000 3 3 3 3
1506412800 3 3 3 3
1506405600 3 3 3 3
1506398400 3 3 3 3
1506391200 3 3 3 3
1506384000 3 3 3 3
1506376800 3 3 3 3
1506369600 3 3 3 3
1506362400 3 3 3 3
1506355200 3 3 3 3
1506348000 3 3 3 3
1506340800 3 3 3 3
1506333600 3 3 3 3
1506326400 3 3 3 3
1506319200 3 3 3 3
1506312000 3 3 3 3
1506304800 3 3 3 3
1506297600 3 3 3 3
1506290400 3 3 3 3
1506283200 3 3 3 3
1506276000 3 3 3 3
1506268800 3 3 3 3
1506261600 3 3 3 3
1506254400 3 3 3 3
1506247200 3 3 3 3
1506240000 3 3 3 3
1506232800 3 3 3 3
1506225600 3 3 3 3
1506218400 3 3 3 3
1506211200 3 3 3 3
1506204000 3 3 3 3
1506196800 3 3 3 3
1506189600 3 3 3 3
1506182400 3 3 3 3
1506175200 3 3 3 3
1506168000 3 3 3 3
1506160800 3 3 3 3
1506153600 3 3 3 3
1506146400 3 3 3 3
1506139200 3 3 3 3
1506132000 3 3 3 3
1506124800 3 3 3 3
1506117600 3 3 3 3
1506110400 3 3 3 3
1506103200 3 3 3 3
1506096000 3 3 3 3
1506088800 3 3 3 3
1506081600 3 3 3 3
1506074400 3 3 3 3
1506067200 3 3 3 3
1506060000 3 3 3 3
1506052800 3 3 3 3
1506045600 3 3 3 3
1506038400 3 3 3 3
1506031200 3 3 3 3
1506024000 3 3 3 3
1506016800 3 3 3 3
1506009600 3 3 3 3
1506002400 3 3 3 3
1505995200 3 3 3 3
1505988000 3 3 3 3
1505980800 3 3 3 3
1505973600 3 3 3 3
1505966400 3 3 3 3
1505959200 3 3 3 3
1505952000 3 3 3 3
1505944800 3 3 3 3
1505937600 3 3 3 3
1505930400 3 3 3 3
1505923200 3 3 3 3
1505916000 3 3 3 3
1505908800 3 3 3 3
1505901600 3 3 3 3
1505894400 3 3 3 3
1505887200 3 3 3 3
1505880000 3 3 3 3
1505872800 3 3 3 3
1505865600 3 3 3 3
1505858400 3 3 3 3
1505851200 3 3 3 3
1505844000 3 3 3 3
1505836800 3 3 3 3
1505829600 3 3 3 3
1505822400 3 3 3 3
1505815200 3 3 3 3
1505808000 3 3 3 3
1505800800 3 3 3 3
1505793600 3 3 3 3
1505786400 3 3 3 3
1505779200 3 3 3 3
1505772000 3 3 3 3
1505764800 3 3 3 3
1505757600 3 3 3 3
1505750400 3 3 3 3
1505743200 3 3 3 3
1505736000 3 3 3 3
1505728800 3 3 3 3
1505721600 3 3 3 3
1505714400 3 3 3 3
1505707200 3 3 3 3
1505700000 3 3 3 3
1505692800 3 3 3 3
1505685600 3 3 3 3
1505678400 3 3 3 3
1505671200 3 3 3 3
1505664000 3 3 3 3
1505656800 3 3 3 3
1505649600 3 3 3 3
1505642400 3 3 3 3
1505635200 3 3 3 3
1505628000 3 3 3 3
1505620800 3 3 3 3
1505613600 3 3 3 3
1505606400 3 3 3 3
1505599200 3 3 3 3
1505592000 3 3 3 3
1505584800 3 3 3 3
1505577600 3 3 3 3
1505570400 3 3 3 3
1505563200 3 3 3 3
1505556000 3 3 3 3
1505548800 3 3 3 3
1505541600 3 3 3 3
1505534400 3 3 3 3
1505527200 3 3 3 3
1505520000 3 3 3 3
1505512800 3 3 3 3
1505505600 3 3 3 3
1505498400 3 3 3 3
1505491200 3 3 3 3
1505484000 3 3 3 3
1505476800 3 3 3 3
1505469600 3 3 3 3
1505462400 3 3 3 3
1505455200 3 3 3 3
1505448000 3 3 3 3
1505440800 3 3 3 3
1505433600 3 3 3 3
1505426400 3 3 3 3
1505419200 3 3 3 3
1505412000 3 3 3 3
1505404800 3 3 3 3
1505397600 3 3 3 3
1505390400 3 3 3 3
1505383200 3 3 3 3
1505376000 3 3 3 3
1505368800 3 3 3 3
1505361600 3 3 3 3
1505354400 3 3 3 3
1505347200 3 3 3 3
1505340000 3 3 3 3
1505332800 3 3 3 3
1505325600 3 3 3 3
1505318400 3 3 3 3
1505311200 3 3 3 3
1505304000 3 3 3 3
1505296800 3 3 3 3
1505289600 3 3 3 3
1505282400 3 3 3 3
1505275200 3 3 3 3
1505268000 3 3 3 3
1505260800 3 3 3 3
1505253600 3 3 3 3
1505246400 3 3 3 3
1505239200 3 3 3 3
1505232000 3 3 3 3
1505224800 3 3 3 3
1505217600 3 3 3 3
1505210400 3 3 3 3
1505203200 3 3 3 3
1505196000 3 3 3 3
1505188800 3 3 3 3
1505181600 3 3 3 3
1505174400 3 3 3 3
1505167200 3 3 3 3
1505160000 3 3 3 3
1505152800 3 3 3 3
1505145600 3 3 3 3
1505138400 3 3 3 3
1505131200 3 3 3 3
1505124000 3 3 3 3
1505116800 3 3 3 3
1505109600 3 3 3 3
1505102400 3 3 3 3
1505095200 3 3 3 3
1505088000 3 3 3 3
1505080800 3 3 3 3
1505073600 3 3 3 3
1505066400 3 3 3 3
1505059200 3 3 3 3
1505052000 3 3 3 3
1505044800 3 3 3 3
1505037600 3 3 3 3
1505030400 3 3 3 3
1505023200 3 3 3 3
1505016000 3 3 3 3
1505008800 3 3 3 3
1505001600 3 3 3 3
1504994400 3 3 3 3
1504987200 3 3 3 3
1504980000 3 3 3 3
1504972800 3 3 3 3
1504965600 3 3 3 3
1504958400 3 3 3 3
1504951200 3 3 3 3
1504944000 3 3 3 3
1504936800 3 3 3 3
1504929600 3 3 3 3
1504922400 3 3 3 3
1504915200 3 3 3 3
1504908000 3 3 3 3
1504900800 3 3 3 3
1504893600 3 3 3 3
1504886400 3 3 3 3
1504879200 3 3 3 3
1504872000 3 3 3 3
1504864800 3 3 3 3
1504857600 3 3 3 3
1504850400 3 3 3 3
1504843200 3 3 3 3
1504836000 3 3 3 3
1504828800 3 3 3 3
1504821600 3 3 3 3
1504814400 3 3 3 3
1504807200 3 3 3 3
1504800000 3 3 3 3
1504792800 3 3 3 3
1504785600 3 3 3 3
1504778400 3 3 3 3
1504771200 3 3 3 3
1504764000 3 3 3 3
1504756800 3 3 3 3
1504749600 3 3 3 3
1504742400 3 3 3 3
1504735200 3 3 3 3
1504728000 3 3 3 3
1504720800 3 3 3 3
1504713600 3 3 3 3
1504706400 3 3 3 3
1504699200 3 3 3 3
1504692000 3 3 3 3
1504684800 3 3 3 3
1504677600 3 3 3 3
1504670400 3 3 3 3
1504663200 3 3 3 3
1504656000 3 3 3 3
1504648800 3 3 3 3
1504641600 3 3 3 3
1504634400 3 3 3 3
1504627200 3 3 3 3
1504620000 3 3 3 3
1504612800 3 3 3 3
1504605600 3 3 3 3
1504598400 3 3 3 3
1504591200 3 3 3 3
1504584000 3 3 3 3
1504576800 3 3 3 3
1504569600 3 3 3 3
1504562400 3 3 3 3
1504555200 3 3 3 3
1504548000 3 3 3 3
1504540800 3 3 3 3
1504533600 3 3 3 3
1504526400 3 3 3 3
1504519200 3 3 3 3
1504512000 3 3 3 3
1504504800 3 3 3 3
1504497600 3 3 3 3
1504490400 3 3 3 3
1504483200 3 3 3 3
1504476000 3 3 3 3
1504468800 3 3 3 3
1504461600 3 3 3 3
1504454400 3 3 3 3
1504447200 3 3 3 3
1504440000 3 3 3 3
1504432800 3 3 3 3
1504425600 3 3 3 3
1504418400 3 3 3 3
1504411200 3 3 3 3
1504404000 3 3 3 3
1504396800 3 3 3 3
1504389600 3 3 3 3
1504382400 3 3 3 3
1504375200 3 3 3 3
1504368000 3 3 3 3
1504360800 3 3 3 3
1504353600 3 3 3 3
1504346400 3 3 3 3
1504339200 3 3 3 3
1504332000 3 3 3 3
1504324800 3 3 3 3
1504317600 3 3 3 3
1504310400 3 3 3 3
1504303200 3 3 3 3
1504296000 3 3 3 3
1504288800 3 3 3 3
1504281600 3 3 3 3
1504274400 3 3 3 3
1504267200 3 3 3 3
1504260000 3 3 3 3
1504252800 3 3 3 3
1504245600 3 3 3 3
1504238400 3 3 3 3
1504231200 3 3 3 3
1504224000 3 3 3 3
1504216800 3 3 3 3
1504209600 3 3 3 3
1504202400 3 3 3 3
1504195200 3 3 3 3
1504188000 3 3 3 3
1504180800 3 3 3 3
1504173600 3 3 3 3
1504166400 3 3 3 3
1504159200 3 3 3 3
1504152000 3 3 3 3
1504144800 3 3 3 3
1504137600 3 3 3 3
1504130400 3 3 3 3
1504123200 3 3 3 3
1504116000 3 3 3 3
1504108800 3 3 3 3
1504101600 3 3 3 3
1504094400 3 3 3 3
1504087200 3 3 3 3
1504080000 3 3 3 3
1504072800 3 3 3 3
1504065600 3 3 3 3
1504058400 3 3 3 3
1504051200 3 3 3 3
1504044000 3 3 3 3
1504036800 3 3 3 3
1504029600 3 3 3 3
1504022400 3 3 3 3
1504015200 3 3 3 3
1504008000 3 3 3 3
1504000800 3 3 3 3
1503993600 3 3 3 3
1503986400 3 3 3 3
1503979200 3 3 3 3
1503972000 3 3 3 3
1503964800 3 3 3 3
1503957600 3 3 3 3
1503950400 3 3 3 3
1503943200 3 3 3 3
1503936000 3 3 3 3
1503928800 3 3 3 3
1503921600 3 3 3 3
1503914400 3 3 3 3
1503907200 3 3 3 3
1503900000 3 3 3 3
1503892800 3 3 3 3
1503885600 3 3 3 3
1503878400 3 3 3 3
1503871200 3 3 3 3
1503864000 3 3 3 3
1503856800 3 3 3 3
1503849600 3 3 3 3
1503842400 3 3 3 3
1503835200 3 3 3 3
1503828000 3 3 3 3
1503820800 3 3 3 3
1503813600 3 3 3 3
1503806400 3 3 3 3
1503799200 3 3 3 3
1503792000 3 3 3 3
1503784800 3 3 3 3
1503777600 3 3 3 3
1503770400 3 3 3 3
1503763200 3 3 3 3
1503756000 3 3 3 3
1503748800 3 3 3 3
1503741600 3 3 3 3
1503734400 3 3 3 3
1503727200 3 3 3 3
1503720000 3 3 3 3
1503712800 3 3 3 3
1503705600 3 3 3 3
1503698400 3 3 3 3
1503691200 3 3 3 3
1503684000 3 3 3 3
1503676800 3 3 3 3
1503669600 3 3 3 3
1503662400 3 3 3 3
1503655200 3 3 3 3
1503648000 3 3 3 3
1503640800 3 3 3 3
1503633600 3 3 3 3
1503626400 3 3 3 3
1503619200 3 3 3 3
1503612000 3 3 3 3
1503604800 3 3 3 3
1503597600 3 3 3 3
1503590400 3 3 3 3
1503583200 3 3 3 3
1503576000 3 3 3 3
1503568800 3 3 3 3
1503561600 3 3 3 3
1503554400 3 3 3 3
1503547200 3 3 3 3
1503540000 3 3 3 3
1503532800 3 3 3 3
1503525600 3 3 3 3
1503518400 3 3 3 3
1503511200 3 3 3 3
1503504000 3 3 3 3
1503496800 3 3 3 3
1503489600 3 3 3 3
1503482400 3 3 3 3
1503475200 3 3 3 3
1503468000 3 3 3 3
1503460800 3 3 3 3
1503453600 3 3 3 3
1503446400 3 3 3 3
1503439200 3 3 3 3
1503432000 3 3 3 3
1503424800 3 3 3 3
1503360000 3 3 3 3
1503273600 3 3 3 3
1503187200 3 3 3 3
1503100800 3 3 3 3
1503014400 3 3 3 3
1502928000 3 3 3 3
1502841600 3 3 3 3
1502755200 3 3 3 3
1502668800 3 3 3 3
1502582400 3 3 3 3
1502496000 3 3 3 3
1502409600 3 3 3 3
1502323200 3 3 3 3
1502236800 3 3 3 3
1502150400 3 3 3 3
1502064000 3 3 3 3
1501977600 3 3 3 3
1501891200 3 3 3 3
1501804800 3 3 3 3
1501718400 3 3 3 3
1501632000 3 3 3 3
1501545600 3 3 3 3
1501459200 3 3 3 3
1501372800 3 3 3 3
1501286400 2 2 3 3
1501200000 3 3 3 3
1501113600 3 3 3 3
1501027200 3 3 3 3
1500940800 3 3 3 3
1500854400 3 3 3 3
1500768000 3 3 3 3
1500681600 3 3 3 3
1500595200 3 3 3 3
1500508800 3 3 3 3
1500422400 3 3 3 3
1500336000 3 3 3 3
1500249600 3 3 3 3
1500163200 3 3 3 3
1500076800 3 3 3 3
1499990400 3 3 3 3
1499904000 3 3 3 3
1499817600 3 3 3 3
1499731200 3 3 3 3
1499644800 3 3 3 3
1499558400 3 3 3 3
1499472000 3 3 3 3
1499385600 3 3 3 3
1499299200 3 3 3 3
1499212800 3 3 3 3
1499126400 3 3 3 3
1499040000 3 3 3 3
1498953600 2 2 3 3
1498867200 3 3 3 3
1498780800 3 3 3 3
1498694400 3 3 3 3
1498608000 3 3 3 3
1498521600 3 3 3 3
1498435200 3 3 3 3
1498348800 3 3 3 3
1498262400 3 3 3 3
1498176000 3 3 3 3
1498089600 3 3 3 3
1498003200 3 3 3 3
1497916800 3 3 3 3
1497830400 3 3 3 3
1497744000 3 3 3 3
1497657600 3 3 3 3
1497571200 3 3 3 3
1497484800 3 3 3 3
1497398400 3 3 3 3
1497312000 3 3 3 3
1497225600 3 3 3 3
1497139200 3 3 3 3
1497052800 3 3 3 3
1496966400 3 3 3 3
1496880000 3 3 3 3
1496793600 3 3 3 3
1496707200 3 3 3 3
1496620800 3 3 3 3
1496534400 3 3 3 3
1496448000 3 3 3 3
1496361600 3 3 3 3
1496275200 3 3 3 3
1496188800 3 3 3 3
1496102400 3 3 3 3
1496016000 3 3 3 3
1495929600 2 2 3 3
1495843200 3 3 3 3
1495756800 3 3 3 3
1495670400 3 3 3 3
1495584000 3 3 3 3
1495497600 3 3 3 3
1495411200 3 3 3 3
1495324800 3 3 3 3
1495238400 3 3 3 3
1495152000 3 3 3 3
1495065600 3 3 3 3
1494979200 3 3 3 3
1494892800 3 3 3 3
1494806400 3 3 3 3
1494720000 3 3 3 3
1494633600 3 3 3 3
1494547200 3 3 3 3
1494460800 3 3 3 3
1494374400 3 3 3 3
1494288000 3 3 3 3
1494201600 3 3 3 3
1494115200 3 3 3 3
1494028800 3 3 3 3
1493942400 3 3 3 3
1493856000 3 3 3 3
1493769600 3 3 3 3
1493683200 3 3 3 3
1493596800 3 3 3 3
1493510400 3 3 3 3
1493424000 3 3 3 3
1493337600 3 3 3 3
1493251200 3 3 3 3
1493164800 3 3 3 3
1493078400 3 3 3 3
1492992000 3 3 3 3
1492905600 3 3 3 3
1492819200 3 3 3 3
1492732800 3 3 3 3
1492646400 3 3 3 3
1492560000 3 3 3 3
1492473600 3 3 3 3
1492387200 3 3 3 3
1492300800 3 3 3 3
1492214400 3 3 3 3
1492128000 3 3 3 3
1492041600 3 3 3 3
1491955200 3 3 3 3
1491868800 3 3 3 3
1491782400 3 3 3 3
1491696000 3 3 3 3
1491609600 3 3 3 3
1491523200 3 3 3 3
1491436800 3 3 3 3
1491350400 3 3 3 3
1491264000 3 3 3 3
1491177600 3 3 3 3
1491091200 3 3 3 3
1491004800 3 3 3 3
1490918400 3 3 3 3
1490832000 3 3 3 3
1490745600 3 3 3 3
1490659200 3 3 3 3
1490572800 3 3 3 3
1490486400 3 3 3 3
1490400000 3 3 3 3
1490313600 3 3 3 3
1490227200 3 3 3 3
1490140800 3 3 3 3
1490054400 3 3 3 3
1489968000 3 3 3 3
1489881600 3 3 3 3
1489795200 3 3 3 3
1489708800 3 3 3 3
1489622400 3 3 3 3
1489536000 3 3 3 3
1489449600 3 3 3 3
1489363200 3 3 3 3
1489276800 3 3 3 3
1489190400 3 3 3 3
1489104000 3 3 3 3
1489017600 3 3 3 3
1488931200 3 3 3 3
1488844800 3 3 3 3
1488758400 3 3 3 3
1488672000 3 3 3 3
1488585600 3 3 3 3
1488499200 3 3 3 3
1488412800 3 3 3 3
1488326400 3 3 3 3
1488240000 3 3 3 3
1488153600 3 3 3 3
1488067200 3 3 3 3
1487980800 3 3 3 3
1487894400 3 3 3 3
1487808000 3 3 3 3
1487721600 3 3 3 3
1487635200 3 3 3 3
1487548800 3 3 3 3
1487462400 3 3 3 3
1487376000 3 3 3 3
1487289600 3 3 3 3
1487203200 3 3 3 3
1487116800 3 3 3 3
1487030400 2 2 3 3
1486944000 2 2 3 3
1486857600 2 2 3 3
1486771200 3 3 3 3
1486684800 3 3 3 3
1486598400 3 3 3 3
1486512000 3 3 3 3
1486425600 3 3 3 3
1486339200 3 3 3 3
1486252800 3 3 3 3
1486166400 3 3 3 3
1486080000 3 3 3 3
1485993600 3 3 3 3
1485907200 3 3 3 3
1485820800 3 3 3 3
1485734400 3 3 3 3
1485648000 3 3 3 3
1485561600 3 3 3 3
1485475200 3 3 3 3
1485388800 3 3 3 3
1485302400 3 3 3 3
1485216000 3 3 3 3
1485129600 3 3 3 3
1485043200 3 3 3 3
1484956800 3 3 3 3
1484870400 3 3 3 3
1484784000 3 3 3 3
1484697600 3 3 3 3
1484611200 3 3 3 3
1484524800 3 3 3 3
1484438400 3 3 3 3
1484352000 3 3 3 3
1484265600 3 3 3 3
1484179200 3 3 3 3
1484092800 3 3 3 3
1484006400 3 3 3 3
1483920000 3 3 3 3
1483833600 3 3 3 3
1483747200 3 3 3 3
1483660800 3 3 3 3
1483574400 3 3 3 3
1483488000 3 3 3 3
1483401600 3 3 3 3
1483315200 3 3 3 3
1483228800 3 3 3 3
1483142400 3 3 3 3
1483056000 3 3 3 3
1482969600 3 3 3 3
1482883200 3 3 3 3
1482796800 3 3 3 3
1482710400 3 3 3 3
1482624000 3 3 3 3
1482537600 3 3 3 3
1482451200 3 3 3 3
1482364800 3 3 3 3
1482278400 3 3 3 3
1482192000 3 3 3 3
1482105600 3 3 3 3
1482019200 3 3 3 3
1481932800 3 3 3 3
1481846400 3 3 3 3
1481760000 3 3 3 3
1481673600 3 3 3 3
1481587200 3 3 3 3
1481500800 3 3 3 3
1481414400 3 3 3 3
1481328000 3 3 3 3
1481241600 3 3 3 3
1481155200 3 3 3 3
1481068800 3 3 3 3
1480982400 3 3 3 3
1480896000 3 3 3 3
1480809600 3 3 3 3
1480723200 3 3 3 3
1480636800 3 3 3 3
1480550400 3 3 3 3
1480464000 3 3 3 3
1480377600 3 3 3 3
1480291200 3 3 3 3
1480204800 3 3 3 3
1480118400 3 3 3 3
1480032000 3 3 3 3
1479945600 3 3 3 3
1479859200 3 3 3 3
1479772800 3 3 3 3
1479686400 3 3 3 3
1479600000 3 3 3 3
1479513600 3 3 3 3
1479427200 3 3 3 3
1479340800 3 3 3 3
1479254400 3 3 3 3
1479168000 3 3 3 3
1479081600 3 3 3 3
1478995200 3 3 3 3
1478908800 3 3 3 3
1478822400 3 3 3 3
1478736000 3 3 3 3
1478649600 3 3 3 3
1478563200 3 3 3 3
1478476800 3 3 3 3
1478390400 3 3 3 3
1478304000 3 3 3 3
1478217600 3 3 3 3
1478131200 3 3 3 3
1478044800 3 3 3 3
1477958400 3 3 3 3
1477872000 3 3 3 3
1477785600 3 3 3 3
1477699200 3 3 3 3
1477612800 3 3 3 3
1477526400 3 3 3 3
1477440000 3 3 3 3
1477353600 3 3 3 3
1477267200 3 3 3 3
1477180800 3 3 3 3
1477094400 3 3 3 3
1477008000 3 3 3 3
1476921600 3 3 3 3
1476835200 3 3 3 3
1476748800 3 3 3 3
1476662400 3 3 3 3
1476576000 3 3 3 3
1476489600 3 3 3 3
1476403200 3 3 3 3
1476316800 3 3 3 3
1476230400 3 3 3 3
1476144000 3 3 3 3
1476057600 3 3 3 3
1475971200 3 3 3 3
1475884800 3 3 3 3
1475798400 3 3 3 3
1475712000 3 3 3 3
1475625600 3 3 3 3
1475539200 3 3 3 3
1475452800 3 3 3 3
1475366400 3 3 3 3
1475280000 3 3 3 3
1475193600 3 3 3 3
1475107200 3 3 3 3
1475020800 3 3 3 3
1474934400 3 3 3 3
1474848000 3 3 3 3
1474761600 3 3 3 3
1474675200 3 3 3 3
1474588800 3 3 3 3
1474502400 3 3 3 3
1474416000 3 3 3 3
1474329600 3 3 3 3
1474243200 3 3 3 3
1474156800 3 3 3 3
1474070400 3 3 3 3
1473984000 3 3 3 3
1473897600 3 3 3 3
1473811200 3 3 3 3
1473724800 3 3 3 3
1473638400 3 3 3 3
1473552000 3 3 3 3
1473465600 3 3 3 3
1473379200 3 3 3 3
1473292800 3 3 3 3
1473206400 3 3 3 3
1473120000 3 3 3 3
1473033600 3 3 3 3
1472947200 3 3 3 3
1472860800 3 3 3 3
1472774400 3 3 3 3
1472688000 3 3 3 3
1472601600 3 3 3 3
1472515200 3 3 3 3
1472428800 3 3 3 3
1472342400 3 3 3 3
1472256000 3 3 3 3
1472169600 3 3 3 3
1472083200 3 3 3 3
1471996800 3 3 3 3
1471910400 3 3 3 3
1471824000 3 3 3 3
1471737600 3 3 3 3
1471651200 3 3 3 3
1471564800 3 3 3 3
1471478400 3 3 3 3
1471392000 3 3 3 3
1471305600 3 3 3 3
1471219200 3 3 3 3
1471132800 3 3 3 3
1471046400 3 3 3 3
1470960000 3 3 3 3
1470873600 3 3 3 3
1470787200 3 3 3 3
1470700800 3 3 3 3
1470614400 3 3 3 3
1470528000 3 3 3 3
1470441600 3 3 3 3
1470355200 3 3 3 3
1470268800 3 3 3 3
1470182400 3 3 3 3
1470096000 3 3 3 3
1470009600 3 3 3 3
1469923200 3 3 3 3
1469836800 3 3 3 3
1469750400 3 3 3 3
1469664000 3 3 3 3
1469577600 3 3 3 3
1469491200 3 3 3 3
1469404800 3 3 3 3
1469318400 3 3 3 3
1469232000 3 3 3 3
1469145600 3 3 3 3
1469059200 3 3 3 3
1468972800 3 3 3 3
1468886400 3 3 3 3
1468800000 3 3 3 3
1468713600 3 3 3 3
1468627200 3 3 3 3
1468540800 3 3 3 3
1468454400 3 3 3 3
1468368000 3 3 3 3
1468281600 3 3 3 3
1468195200 3 3 3 3
1468108800 3 3 3 3
1468022400 3 3 3 3
1467936000 3 3 3 3
1467849600 3 3 3 3
1467763200 3 3 3 3
1467676800 3 3 3 3
1467590400 3 3 3 3
1467504000 3 3 3 3
1467417600 3 3 3 3
1467331200 3 3 3 3
1467244800 3 3 3 3
1467158400 3 3 3 3
1467072000 3 3 3 3
1466985600 3 3 3 3
1466899200 3 3 3 3
1466812800 3 3 3 3
1466726400 3 3 3 3
1466640000 3 3 3 3
1466553600 3 3 3 3
1466467200 3 3 3 3
1466380800 3 3 3 3
1466294400 3 3 3 3
1466208000 3 3 3 3
1466121600 3 3 3 3
1466035200 3 3 3 3
1465948800 3 3 3 3
1465862400 3 3 3 3
1465776000 3 3 3 3
1465689600 3 3 3 3
1465603200 3 3 3 3
1465516800 3 3 3 3
1465430400 3 3 3 3
1465344000 3 3 3 3
1465257600 3 3 3 3
1465171200 3 3 3 3
1465084800 3 3 3 3
1464998400 3 3 3 3
1464912000 3 3 3 3
1464825600 3 3 3 3
1464739200 3 3 3 3
1464652800 3 3 3 3
1464566400 3 3 3 3
1464480000 3 3 3 3
1464393600 3 3 3 3
1464307200 3 3 3 3
1464220800 3 3 3 3
1464134400 3 3 3 3
1464048000 3 3 3 3
1463961600 3 3 3 3
1463875200 3 3 3 3
1463788800 3 3 3 3
1463702400 3 3 3 3
1463616000 3 3 3 3
1463529600 3 3 3 3
1463443200 3 3 3 3
1463356800 3 3 3 3
1463270400 3 3 3 3
1463184000 3 3 3 3
1463097600 3 3 3 3
1463011200 3 3 3 3
1462924800 3 3 3 3
1462838400 3 3 3 3
1462752000 3 3 3 3
1462665600 3 3 3 3
1462579200 3 3 3 3
1462492800 3 3 3 3
1462406400 3 3 3 3
1462320000 3 3 3 3
1462233600 3 3 3 3
1462147200 3 3 3 3
1462060800 3 3 3 3
1461974400 3 3 3 3
1461888000 3 3 3 3
1461801600 3 3 3 3
1461715200 3 3 3 3
1461628800 3 3 3 3
1461542400 3 3 3 3
1461456000 3 3 3 3
1461369600 3 3 3 3
1461283200 3 3 3 3
1461196800 3 3 3 3
1461110400 3 3 3 3
1461024000 3 3 3 3
1460937600 3 3 3 3
1460851200 3 3 3 3
1460764800 3 3 3 3
1460678400 3 3 3 3
1460592000 3 3 3 3
1460505600 3 3 3 3
1460419200 3 3 3 3
1460332800 3 3 3 3
1460246400 3 3 3 3
1460160000 3 3 3 3
1460073600 3 3 3 3
1459987200 3 3 3 3
1459900800 3 3 3 3
1459814400 3 3 3 3
1459728000 3 3 3 3
1459641600 3 3 3 3
1459555200 3 3 3 3
1459468800 3 3 3 3
1459382400 3 3 3 3
1459296000 3 3 3 3
1459209600 2 2 3 3
1459123200 2 2 3 3
1459036800 3 3 3 3
1458950400 2 2 3 3
1458864000 3 3 3 3
1458777600 3 3 3 3
1458691200 2 2 3 3
1458604800 3 3 3 3
1458518400 3 3 3 3
1458432000 3 3 3 3
1458345600 3 3 3 3
1458259200 3 3 3 3
1458172800 3 3 3 3
1458086400 3 3 3 3
1458000000 3 3 3 3
1457913600 3 3 3 3
1457827200 3 3 3 3
1457740800 3 3 3 3
1457654400 3 3 3 3
1457568000 3 3 3 3
1457481600 3 3 3 3
1457395200 3 3 3 3
1457308800 3 3 3 3
1457222400 2 2 3 3
1457136000 2 2 3 3
1457049600 3 3 3 3
1456963200 3 3 3 3
1456876800 3 3 3 3
1456790400 3 3 3 3
1456704000 3 3 3 3
1456617600 3 3 3 3
1456531200 3 3 3 3
1456444800 3 3 3 3
1456358400 3 3 3 3
1456272000 2 2 3 3
1456185600 3 3 3 3
1456099200 3 3 3 3
1456012800 3 3 3 3
1455926400 3 3 3 3
1455840000 3 3 3 3
1455753600 3 3 3 3
1455667200 3 3 3 3
1455580800 3 3 3 3
1455494400 3 3 3 3
1455408000 3 3 3 3
1455321600 3 3 3 3
1455235200 3 3 3 3
1455148800 3 3 3 3
1455062400 2 2 3 3
1454976000 2 2 4 4
1454889600 3 3 3 3
1454803200 3 3 3 3
1454716800 3 3 3 3
1454630400 3 3 3 3
1454544000 3 3 3 3
1454457600 3 3 3 3
1454371200 3 3 3 3
1454284800 3 3 3 3
1454198400 2 2 3 3
1454112000 2 2 3 3
1454025600 2 2 3 3
1453939200 2 2 3 3
1453852800 2 2 3 3
1453766400 2 2 3 3
1453680000 2 2 3 3
1453593600 2 2 3 3
1453507200 3 3 3 3
1453420800 2 2 3 3
1453334400 3 3 3 3
1453248000 3 3 3 3
1453161600 3 3 3 3
1453075200 3 3 3 3
1452988800 3 3 3 3
1452902400 3 3 3 3
1452816000 3 3 3 3
1452729600 3 3 3 3
1452643200 3 3 3 3
1452556800 2 2 3 3
1452470400 3 3 3 3
1452384000 3 3 3 3
1452297600 3 3 3 3
1452211200 2 2 3 3
1452124800 2 2 3 3
1452038400 2 2 3 3
1451952000 2 2 3 3
1451865600 2 2 3 3
1451779200 2 2 3 3
1451692800 2 2 3 3
1451606400 2 2 3 3
1451520000 2 2 3 3
1451433600 2 2 3 3
1451347200 3 3 3 3
1451260800 3 3 3 3
1451174400 3 3 3 3
1451088000 3 3 3 3
1451001600 3 3 3 3
1450915200 2 2 3 3
1450828800 3 3 3 3
1450742400 3 3 3 3
1450656000 3 3 3 3
1450569600 3 3 3 3
1450483200 3 3 3 3
1450396800 3 3 3 3
1450310400 3 3 3 3
1450224000 2 2 3 3
1450137600 2 2 3 3
1450051200 3 3 3 3
1449964800 2 2 3 3
1449878400 2 2 3 3
1449792000 2 2 3 3
1449705600 2 2 3 3
1449619200 2 2 3 3
1449532800 2 2 3 3
1449446400 2 2 2 2
1449360000 2 2 2 2
1449273600 2 2 2 2
1449187200 2 2 2 2
1449100800 2 2 2 2
1449014400 2 2 2 2
1448928000 2 2 2 2
1448841600 2 2 2 2
1448755200 2 2 2 2
1448668800 2 2 3 3
1448582400 2 2 2 2
1448496000 2 2 2 2
1448409600 2 2 2 2
1448323200 2 2 2 2
1448236800 2 2 2 2
1448150400 2 2 3 3
1448064000 3 3 3 3
1447977600 3 3 3 3
1447891200 3 3 3 3
1447804800 3 3 3 3
1447718400 3 3 3 3
1447632000 3 3 3 3
1447545600 3 3 3 3
1447459200 3 3 3 3
1447372800 3 3 3 3
1447286400 3 3 3 3
1447200000 3 3 3 3
1447113600 3 3 3 3
1447027200 3 3 3 3
1446940800 3 3 3 3
1446854400 3 3 3 3
1446768000 3 3 3 3
1446681600 3 3 3 3
1446595200 3 3 3 3
1446508800 3 3 3 3
1446422400 3 3 3 3
1446336000 3 3 3 3
1446249600 3 3 3 3
1446163200 3 3 3 3
1446076800 3 3 3 3
1445990400 3 3 3 3
1445904000 3 3 3 3
1445817600 3 3 3 3
1445731200 3 3 3 3
1445644800 3 3 3 3
1445558400 3 3 3 3
1445472000 3 3 3 3
1445385600 3 3 3 3
1445299200 3 3 3 3
1445212800 3 3 3 3
1445126400 3 3 3 3
1445040000 3 3 3 3
1444953600 3 3 3 3
1444867200 3 3 3 3
1444780800 3 3 3 3
1444694400 3 3 3 3
1444608000 3 3 3 3
1444521600 3 3 3 3
1444435200 3 3 3 3
1444348800 3 3 3 3
1444262400 3 3 3 3
1444176000 2 2 3 3
1444089600 3 3 3 3
1444003200 3 3 3 3
1443916800 3 3 3 3
1443830400 3 3 3 3
1443744000 3 3 3 3
1443657600 3 3 3 3
1443571200 3 3 3 3
1443484800 3 3 3 3
1443398400 3 3 3 3
1443312000 3 3 3 3
1443225600 2 2 3 3
1443139200 2 2 3 3
1443052800 2 2 3 3
1442966400 3 3 3 3
1442880000 3 3 3 3
1442793600 3 3 3 3
1442707200 2 2 3 3
1442620800 3 3 3 3
1442534400 3 3 3 3
1442448000 3 3 3 3
1442361600 3 3 3 3
1442275200 3 3 3 3
1442188800 3 3 3 3
1442102400 3 3 3 3
1442016000 2 2 3 3
1441929600 3 3 3 3
1441843200 3 3 3 3
1441756800 3 3 3 3
1441670400 3 3 3 3
1441584000 3 3 3 3
1441497600 3 3 3 3
1441411200 3 3 3 3
1441324800 2 2 3 3
1441238400 3 3 3 3
1441152000 2 2 3 3
1441065600 3 3 3 3
1440979200 3 3 3 3
1440892800 3 3 3 3
1440806400 3 3 3 3
1440720000 3 3 3 3
1440633600 3 3 3 3
1440547200 3 3 3 3
1440460800 3 3 3 3
1440374400 3 3 3 3
1440288000 3 3 3 3
1440201600 3 3 3 3
