1509011702 -1 -1
1509011702 796 796 796 796
1509011405 796 796 796 796
1509011400 796 796 796 796
1509011100 796 796 796 796
1509010800 796 796 796 796
1509010500 796 796 796 796
1509010200 796 796 796 796
1509009900 796 796 796 796
1509009600 796 796 796 796
1509009300 796 796 796 796
1509009000 796 796 796 796
1509008700 796 796 796 796
1509008400 796 796 796 796
1509008100 796 796 796 796
1509007800 796 796 796 796
1509007500 796 796 796 796
1509007200 796 796 796 796
1509006900 796 796 796 796
1509006600 796 796 796 796
1509006300 796 796 796 796
1509006000 796 796 796 796
1509005700 796 796 796 796
1509005400 796 796 796 796
1509005100 796 796 796 796
1509004800 796 796 796 796
1509004500 796 796 796 796
1509004200 796 796 796 796
1509003900 796 796 796 796
1509003600 796 796 796 796
1509003300 796 796 796 796
1509003000 796 796 796 796
1509002700 796 796 796 796
1509002400 796 796 796 796
1509002100 796 796 796 796
1509001800 796 796 796 796
1509001500 796 796 796 796
1509001200 796 796 796 796
1509000900 796 796 796 796
1509000600 796 796 796 796
1509000300 796 796 796 796
1509000000 796 796 796 796
1508999700 796 796 796 796
1508999400 796 796 796 796
1508999100 796 796 796 796
1508998800 796 796 796 796
1508998500 796 796 796 796
1508998200 796 796 796 796
1508997900 796 796 796 796
1508997600 796 796 796 796
1508997300 796 796 796 796
1508997000 796 796 796 796
1508996700 796 796 796 796
1508996400 796 796 796 796
1508996100 796 796 796 796
1508995800 796 796 796 796
1508995500 796 796 796 796
1508995200 796 796 796 796
1508994900 796 796 796 796
1508994600 796 796 796 796
1508994300 796 796 796 796
1508994000 796 796 796 796
1508993700 796 796 796 796
1508993400 796 796 796 796
1508993100 796 796 796 796
1508992800 796 796 796 796
1508992500 796 796 796 796
1508992200 796 796 796 796
1508991900 796 796 796 796
1508991600 796 796 796 796
1508991300 796 796 796 796
1508991000 796 796 796 796
1508990700 796 796 796 796
1508990400 796 796 796 796
1508990100 796 796 796 796
1508989800 796 796 796 796
1508989500 796 796 796 796
1508989200 796 796 796 796
1508988900 796 796 796 796
1508988600 796 796 796 796
1508988300 796 796 796 796
1508988000 796 796 796 796
1508987700 796 796 796 796
1508987400 796 796 796 796
1508987100 796 796 796 796
1508986800 796 796 796 796
1508986500 796 796 796 796
1508986200 796 796 796 796
1508985900 796 796 796 796
1508985600 796 796 796 796
1508985300 796 796 796 796
1508985000 796 796 796 796
1508984700 796 796 796 796
1508984400 796 796 796 796
1508984100 796 796 796 796
1508983800 796 796 796 796
1508983500 796 796 796 796
1508983200 796 796 796 796
1508982900 796 796 796 796
1508982600 796 796 796 796
1508982300 796 796 796 796
1508982000 796 796 796 796
1508981700 796 796 796 796
1508981400 796 796 796 796
1508981100 796 796 796 796
1508980800 796 796 796 796
1508980500 796 796 796 796
1508980200 796 796 796 796
1508979900 796 796 796 796
1508979600 796 796 796 796
1508979300 796 796 796 796
1508979000 796 796 796 796
1508978700 796 796 796 796
1508978400 796 796 796 796
1508978100 796 796 796 796
1508977800 796 796 796 796
1508977500 796 796 796 796
1508977200 796 796 796 796
1508976900 796 796 796 796
1508976600 796 796 796 796
1508976300 796 796 796 796
1508976000 796 796 796 796
1508975700 796 796 796 796
1508975400 796 796 796 796
1508975100 796 796 796 796
1508974800 796 796 796 796
1508974500 796 796 796 796
1508974200 796 796 796 796
1508973900 796 796 796 796
1508973600 796 796 796 796
1508973300 796 796 796 796
1508973000 796 796 796 796
1508972700 796 796 796 796
1508972400 796 796 796 796
1508972100 796 796 796 796
1508971800 796 796 796 796
1508971500 796 796 796 796
1508971200 796 796 796 796
1508970900 796 796 796 796
1508970600 796 796 796 796
1508970300 796 796 796 796
1508970000 796 796 796 796
1508969700 796 796 796 796
1508969400 796 796 796 796
1508969100 796 796 796 796
1508968800 796 796 796 796
1508968500 796 796 796 796
1508968200 796 796 796 796
1508967900 796 796 796 796
1508967600 796 796 796 796
1508967300 796 796 796 796
1508967000 796 796 796 796
1508966700 796 796 796 796
1508966400 796 796 796 796
1508966100 796 796 796 796
1508965800 796 796 796 796
1508965500 796 796 796 796
1508965200 796 796 796 796
1508964900 796 796 796 796
1508964600 796 796 796 796
1508964300 796 796 796 796
1508964000 796 796 796 796
1508963700 796 796 796 796
1508963400 796 796 796 796
1508963100 796 796 796 796
1508962800 796 796 796 796
1508962500 796 796 796 796
1508962200 796 796 796 796
1508961900 796 796 796 796
1508961600 796 796 796 796
1508961300 796 796 796 796
1508961000 796 796 796 796
1508960700 796 796 796 796
1508960400 796 796 796 796
1508960100 796 796 796 796
1508959800 796 796 796 796
1508959500 796 796 796 796
1508959200 796 796 796 796
1508958900 796 796 796 796
1508958600 796 796 796 796
1508958300 796 796 796 796
1508958000 796 796 796 796
1508957700 796 796 796 796
1508957400 796 796 796 796
1508957100 796 796 796 796
1508956800 796 796 796 796
1508956500 796 796 796 796
1508956200 796 796 796 796
1508955900 796 796 796 796
1508955600 796 796 796 796
1508955300 796 796 796 796
1508955000 796 796 796 796
1508954700 796 796 796 796
1508954400 796 796 796 796
1508954100 796 796 796 796
1508953800 796 796 796 796
1508953500 796 796 796 796
1508953200 796 796 796 796
1508952900 796 796 796 796
1508952600 796 796 796 796
1508952300 796 796 796 796
1508952000 796 796 796 796
1508951700 796 796 796 796
1508951400 796 796 796 796
1508951100 796 796 796 796
1508950800 796 796 796 796
1508950500 796 796 796 796
1508950200 796 796 796 796
1508949900 796 796 796 796
1508949600 796 796 796 796
1508949300 796 796 796 796
1508949000 796 796 796 796
1508948700 796 796 796 796
1508948400 796 796 796 796
1508948100 796 796 796 796
1508947800 796 796 796 796
1508947500 796 796 796 796
1508947200 796 796 796 796
1508946900 796 796 796 796
1508946600 796 796 796 796
1508946300 796 796 796 796
1508946000 796 796 796 796
1508945700 796 796 796 796
1508945400 796 796 796 796
1508945100 796 796 796 796
1508944800 796 796 796 796
1508944500 796 796 796 796
1508944200 796 796 796 796
1508943900 796 796 796 796
1508943600 796 796 796 796
1508943300 796 796 796 796
1508943000 796 796 796 796
1508942700 796 796 796 796
1508942400 796 796 796 796
1508942100 796 796 796 796
1508941800 796 796 796 796
1508941500 796 796 796 796
1508941200 796 796 796 796
1508940900 796 796 796 796
1508940600 796 796 796 796
1508940300 796 796 796 796
1508940000 796 796 796 796
1508939700 796 796 796 796
1508939400 796 796 796 796
1508939100 796 796 796 796
1508938800 796 796 796 796
1508938500 796 796 796 796
1508938200 796 796 796 796
1508937900 796 796 796 796
1508937600 796 796 796 796
1508937300 796 796 796 796
1508937000 796 796 796 796
1508936700 796 796 796 796
1508936400 796 796 796 796
1508936100 796 796 796 796
1508935800 796 796 796 796
1508935500 796 796 796 796
1508935200 796 796 796 796
1508934900 796 796 796 796
1508934600 796 796 796 796
1508934300 796 796 796 796
1508934000 796 796 796 796
1508933700 796 796 796 796
1508933400 796 796 796 796
1508933100 796 796 796 796
1508932800 796 796 796 796
1508932500 796 796 796 796
1508932200 796 796 796 796
1508931900 796 796 796 796
1508931600 796 796 796 796
1508931300 796 796 796 796
1508931000 796 796 796 796
1508930700 796 796 796 796
1508930400 796 796 796 796
1508930100 796 796 796 796
1508929800 796 796 796 796
1508929500 796 796 796 796
1508929200 796 796 796 796
1508928900 796 796 796 796
1508928600 796 796 796 796
1508928300 796 796 796 796
1508928000 796 796 796 796
1508927700 796 796 796 796
1508927400 796 796 796 796
1508927100 796 796 796 796
1508926800 796 796 796 796
1508926500 796 796 796 796
1508926200 796 796 796 796
1508925900 796 796 796 796
1508925600 796 796 796 796
1508925300 796 796 796 796
1508925000 796 796 796 796
1508924700 796 796 796 796
1508924400 796 796 796 796
1508924100 796 796 796 796
1508923800 796 796 796 796
1508923500 796 796 796 796
1508923200 796 796 796 796
1508922900 796 796 796 796
1508922600 796 796 796 796
1508922300 796 796 796 796
1508922000 796 796 796 796
1508921700 796 796 796 796
1508921400 796 796 796 796
1508921100 796 796 796 796
1508920800 796 796 796 796
1508920500 796 796 796 796
1508920200 796 796 796 796
1508919900 796 796 796 796
1508919600 796 796 796 796
1508919300 796 796 796 796
1508919000 796 796 796 796
1508918700 796 796 796 796
1508918400 796 796 796 796
1508918100 796 796 796 796
1508917800 796 796 796 796
1508917500 796 796 796 796
1508917200 796 796 796 796
1508916900 796 796 796 796
1508916600 796 796 796 796
1508916300 796 796 796 796
1508916000 796 796 796 796
1508915700 796 796 796 796
1508915400 796 796 796 796
1508915100 796 796 796 796
1508914800 796 796 796 796
1508914500 796 796 796 796
1508914200 796 796 796 796
1508913900 796 796 796 796
1508913600 796 796 796 796
1508913300 796 796 796 796
1508913000 796 796 796 796
1508912700 796 796 796 796
1508912400 796 796 796 796
1508912100 796 796 796 796
1508911800 796 796 796 796
1508911500 796 796 796 796
1508911200 796 796 796 796
1508910900 796 796 796 796
1508910600 796 796 796 796
1508910300 796 796 796 796
1508910000 796 796 796 796
1508909700 796 796 796 796
1508909400 796 796 796 796
1508909100 796 796 796 796
1508908800 796 796 796 796
1508908500 796 796 796 796
1508908200 796 796 796 796
1508907900 796 796 796 796
1508907600 796 796 796 796
1508907300 796 796 796 796
1508907000 796 796 796 796
1508906700 796 796 796 796
1508906400 796 796 796 796
1508906100 796 796 796 796
1508905800 796 796 796 796
1508905500 796 796 796 796
1508905200 796 796 796 796
1508904900 796 796 796 796
1508904600 796 796 796 796
1508904300 796 796 796 796
1508904000 796 796 796 796
1508903700 796 796 796 796
1508903400 796 796 796 796
1508903100 796 796 796 796
1508902800 796 796 796 796
1508902500 796 796 796 796
1508902200 796 796 796 796
1508901900 796 796 796 796
1508901600 796 796 796 796
1508901300 796 796 796 796
1508901000 796 796 796 796
1508900700 796 796 796 796
1508900400 796 796 796 796
1508900100 796 796 796 796
1508899800 796 796 796 796
1508899500 796 796 796 796
1508899200 796 796 796 796
1508898900 796 796 796 796
1508898600 796 796 796 796
1508898300 796 796 796 796
1508898000 796 796 796 796
1508897700 796 796 796 796
1508897400 796 796 796 796
1508897100 796 796 796 796
1508896800 796 796 796 796
1508896500 796 796 796 796
1508896200 796 796 796 796
1508895900 796 796 796 796
1508895600 796 796 796 796
1508895300 796 796 796 796
1508895000 796 796 796 796
1508894700 796 796 796 796
1508894400 796 796 796 796
1508894100 796 796 796 796
1508893800 796 796 796 796
1508893500 796 796 796 796
1508893200 796 796 796 796
1508892900 796 796 796 796
1508892600 796 796 796 796
1508892300 796 796 796 796
1508892000 796 796 796 796
1508891700 796 796 796 796
1508891400 796 796 796 796
1508891100 796 796 796 796
1508890800 796 796 796 796
1508890500 796 796 796 796
1508890200 796 796 796 796
1508889900 796 796 796 796
1508889600 796 796 796 796
1508889300 796 796 796 796
1508889000 796 796 796 796
1508888700 796 796 796 796
1508888400 796 796 796 796
1508888100 796 796 796 796
1508887800 796 796 796 796
1508887500 796 796 796 796
1508887200 796 796 796 796
1508886900 796 796 796 796
1508886600 796 796 796 796
1508886300 796 796 796 796
1508886000 796 796 796 796
1508885700 796 796 796 796
1508885400 796 796 796 796
1508885100 796 796 796 796
1508884800 796 796 796 796
1508884500 796 796 796 796
1508884200 796 796 796 796
1508883900 796 796 796 796
1508883600 796 796 796 796
1508883300 796 796 796 796
1508883000 796 796 796 796
1508882700 796 796 796 796
1508882400 796 796 796 796
1508882100 796 796 796 796
1508881800 796 796 796 796
1508881500 796 796 796 796
1508881200 796 796 796 796
1508880900 796 796 796 796
1508880600 796 796 796 796
1508880300 796 796 796 796
1508880000 796 796 796 796
1508879700 796 796 796 796
1508879400 796 796 796 796
1508879100 796 796 796 796
1508878800 796 796 796 796
1508878500 796 796 796 796
1508878200 796 796 796 796
1508877900 796 796 796 796
1508877600 796 796 796 796
1508877300 796 796 796 796
1508877000 796 796 796 796
1508876700 796 796 796 796
1508876400 796 796 796 796
1508876100 796 796 796 796
1508875800 796 796 796 796
1508875500 796 796 796 796
1508875200 796 796 796 796
1508874900 796 796 796 796
1508874600 796 796 796 796
1508874300 796 796 796 796
1508874000 796 796 796 796
1508873700 796 796 796 796
1508873400 796 796 796 796
1508873100 796 796 796 796
1508872800 796 796 796 796
1508872500 796 796 796 796
1508872200 796 796 796 796
1508871900 796 796 796 796
1508871600 796 796 796 796
1508871300 796 796 796 796
1508871000 796 796 796 796
1508870700 796 796 796 796
1508870400 796 796 796 796
1508870100 796 796 796 796
1508869800 796 796 796 796
1508869500 796 796 796 796
1508869200 796 796 796 796
1508868900 796 796 796 796
1508868600 796 796 796 796
1508868300 796 796 796 796
1508868000 796 796 796 796
1508867700 796 796 796 796
1508867400 796 796 796 796
1508867100 796 796 796 796
1508866800 796 796 796 796
1508866500 796 796 796 796
1508866200 796 796 796 796
1508865900 796 796 796 796
1508865600 796 796 796 796
1508865300 796 796 796 796
1508865000 796 796 796 796
1508864700 796 796 796 796
1508864400 796 796 796 796
1508864100 796 796 796 796
1508863800 796 796 796 796
1508863500 796 796 796 796
1508863200 796 796 796 796
1508862900 796 796 796 796
1508862600 796 796 796 796
1508862300 796 796 796 796
1508862000 796 796 796 796
1508861700 796 796 796 796
1508861400 796 796 796 796
1508861100 796 796 796 796
1508860800 796 796 796 796
1508860500 796 796 796 796
1508860200 796 796 796 796
1508859900 796 796 796 796
1508859600 796 796 796 796
1508859300 796 796 796 796
1508859000 796 796 796 796
1508858700 796 796 796 796
1508858400 796 796 796 796
1508858100 796 796 796 796
1508857800 796 796 796 796
1508857500 796 796 796 796
1508857200 796 796 796 796
1508856900 796 796 796 796
1508856600 796 796 796 796
1508856300 796 796 796 796
1508856000 796 796 796 796
1508855700 796 796 796 796
1508855400 796 796 796 796
1508855100 796 796 796 796
1508854800 796 796 796 796
1508854500 796 796 796 796
1508854200 796 796 796 796
1508853900 796 796 796 796
1508853600 796 796 796 796
1508853300 796 796 796 796
1508853000 796 796 796 796
1508852700 796 796 796 796
1508852400 796 796 796 796
1508852100 796 796 796 796
1508851800 796 796 796 796
1508851500 796 796 796 796
1508851200 796 796 796 796
1508850900 796 796 796 796
1508850600 796 796 796 796
1508850300 796 796 796 796
1508850000 796 796 796 796
1508849700 796 796 796 796
1508849400 796 796 796 796
1508849100 796 796 796 796
1508848800 796 796 796 796
1508848500 796 796 796 796
1508848200 796 796 796 796
1508847900 796 796 796 796
1508847600 796 796 796 796
1508847300 796 796 796 796
1508847000 796 796 796 796
1508846700 796 796 796 796
1508846400 796 796 796 796
1508846100 796 796 796 796
1508845800 796 796 796 796
1508845500 796 796 796 796
1508845200 796 796 796 796
1508844900 796 796 796 796
1508844600 796 796 796 796
1508844300 796 796 796 796
1508844000 796 796 796 796
1508843700 796 796 796 796
1508843400 796 796 796 796
1508843100 796 796 796 796
1508842800 796 796 796 796
1508842500 796 796 796 796
1508842200 796 796 796 796
1508841900 796 796 796 796
1508841600 796 796 796 796
1508841300 796 796 796 796
1508841000 796 796 796 796
1508840700 796 796 796 796
1508840400 796 796 796 796
1508840100 796 796 796 796
1508839800 796 796 796 796
1508839500 796 796 796 796
1508839200 796 796 796 796
1508838900 796 796 796 796
1508838600 796 796 796 796
1508838300 796 796 796 796
1508838000 796 796 796 796
1508837700 796 796 796 796
1508837400 796 796 796 796
1508837100 796 796 796 796
1508836800 796 796 796 796
1508836500 796 796 796 796
1508836200 796 796 796 796
1508835900 796 796 796 796
1508835600 796 796 796 796
1508835300 796 796 796 796
1508835000 796 796 796 796
1508834700 796 796 796 796
1508834400 796 796 796 796
1508834100 796 796 796 796
1508833800 796 796 796 796
1508833500 796 796 796 796
1508833200 796 796 796 796
1508832900 796 796 796 796
1508832600 796 796 796 796
1508832300 796 796 796 796
1508832000 796 796 796 796
1508831700 796 796 796 796
1508830200 796 796 796 796
1508828400 796 796 796 796
1508826600 796 796 796 796
1508824800 796 796 796 796
1508823000 796 796 796 796
1508821200 796 796 796 796
1508819400 796 796 796 796
1508817600 796 796 796 796
1508815800 796 796 796 796
1508814000 796 796 796 796
1508812200 796 796 796 796
1508810400 796 796 796 796
1508808600 796 796 796 796
1508806800 796 796 796 796
1508805000 796 796 796 796
1508803200 796 796 796 796
1508801400 796 796 796 796
1508799600 796 796 796 796
1508797800 796 796 796 796
1508796000 796 796 796 796
1508794200 796 796 796 796
1508792400 796 796 796 796
1508790600 796 796 796 796
1508788800 796 796 796 796
1508787000 796 796 796 796
1508785200 796 796 796 796
1508783400 796 796 796 796
1508781600 796 796 796 796
1508779800 796 796 796 796
1508778000 796 796 796 796
1508776200 796 796 796 796
1508774400 796 796 796 796
1508772600 796 796 796 796
1508770800 796 796 796 796
1508769000 796 796 796 796
1508767200 796 796 796 796
1508765400 796 796 796 796
1508763600 796 796 796 796
1508761800 796 796 796 796
1508760000 796 796 796 796
1508758200 796 796 796 796
1508756400 796 796 796 796
1508754600 796 796 796 796
1508752800 796 796 796 796
1508751000 796 796 796 796
1508749200 796 796 796 796
1508747400 796 796 796 796
1508745600 796 796 796 796
1508743800 796 796 796 796
1508742000 796 796 796 796
1508740200 796 796 796 796
1508738400 796 796 796 796
1508736600 796 796 796 796
1508734800 796 796 796 796
1508733000 796 796 796 796
1508731200 796 796 796 796
1508729400 796 796 796 796
1508727600 796 796 796 796
1508725800 796 796 796 796
1508724000 796 796 796 796
1508722200 796 796 796 796
1508720400 796 796 796 796
1508718600 796 796 796 796
1508716800 796 796 796 796
1508715000 796 796 796 796
1508713200 796 796 796 796
1508711400 796 796 796 796
1508709600 796 796 796 796
1508707800 796 796 796 796
1508706000 796 796 796 796
1508704200 796 796 796 796
1508702400 796 796 796 796
1508700600 796 796 796 796
1508698800 796 796 796 796
1508697000 796 796 796 796
1508695200 796 796 796 796
1508693400 796 796 796 796
1508691600 796 796 796 796
1508689800 796 796 796 796
1508688000 796 796 796 796
1508686200 796 796 796 796
1508684400 796 796 796 796
1508682600 796 796 796 796
1508680800 796 796 796 796
1508679000 796 796 796 796
1508677200 796 796 796 796
1508675400 796 796 796 796
1508673600 796 796 796 796
1508671800 796 796 796 796
1508670000 796 796 796 796
1508668200 796 796 796 796
1508666400 796 796 796 796
1508664600 796 796 796 796
1508662800 796 796 796 796
1508661000 796 796 796 796
1508659200 796 796 796 796
1508657400 796 796 796 796
1508655600 796 796 796 796
1508653800 796 796 796 796
1508652000 796 796 796 796
1508650200 796 796 796 796
1508648400 796 796 796 796
1508646600 796 796 796 796
1508644800 796 796 796 796
1508643000 796 796 796 796
1508641200 796 796 796 796
1508639400 796 796 796 796
1508637600 796 796 796 796
1508635800 796 796 796 796
1508634000 796 796 796 796
1508632200 796 796 796 796
1508630400 796 796 796 796
1508628600 796 796 796 796
1508626800 796 796 796 796
1508625000 796 796 796 796
1508623200 796 796 796 796
1508621400 796 796 796 796
1508619600 796 796 796 796
1508617800 796 796 796 796
1508616000 796 796 796 796
1508614200 796 796 796 796
1508612400 796 796 796 796
1508610600 796 796 796 796
1508608800 796 796 796 796
1508607000 796 796 796 796
1508605200 796 796 796 796
1508603400 796 796 796 796
1508601600 796 796 796 796
1508599800 796 796 796 796
1508598000 796 796 796 796
1508596200 796 796 796 796
1508594400 796 796 796 796
1508592600 796 796 796 796
1508590800 796 796 796 796
1508589000 796 796 796 796
1508587200 796 796 796 796
1508585400 796 796 796 796
1508583600 796 796 796 796
1508581800 796 796 796 796
1508580000 796 796 796 796
1508578200 796 796 796 796
1508576400 796 796 796 796
1508574600 796 796 796 796
1508572800 796 796 796 796
1508571000 796 796 796 796
1508569200 796 796 796 796
1508567400 796 796 796 796
1508565600 796 796 796 796
1508563800 796 796 796 796
1508562000 796 796 796 796
1508560200 796 796 796 796
1508558400 796 796 796 796
1508556600 796 796 796 796
1508554800 796 796 796 796
1508553000 796 796 796 796
1508551200 796 796 796 796
1508549400 796 796 796 796
1508547600 796 796 796 796
1508545800 796 796 796 796
1508544000 796 796 796 796
1508542200 796 796 796 796
1508540400 796 796 796 796
1508538600 796 796 796 796
1508536800 796 796 796 796
1508535000 796 796 796 796
1508533200 796 796 796 796
1508531400 796 796 796 796
1508529600 796 796 796 796
1508527800 796 796 796 796
1508526000 796 796 796 796
1508524200 796 796 796 796
1508522400 796 796 796 796
1508520600 796 796 796 796
1508518800 796 796 796 796
1508517000 796 796 796 796
1508515200 796 796 796 796
1508513400 796 796 796 796
1508511600 796 796 796 796
1508509800 796 796 796 796
1508508000 796 796 796 796
1508506200 796 796 796 796
1508504400 796 796 796 796
1508502600 796 796 796 796
1508500800 796 796 796 796
1508499000 796 796 796 796
1508497200 796 796 796 796
1508495400 796 796 796 796
1508493600 796 796 796 796
1508491800 796 796 796 796
1508490000 796 796 796 796
1508488200 796 796 796 796
1508486400 796 796 796 796
1508484600 796 796 796 796
1508482800 796 796 796 796
1508481000 796 796 796 796
1508479200 796 796 796 796
1508477400 796 796 796 796
1508475600 796 796 796 796
1508473800 796 796 796 796
1508472000 796 796 796 796
1508470200 796 796 796 796
1508468400 796 796 796 796
1508466600 796 796 796 796
1508464800 796 796 796 796
1508463000 796 796 796 796
1508461200 796 796 796 796
1508459400 796 796 796 796
1508457600 796 796 796 796
1508455800 796 796 796 796
1508454000 796 796 796 796
1508452200 796 796 796 796
1508450400 796 796 796 796
1508448600 796 796 796 796
1508446800 796 796 796 796
1508445000 796 796 796 796
1508443200 796 796 796 796
1508441400 796 796 796 796
1508439600 796 796 796 796
1508437800 796 796 796 796
1508436000 796 796 796 796
1508434200 796 796 796 796
1508432400 796 796 796 796
1508430600 796 796 796 796
1508428800 796 796 796 796
1508427000 796 796 796 796
1508425200 796 796 796 796
1508423400 796 796 796 796
1508421600 796 796 796 796
1508419800 796 796 796 796
1508418000 796 796 796 796
1508416200 796 796 796 796
1508414400 796 796 796 796
1508412600 796 796 796 796
1508410800 796 796 796 796
1508409000 796 796 796 796
1508407200 796 796 796 796
1508405400 796 796 796 796
1508403600 796 796 796 796
1508401800 796 796 796 796
1508400000 796 796 796 796
1508398200 796 796 796 796
1508396400 796 796 796 796
1508394600 796 796 796 796
1508392800 796 796 796 796
1508391000 796 796 796 796
1508389200 796 796 796 796
1508387400 796 796 796 796
1508385600 796 796 796 796
1508383800 796 796 796 796
1508382000 796 796 796 796
1508380200 796 796 796 796
1508378400 796 796 796 796
1508376600 796 796 796 796
1508374800 796 796 796 796
1508373000 796 796 796 796
1508371200 796 796 796 796
1508369400 796 796 796 796
1508367600 796 796 796 796
1508365800 796 796 796 796
1508364000 796 796 796 796
1508362200 796 796 796 796
1508360400 796 796 796 796
1508358600 796 796 796 796
1508356800 796 796 796 796
1508355000 796 796 796 796
1508353200 796 796 796 796
1508351400 796 796 796 796
1508349600 796 796 796 796
1508347800 796 796 796 796
1508346000 796 796 796 796
1508344200 796 796 796 796
1508342400 796 796 796 796
1508340600 796 796 796 796
1508338800 796 796 796 796
1508337000 796 796 796 796
1508335200 796 796 796 796
1508333400 796 796 796 796
1508331600 796 796 796 796
1508329800 796 796 796 796
1508328000 796 796 796 796
1508326200 796 796 796 796
1508324400 796 796 796 796
1508322600 796 796 796 796
1508320800 796 796 796 796
1508319000 796 796 796 796
1508317200 796 796 796 796
1508315400 796 796 796 796
1508313600 796 796 796 796
1508311800 796 796 796 796
1508310000 796 796 796 796
1508308200 796 796 796 796
1508306400 796 796 796 796
1508304600 796 796 796 796
1508302800 796 796 796 796
1508301000 796 796 796 796
1508299200 796 796 796 796
1508297400 796 796 796 796
1508295600 796 796 796 796
1508293800 796 796 796 796
1508292000 796 796 796 796
1508290200 796 796 796 796
1508288400 796 796 796 796
1508286600 796 796 796 796
1508284800 796 796 796 796
1508283000 796 796 796 796
1508281200 796 796 796 796
1508279400 796 796 796 796
1508277600 796 796 796 796
1508275800 796 796 796 796
1508274000 796 796 796 796
1508272200 796 796 796 796
1508270400 796 796 796 796
1508268600 796 796 796 796
1508266800 796 796 796 796
1508265000 796 796 796 796
1508263200 796 796 796 796
1508261400 796 796 796 796
1508259600 796 796 796 796
1508257800 796 796 796 796
1508256000 796 796 796 796
1508254200 796 796 796 796
1508252400 796 796 796 796
1508250600 796 796 796 796
1508248800 796 796 796 796
1508247000 796 796 796 796
1508245200 796 796 796 796
1508243400 796 796 796 796
1508241600 796 796 796 796
1508239800 796 796 796 796
1508238000 796 796 796 796
1508236200 796 796 796 796
1508234400 796 796 796 796
1508232600 796 796 796 796
1508230800 796 796 796 796
1508229000 796 796 796 796
1508227200 796 796 796 796
1508225400 796 796 796 796
1508223600 796 796 796 796
1508221800 796 796 796 796
1508220000 796 796 796 796
1508218200 796 796 796 796
1508216400 796 796 796 796
1508214600 796 796 796 796
1508212800 796 796 796 796
1508211000 796 796 796 796
1508209200 796 796 796 796
1508207400 796 796 796 796
1508205600 796 796 796 796
1508203800 796 796 796 796
1508202000 796 796 796 796
1508200200 796 796 796 796
1508198400 796 796 796 796
1508196600 796 796 796 796
1508194800 796 796 796 796
1508193000 796 796 796 796
1508191200 796 796 796 796
1508189400 796 796 796 796
1508187600 796 796 796 796
1508185800 796 796 796 796
1508184000 796 796 796 796
1508182200 796 796 796 796
1508180400 796 796 796 796
1508178600 796 796 796 796
1508176800 796 796 796 796
1508175000 796 796 796 796
1508173200 796 796 796 796
1508171400 796 796 796 796
1508169600 796 796 796 796
1508167800 796 796 796 796
1508166000 796 796 796 796
1508164200 796 796 796 796
1508162400 796 796 796 796
1508160600 796 796 796 796
1508158800 796 796 796 796
1508157000 796 796 796 796
1508155200 796 796 796 796
1508153400 796 796 796 796
1508151600 796 796 796 796
1508149800 796 796 796 796
1508148000 796 796 796 796
1508146200 796 796 796 796
1508144400 796 796 796 796
1508142600 796 796 796 796
1508140800 796 796 796 796
1508139000 796 796 796 796
1508137200 796 796 796 796
1508135400 796 796 796 796
1508133600 796 796 796 796
1508131800 796 796 796 796
1508130000 796 796 796 796
1508128200 796 796 796 796
1508126400 796 796 796 796
1508124600 796 796 796 796
1508122800 796 796 796 796
1508121000 796 796 796 796
1508119200 796 796 796 796
1508117400 796 796 796 796
1508115600 796 796 796 796
1508113800 796 796 796 796
1508112000 796 796 796 796
1508110200 796 796 796 796
1508108400 796 796 796 796
1508106600 796 796 796 796
1508104800 796 796 796 796
1508103000 796 796 796 796
1508101200 796 796 796 796
1508099400 796 796 796 796
1508097600 796 796 796 796
1508095800 796 796 796 796
1508094000 796 796 796 796
1508092200 796 796 796 796
1508090400 796 796 796 796
1508088600 796 796 796 796
1508086800 796 796 796 796
1508085000 796 796 796 796
1508083200 796 796 796 796
1508081400 796 796 796 796
1508079600 796 796 796 796
1508077800 796 796 796 796
1508076000 796 796 796 796
1508074200 796 796 796 796
1508072400 796 796 796 796
1508070600 796 796 796 796
1508068800 796 796 796 796
1508067000 796 796 796 796
1508065200 796 796 796 796
1508063400 796 796 796 796
1508061600 796 796 796 796
1508059800 796 796 796 796
1508058000 796 796 796 796
1508056200 796 796 796 796
1508054400 796 796 796 796
1508052600 796 796 796 796
1508050800 796 796 796 796
1508049000 796 796 796 796
1508047200 796 796 796 796
1508045400 796 796 796 796
1508043600 796 796 796 796
1508041800 796 796 796 796
1508040000 796 796 796 796
1508038200 796 796 796 796
1508036400 796 796 796 796
1508034600 796 796 796 796
1508032800 796 796 796 796
1508031000 796 796 796 796
1508029200 796 796 796 796
1508027400 796 796 796 796
1508025600 796 796 796 796
1508023800 796 796 796 796
1508022000 796 796 796 796
1508020200 796 796 796 796
1508018400 796 796 796 796
1508016600 796 796 796 796
1508014800 796 796 796 796
1508013000 796 796 796 796
1508011200 796 796 796 796
1508009400 796 796 796 796
1508007600 796 796 796 796
1508005800 796 796 796 796
1508004000 796 796 796 796
1508002200 796 796 796 796
1508000400 796 796 796 796
1507998600 796 796 796 796
1507996800 796 796 796 796
1507995000 796 796 796 796
1507993200 796 796 796 796
1507991400 796 796 796 796
1507989600 796 796 796 796
1507987800 796 796 796 796
1507986000 796 796 796 796
1507984200 796 796 796 796
1507982400 796 796 796 796
1507980600 796 796 796 796
1507978800 796 796 796 796
1507977000 796 796 796 796
1507975200 796 796 796 796
1507973400 796 796 796 796
1507971600 796 796 796 796
1507969800 796 796 796 796
1507968000 796 796 796 796
1507966200 796 796 796 796
1507964400 796 796 796 796
1507962600 796 796 796 796
1507960800 796 796 796 796
1507959000 796 796 796 796
1507957200 796 796 796 796
1507955400 796 796 796 796
1507953600 796 796 796 796
1507951800 796 796 796 796
1507950000 796 796 796 796
1507948200 796 796 796 796
1507946400 796 796 796 796
1507944600 796 796 796 796
1507942800 796 796 796 796
1507941000 796 796 796 796
1507939200 796 796 796 796
1507937400 796 796 796 796
1507935600 796 796 796 796
1507933800 796 796 796 796
1507932000 796 796 796 796
1507930200 796 796 796 796
1507928400 796 796 796 796
1507926600 796 796 796 796
1507924800 796 796 796 796
1507923000 796 796 796 796
1507921200 796 796 796 796
1507919400 796 796 796 796
1507917600 796 796 796 796
1507915800 796 796 796 796
1507914000 796 796 796 796
1507912200 796 796 796 796
1507910400 796 796 796 796
1507908600 796 796 796 796
1507906800 796 796 796 796
1507905000 796 796 796 796
1507903200 796 796 796 796
1507901400 796 796 796 796
1507899600 796 796 796 796
1507897800 796 796 796 796
1507896000 796 796 796 796
1507894200 796 796 796 796
1507892400 796 796 796 796
1507890600 796 796 796 796
1507888800 796 796 796 796
1507887000 796 796 796 796
1507885200 796 796 796 796
1507883400 796 796 796 796
1507881600 796 796 796 796
1507879800 796 796 796 796
1507878000 796 796 796 796
1507876200 796 796 796 796
1507874400 796 796 796 796
1507872600 796 796 796 796
1507870800 796 796 796 796
1507869000 796 796 796 796
1507867200 796 796 796 796
1507865400 796 796 796 796
1507863600 796 796 796 796
1507861800 796 796 796 796
1507860000 796 796 796 796
1507858200 796 796 796 796
1507856400 796 796 796 796
1507854600 796 796 796 796
1507852800 796 796 796 796
1507851000 796 796 796 796
1507849200 796 796 796 796
1507847400 796 796 796 796
1507845600 796 796 796 796
1507843800 796 796 796 796
1507842000 796 796 796 796
1507840200 796 796 796 796
1507838400 796 796 796 796
1507836600 796 796 796 796
1507834800 796 796 796 796
1507833000 796 796 796 796
1507831200 796 796 796 796
1507829400 796 796 796 796
1507827600 796 796 796 796
1507825800 796 796 796 796
1507824000 796 796 796 796
1507822200 796 796 796 796
1507820400 796 796 796 796
1507818600 796 796 796 796
1507816800 796 796 796 796
1507815000 796 796 796 796
1507813200 796 796 796 796
1507811400 796 796 796 796
1507809600 796 796 796 796
1507807800 796 796 796 796
1507806000 796 796 796 796
1507804200 796 796 796 796
1507802400 796 796 796 796
1507800600 796 796 796 796
1507798800 796 796 796 796
1507797000 796 796 796 796
1507795200 796 796 796 796
1507793400 796 796 796 796
1507791600 796 796 796 796
1507789800 796 796 796 796
1507788000 796 796 796 796
1507786200 796 796 796 796
1507784400 796 796 796 796
1507782600 796 796 796 796
1507780800 796 796 796 796
1507779000 796 796 796 796
1507777200 796 796 796 796
1507775400 796 796 796 796
1507773600 796 796 796 796
1507771800 796 796 796 796
1507770000 796 796 796 796
1507768200 796 796 796 796
1507766400 796 796 796 796
1507764600 796 796 796 796
1507762800 796 796 796 796
1507761000 796 796 796 796
1507759200 796 796 796 796
1507757400 796 796 796 796
1507755600 796 796 796 796
1507753800 796 796 796 796
1507752000 796 796 796 796
1507750200 796 796 796 796
1507744800 796 796 796 796
1507737600 796 796 796 796
1507730400 796 796 796 796
1507723200 796 796 796 796
1507716000 796 796 796 796
1507708800 796 796 796 796
1507701600 796 796 796 796
1507694400 796 796 796 796
1507687200 796 796 796 796
1507680000 796 796 796 796
1507672800 796 796 796 796
1507665600 796 796 796 796
1507658400 796 796 796 796
1507651200 796 796 796 796
1507644000 796 796 796 796
1507636800 796 796 796 796
1507629600 796 796 796 796
1507622400 796 796 796 796
1507615200 796 796 796 796
1507608000 796 796 796 796
1507600800 796 796 796 796
1507593600 796 796 796 796
1507586400 796 796 796 796
1507579200 796 796 796 796
1507572000 796 796 796 796
1507564800 796 796 796 796
1507557600 796 796 796 796
1507550400 796 796 796 796
1507543200 796 796 796 796
1507536000 796 796 796 796
1507528800 796 796 796 796
1507521600 796 796 796 796
1507514400 796 796 796 796
1507507200 796 796 796 796
1507500000 796 796 796 796
1507492800 796 796 796 796
1507485600 796 796 796 796
1507478400 796 796 796 796
1507471200 796 796 796 796
1507464000 796 796 796 796
1507456800 796 796 796 796
1507449600 796 796 796 796
1507442400 796 796 796 796
1507435200 796 796 796 796
1507428000 796 796 796 796
1507420800 796 796 796 796
1507413600 796 796 796 796
1507406400 796 796 796 796
1507399200 796 796 796 796
1507392000 796 796 796 796
1507384800 796 796 796 796
1507377600 796 796 796 796
1507370400 796 796 796 796
1507363200 796 796 796 796
1507356000 796 796 796 796
1507348800 796 796 796 796
1507341600 796 796 796 796
1507334400 796 796 796 796
1507327200 796 796 796 796
1507320000 796 796 796 796
1507312800 796 796 796 796
1507305600 796 796 796 796
1507298400 796 796 796 796
1507291200 796 796 796 796
1507284000 796 796 796 796
1507276800 796 796 796 796
1507269600 796 796 796 796
1507262400 796 796 796 796
1507255200 796 796 796 796
1507248000 796 796 796 796
1507240800 796 796 796 796
1507233600 796 796 796 796
1507226400 796 796 796 796
1507219200 796 796 796 796
1507212000 796 796 796 796
1507204800 796 796 796 796
1507197600 796 796 796 796
1507190400 796 796 796 796
1507183200 796 796 796 796
1507176000 796 796 796 796
1507168800 796 796 796 796
1507161600 796 796 796 796
1507154400 796 796 796 796
1507147200 796 796 796 796
1507140000 796 796 796 796
1507132800 796 796 796 796
1507125600 796 796 796 796
1507118400 796 796 796 796
1507111200 796 796 796 796
1507104000 796 796 796 796
1507096800 796 796 796 796
1507089600 796 796 796 796
1507082400 796 796 796 796
1507075200 796 796 796 796
1507068000 796 796 796 796
1507060800 796 796 796 796
1507053600 796 796 796 796
1507046400 796 796 796 796
1507039200 796 796 796 796
1507032000 796 796 796 796
1507024800 796 796 796 796
1507017600 796 796 796 796
1507010400 796 796 796 796
1507003200 796 796 796 796
1506996000 796 796 796 796
1506988800 796 796 796 796
1506981600 796 796 796 796
1506974400 796 796 796 796
1506967200 796 796 796 796
1506960000 796 796 796 796
1506952800 796 796 796 796
1506945600 796 796 796 796
1506938400 796 796 796 796
1506931200 796 796 796 796
1506924000 796 796 796 796
1506916800 796 796 796 796
1506909600 796 796 796 796
1506902400 796 796 796 796
1506895200 796 796 796 796
1506888000 796 796 796 796
1506880800 796 796 796 796
1506873600 796 796 796 796
1506866400 796 796 796 796
1506859200 796 796 796 796
1506852000 796 796 796 796
1506844800 796 796 796 796
1506837600 796 796 796 796
1506830400 796 796 796 796
1506823200 796 796 796 796
1506816000 796 796 796 796
1506808800 796 796 796 796
1506801600 796 796 796 796
1506794400 796 796 796 796
1506787200 796 796 796 796
1506780000 796 796 796 796
1506772800 796 796 796 796
1506765600 796 796 796 796
1506758400 796 796 796 796
1506751200 796 796 796 796
1506744000 796 796 796 796
1506736800 796 796 796 796
1506729600 796 796 796 796
1506722400 796 796 796 796
1506715200 796 796 796 796
1506708000 796 796 796 796
1506700800 796 796 796 796
1506693600 796 796 796 796
1506686400 796 796 796 796
1506679200 796 796 796 796
1506672000 796 796 796 796
1506664800 796 796 796 796
1506657600 796 796 796 796
1506650400 796 796 796 796
1506643200 796 796 796 796
1506636000 796 796 796 796
1506628800 796 796 796 796
1506621600 796 796 796 796
1506614400 796 796 796 796
1506607200 796 796 796 796
1506600000 796 796 796 796
1506592800 796 796 796 796
1506585600 796 796 796 796
1506578400 796 796 796 796
1506571200 796 796 796 796
1506564000 796 796 796 796
1506556800 796 796 796 796
1506549600 796 796 796 796
1506542400 796 796 796 796
1506535200 796 796 796 796
1506528000 796 796 796 796
1506520800 796 796 796 796
1506513600 796 796 796 796
1506506400 796 796 796 796
1506499200 796 796 796 796
1506492000 796 796 796 796
1506484800 796 796 796 796
1506477600 796 796 796 796
1506470400 796 796 796 796
1506463200 796 796 796 796
1506456000 796 796 796 796
1506448800 796 796 796 796
1506441600 796 796 796 796
1506434400 796 796 796 796
1506427200 796 796 796 796
1506420000 796 796 796 796
1506412800 796 796 796 796
1506405600 796 796 796 796
1506398400 796 796 796 796
1506391200 796 796 796 796
1506384000 796 796 796 796
1506376800 796 796 796 796
1506369600 796 796 796 796
1506362400 796 796 796 796
1506355200 796 796 796 796
1506348000 796 796 796 796
1506340800 796 796 796 796
1506333600 796 796 796 796
1506326400 796 796 796 796
1506319200 796 796 796 796
1506312000 796 796 796 796
1506304800 796 796 796 796
1506297600 796 796 796 796
1506290400 796 796 796 796
1506283200 796 796 796 796
1506276000 796 796 796 796
1506268800 796 796 796 796
1506261600 796 796 796 796
1506254400 796 796 796 796
1506247200 796 796 796 796
1506240000 796 796 796 796
1506232800 796 796 796 796
1506225600 796 796 796 796
1506218400 796 796 796 796
1506211200 796 796 796 796
1506204000 796 796 796 796
1506196800 796 796 796 796
1506189600 796 796 796 796
1506182400 796 796 796 796
1506175200 796 796 796 796
1506168000 796 796 796 796
1506160800 796 796 796 796
1506153600 796 796 796 796
1506146400 796 796 796 796
1506139200 796 796 796 796
1506132000 796 796 796 796
1506124800 796 796 796 796
1506117600 796 796 796 796
1506110400 796 796 796 796
1506103200 796 796 796 796
1506096000 796 796 796 796
1506088800 796 796 796 796
1506081600 796 796 796 796
1506074400 796 796 796 796
1506067200 796 796 796 796
1506060000 796 796 796 796
1506052800 796 796 796 796
1506045600 796 796 796 796
1506038400 796 796 796 796
1506031200 796 796 796 796
1506024000 796 796 796 796
1506016800 796 796 796 796
1506009600 796 796 796 796
1506002400 796 796 796 796
1505995200 796 796 796 796
1505988000 796 796 796 796
1505980800 796 796 796 796
1505973600 796 796 796 796
1505966400 796 796 796 796
1505959200 796 796 796 796
1505952000 796 796 796 796
1505944800 796 796 796 796
1505937600 796 796 796 796
1505930400 796 796 796 796
1505923200 796 796 796 796
1505916000 796 796 796 796
1505908800 796 796 796 796
1505901600 796 796 796 796
1505894400 796 796 796 796
1505887200 796 796 796 796
1505880000 796 796 796 796
1505872800 796 796 796 796
1505865600 796 796 796 796
1505858400 796 796 796 796
1505851200 796 796 796 796
1505844000 796 796 796 796
1505836800 796 796 796 796
1505829600 796 796 796 796
1505822400 796 796 796 796
1505815200 796 796 796 796
1505808000 796 796 796 796
1505800800 796 796 796 796
1505793600 796 796 796 796
1505786400 796 796 796 796
1505779200 796 796 796 796
1505772000 796 796 796 796
1505764800 796 796 796 796
1505757600 796 796 796 796
1505750400 796 796 796 796
1505743200 796 796 796 796
1505736000 796 796 796 796
1505728800 796 796 796 796
1505721600 796 796 796 796
1505714400 796 796 796 796
1505707200 796 796 796 796
1505700000 796 796 796 796
1505692800 796 796 796 796
1505685600 796 796 796 796
1505678400 796 796 796 796
1505671200 796 796 796 796
1505664000 796 796 796 796
1505656800 796 796 796 796
1505649600 796 796 796 796
1505642400 796 796 796 796
1505635200 796 796 796 796
1505628000 796 796 796 796
1505620800 796 796 796 796
1505613600 796 796 796 796
1505606400 796 796 796 796
1505599200 796 796 796 796
1505592000 796 796 796 796
1505584800 796 796 796 796
1505577600 796 796 796 796
1505570400 796 796 796 796
1505563200 796 796 796 796
1505556000 796 796 796 796
1505548800 796 796 796 796
1505541600 796 796 796 796
1505534400 796 796 796 796
1505527200 796 796 796 796
1505520000 796 796 796 796
1505512800 796 796 796 796
1505505600 796 796 796 796
1505498400 796 796 796 796
1505491200 796 796 796 796
1505484000 796 796 796 796
1505476800 796 796 796 796
1505469600 796 796 796 796
1505462400 796 796 796 796
1505455200 796 796 796 796
1505448000 796 796 796 796
1505440800 796 796 796 796
1505433600 796 796 796 796
1505426400 796 796 796 796
1505419200 796 796 796 796
1505412000 796 796 796 796
1505404800 796 796 796 796
1505397600 796 796 796 796
1505390400 796 796 796 796
1505383200 796 796 796 796
1505376000 796 796 796 796
1505368800 796 796 796 796
1505361600 796 796 796 796
1505354400 796 796 796 796
1505347200 796 796 796 796
1505340000 796 796 796 796
1505332800 796 796 796 796
1505325600 796 796 796 796
1505318400 796 796 796 796
1505311200 796 796 796 796
1505304000 796 796 796 796
1505296800 796 796 796 796
1505289600 796 796 796 796
1505282400 796 796 796 796
1505275200 796 796 796 796
1505268000 796 796 796 796
1505260800 796 796 796 796
1505253600 796 796 796 796
1505246400 796 796 796 796
1505239200 796 796 796 796
1505232000 796 796 796 796
1505224800 796 796 796 796
1505217600 796 796 796 796
1505210400 796 796 796 796
1505203200 796 796 796 796
1505196000 796 796 796 796
1505188800 796 796 796 796
1505181600 796 796 796 796
1505174400 796 796 796 796
1505167200 796 796 796 796
1505160000 796 796 796 796
1505152800 796 796 796 796
1505145600 796 796 796 796
1505138400 796 796 796 796
1505131200 796 796 796 796
1505124000 796 796 796 796
1505116800 796 796 796 796
1505109600 796 796 796 796
1505102400 796 796 796 796
1505095200 796 796 796 796
1505088000 796 796 796 796
1505080800 796 796 796 796
1505073600 796 796 796 796
1505066400 796 796 796 796
1505059200 796 796 796 796
1505052000 796 796 796 796
1505044800 796 796 796 796
1505037600 796 796 796 796
1505030400 796 796 796 796
1505023200 796 796 796 796
1505016000 796 796 796 796
1505008800 796 796 796 796
1505001600 796 796 796 796
1504994400 796 796 796 796
1504987200 796 796 796 796
1504980000 796 796 796 796
1504972800 796 796 796 796
1504965600 796 796 796 796
1504958400 796 796 796 796
1504951200 796 796 796 796
1504944000 796 796 796 796
1504936800 796 796 796 796
1504929600 796 796 796 796
1504922400 796 796 796 796
1504915200 796 796 796 796
1504908000 796 796 796 796
1504900800 796 796 796 796
1504893600 796 796 796 796
1504886400 796 796 796 796
1504879200 796 796 796 796
1504872000 796 796 796 796
1504864800 796 796 796 796
1504857600 796 796 796 796
1504850400 796 796 796 796
1504843200 796 796 796 796
1504836000 796 796 796 796
1504828800 796 796 796 796
1504821600 796 796 796 796
1504814400 796 796 796 796
1504807200 796 796 796 796
1504800000 796 796 796 796
1504792800 796 796 796 796
1504785600 796 796 796 796
1504778400 796 796 796 796
1504771200 796 796 796 796
1504764000 796 796 796 796
1504756800 796 796 796 796
1504749600 796 796 796 796
1504742400 796 796 796 796
1504735200 796 796 796 796
1504728000 796 796 796 796
1504720800 796 796 796 796
1504713600 796 796 796 796
1504706400 796 796 796 796
1504699200 796 796 796 796
1504692000 796 796 796 796
1504684800 796 796 796 796
1504677600 796 796 796 796
1504670400 796 796 796 796
1504663200 796 796 796 796
1504656000 796 796 796 796
1504648800 796 796 796 796
1504641600 796 796 796 796
1504634400 796 796 796 796
1504627200 796 796 796 796
1504620000 796 796 796 796
1504612800 796 796 796 796
1504605600 796 796 796 796
1504598400 796 796 796 796
1504591200 796 796 796 796
1504584000 796 796 796 796
1504576800 796 796 796 796
1504569600 796 796 796 796
1504562400 796 796 796 796
1504555200 796 796 796 796
1504548000 796 796 796 796
1504540800 796 796 796 796
1504533600 796 796 796 796
1504526400 796 796 796 796
1504519200 796 796 796 796
1504512000 796 796 796 796
1504504800 796 796 796 796
1504497600 796 796 796 796
1504490400 796 796 796 796
1504483200 796 796 796 796
1504476000 796 796 796 796
1504468800 796 796 796 796
1504461600 796 796 796 796
1504454400 796 796 796 796
1504447200 796 796 796 796
1504440000 796 796 796 796
1504432800 796 796 796 796
1504425600 796 796 796 796
1504418400 796 796 796 796
1504411200 796 796 796 796
1504404000 796 796 796 796
1504396800 796 796 796 796
1504389600 796 796 796 796
1504382400 796 796 796 796
1504375200 796 796 796 796
1504368000 796 796 796 796
1504360800 796 796 796 796
1504353600 796 796 796 796
1504346400 796 796 796 796
1504339200 796 796 796 796
1504332000 796 796 796 796
1504324800 796 796 796 796
1504317600 796 796 796 796
1504310400 796 796 796 796
1504303200 796 796 796 796
1504296000 796 796 796 796
1504288800 796 796 796 796
1504281600 796 796 796 796
1504274400 796 796 796 796
1504267200 796 796 796 796
1504260000 796 796 796 796
1504252800 796 796 796 796
1504245600 796 796 796 796
1504238400 796 796 796 796
1504231200 796 796 796 796
1504224000 796 796 796 796
1504216800 796 796 796 796
1504209600 796 796 796 796
1504202400 796 796 796 796
1504195200 796 796 796 796
1504188000 796 796 796 796
1504180800 796 796 796 796
1504173600 796 796 796 796
1504166400 796 796 796 796
1504159200 796 796 796 796
1504152000 796 796 796 796
1504144800 796 796 796 796
1504137600 796 796 796 796
1504130400 796 796 796 796
1504123200 796 796 796 796
1504116000 796 796 796 796
1504108800 796 796 796 796
1504101600 796 796 796 796
1504094400 796 796 796 796
1504087200 796 796 796 796
1504080000 796 796 796 796
1504072800 796 796 796 796
1504065600 796 796 796 796
1504058400 796 796 796 796
1504051200 796 796 796 796
1504044000 796 796 796 796
1504036800 796 796 796 796
1504029600 796 796 796 796
1504022400 796 796 796 796
1504015200 796 796 796 796
1504008000 796 796 796 796
1504000800 796 796 796 796
1503993600 796 796 796 796
1503986400 796 796 796 796
1503979200 796 796 796 796
1503972000 796 796 796 796
1503964800 796 796 796 796
1503957600 796 796 796 796
1503950400 796 796 796 796
1503943200 796 796 796 796
1503936000 796 796 796 796
1503928800 796 796 796 796
1503921600 796 796 796 796
1503914400 796 796 796 796
1503907200 796 796 796 796
1503900000 796 796 796 796
1503892800 796 796 796 796
1503885600 796 796 796 796
1503878400 796 796 796 796
1503871200 796 796 796 796
1503864000 796 796 796 796
1503856800 796 796 796 796
1503849600 796 796 796 796
1503842400 796 796 796 796
1503835200 796 796 796 796
1503828000 796 796 796 796
1503820800 796 796 796 796
1503813600 796 796 796 796
1503806400 796 796 796 796
1503799200 796 796 796 796
1503792000 796 796 796 796
1503784800 796 796 796 796
1503777600 796 796 796 796
1503770400 796 796 796 796
1503763200 796 796 796 796
1503756000 796 796 796 796
1503748800 796 796 796 796
1503741600 796 796 796 796
1503734400 796 796 796 796
1503727200 796 796 796 796
1503720000 796 796 796 796
1503712800 796 796 796 796
1503705600 796 796 796 796
1503698400 796 796 796 796
1503691200 796 796 796 796
1503684000 796 796 796 796
1503676800 796 796 796 796
1503669600 796 796 796 796
1503662400 796 796 796 796
1503655200 796 796 796 796
1503648000 796 796 796 796
1503640800 796 796 796 796
1503633600 796 796 796 796
1503626400 796 796 796 796
1503619200 796 796 796 796
1503612000 796 796 796 796
1503604800 796 796 796 796
1503597600 796 796 796 796
1503590400 796 796 796 796
1503583200 796 796 796 796
1503576000 796 796 796 796
1503568800 796 796 796 796
1503561600 796 796 796 796
1503554400 796 796 796 796
1503547200 796 796 796 796
1503540000 796 796 796 796
1503532800 796 796 796 796
1503525600 796 796 796 796
1503518400 796 796 796 796
1503511200 796 796 796 796
1503504000 796 796 796 796
1503496800 796 796 796 796
1503489600 796 796 796 796
1503482400 796 796 796 796
1503475200 796 796 796 796
1503468000 796 796 796 796
1503460800 796 796 796 796
1503453600 796 796 796 796
1503446400 796 796 796 796
1503439200 796 796 796 796
1503432000 796 796 796 796
1503424800 796 796 796 796
1503360000 796 796 796 796
1503273600 796 796 796 796
1503187200 796 796 796 796
1503100800 796 796 796 796
1503014400 796 796 796 796
1502928000 796 796 796 796
1502841600 796 796 796 796
1502755200 796 796 796 796
1502668800 796 796 796 796
1502582400 796 796 796 796
1502496000 796 796 796 796
1502409600 796 796 796 796
1502323200 796 796 796 796
1502236800 796 796 796 796
1502150400 796 796 796 796
1502064000 796 796 796 796
1501977600 796 796 796 796
1501891200 796 796 796 796
1501804800 796 796 796 796
1501718400 796 796 796 796
1501632000 796 796 796 796
1501545600 796 796 796 796
1501459200 796 796 796 796
1501372800 796 796 796 796
1501286400 796 796 796 796
1501200000 796 796 796 796
1501113600 796 796 796 796
1501027200 796 796 796 796
1500940800 796 796 796 796
1500854400 796 796 796 796
1500768000 796 796 796 796
1500681600 796 796 796 796
1500595200 796 796 796 796
1500508800 796 796 796 796
1500422400 796 796 796 796
1500336000 796 796 796 796
1500249600 796 796 796 796
1500163200 796 796 796 796
1500076800 796 796 796 796
1499990400 796 796 796 796
1499904000 796 796 796 796
1499817600 796 796 796 796
1499731200 796 796 796 796
1499644800 796 796 796 796
1499558400 796 796 796 796
1499472000 796 796 796 796
1499385600 796 796 796 796
1499299200 796 796 796 796
1499212800 796 796 796 796
1499126400 796 796 796 796
1499040000 796 796 796 796
1498953600 796 796 796 796
1498867200 796 796 796 796
1498780800 796 796 796 796
1498694400 796 796 796 796
1498608000 796 796 796 796
1498521600 796 796 796 796
1498435200 796 796 796 796
1498348800 796 796 796 796
1498262400 796 796 796 796
1498176000 796 796 796 796
1498089600 796 796 796 796
1498003200 796 796 796 796
1497916800 796 796 796 796
1497830400 796 796 796 796
1497744000 796 796 796 796
1497657600 796 796 796 796
1497571200 796 796 796 796
1497484800 796 796 796 796
1497398400 796 796 796 796
1497312000 796 796 796 796
1497225600 796 796 796 796
1497139200 796 796 796 796
1497052800 796 796 796 796
1496966400 796 796 796 796
1496880000 796 796 796 796
1496793600 796 796 796 796
1496707200 796 796 796 796
1496620800 796 796 796 796
1496534400 796 796 796 796
1496448000 796 796 796 796
1496361600 796 796 796 796
1496275200 796 796 796 796
1496188800 796 796 796 796
1496102400 796 796 796 796
1496016000 796 796 796 796
1495929600 796 796 796 796
1495843200 796 796 796 796
1495756800 796 796 796 796
1495670400 796 796 796 796
1495584000 796 796 796 796
1495497600 796 796 796 796
1495411200 796 796 796 796
1495324800 796 796 796 796
1495238400 796 796 796 796
1495152000 796 796 796 796
1495065600 796 796 796 796
1494979200 796 796 796 796
1494892800 796 796 796 796
1494806400 796 796 796 796
1494720000 796 796 796 796
1494633600 796 796 796 796
1494547200 796 796 796 796
1494460800 796 796 796 796
1494374400 796 796 796 796
1494288000 796 796 796 796
1494201600 796 796 796 796
1494115200 796 796 796 796
1494028800 796 796 796 796
1493942400 796 796 796 796
1493856000 796 796 796 796
1493769600 796 796 796 796
1493683200 796 796 796 796
1493596800 796 796 796 796
1493510400 796 796 796 796
1493424000 796 796 796 796
1493337600 796 796 796 796
1493251200 796 796 796 796
1493164800 796 796 796 796
1493078400 796 796 796 796
1492992000 796 796 796 796
1492905600 796 796 796 796
1492819200 796 796 796 796
1492732800 796 796 796 796
1492646400 796 796 796 796
1492560000 796 796 796 796
1492473600 796 796 796 796
1492387200 796 796 796 796
1492300800 796 796 796 796
1492214400 796 796 796 796
1492128000 796 796 796 796
1492041600 796 796 796 796
1491955200 796 796 796 796
1491868800 796 796 796 796
1491782400 796 796 796 796
1491696000 796 796 796 796
1491609600 796 796 796 796
1491523200 796 796 796 796
1491436800 796 796 796 796
1491350400 796 796 796 796
1491264000 796 796 796 796
1491177600 796 796 796 796
1491091200 796 796 796 796
1491004800 796 796 796 796
1490918400 796 796 796 796
1490832000 796 796 796 796
1490745600 796 796 796 796
1490659200 796 796 796 796
1490572800 796 796 796 796
1490486400 796 796 796 796
1490400000 796 796 796 796
1490313600 796 796 796 796
1490227200 796 796 796 796
1490140800 796 796 796 796
1490054400 796 796 796 796
1489968000 796 796 796 796
1489881600 796 796 796 796
1489795200 796 796 796 796
1489708800 796 796 796 796
1489622400 796 796 796 796
1489536000 796 796 796 796
1489449600 796 796 796 796
1489363200 796 796 796 796
1489276800 796 796 796 796
1489190400 796 796 796 796
1489104000 796 796 796 796
1489017600 796 796 796 796
1488931200 796 796 796 796
1488844800 796 796 796 796
1488758400 796 796 796 796
1488672000 796 796 796 796
1488585600 796 796 796 796
1488499200 796 796 796 796
1488412800 796 796 796 796
1488326400 796 796 796 796
1488240000 796 796 796 796
1488153600 796 796 796 796
1488067200 796 796 796 796
1487980800 796 796 796 796
1487894400 796 796 796 796
1487808000 796 796 796 796
1487721600 796 796 796 796
1487635200 796 796 796 796
1487548800 796 796 796 796
1487462400 796 796 796 796
1487376000 796 796 796 796
1487289600 796 796 796 796
1487203200 796 796 796 796
1487116800 796 796 796 796
1487030400 796 796 796 796
1486944000 796 796 796 796
1486857600 796 796 796 796
1486771200 796 796 796 796
1486684800 796 796 796 796
1486598400 796 796 796 796
1486512000 796 796 796 796
1486425600 788 788 802 802
1486339200 798 798 828 828
1486252800 761 761 888 888
1486166400 730 730 773 773
1486080000 704 704 790 790
1485993600 627 627 711 711
1485907200 723 723 984 984
1485820800 705 705 1000 1000
1485734400 746 746 815 815
1485648000 754 754 817 817
1485561600 782 782 862 862
1485475200 785 785 837 837
1485388800 784 784 828 828
1485302400 796 796 845 845
1485216000 795 795 845 845
1485129600 800 800 845 845
1485043200 788 788 828 828
1484956800 803 803 836 836
1484870400 818 818 893 893
1484784000 786 786 852 852
1484697600 791 791 817 817
1484611200 817 817 861 861
1484524800 839 839 872 872
1484438400 840 840 881 881
1484352000 809 809 875 875
1484265600 810 810 871 871
1484179200 814 814 854 854
1484092800 796 796 868 868
1484006400 803 803 842 842
1483920000 791 791 848 848
1483833600 766 766 805 805
1483747200 751 751 796 796
1483660800 717 717 796 796
1483574400 652 652 756 756
1483488000 759 759 830 830
1483401600 792 792 824 824
1483315200 797 797 825 825
1483228800 756 756 886 886
1483142400 721 721 750 750
1483056000 745 745 774 774
1482969600 758 758 793 793
1482883200 735 735 782 782
1482796800 722 722 756 756
1482710400 743 743 777 777
1482624000 754 754 789 789
1482537600 751 751 806 806
1482451200 751 751 782 782
1482364800 749 749 812 812
1482278400 728 728 767 767
1482192000 732 732 781 781
1482105600 746 746 789 789
1482019200 785 785 835 835
1481932800 781 781 820 820
1481846400 776 776 830 830
1481760000 771 771 829 829
1481673600 745 745 790 790
1481587200 754 754 789 789
1481500800 765 765 813 813
1481414400 752 752 786 786
1481328000 770 770 848 848
1481241600 768 768 830 830
1481155200 753 753 804 804
1481068800 773 773 827 827
1480982400 748 748 841 841
1480896000 733 733 775 775
1480809600 724 724 787 787
1480723200 787 787 831 831
1480636800 748 748 858 858
1480550400 791 791 986 986
1480464000 781 781 813 813
1480377600 773 773 836 836
1480291200 772 772 813 813
1480204800 775 775 808 808
1480118400 801 801 851 851
1480032000 792 792 841 841
1479945600 777 777 832 832
1479859200 769 769 817 817
1479772800 753 753 806 806
1479686400 783 783 828 828
1479600000 780 780 798 798
1479513600 767 767 792 792
1479427200 749 749 796 796
1479340800 757 757 797 797
1479254400 848 848 897 897
1479168000 897 897 897 897
1479081600 897 897 897 897
1478995200 897 897 897 897
1478908800 897 897 897 897
1478822400 897 897 897 897
1478736000 897 897 897 897
1478649600 897 897 897 897
1478563200 897 897 897 897
1478476800 897 897 897 897
1478390400 897 897 897 897
1478304000 897 897 897 897
1478217600 897 897 897 897
1478131200 897 897 897 897
1478044800 897 897 897 897
1477958400 897 897 897 897
1477872000 897 897 897 897
1477785600 897 897 897 897
1477699200 897 897 897 897
1477612800 897 897 897 897
1477526400 897 897 897 897
1477440000 897 897 897 897
1477353600 897 897 897 897
1477267200 897 897 897 897
1477180800 897 897 897 897
1477094400 897 897 897 897
1477008000 897 897 897 897
1476921600 897 897 897 897
1476835200 897 897 897 897
1476748800 897 897 897 897
1476662400 897 897 897 897
1476576000 897 897 897 897
1476489600 897 897 897 897
1476403200 897 897 897 897
1476316800 897 897 897 897
1476230400 897 897 897 897
1476144000 897 897 897 897
1476057600 897 897 897 897
1475971200 897 897 897 897
1475884800 897 897 897 897
1475798400 897 897 897 897
1475712000 897 897 897 897
1475625600 897 897 897 897
1475539200 897 897 897 897
1475452800 897 897 897 897
1475366400 897 897 897 897
1475280000 897 897 897 897
1475193600 897 897 897 897
1475107200 897 897 897 897
1475020800 897 897 897 897
1474934400 897 897 897 897
1474848000 897 897 897 897
1474761600 897 897 897 897
1474675200 897 897 897 897
1474588800 897 897 897 897
1474502400 897 897 897 897
1474416000 897 897 897 897
1474329600 897 897 897 897
1474243200 897 897 897 897
1474156800 897 897 897 897
1474070400 897 897 897 897
1473984000 897 897 897 897
1473897600 897 897 897 897
1473811200 897 897 897 897
1473724800 897 897 897 897
1473638400 897 897 897 897
1473552000 897 897 897 897
1473465600 897 897 897 897
1473379200 897 897 897 897
1473292800 897 897 897 897
1473206400 897 897 897 897
1473120000 897 897 897 897
1473033600 897 897 897 897
1472947200 897 897 897 897
1472860800 897 897 897 897
1472774400 897 897 897 897
1472688000 897 897 897 897
1472601600 897 897 897 897
1472515200 897 897 897 897
1472428800 897 897 897 897
1472342400 897 897 897 897
1472256000 897 897 897 897
1472169600 897 897 897 897
1472083200 897 897 897 897
1471996800 897 897 897 897
1471910400 897 897 897 897
1471824000 897 897 897 897
1471737600 897 897 897 897
1471651200 897 897 897 897
1471564800 897 897 897 897
1471478400 897 897 897 897
1471392000 897 897 897 897
1471305600 897 897 897 897
1471219200 897 897 897 897
1471132800 897 897 897 897
1471046400 897 897 897 897
1470960000 897 897 897 897
1470873600 897 897 897 897
1470787200 897 897 897 897
1470700800 897 897 897 897
1470614400 897 897 897 897
1470528000 897 897 897 897
1470441600 897 897 897 897
1470355200 897 897 897 897
1470268800 897 897 897 897
1470182400 897 897 897 897
1470096000 897 897 897 897
1470009600 897 897 897 897
1469923200 897 897 897 897
1469836800 897 897 897 897
1469750400 897 897 897 897
1469664000 897 897 897 897
1469577600 897 897 897 897
1469491200 897 897 897 897
1469404800 897 897 897 897
1469318400 897 897 897 897
1469232000 897 897 897 897
1469145600 897 897 897 897
1469059200 897 897 897 897
1468972800 897 897 897 897
1468886400 897 897 897 897
1468800000 897 897 897 897
1468713600 897 897 897 897
1468627200 897 897 897 897
1468540800 897 897 897 897
1468454400 897 897 897 897
1468368000 897 897 897 897
1468281600 897 897 897 897
1468195200 897 897 897 897
1468108800 897 897 897 897
1468022400 897 897 897 897
1467936000 897 897 897 897
1467849600 897 897 897 897
1467763200 897 897 897 897
1467676800 897 897 897 897
1467590400 897 897 897 897
1467504000 897 897 897 897
1467417600 897 897 897 897
1467331200 897 897 897 897
1467244800 897 897 897 897
1467158400 897 897 897 897
1467072000 897 897 897 897
1466985600 897 897 897 897
1466899200 897 897 897 897
1466812800 897 897 897 897
1466726400 897 897 897 897
1466640000 897 897 897 897
1466553600 897 897 897 897
1466467200 897 897 897 897
1466380800 897 897 897 897
1466294400 897 897 897 897
1466208000 897 897 897 897
1466121600 897 897 897 897
1466035200 897 897 897 897
1465948800 897 897 897 897
1465862400 897 897 897 897
1465776000 897 897 897 897
1465689600 897 897 897 897
1465603200 897 897 897 897
1465516800 897 897 897 897
1465430400 897 897 897 897
1465344000 897 897 897 897
1465257600 897 897 897 897
1465171200 897 897 897 897
1465084800 897 897 897 897
1464998400 897 897 897 897
1464912000 897 897 897 897
1464825600 897 897 897 897
1464739200 897 897 897 897
1464652800 897 897 897 897
1464566400 897 897 897 897
1464480000 897 897 897 897
1464393600 897 897 897 897
1464307200 897 897 897 897
1464220800 897 897 897 897
1464134400 897 897 897 897
1464048000 897 897 897 897
1463961600 897 897 897 897
1463875200 897 897 897 897
1463788800 897 897 897 897
1463702400 897 897 897 897
1463616000 897 897 897 897
1463529600 897 897 897 897
1463443200 897 897 897 897
1463356800 897 897 897 897
1463270400 897 897 897 897
1463184000 897 897 897 897
1463097600 897 897 897 897
1463011200 897 897 897 897
1462924800 897 897 897 897
1462838400 897 897 897 897
1462752000 897 897 897 897
1462665600 897 897 897 897
1462579200 897 897 897 897
1462492800 897 897 897 897
1462406400 897 897 897 897
1462320000 897 897 897 897
1462233600 897 897 897 897
1462147200 897 897 897 897
1462060800 897 897 897 897
1461974400 897 897 897 897
1461888000 897 897 897 897
1461801600 897 897 897 897
1461715200 897 897 897 897
1461628800 897 897 897 897
1461542400 897 897 897 897
1461456000 897 897 897 897
1461369600 897 897 897 897
1461283200 897 897 897 897
1461196800 897 897 897 897
1461110400 897 897 897 897
1461024000 897 897 897 897
1460937600 897 897 897 897
1460851200 897 897 897 897
1460764800 897 897 897 897
1460678400 897 897 897 897
1460592000 897 897 897 897
1460505600 897 897 897 897
1460419200 897 897 897 897
1460332800 897 897 897 897
1460246400 897 897 897 897
1460160000 897 897 897 897
1460073600 871 871 900 900
1459987200 819 819 931 931
1459900800 800 800 892 892
1459814400 803 803 901 901
1459728000 871 871 952 952
1459641600 898 898 969 969
1459555200 610 610 933 933
1459468800 805 805 997 997
1459382400 821 821 955 955
1459296000 782 782 934 934
1459209600 670 670 848 848
1459123200 746 746 941 941
1459036800 805 805 943 943
1458950400 635 635 862 862
1458864000 775 775 948 948
1458777600 782 782 898 898
1458691200 756 756 921 921
1458604800 762 762 898 898
1458518400 693 693 930 930
1458432000 573 573 853 853
1458345600 844 844 917 917
1458259200 847 847 947 947
1458172800 859 859 982 982
1458086400 848 848 953 953
1458000000 894 894 987 987
1457913600 880 880 994 994
1457827200 770 770 984 984
1457740800 827 827 1000 1000
1457654400 968 968 1000 1000
1457568000 968 968 1000 1000
1457481600 981 981 999 999
1457395200 955 955 1000 1000
1457308800 919 919 993 993
1457222400 834 834 950 950
1457136000 819 819 978 978
1457049600 917 917 999 999
1456963200 887 887 983 983
1456876800 820 820 979 979
1456790400 713 713 1000 1000
1456704000 824 824 1000 1000
1456617600 895 895 996 996
1456531200 873 873 996 996
1456444800 880 880 999 999
1456358400 867 867 990 990
1456272000 959 959 1000 1000
1456185600 890 890 1000 1000
1456099200 855 855 992 992
1456012800 761 761 932 932
1455926400 933 933 999 999
1455840000 905 905 981 981
1455753600 931 931 995 995
1455667200 907 907 1000 1000
1455580800 908 908 968 968
1455494400 922 922 997 997
1455408000 743 743 939 939
1455321600 720 720 926 926
1455235200 769 769 935 935
1455148800 785 785 943 943
1455062400 749 749 907 907
1454976000 683 683 907 907
1454889600 778 778 915 915
1454803200 749 749 928 928
1454716800 746 746 997 997
1454630400 840 840 999 999
1454544000 882 882 950 950
1454457600 783 783 948 948
1454371200 651 651 966 966
1454284800 831 831 982 982
1454198400 795 795 949 949
1454112000 692 692 935 935
1454025600 623 623 944 944
1453939200 516 516 826 826
1453852800 509 509 856 856
1453766400 500 500 874 874
1453680000 479 479 706 706
1453593600 533 533 761 761
1453507200 716 716 852 852
1453420800 608 608 752 752
1453334400 685 685 886 886
1453248000 667 667 981 981
1453161600 751 751 992 992
1453075200 737 737 875 875
1452988800 706 706 851 851
1452902400 756 756 861 861
1452816000 696 696 950 950
1452729600 663 663 837 837
1452643200 625 625 770 770
1452556800 536 536 811 811
1452470400 635 635 861 861
1452384000 608 608 799 799
1452297600 542 542 743 743
1452211200 593 593 811 811
1452124800 461 461 737 737
1452038400 415 415 682 682
1451952000 462 462 704 704
1451865600 509 509 847 847
1451779200 499 499 733 733
1451692800 605 605 749 749
1451606400 265 265 652 652
1451520000 499 499 736 736
1451433600 718 718 927 927
1451347200 752 752 860 860
1451260800 728 728 775 775
1451174400 755 755 790 790
1451088000 734 734 828 828
1451001600 752 752 995 995
1450915200 426 426 805 805
1450828800 738 738 858 858
1450742400 735 735 842 842
1450656000 806 806 989 989
1450569600 756 756 917 917
1450483200 628 628 842 842
1450396800 699 699 897 897
1450310400 709 709 953 953
1450224000 749 749 888 888
1450137600 674 674 907 907
1450051200 640 640 771 771
1449964800 328 328 765 765
1449878400 468 468 706 706
1449792000 528 528 733 733
1449705600 580 580 788 788
1449619200 531 531 738 738
1449532800 354 354 681 681
1449446400 224 224 417 417
1449360000 223 223 484 484
1449273600 168 168 509 509
1449187200 162 162 521 521
1449100800 77 77 207 207
1449014400 88 88 245 245
1448928000 160 160 403 403
1448841600 222 222 563 563
1448755200 173 173 485 485
1448668800 139 139 784 784
1448582400 212 212 520 520
1448496000 261 261 518 518
1448409600 204 204 378 378
1448323200 278 278 522 522
1448236800 277 277 542 542
1448150400 869 869 953 953
1448064000 895 895 952 952
1447977600 891 891 952 952
1447891200 894 894 951 951
1447804800 871 871 951 951
1447718400 887 887 965 965
1447632000 910 910 952 952
1447545600 889 889 951 951
1447459200 879 879 951 951
1447372800 894 894 950 950
1447286400 905 905 960 960
1447200000 898 898 953 953
1447113600 901 901 953 953
1447027200 901 901 953 953
1446940800 908 908 951 951
1446854400 914 914 953 953
1446768000 905 905 953 953
1446681600 905 905 953 953
1446595200 898 898 953 953
1446508800 900 900 995 995
1446422400 863 863 943 943
1446336000 902 902 950 950
1446249600 914 914 950 950
1446163200 914 914 954 954
1446076800 910 910 956 956
1445990400 910 910 956 956
1445904000 891 891 950 950
1445817600 911 911 950 950
1445731200 881 881 951 951
1445644800 885 885 950 950
1445558400 891 891 950 950
1445472000 881 881 950 950
1445385600 873 873 950 950
1445299200 864 864 961 961
1445212800 897 897 950 950
1445126400 888 888 950 950
1445040000 886 886 950 950
1444953600 869 869 949 949
1444867200 902 902 951 951
1444780800 897 897 951 951
1444694400 890 890 951 951
1444608000 899 899 954 954
1444521600 908 908 955 955
1444435200 908 908 951 951
1444348800 891 891 952 952
1444262400 860 860 931 931
1444176000 875 875 943 943
1444089600 910 910 953 953
1444003200 869 869 949 949
1443916800 858 858 985 985
1443830400 876 876 910 910
1443744000 869 869 910 910
1443657600 866 866 988 988
1443571200 868 868 911 911
1443484800 488 488 900 900
1443398400 0 0 0 0
1443312000 0 0 0 0
1443225600 0 0 0 0
1443139200 0 0 0 0
1443052800 0 0 0 0
1442966400 0 0 0 0
1442880000 0 0 0 0
1442793600 0 0 0 0
1442707200 0 0 0 0
1442620800 0 0 0 0
1442534400 0 0 0 0
1442448000 0 0 0 0
1442361600 0 0 0 0
1442275200 0 0 0 0
1442188800 0 0 0 0
1442102400 0 0 0 0
1442016000 0 0 0 0
1441929600 0 0 0 0
1441843200 0 0 0 0
1441756800 0 0 0 0
1441670400 0 0 0 0
1441584000 0 0 0 0
1441497600 0 0 0 0
1441411200 0 0 0 0
1441324800 0 0 0 0
1441238400 0 0 0 0
1441152000 0 0 0 0
1441065600 0 0 0 0
1440979200 0 0 0 0
1440892800 0 0 0 0
1440806400 0 0 0 0
1440720000 0 0 0 0
1440633600 0 0 0 0
1440547200 0 0 0 0
1440460800 0 0 0 0
1440374400 0 0 0 0
1440288000 0 0 0 0
1440201600 0 0 0 0
