1509011702 10 10
1509011702 10 10 10 10
1509011405 10 10 10 10
1509011400 10 10 10 10
1509011100 10 10 10 10
1509010800 10 10 10 10
1509010500 10 10 10 10
1509010200 10 10 10 10
1509009900 10 10 10 10
1509009600 10 10 10 10
1509009300 10 10 10 10
1509009000 10 10 10 10
1509008700 10 10 10 10
1509008400 10 10 10 10
1509008100 10 10 10 10
1509007800 10 10 10 10
1509007500 10 10 10 10
1509007200 10 10 10 10
1509006900 10 10 10 10
1509006600 10 10 10 10
1509006300 10 10 10 10
1509006000 10 10 10 10
1509005700 10 10 10 10
1509005400 10 10 10 10
1509005100 10 10 10 10
1509004800 10 10 10 10
1509004500 10 10 10 10
1509004200 10 10 10 10
1509003900 10 10 10 10
1509003600 10 10 10 10
1509003300 10 10 10 10
1509003000 10 10 10 10
1509002700 10 10 10 10
1509002400 10 10 10 10
1509002100 10 10 10 10
1509001800 10 10 10 10
1509001500 10 10 10 10
1509001200 10 10 10 10
1509000900 10 10 10 10
1509000600 10 10 10 10
1509000300 10 10 10 10
1509000000 10 10 10 10
1508999700 10 10 10 10
1508999400 10 10 10 10
1508999100 10 10 10 10
1508998800 10 10 10 10
1508998500 10 10 10 10
1508998200 10 10 10 10
1508997900 10 10 10 10
1508997600 10 10 10 10
1508997300 10 10 10 10
1508997000 10 10 10 10
1508996700 10 10 10 10
1508996400 10 10 10 10
1508996100 10 10 10 10
1508995800 10 10 10 10
1508995500 10 10 10 10
1508995200 10 10 10 10
1508994900 10 10 10 10
1508994600 10 10 10 10
1508994300 10 10 10 10
1508994000 10 10 10 10
1508993700 10 10 10 10
1508993400 10 10 10 10
1508993100 10 10 10 10
1508992800 10 10 10 10
1508992500 10 10 10 10
1508992200 10 10 10 10
1508991900 10 10 10 10
1508991600 10 10 10 10
1508991300 10 10 10 10
1508991000 10 10 10 10
1508990700 10 10 10 10
1508990400 10 10 10 10
1508990100 10 10 10 10
1508989800 10 10 10 10
1508989500 10 10 10 10
1508989200 10 10 10 10
1508988900 10 10 10 10
1508988600 10 10 10 10
1508988300 10 10 10 10
1508988000 10 10 10 10
1508987700 10 10 10 10
1508987400 10 10 10 10
1508987100 10 10 10 10
1508986800 10 10 10 10
1508986500 10 10 10 10
1508986200 10 10 10 10
1508985900 10 10 10 10
1508985600 10 10 10 10
1508985300 10 10 10 10
1508985000 10 10 10 10
1508984700 10 10 10 10
1508984400 10 10 10 10
1508984100 10 10 10 10
1508983800 10 10 10 10
1508983500 10 10 10 10
1508983200 10 10 10 10
1508982900 10 10 10 10
1508982600 10 10 10 10
1508982300 10 10 10 10
1508982000 10 10 10 10
1508981700 10 10 10 10
1508981400 10 10 10 10
1508981100 10 10 10 10
1508980800 10 10 10 10
1508980500 10 10 10 10
1508980200 10 10 10 10
1508979900 10 10 10 10
1508979600 10 10 10 10
1508979300 10 10 10 10
1508979000 10 10 10 10
1508978700 10 10 10 10
1508978400 10 10 10 10
1508978100 10 10 10 10
1508977800 10 10 10 10
1508977500 10 10 10 10
1508977200 10 10 10 10
1508976900 10 10 10 10
1508976600 10 10 10 10
1508976300 10 10 10 10
1508976000 10 10 10 10
1508975700 10 10 10 10
1508975400 10 10 10 10
1508975100 10 10 10 10
1508974800 10 10 10 10
1508974500 10 10 10 10
1508974200 10 10 10 10
1508973900 10 10 10 10
1508973600 10 10 10 10
1508973300 10 10 10 10
1508973000 10 10 10 10
1508972700 10 10 10 10
1508972400 10 10 10 10
1508972100 10 10 10 10
1508971800 10 10 10 10
1508971500 10 10 10 10
1508971200 10 10 10 10
1508970900 10 10 10 10
1508970600 10 10 10 10
1508970300 10 10 10 10
1508970000 10 10 10 10
1508969700 10 10 10 10
1508969400 10 10 10 10
1508969100 10 10 10 10
1508968800 10 10 10 10
1508968500 10 10 10 10
1508968200 10 10 10 10
1508967900 10 10 10 10
1508967600 10 10 10 10
1508967300 10 10 10 10
1508967000 10 10 10 10
1508966700 10 10 10 10
1508966400 10 10 10 10
1508966100 10 10 10 10
1508965800 10 10 10 10
1508965500 10 10 10 10
1508965200 10 10 10 10
1508964900 10 10 10 10
1508964600 10 10 10 10
1508964300 10 10 10 10
1508964000 10 10 10 10
1508963700 10 10 10 10
1508963400 10 10 10 10
1508963100 10 10 10 10
1508962800 10 10 10 10
1508962500 10 10 10 10
1508962200 10 10 10 10
1508961900 10 10 10 10
1508961600 10 10 10 10
1508961300 10 10 10 10
1508961000 10 10 10 10
1508960700 10 10 10 10
1508960400 10 10 10 10
1508960100 10 10 10 10
1508959800 10 10 10 10
1508959500 10 10 10 10
1508959200 10 10 10 10
1508958900 10 10 10 10
1508958600 10 10 10 10
1508958300 10 10 10 10
1508958000 10 10 10 10
1508957700 10 10 10 10
1508957400 10 10 10 10
1508957100 10 10 10 10
1508956800 10 10 10 10
1508956500 10 10 10 10
1508956200 10 10 10 10
1508955900 10 10 10 10
1508955600 10 10 10 10
1508955300 10 10 10 10
1508955000 10 10 10 10
1508954700 10 10 10 10
1508954400 10 10 10 10
1508954100 10 10 10 10
1508953800 10 10 10 10
1508953500 10 10 10 10
1508953200 10 10 10 10
1508952900 10 10 10 10
1508952600 10 10 10 10
1508952300 10 10 10 10
1508952000 10 10 10 10
1508951700 10 10 10 10
1508951400 10 10 10 10
1508951100 10 10 10 10
1508950800 10 10 10 10
1508950500 10 10 10 10
1508950200 10 10 10 10
1508949900 10 10 10 10
1508949600 10 10 10 10
1508949300 10 10 10 10
1508949000 10 10 10 10
1508948700 10 10 10 10
1508948400 10 10 10 10
1508948100 10 10 10 10
1508947800 10 10 10 10
1508947500 10 10 10 10
1508947200 10 10 10 10
1508946900 10 10 10 10
1508946600 10 10 10 10
1508946300 10 10 10 10
1508946000 10 10 10 10
1508945700 10 10 10 10
1508945400 10 10 10 10
1508945100 10 10 10 10
1508944800 10 10 10 10
1508944500 10 10 10 10
1508944200 10 10 10 10
1508943900 10 10 10 10
1508943600 10 10 10 10
1508943300 10 10 10 10
1508943000 10 10 10 10
1508942700 10 10 10 10
1508942400 10 10 10 10
1508942100 10 10 10 10
1508941800 10 10 10 10
1508941500 10 10 10 10
1508941200 10 10 10 10
1508940900 10 10 10 10
1508940600 10 10 10 10
1508940300 10 10 10 10
1508940000 10 10 10 10
1508939700 10 10 10 10
1508939400 10 10 10 10
1508939100 10 10 10 10
1508938800 10 10 10 10
1508938500 10 10 10 10
1508938200 10 10 10 10
1508937900 10 10 10 10
1508937600 10 10 10 10
1508937300 10 10 10 10
1508937000 10 10 10 10
1508936700 10 10 10 10
1508936400 10 10 10 10
1508936100 10 10 10 10
1508935800 10 10 10 10
1508935500 10 10 10 10
1508935200 10 10 10 10
1508934900 10 10 10 10
1508934600 10 10 10 10
1508934300 10 10 10 10
1508934000 10 10 10 10
1508933700 10 10 10 10
1508933400 10 10 10 10
1508933100 10 10 10 10
1508932800 10 10 10 10
1508932500 10 10 10 10
1508932200 10 10 10 10
1508931900 10 10 10 10
1508931600 10 10 10 10
1508931300 10 10 10 10
1508931000 10 10 10 10
1508930700 10 10 10 10
1508930400 10 10 10 10
1508930100 10 10 10 10
1508929800 10 10 10 10
1508929500 10 10 10 10
1508929200 10 10 10 10
1508928900 10 10 10 10
1508928600 10 10 10 10
1508928300 10 10 10 10
1508928000 10 10 10 10
1508927700 10 10 10 10
1508927400 10 10 10 10
1508927100 10 10 10 10
1508926800 10 10 10 10
1508926500 10 10 10 10
1508926200 10 10 10 10
1508925900 10 10 10 10
1508925600 10 10 10 10
1508925300 10 10 10 10
1508925000 10 10 10 10
1508924700 10 10 10 10
1508924400 10 10 10 10
1508924100 10 10 10 10
1508923800 10 10 10 10
1508923500 10 10 10 10
1508923200 10 10 10 10
1508922900 10 10 10 10
1508922600 10 10 10 10
1508922300 10 10 10 10
1508922000 10 10 10 10
1508921700 10 10 10 10
1508921400 10 10 10 10
1508921100 10 10 10 10
1508920800 10 10 10 10
1508920500 10 10 10 10
1508920200 10 10 10 10
1508919900 10 10 10 10
1508919600 10 10 10 10
1508919300 10 10 10 10
1508919000 10 10 10 10
1508918700 10 10 10 10
1508918400 10 10 10 10
1508918100 10 10 10 10
1508917800 10 10 10 10
1508917500 10 10 10 10
1508917200 10 10 10 10
1508916900 10 10 10 10
1508916600 10 10 10 10
1508916300 10 10 10 10
1508916000 10 10 10 10
1508915700 10 10 10 10
1508915400 10 10 10 10
1508915100 10 10 10 10
1508914800 10 10 10 10
1508914500 10 10 10 10
1508914200 10 10 10 10
1508913900 10 10 10 10
1508913600 10 10 10 10
1508913300 10 10 10 10
1508913000 10 10 10 10
1508912700 10 10 10 10
1508912400 10 10 10 10
1508912100 10 10 10 10
1508911800 10 10 10 10
1508911500 10 10 10 10
1508911200 10 10 10 10
1508910900 10 10 10 10
1508910600 10 10 10 10
1508910300 10 10 10 10
1508910000 10 10 10 10
1508909700 10 10 10 10
1508909400 10 10 10 10
1508909100 10 10 10 10
1508908800 10 10 10 10
1508908500 10 10 10 10
1508908200 10 10 10 10
1508907900 10 10 10 10
1508907600 10 10 10 10
1508907300 10 10 10 10
1508907000 10 10 10 10
1508906700 10 10 10 10
1508906400 10 10 10 10
1508906100 10 10 10 10
1508905800 10 10 10 10
1508905500 10 10 10 10
1508905200 10 10 10 10
1508904900 10 10 10 10
1508904600 10 10 10 10
1508904300 10 10 10 10
1508904000 10 10 10 10
1508903700 10 10 10 10
1508903400 10 10 10 10
1508903100 10 10 10 10
1508902800 10 10 10 10
1508902500 10 10 10 10
1508902200 10 10 10 10
1508901900 10 10 10 10
1508901600 10 10 10 10
1508901300 10 10 10 10
1508901000 10 10 10 10
1508900700 10 10 10 10
1508900400 10 10 10 10
1508900100 10 10 10 10
1508899800 10 10 10 10
1508899500 10 10 10 10
1508899200 10 10 10 10
1508898900 10 10 10 10
1508898600 10 10 10 10
1508898300 10 10 10 10
1508898000 10 10 10 10
1508897700 10 10 10 10
1508897400 10 10 10 10
1508897100 10 10 10 10
1508896800 10 10 10 10
1508896500 10 10 10 10
1508896200 10 10 10 10
1508895900 10 10 10 10
1508895600 10 10 10 10
1508895300 10 10 10 10
1508895000 10 10 10 10
1508894700 10 10 10 10
1508894400 10 10 10 10
1508894100 10 10 10 10
1508893800 10 10 10 10
1508893500 10 10 10 10
1508893200 10 10 10 10
1508892900 10 10 10 10
1508892600 10 10 10 10
1508892300 10 10 10 10
1508892000 10 10 10 10
1508891700 10 10 10 10
1508891400 10 10 10 10
1508891100 10 10 10 10
1508890800 10 10 10 10
1508890500 10 10 10 10
1508890200 10 10 10 10
1508889900 10 10 10 10
1508889600 10 10 10 10
1508889300 10 10 10 10
1508889000 10 10 10 10
1508888700 10 10 10 10
1508888400 10 10 10 10
1508888100 10 10 10 10
1508887800 10 10 10 10
1508887500 10 10 10 10
1508887200 10 10 10 10
1508886900 10 10 10 10
1508886600 10 10 10 10
1508886300 10 10 10 10
1508886000 10 10 10 10
1508885700 10 10 10 10
1508885400 10 10 10 10
1508885100 10 10 10 10
1508884800 10 10 10 10
1508884500 10 10 10 10
1508884200 10 10 10 10
1508883900 10 10 10 10
1508883600 10 10 10 10
1508883300 10 10 10 10
1508883000 10 10 10 10
1508882700 10 10 10 10
1508882400 10 10 10 10
1508882100 10 10 10 10
1508881800 10 10 10 10
1508881500 10 10 10 10
1508881200 10 10 10 10
1508880900 10 10 10 10
1508880600 10 10 10 10
1508880300 10 10 10 10
1508880000 10 10 10 10
1508879700 10 10 10 10
1508879400 10 10 10 10
1508879100 10 10 10 10
1508878800 10 10 10 10
1508878500 10 10 10 10
1508878200 10 10 10 10
1508877900 10 10 10 10
1508877600 10 10 10 10
1508877300 10 10 10 10
1508877000 10 10 10 10
1508876700 10 10 10 10
1508876400 10 10 10 10
1508876100 10 10 10 10
1508875800 10 10 10 10
1508875500 10 10 10 10
1508875200 10 10 10 10
1508874900 10 10 10 10
1508874600 10 10 10 10
1508874300 10 10 10 10
1508874000 10 10 10 10
1508873700 10 10 10 10
1508873400 10 10 10 10
1508873100 10 10 10 10
1508872800 10 10 10 10
1508872500 10 10 10 10
1508872200 10 10 10 10
1508871900 10 10 10 10
1508871600 10 10 10 10
1508871300 10 10 10 10
1508871000 10 10 10 10
1508870700 10 10 10 10
1508870400 10 10 10 10
1508870100 10 10 10 10
1508869800 10 10 10 10
1508869500 10 10 10 10
1508869200 10 10 10 10
1508868900 10 10 10 10
1508868600 10 10 10 10
1508868300 10 10 10 10
1508868000 10 10 10 10
1508867700 10 10 10 10
1508867400 10 10 10 10
1508867100 10 10 10 10
1508866800 10 10 10 10
1508866500 10 10 10 10
1508866200 10 10 10 10
1508865900 10 10 10 10
1508865600 10 10 10 10
1508865300 10 10 10 10
1508865000 10 10 10 10
1508864700 10 10 10 10
1508864400 10 10 10 10
1508864100 10 10 10 10
1508863800 10 10 10 10
1508863500 10 10 10 10
1508863200 10 10 10 10
1508862900 10 10 10 10
1508862600 10 10 10 10
1508862300 10 10 10 10
1508862000 10 10 10 10
1508861700 10 10 10 10
1508861400 10 10 10 10
1508861100 10 10 10 10
1508860800 10 10 10 10
1508860500 10 10 10 10
1508860200 10 10 10 10
1508859900 10 10 10 10
1508859600 10 10 10 10
1508859300 10 10 10 10
1508859000 10 10 10 10
1508858700 10 10 10 10
1508858400 10 10 10 10
1508858100 10 10 10 10
1508857800 10 10 10 10
1508857500 10 10 10 10
1508857200 10 10 10 10
1508856900 10 10 10 10
1508856600 10 10 10 10
1508856300 10 10 10 10
1508856000 10 10 10 10
1508855700 10 10 10 10
1508855400 10 10 10 10
1508855100 10 10 10 10
1508854800 10 10 10 10
1508854500 10 10 10 10
1508854200 10 10 10 10
1508853900 10 10 10 10
1508853600 10 10 10 10
1508853300 10 10 10 10
1508853000 10 10 10 10
1508852700 10 10 10 10
1508852400 10 10 10 10
1508852100 10 10 10 10
1508851800 10 10 10 10
1508851500 10 10 10 10
1508851200 10 10 10 10
1508850900 10 10 10 10
1508850600 10 10 10 10
1508850300 10 10 10 10
1508850000 10 10 10 10
1508849700 10 10 10 10
1508849400 10 10 10 10
1508849100 10 10 10 10
1508848800 10 10 10 10
1508848500 10 10 10 10
1508848200 10 10 10 10
1508847900 10 10 10 10
1508847600 10 10 10 10
1508847300 10 10 10 10
1508847000 10 10 10 10
1508846700 10 10 10 10
1508846400 10 10 10 10
1508846100 10 10 10 10
1508845800 10 10 10 10
1508845500 10 10 10 10
1508845200 10 10 10 10
1508844900 10 10 10 10
1508844600 10 10 10 10
1508844300 10 10 10 10
1508844000 10 10 10 10
1508843700 10 10 10 10
1508843400 10 10 10 10
1508843100 10 10 10 10
1508842800 10 10 10 10
1508842500 10 10 10 10
1508842200 10 10 10 10
1508841900 10 10 10 10
1508841600 10 10 10 10
1508841300 10 10 10 10
1508841000 10 10 10 10
1508840700 10 10 10 10
1508840400 10 10 10 10
1508840100 10 10 10 10
1508839800 10 10 10 10
1508839500 10 10 10 10
1508839200 10 10 10 10
1508838900 10 10 10 10
1508838600 10 10 10 10
1508838300 10 10 10 10
1508838000 10 10 10 10
1508837700 10 10 10 10
1508837400 10 10 10 10
1508837100 10 10 10 10
1508836800 10 10 10 10
1508836500 10 10 10 10
1508836200 10 10 10 10
1508835900 10 10 10 10
1508835600 10 10 10 10
1508835300 10 10 10 10
1508835000 10 10 10 10
1508834700 10 10 10 10
1508834400 10 10 10 10
1508834100 10 10 10 10
1508833800 10 10 10 10
1508833500 10 10 10 10
1508833200 10 10 10 10
1508832900 10 10 10 10
1508832600 10 10 10 10
1508832300 10 10 10 10
1508832000 10 10 10 10
1508831700 10 10 10 10
1508830200 10 10 10 10
1508828400 10 10 10 10
1508826600 10 10 10 10
1508824800 10 10 10 10
1508823000 10 10 10 10
1508821200 10 10 10 10
1508819400 10 10 10 10
1508817600 10 10 10 10
1508815800 10 10 10 10
1508814000 10 10 10 10
1508812200 10 10 10 10
1508810400 10 10 10 10
1508808600 10 10 10 10
1508806800 10 10 10 10
1508805000 10 10 10 10
1508803200 10 10 10 10
1508801400 10 10 10 10
1508799600 10 10 10 10
1508797800 10 10 10 10
1508796000 10 10 10 10
1508794200 10 10 10 10
1508792400 10 10 10 10
1508790600 10 10 10 10
1508788800 10 10 10 10
1508787000 10 10 10 10
1508785200 10 10 10 10
1508783400 10 10 10 10
1508781600 10 10 10 10
1508779800 10 10 10 10
1508778000 10 10 10 10
1508776200 10 10 10 10
1508774400 10 10 10 10
1508772600 10 10 10 10
1508770800 21 21 100 100
1508769000 10 10 10 10
1508767200 10 10 10 10
1508765400 10 10 10 10
1508763600 10 10 10 10
1508761800 10 10 10 10
1508760000 10 10 10 10
1508758200 10 10 10 10
1508756400 10 10 10 10
1508754600 10 10 10 10
1508752800 10 10 10 10
1508751000 10 10 10 10
1508749200 10 10 10 10
1508747400 10 10 10 10
1508745600 10 10 10 10
1508743800 10 10 10 10
1508742000 10 10 10 10
1508740200 10 10 10 10
1508738400 10 10 10 10
1508736600 10 10 10 10
1508734800 10 10 10 10
1508733000 10 10 10 10
1508731200 10 10 10 10
1508729400 10 10 10 10
1508727600 10 10 10 10
1508725800 10 10 10 10
1508724000 10 10 10 10
1508722200 10 10 10 10
1508720400 10 10 10 10
1508718600 10 10 10 10
1508716800 10 10 10 10
1508715000 10 10 10 10
1508713200 10 10 10 10
1508711400 10 10 10 10
1508709600 10 10 10 10
1508707800 10 10 10 10
1508706000 10 10 10 10
1508704200 10 10 10 10
1508702400 10 10 10 10
1508700600 10 10 10 10
1508698800 10 10 10 10
1508697000 10 10 10 10
1508695200 10 10 10 10
1508693400 10 10 10 10
1508691600 10 10 10 10
1508689800 10 10 10 10
1508688000 10 10 10 10
1508686200 10 10 10 10
1508684400 10 10 10 10
1508682600 10 10 10 10
1508680800 10 10 10 10
1508679000 10 10 10 10
1508677200 10 10 10 10
1508675400 10 10 10 10
1508673600 10 10 10 10
1508671800 10 10 10 10
1508670000 10 10 10 10
1508668200 10 10 10 10
1508666400 10 10 10 10
1508664600 10 10 10 10
1508662800 10 10 10 10
1508661000 10 10 10 10
1508659200 10 10 10 10
1508657400 10 10 10 10
1508655600 10 10 10 10
1508653800 10 10 10 10
1508652000 10 10 10 10
1508650200 10 10 10 10
1508648400 10 10 10 10
1508646600 10 10 10 10
1508644800 10 10 10 10
1508643000 10 10 10 10
1508641200 10 10 10 10
1508639400 10 10 10 10
1508637600 10 10 10 10
1508635800 10 10 10 10
1508634000 10 10 10 10
1508632200 10 10 10 10
1508630400 10 10 10 10
1508628600 10 10 10 10
1508626800 10 10 10 10
1508625000 10 10 10 10
1508623200 10 10 10 10
1508621400 10 10 10 10
1508619600 10 10 10 10
1508617800 10 10 10 10
1508616000 10 10 10 10
1508614200 10 10 10 10
1508612400 10 10 10 10
1508610600 10 10 10 10
1508608800 10 10 10 10
1508607000 10 10 10 10
1508605200 10 10 10 10
1508603400 10 10 10 10
1508601600 10 10 10 10
1508599800 10 10 10 10
1508598000 10 10 10 10
1508596200 10 10 10 10
1508594400 10 10 10 10
1508592600 10 10 10 10
1508590800 10 10 10 10
1508589000 10 10 10 10
1508587200 10 10 10 10
1508585400 10 10 10 10
1508583600 10 10 10 10
1508581800 10 10 10 10
1508580000 10 10 10 10
1508578200 10 10 10 10
1508576400 10 10 10 10
1508574600 10 10 10 10
1508572800 10 10 10 10
1508571000 10 10 10 10
1508569200 10 10 10 10
1508567400 10 10 10 10
1508565600 10 10 10 10
1508563800 10 10 10 10
1508562000 10 10 10 10
1508560200 10 10 10 10
1508558400 10 10 10 10
1508556600 10 10 10 10
1508554800 10 10 10 10
1508553000 10 10 10 10
1508551200 10 10 10 10
1508549400 10 10 10 10
1508547600 10 10 10 10
1508545800 10 10 10 10
1508544000 10 10 10 10
1508542200 10 10 10 10
1508540400 10 10 10 10
1508538600 10 10 10 10
1508536800 10 10 10 10
1508535000 10 10 10 10
1508533200 10 10 10 10
1508531400 10 10 10 10
1508529600 10 10 10 10
1508527800 10 10 10 10
1508526000 10 10 10 10
1508524200 10 10 10 10
1508522400 10 10 10 10
1508520600 10 10 10 10
1508518800 10 10 10 10
1508517000 10 10 10 10
1508515200 10 10 10 10
1508513400 10 10 10 10
1508511600 10 10 10 10
1508509800 10 10 10 10
1508508000 10 10 10 10
1508506200 10 10 10 10
1508504400 10 10 10 10
1508502600 10 10 10 10
1508500800 10 10 10 10
1508499000 10 10 10 10
1508497200 10 10 10 10
1508495400 10 10 10 10
1508493600 10 10 10 10
1508491800 10 10 10 10
1508490000 10 10 10 10
1508488200 10 10 10 10
1508486400 10 10 10 10
1508484600 10 10 10 10
1508482800 10 10 10 10
1508481000 10 10 10 10
1508479200 10 10 10 10
1508477400 10 10 10 10
1508475600 10 10 10 10
1508473800 10 10 10 10
1508472000 10 10 10 10
1508470200 10 10 10 10
1508468400 10 10 10 10
1508466600 10 10 10 10
1508464800 10 10 10 10
1508463000 10 10 10 10
1508461200 10 10 10 10
1508459400 10 10 10 10
1508457600 10 10 10 10
1508455800 10 10 10 10
1508454000 10 10 10 10
1508452200 10 10 10 10
1508450400 10 10 10 10
1508448600 10 10 10 10
1508446800 10 10 10 10
1508445000 10 10 10 10
1508443200 10 10 10 10
1508441400 10 10 10 10
1508439600 10 10 10 10
1508437800 10 10 10 10
1508436000 10 10 10 10
1508434200 10 10 10 10
1508432400 10 10 10 10
1508430600 10 10 10 10
1508428800 10 10 10 10
1508427000 10 10 10 10
1508425200 10 10 10 10
1508423400 10 10 10 10
1508421600 10 10 10 10
1508419800 10 10 10 10
1508418000 10 10 10 10
1508416200 10 10 10 10
1508414400 10 10 10 10
1508412600 10 10 10 10
1508410800 10 10 10 10
1508409000 10 10 10 10
1508407200 10 10 10 10
1508405400 10 10 10 10
1508403600 10 10 10 10
1508401800 10 10 10 10
1508400000 10 10 10 10
1508398200 10 10 10 10
1508396400 10 10 10 10
1508394600 10 10 10 10
1508392800 10 10 10 10
1508391000 10 10 10 10
1508389200 10 10 10 10
1508387400 10 10 10 10
1508385600 10 10 10 10
1508383800 10 10 10 10
1508382000 10 10 10 10
1508380200 10 10 10 10
1508378400 10 10 10 10
1508376600 10 10 10 10
1508374800 10 10 10 10
1508373000 10 10 10 10
1508371200 10 10 10 10
1508369400 10 10 10 10
1508367600 10 10 10 10
1508365800 10 10 10 10
1508364000 10 10 10 10
1508362200 10 10 10 10
1508360400 10 10 10 10
1508358600 10 10 10 10
1508356800 10 10 10 10
1508355000 10 10 10 10
1508353200 10 10 10 10
1508351400 10 10 10 10
1508349600 10 10 10 10
1508347800 10 10 10 10
1508346000 10 10 10 10
1508344200 10 10 10 10
1508342400 10 10 10 10
1508340600 10 10 10 10
1508338800 10 10 10 10
1508337000 10 10 10 10
1508335200 10 10 10 10
1508333400 10 10 10 10
1508331600 10 10 10 10
1508329800 10 10 10 10
1508328000 10 10 10 10
1508326200 10 10 10 10
1508324400 10 10 10 10
1508322600 10 10 10 10
1508320800 10 10 10 10
1508319000 10 10 10 10
1508317200 10 10 10 10
1508315400 10 10 10 10
1508313600 10 10 10 10
1508311800 10 10 10 10
1508310000 10 10 10 10
1508308200 10 10 10 10
1508306400 10 10 10 10
1508304600 10 10 10 10
1508302800 10 10 10 10
1508301000 9 9 10 10
1508299200 9 9 9 9
1508297400 9 9 9 9
1508295600 9 9 9 9
1508293800 9 9 9 9
1508292000 9 9 9 9
1508290200 9 9 9 9
1508288400 9 9 9 9
1508286600 9 9 9 9
1508284800 9 9 10 10
1508283000 10 10 10 10
1508281200 10 10 10 10
1508279400 10 10 10 10
1508277600 10 10 10 10
1508275800 10 10 10 10
1508274000 10 10 10 10
1508272200 10 10 10 10
1508270400 10 10 10 10
1508268600 10 10 10 10
1508266800 10 10 10 10
1508265000 10 10 10 10
1508263200 10 10 10 10
1508261400 10 10 10 10
1508259600 10 10 10 10
1508257800 10 10 10 10
1508256000 10 10 10 10
1508254200 10 10 10 10
1508252400 10 10 10 10
1508250600 10 10 10 10
1508248800 10 10 10 10
1508247000 10 10 10 10
1508245200 10 10 10 10
1508243400 10 10 10 10
1508241600 10 10 10 10
1508239800 10 10 10 10
1508238000 10 10 10 10
1508236200 10 10 10 10
1508234400 10 10 10 10
1508232600 10 10 10 10
1508230800 10 10 10 10
1508229000 10 10 10 10
1508227200 10 10 10 10
1508225400 10 10 10 10
1508223600 10 10 10 10
1508221800 10 10 10 10
1508220000 10 10 10 10
1508218200 10 10 10 10
1508216400 10 10 10 10
1508214600 10 10 10 10
1508212800 10 10 10 10
1508211000 10 10 10 10
1508209200 10 10 10 10
1508207400 10 10 10 10
1508205600 10 10 10 10
1508203800 10 10 10 10
1508202000 10 10 10 10
1508200200 10 10 10 10
1508198400 10 10 10 10
1508196600 10 10 10 10
1508194800 10 10 10 10
1508193000 10 10 10 10
1508191200 10 10 10 10
1508189400 10 10 10 10
1508187600 10 10 10 10
1508185800 10 10 10 10
1508184000 10 10 10 10
1508182200 10 10 10 10
1508180400 10 10 10 10
1508178600 10 10 10 10
1508176800 10 10 10 10
1508175000 10 10 10 10
1508173200 10 10 10 10
1508171400 10 10 10 10
1508169600 10 10 10 10
1508167800 10 10 10 10
1508166000 10 10 10 10
1508164200 10 10 10 10
1508162400 10 10 10 10
1508160600 10 10 10 10
1508158800 10 10 10 10
1508157000 10 10 10 10
1508155200 10 10 10 10
1508153400 10 10 10 10
1508151600 10 10 10 10
1508149800 10 10 10 10
1508148000 10 10 10 10
1508146200 10 10 10 10
1508144400 10 10 10 10
1508142600 10 10 10 10
1508140800 10 10 10 10
1508139000 10 10 10 10
1508137200 10 10 10 10
1508135400 10 10 10 10
1508133600 10 10 10 10
1508131800 10 10 10 10
1508130000 10 10 10 10
1508128200 10 10 10 10
1508126400 10 10 10 10
1508124600 10 10 10 10
1508122800 10 10 10 10
1508121000 10 10 10 10
1508119200 10 10 10 10
1508117400 10 10 10 10
1508115600 10 10 10 10
1508113800 10 10 10 10
1508112000 10 10 10 10
1508110200 10 10 10 10
1508108400 10 10 10 10
1508106600 10 10 10 10
1508104800 10 10 10 10
1508103000 10 10 10 10
1508101200 10 10 10 10
1508099400 10 10 10 10
1508097600 10 10 10 10
1508095800 10 10 10 10
1508094000 10 10 10 10
1508092200 10 10 10 10
1508090400 10 10 10 10
1508088600 10 10 10 10
1508086800 10 10 10 10
1508085000 10 10 10 10
1508083200 10 10 10 10
1508081400 10 10 10 10
1508079600 10 10 10 10
1508077800 10 10 10 10
1508076000 10 10 10 10
1508074200 10 10 10 10
1508072400 10 10 10 10
1508070600 10 10 10 10
1508068800 10 10 10 10
1508067000 10 10 10 10
1508065200 10 10 10 10
1508063400 10 10 10 10
1508061600 10 10 10 10
1508059800 10 10 10 10
1508058000 10 10 10 10
1508056200 10 10 10 10
1508054400 10 10 10 10
1508052600 10 10 10 10
1508050800 10 10 10 10
1508049000 10 10 10 10
1508047200 10 10 10 10
1508045400 10 10 10 10
1508043600 10 10 10 10
1508041800 10 10 10 10
1508040000 10 10 10 10
1508038200 10 10 10 10
1508036400 10 10 10 10
1508034600 10 10 10 10
1508032800 10 10 10 10
1508031000 10 10 10 10
1508029200 10 10 10 10
1508027400 10 10 10 10
1508025600 10 10 10 10
1508023800 10 10 10 10
1508022000 10 10 10 10
1508020200 10 10 10 10
1508018400 10 10 10 10
1508016600 10 10 10 10
1508014800 10 10 10 10
1508013000 10 10 10 10
1508011200 10 10 10 10
1508009400 10 10 10 10
1508007600 10 10 10 10
1508005800 10 10 10 10
1508004000 10 10 10 10
1508002200 10 10 10 10
1508000400 10 10 10 10
1507998600 10 10 10 10
1507996800 10 10 10 10
1507995000 10 10 10 10
1507993200 10 10 10 10
1507991400 10 10 10 10
1507989600 10 10 10 10
1507987800 10 10 10 10
1507986000 10 10 10 10
1507984200 10 10 10 10
1507982400 10 10 10 10
1507980600 10 10 10 10
1507978800 10 10 10 10
1507977000 10 10 10 10
1507975200 10 10 10 10
1507973400 10 10 10 10
1507971600 10 10 10 10
1507969800 10 10 10 10
1507968000 10 10 10 10
1507966200 10 10 10 10
1507964400 10 10 10 10
1507962600 10 10 10 10
1507960800 10 10 10 10
1507959000 10 10 10 10
1507957200 10 10 10 10
1507955400 10 10 10 10
1507953600 10 10 10 10
1507951800 10 10 10 10
1507950000 10 10 10 10
1507948200 10 10 10 10
1507946400 10 10 10 10
1507944600 10 10 10 10
1507942800 10 10 10 10
1507941000 10 10 10 10
1507939200 10 10 10 10
1507937400 10 10 10 10
1507935600 10 10 10 10
1507933800 10 10 10 10
1507932000 10 10 10 10
1507930200 10 10 10 10
1507928400 10 10 10 10
1507926600 10 10 10 10
1507924800 10 10 10 10
1507923000 10 10 10 10
1507921200 10 10 10 10
1507919400 10 10 10 10
1507917600 10 10 10 10
1507915800 10 10 10 10
1507914000 10 10 10 10
1507912200 10 10 10 10
1507910400 10 10 10 10
1507908600 10 10 10 10
1507906800 10 10 10 10
1507905000 10 10 10 10
1507903200 10 10 10 10
1507901400 10 10 10 10
1507899600 10 10 10 10
1507897800 10 10 10 10
1507896000 10 10 10 10
1507894200 10 10 10 10
1507892400 10 10 10 10
1507890600 10 10 10 10
1507888800 10 10 10 10
1507887000 10 10 10 10
1507885200 10 10 10 10
1507883400 10 10 10 10
1507881600 10 10 10 10
1507879800 10 10 10 10
1507878000 10 10 10 10
1507876200 10 10 10 10
1507874400 10 10 10 10
1507872600 10 10 10 10
1507870800 10 10 10 10
1507869000 10 10 10 10
1507867200 10 10 10 10
1507865400 10 10 10 10
1507863600 10 10 10 10
1507861800 10 10 10 10
1507860000 10 10 10 10
1507858200 10 10 10 10
1507856400 10 10 10 10
1507854600 10 10 10 10
1507852800 10 10 10 10
1507851000 10 10 10 10
1507849200 10 10 10 10
1507847400 10 10 10 10
1507845600 10 10 10 10
1507843800 10 10 10 10
1507842000 10 10 10 10
1507840200 10 10 10 10
1507838400 10 10 10 10
1507836600 10 10 10 10
1507834800 10 10 10 10
1507833000 10 10 10 10
1507831200 10 10 10 10
1507829400 10 10 10 10
1507827600 10 10 10 10
1507825800 10 10 10 10
1507824000 10 10 10 10
1507822200 10 10 10 10
1507820400 10 10 10 10
1507818600 10 10 10 10
1507816800 10 10 10 10
1507815000 10 10 10 10
1507813200 10 10 10 10
1507811400 10 10 10 10
1507809600 10 10 10 10
1507807800 10 10 10 10
1507806000 10 10 10 10
1507804200 10 10 10 10
1507802400 10 10 10 10
1507800600 10 10 10 10
1507798800 10 10 10 10
1507797000 10 10 10 10
1507795200 10 10 10 10
1507793400 10 10 10 10
1507791600 10 10 10 10
1507789800 10 10 10 10
1507788000 10 10 10 10
1507786200 10 10 10 10
1507784400 10 10 10 10
1507782600 10 10 10 10
1507780800 10 10 10 10
1507779000 10 10 10 10
1507777200 10 10 10 10
1507775400 10 10 10 10
1507773600 10 10 10 10
1507771800 10 10 10 10
1507770000 10 10 10 10
1507768200 10 10 10 10
1507766400 10 10 10 10
1507764600 10 10 10 10
1507762800 10 10 10 10
1507761000 10 10 10 10
1507759200 10 10 10 10
1507757400 10 10 10 10
1507755600 10 10 10 10
1507753800 10 10 10 10
1507752000 10 10 10 10
1507750200 10 10 10 10
1507744800 10 10 10 10
1507737600 10 10 10 10
1507730400 10 10 10 10
1507723200 10 10 10 10
1507716000 10 10 10 10
1507708800 10 10 10 10
1507701600 10 10 10 10
1507694400 10 10 10 10
1507687200 10 10 10 10
1507680000 10 10 10 10
1507672800 10 10 10 10
1507665600 10 10 10 10
1507658400 10 10 10 10
1507651200 10 10 10 10
1507644000 10 10 10 10
1507636800 10 10 10 10
1507629600 10 10 10 10
1507622400 10 10 10 10
1507615200 10 10 10 10
1507608000 10 10 10 10
1507600800 10 10 10 10
1507593600 10 10 10 10
1507586400 10 10 10 10
1507579200 10 10 10 10
1507572000 10 10 10 10
1507564800 10 10 10 10
1507557600 10 10 10 10
1507550400 10 10 10 10
1507543200 10 10 10 10
1507536000 10 10 10 10
1507528800 10 10 10 10
1507521600 10 10 10 10
1507514400 10 10 10 10
1507507200 10 10 10 10
1507500000 10 10 10 10
1507492800 10 10 10 10
1507485600 10 10 10 10
1507478400 10 10 10 10
1507471200 10 10 10 10
1507464000 10 10 10 10
1507456800 10 10 10 10
1507449600 10 10 10 10
1507442400 10 10 10 10
1507435200 10 10 10 10
1507428000 10 10 10 10
1507420800 10 10 10 10
1507413600 10 10 10 10
1507406400 10 10 10 10
1507399200 10 10 10 10
1507392000 10 10 10 10
1507384800 10 10 10 10
1507377600 10 10 10 10
1507370400 10 10 10 10
1507363200 10 10 10 10
1507356000 10 10 10 10
1507348800 10 10 10 10
1507341600 10 10 10 10
1507334400 10 10 10 10
1507327200 10 10 10 10
1507320000 10 10 10 10
1507312800 10 10 10 10
1507305600 10 10 10 10
1507298400 10 10 10 10
1507291200 10 10 10 10
1507284000 10 10 10 10
1507276800 10 10 10 10
1507269600 10 10 10 10
1507262400 10 10 10 10
1507255200 10 10 10 10
1507248000 10 10 10 10
1507240800 10 10 10 10
1507233600 10 10 10 10
1507226400 10 10 10 10
1507219200 10 10 10 10
1507212000 10 10 10 10
1507204800 10 10 10 10
1507197600 10 10 10 10
1507190400 10 10 10 10
1507183200 10 10 10 10
1507176000 10 10 10 10
1507168800 10 10 10 10
1507161600 10 10 10 10
1507154400 10 10 10 10
1507147200 10 10 10 10
1507140000 10 10 10 10
1507132800 10 10 10 10
1507125600 10 10 10 10
1507118400 10 10 10 10
1507111200 10 10 10 10
1507104000 10 10 10 10
1507096800 10 10 10 10
1507089600 10 10 10 10
1507082400 10 10 10 10
1507075200 10 10 10 10
1507068000 10 10 10 10
1507060800 10 10 10 10
1507053600 10 10 10 10
1507046400 10 10 10 10
1507039200 10 10 10 10
1507032000 10 10 10 10
1507024800 10 10 10 10
1507017600 10 10 10 10
1507010400 10 10 10 10
1507003200 10 10 10 10
1506996000 10 10 10 10
1506988800 10 10 10 10
1506981600 10 10 10 10
1506974400 10 10 10 10
1506967200 10 10 10 10
1506960000 10 10 10 10
1506952800 10 10 10 10
1506945600 10 10 10 10
1506938400 10 10 10 10
1506931200 10 10 10 10
1506924000 10 10 10 10
1506916800 10 10 10 10
1506909600 10 10 10 10
1506902400 10 10 10 10
1506895200 10 10 10 10
1506888000 10 10 10 10
1506880800 10 10 10 10
1506873600 10 10 10 10
1506866400 10 10 10 10
1506859200 10 10 10 10
1506852000 10 10 10 10
1506844800 10 10 10 10
1506837600 10 10 10 10
1506830400 10 10 10 10
1506823200 10 10 10 10
1506816000 10 10 10 10
1506808800 10 10 10 10
1506801600 10 10 10 10
1506794400 10 10 10 10
1506787200 10 10 10 10
1506780000 10 10 10 10
1506772800 10 10 10 10
1506765600 10 10 10 10
1506758400 10 10 10 10
1506751200 10 10 10 10
1506744000 10 10 10 10
1506736800 10 10 10 10
1506729600 10 10 10 10
1506722400 10 10 10 10
1506715200 10 10 10 10
1506708000 10 10 10 10
1506700800 10 10 10 10
1506693600 10 10 10 10
1506686400 10 10 10 10
1506679200 10 10 10 10
1506672000 10 10 10 10
1506664800 10 10 10 10
1506657600 10 10 10 10
1506650400 10 10 10 10
1506643200 10 10 10 10
1506636000 10 10 10 10
1506628800 10 10 10 10
1506621600 10 10 10 10
1506614400 10 10 10 10
1506607200 10 10 10 10
1506600000 10 10 10 10
1506592800 10 10 10 10
1506585600 10 10 10 10
1506578400 10 10 10 10
1506571200 10 10 10 10
1506564000 10 10 10 10
1506556800 10 10 10 10
1506549600 10 10 10 10
1506542400 10 10 10 10
1506535200 10 10 10 10
1506528000 10 10 10 10
1506520800 10 10 10 10
1506513600 10 10 10 10
1506506400 10 10 10 10
1506499200 10 10 10 10
1506492000 10 10 10 10
1506484800 10 10 10 10
1506477600 10 10 10 10
1506470400 10 10 10 10
1506463200 10 10 10 10
1506456000 10 10 10 10
1506448800 10 10 10 10
1506441600 10 10 10 10
1506434400 10 10 10 10
1506427200 10 10 10 10
1506420000 10 10 10 10
1506412800 10 10 10 10
1506405600 10 10 10 10
1506398400 10 10 10 10
1506391200 10 10 10 10
1506384000 10 10 10 10
1506376800 10 10 10 10
1506369600 10 10 10 10
1506362400 10 10 10 10
1506355200 10 10 10 10
1506348000 10 10 10 10
1506340800 10 10 10 10
1506333600 10 10 10 10
1506326400 10 10 10 10
1506319200 10 10 10 10
1506312000 10 10 10 10
1506304800 10 10 10 10
1506297600 10 10 10 10
1506290400 10 10 10 10
1506283200 10 10 10 10
1506276000 10 10 10 10
1506268800 10 10 10 10
1506261600 10 10 10 10
1506254400 10 10 10 10
1506247200 10 10 10 10
1506240000 10 10 10 10
1506232800 10 10 10 10
1506225600 10 10 10 10
1506218400 10 10 10 10
1506211200 10 10 10 10
1506204000 10 10 10 10
1506196800 10 10 10 10
1506189600 10 10 10 10
1506182400 10 10 10 10
1506175200 10 10 10 10
1506168000 10 10 10 10
1506160800 10 10 10 10
1506153600 10 10 10 10
1506146400 10 10 10 10
1506139200 10 10 10 10
1506132000 10 10 10 10
1506124800 10 10 10 10
1506117600 10 10 10 10
1506110400 10 10 10 10
1506103200 10 10 10 10
1506096000 10 10 10 10
1506088800 10 10 10 10
1506081600 10 10 10 10
1506074400 10 10 10 10
1506067200 10 10 10 10
1506060000 10 10 10 10
1506052800 10 10 10 10
1506045600 10 10 10 10
1506038400 10 10 10 10
1506031200 10 10 10 10
1506024000 10 10 10 10
1506016800 10 10 10 10
1506009600 10 10 10 10
1506002400 10 10 10 10
1505995200 10 10 10 10
1505988000 10 10 10 10
1505980800 10 10 10 10
1505973600 10 10 10 10
1505966400 10 10 10 10
1505959200 10 10 10 10
1505952000 10 10 10 10
1505944800 10 10 10 10
1505937600 10 10 10 10
1505930400 10 10 10 10
1505923200 10 10 10 10
1505916000 10 10 10 10
1505908800 10 10 10 10
1505901600 10 10 10 10
1505894400 10 10 10 10
1505887200 10 10 10 10
1505880000 10 10 10 10
1505872800 10 10 10 10
1505865600 10 10 10 10
1505858400 10 10 10 10
1505851200 10 10 10 10
1505844000 10 10 10 10
1505836800 10 10 10 10
1505829600 10 10 10 10
1505822400 10 10 10 10
1505815200 10 10 10 10
1505808000 10 10 10 10
1505800800 10 10 10 10
1505793600 10 10 10 10
1505786400 10 10 10 10
1505779200 10 10 10 10
1505772000 10 10 10 10
1505764800 10 10 10 10
1505757600 10 10 10 10
1505750400 10 10 10 10
1505743200 10 10 10 10
1505736000 10 10 10 10
1505728800 10 10 10 10
1505721600 10 10 10 10
1505714400 10 10 10 10
1505707200 10 10 10 10
1505700000 10 10 10 10
1505692800 10 10 10 10
1505685600 10 10 10 10
1505678400 10 10 10 10
1505671200 10 10 10 10
1505664000 10 10 10 10
1505656800 10 10 10 10
1505649600 10 10 10 10
1505642400 10 10 10 10
1505635200 10 10 10 10
1505628000 10 10 10 10
1505620800 10 10 10 10
1505613600 10 10 10 10
1505606400 10 10 10 10
1505599200 10 10 10 10
1505592000 10 10 10 10
1505584800 10 10 10 10
1505577600 10 10 10 10
1505570400 10 10 10 10
1505563200 10 10 10 10
1505556000 10 10 10 10
1505548800 10 10 10 10
1505541600 10 10 10 10
1505534400 10 10 10 10
1505527200 10 10 10 10
1505520000 10 10 10 10
1505512800 10 10 10 10
1505505600 10 10 10 10
1505498400 10 10 10 10
1505491200 10 10 10 10
1505484000 10 10 10 10
1505476800 10 10 10 10
1505469600 10 10 10 10
1505462400 10 10 10 10
1505455200 10 10 10 10
1505448000 10 10 10 10
1505440800 10 10 10 10
1505433600 10 10 10 10
1505426400 10 10 10 10
1505419200 10 10 10 10
1505412000 10 10 10 10
1505404800 10 10 10 10
1505397600 10 10 10 10
1505390400 10 10 10 10
1505383200 10 10 10 10
1505376000 10 10 10 10
1505368800 10 10 10 10
1505361600 10 10 10 10
1505354400 10 10 10 10
1505347200 10 10 10 10
1505340000 10 10 10 10
1505332800 10 10 10 10
1505325600 10 10 10 10
1505318400 10 10 10 10
1505311200 10 10 10 10
1505304000 10 10 10 10
1505296800 10 10 10 10
1505289600 10 10 10 10
1505282400 10 10 10 10
1505275200 10 10 10 10
1505268000 10 10 10 10
1505260800 10 10 10 10
1505253600 10 10 10 10
1505246400 10 10 10 10
1505239200 10 10 10 10
1505232000 10 10 10 10
1505224800 10 10 10 10
1505217600 10 10 10 10
1505210400 10 10 10 10
1505203200 10 10 10 10
1505196000 10 10 10 10
1505188800 10 10 10 10
1505181600 10 10 10 10
1505174400 10 10 10 10
1505167200 10 10 10 10
1505160000 10 10 10 10
1505152800 10 10 10 10
1505145600 10 10 10 10
1505138400 10 10 10 10
1505131200 10 10 10 10
1505124000 10 10 10 10
1505116800 10 10 10 10
1505109600 10 10 10 10
1505102400 10 10 10 10
1505095200 10 10 10 10
1505088000 10 10 10 10
1505080800 10 10 10 10
1505073600 10 10 10 10
1505066400 10 10 10 10
1505059200 10 10 10 10
1505052000 10 10 10 10
1505044800 10 10 10 10
1505037600 10 10 10 10
1505030400 10 10 10 10
1505023200 10 10 10 10
1505016000 10 10 10 10
1505008800 10 10 10 10
1505001600 10 10 10 10
1504994400 10 10 10 10
1504987200 10 10 10 10
1504980000 10 10 10 10
1504972800 10 10 10 10
1504965600 10 10 10 10
1504958400 10 10 10 10
1504951200 10 10 10 10
1504944000 10 10 10 10
1504936800 10 10 10 10
1504929600 10 10 10 10
1504922400 10 10 10 10
1504915200 10 10 10 10
1504908000 10 10 10 10
1504900800 10 10 10 10
1504893600 10 10 10 10
1504886400 10 10 10 10
1504879200 10 10 10 10
1504872000 10 10 10 10
1504864800 10 10 10 10
1504857600 10 10 10 10
1504850400 10 10 10 10
1504843200 10 10 10 10
1504836000 10 10 10 10
1504828800 10 10 10 10
1504821600 10 10 10 10
1504814400 10 10 10 10
1504807200 10 10 10 10
1504800000 10 10 10 10
1504792800 10 10 10 10
1504785600 10 10 10 10
1504778400 10 10 10 10
1504771200 10 10 10 10
1504764000 10 10 10 10
1504756800 10 10 10 10
1504749600 10 10 10 10
1504742400 10 10 10 10
1504735200 10 10 10 10
1504728000 10 10 10 10
1504720800 10 10 10 10
1504713600 10 10 10 10
1504706400 10 10 10 10
1504699200 10 10 10 10
1504692000 10 10 10 10
1504684800 10 10 10 10
1504677600 10 10 10 10
1504670400 10 10 10 10
1504663200 10 10 10 10
1504656000 10 10 10 10
1504648800 10 10 10 10
1504641600 10 10 10 10
1504634400 10 10 10 10
1504627200 10 10 10 10
1504620000 10 10 10 10
1504612800 10 10 10 10
1504605600 10 10 10 10
1504598400 10 10 10 10
1504591200 10 10 10 10
1504584000 10 10 10 10
1504576800 10 10 10 10
1504569600 10 10 10 10
1504562400 10 10 10 10
1504555200 10 10 10 10
1504548000 10 10 10 10
1504540800 10 10 10 10
1504533600 10 10 10 10
1504526400 10 10 10 10
1504519200 10 10 10 10
1504512000 10 10 10 10
1504504800 10 10 10 10
1504497600 10 10 10 10
1504490400 10 10 10 10
1504483200 10 10 10 10
1504476000 10 10 10 10
1504468800 10 10 10 10
1504461600 10 10 10 10
1504454400 10 10 10 10
1504447200 10 10 10 10
1504440000 10 10 10 10
1504432800 10 10 10 10
1504425600 10 10 10 10
1504418400 10 10 10 10
1504411200 10 10 10 10
1504404000 10 10 10 10
1504396800 10 10 10 10
1504389600 10 10 10 10
1504382400 10 10 10 10
1504375200 10 10 10 10
1504368000 10 10 10 10
1504360800 10 10 10 10
1504353600 10 10 10 10
1504346400 10 10 10 10
1504339200 10 10 10 10
1504332000 10 10 10 10
1504324800 10 10 10 10
1504317600 10 10 10 10
1504310400 10 10 10 10
1504303200 10 10 10 10
1504296000 10 10 10 10
1504288800 10 10 10 10
1504281600 10 10 10 10
1504274400 10 10 10 10
1504267200 10 10 10 10
1504260000 10 10 10 10
1504252800 10 10 10 10
1504245600 10 10 10 10
1504238400 10 10 10 10
1504231200 10 10 10 10
1504224000 10 10 10 10
1504216800 10 10 10 10
1504209600 10 10 10 10
1504202400 10 10 10 10
1504195200 10 10 10 10
1504188000 10 10 10 10
1504180800 10 10 10 10
1504173600 10 10 10 10
1504166400 10 10 10 10
1504159200 10 10 10 10
1504152000 10 10 10 10
1504144800 10 10 10 10
1504137600 10 10 10 10
1504130400 10 10 10 10
1504123200 10 10 10 10
1504116000 10 10 10 10
1504108800 10 10 10 10
1504101600 10 10 10 10
1504094400 10 10 10 10
1504087200 10 10 10 10
1504080000 10 10 10 10
1504072800 10 10 10 10
1504065600 10 10 10 10
1504058400 10 10 10 10
1504051200 10 10 10 10
1504044000 10 10 10 10
1504036800 10 10 10 10
1504029600 10 10 10 10
1504022400 10 10 10 10
1504015200 10 10 10 10
1504008000 10 10 10 10
1504000800 10 10 10 10
1503993600 10 10 10 10
1503986400 10 10 10 10
1503979200 10 10 10 10
1503972000 10 10 10 10
1503964800 10 10 10 10
1503957600 10 10 10 10
1503950400 10 10 10 10
1503943200 10 10 10 10
1503936000 10 10 10 10
1503928800 10 10 10 10
1503921600 10 10 10 10
1503914400 10 10 10 10
1503907200 10 10 10 10
1503900000 10 10 10 10
1503892800 10 10 10 10
1503885600 10 10 10 10
1503878400 10 10 10 10
1503871200 10 10 10 10
1503864000 10 10 10 10
1503856800 10 10 10 10
1503849600 10 10 10 10
1503842400 10 10 10 10
1503835200 10 10 10 10
1503828000 10 10 10 10
1503820800 10 10 10 10
1503813600 10 10 10 10
1503806400 10 10 10 10
1503799200 10 10 10 10
1503792000 10 10 10 10
1503784800 10 10 10 10
1503777600 10 10 10 10
1503770400 10 10 10 10
1503763200 10 10 10 10
1503756000 10 10 10 10
1503748800 10 10 10 10
1503741600 10 10 10 10
1503734400 10 10 10 10
1503727200 10 10 10 10
1503720000 10 10 10 10
1503712800 10 10 10 10
1503705600 10 10 10 10
1503698400 10 10 10 10
1503691200 10 10 10 10
1503684000 10 10 10 10
1503676800 10 10 10 10
1503669600 10 10 10 10
1503662400 10 10 10 10
1503655200 10 10 10 10
1503648000 10 10 10 10
1503640800 10 10 10 10
1503633600 10 10 10 10
1503626400 10 10 10 10
1503619200 10 10 10 10
1503612000 10 10 10 10
1503604800 10 10 10 10
1503597600 10 10 10 10
1503590400 10 10 10 10
1503583200 10 10 10 10
1503576000 10 10 10 10
1503568800 10 10 10 10
1503561600 10 10 10 10
1503554400 10 10 10 10
1503547200 10 10 10 10
1503540000 10 10 10 10
1503532800 10 10 10 10
1503525600 10 10 10 10
1503518400 10 10 10 10
1503511200 10 10 10 10
1503504000 10 10 10 10
1503496800 10 10 10 10
1503489600 10 10 10 10
1503482400 10 10 10 10
1503475200 10 10 10 10
1503468000 10 10 10 10
1503460800 10 10 10 10
1503453600 10 10 10 10
1503446400 10 10 10 10
1503439200 10 10 10 10
1503432000 10 10 10 10
1503424800 10 10 10 10
1503360000 10 10 10 10
1503273600 10 10 10 10
1503187200 10 10 10 10
1503100800 10 10 10 10
1503014400 10 10 10 10
1502928000 10 10 10 10
1502841600 10 10 10 10
1502755200 10 10 10 10
1502668800 10 10 10 10
1502582400 10 10 10 10
1502496000 10 10 10 10
1502409600 10 10 10 10
1502323200 10 10 10 10
1502236800 10 10 10 10
1502150400 10 10 10 10
1502064000 10 10 10 10
1501977600 10 10 10 10
1501891200 10 10 10 10
1501804800 10 10 10 10
1501718400 10 10 10 10
1501632000 10 10 10 10
1501545600 10 10 10 10
1501459200 10 10 10 10
1501372800 10 10 10 10
1501286400 8 8 10 10
1501200000 10 10 10 10
1501113600 10 10 10 10
1501027200 10 10 10 10
1500940800 10 10 10 10
1500854400 10 10 10 10
1500768000 10 10 10 10
1500681600 10 10 10 10
1500595200 10 10 10 10
1500508800 10 10 10 10
1500422400 10 10 10 10
1500336000 10 10 10 10
1500249600 10 10 10 10
1500163200 10 10 10 10
1500076800 9 9 10 10
1499990400 10 10 10 10
1499904000 10 10 10 10
1499817600 10 10 10 10
1499731200 10 10 10 10
1499644800 10 10 10 10
1499558400 10 10 10 10
1499472000 10 10 10 10
1499385600 10 10 10 10
1499299200 10 10 10 10
1499212800 10 10 10 10
1499126400 10 10 10 10
1499040000 10 10 10 10
1498953600 9 9 10 10
1498867200 10 10 10 10
1498780800 10 10 10 10
1498694400 10 10 10 10
1498608000 10 10 10 10
1498521600 10 10 10 10
1498435200 10 10 10 10
1498348800 10 10 10 10
1498262400 10 10 10 10
1498176000 10 10 10 10
1498089600 10 10 10 10
1498003200 10 10 10 10
1497916800 10 10 10 10
1497830400 10 10 10 10
1497744000 10 10 10 10
1497657600 10 10 10 10
1497571200 10 10 10 10
1497484800 10 10 10 10
1497398400 10 10 10 10
1497312000 10 10 10 10
1497225600 10 10 10 10
1497139200 10 10 10 10
1497052800 9 9 10 10
1496966400 10 10 10 10
1496880000 10 10 10 10
1496793600 10 10 10 10
1496707200 10 10 10 10
1496620800 10 10 10 10
1496534400 10 10 10 10
1496448000 10 10 10 10
1496361600 10 10 10 10
1496275200 10 10 10 10
1496188800 10 10 10 10
1496102400 10 10 10 10
1496016000 10 10 10 10
1495929600 9 9 10 10
1495843200 10 10 10 10
1495756800 10 10 10 10
1495670400 10 10 10 10
1495584000 10 10 10 10
1495497600 10 10 10 10
1495411200 10 10 10 10
1495324800 10 10 10 10
1495238400 10 10 10 10
1495152000 10 10 10 10
1495065600 10 10 10 10
1494979200 10 10 10 10
1494892800 10 10 10 10
1494806400 10 10 10 10
1494720000 10 10 10 10
1494633600 10 10 10 10
1494547200 10 10 10 10
1494460800 10 10 10 10
1494374400 10 10 10 10
1494288000 10 10 10 10
1494201600 10 10 10 10
1494115200 10 10 10 10
1494028800 10 10 10 10
1493942400 10 10 10 10
1493856000 10 10 10 10
1493769600 10 10 10 10
1493683200 10 10 10 10
1493596800 10 10 10 10
1493510400 10 10 10 10
1493424000 10 10 10 10
1493337600 10 10 10 10
1493251200 10 10 10 10
1493164800 10 10 10 10
1493078400 10 10 10 10
1492992000 10 10 10 10
1492905600 10 10 10 10
1492819200 10 10 10 10
1492732800 10 10 10 10
1492646400 10 10 10 10
1492560000 10 10 10 10
1492473600 10 10 10 10
1492387200 10 10 10 10
1492300800 10 10 10 10
1492214400 10 10 10 10
1492128000 10 10 10 10
1492041600 10 10 10 10
1491955200 10 10 10 10
1491868800 10 10 10 10
1491782400 10 10 10 10
1491696000 10 10 10 10
1491609600 10 10 10 10
1491523200 10 10 10 10
1491436800 10 10 10 10
1491350400 10 10 10 10
1491264000 10 10 10 10
1491177600 10 10 10 10
1491091200 10 10 10 10
1491004800 10 10 10 10
1490918400 10 10 10 10
1490832000 10 10 10 10
1490745600 10 10 10 10
1490659200 10 10 10 10
1490572800 10 10 10 10
1490486400 10 10 10 10
1490400000 10 10 100 100
1490313600 10 10 10 10
1490227200 10 10 10 10
1490140800 10 10 10 10
1490054400 10 10 10 10
1489968000 10 10 10 10
1489881600 10 10 10 10
1489795200 10 10 10 10
1489708800 10 10 10 10
1489622400 10 10 10 10
1489536000 10 10 10 10
1489449600 10 10 10 10
1489363200 10 10 10 10
1489276800 10 10 10 10
1489190400 10 10 10 10
1489104000 10 10 10 10
1489017600 10 10 10 10
1488931200 9 9 10 10
1488844800 10 10 10 10
1488758400 10 10 10 10
1488672000 10 10 10 10
1488585600 10 10 10 10
1488499200 10 10 10 10
1488412800 9 9 10 10
1488326400 9 9 10 10
1488240000 10 10 10 10
1488153600 10 10 10 10
1488067200 10 10 10 10
1487980800 10 10 10 10
1487894400 10 10 10 10
1487808000 10 10 10 10
1487721600 10 10 10 10
1487635200 10 10 10 10
1487548800 10 10 10 10
1487462400 10 10 10 10
1487376000 10 10 10 10
1487289600 10 10 10 10
1487203200 10 10 10 10
1487116800 9 9 10 10
1487030400 8 8 10 10
1486944000 8 8 10 10
1486857600 8 8 10 10
1486771200 9 9 10 10
1486684800 9 9 10 10
1486598400 10 10 10 10
1486512000 10 10 10 10
1486425600 10 10 10 10
1486339200 9 9 10 10
1486252800 9 9 10 10
1486166400 10 10 10 10
1486080000 9 9 10 10
1485993600 9 9 10 10
1485907200 9 9 10 10
1485820800 9 9 10 10
1485734400 10 10 10 10
1485648000 10 10 10 10
1485561600 10 10 10 10
1485475200 10 10 10 10
1485388800 10 10 10 10
1485302400 10 10 10 10
1485216000 10 10 10 10
1485129600 10 10 10 10
1485043200 10 10 10 10
1484956800 10 10 10 10
1484870400 10 10 10 10
1484784000 10 10 10 10
1484697600 10 10 10 10
1484611200 10 10 10 10
1484524800 10 10 10 10
1484438400 10 10 10 10
1484352000 10 10 10 10
1484265600 10 10 10 10
1484179200 10 10 10 10
1484092800 10 10 10 10
1484006400 10 10 10 10
1483920000 10 10 10 10
1483833600 10 10 10 10
1483747200 10 10 10 10
1483660800 10 10 10 10
1483574400 9 9 10 10
1483488000 9 9 10 10
1483401600 10 10 10 10
1483315200 10 10 10 10
1483228800 9 9 10 10
1483142400 10 10 10 10
1483056000 10 10 10 10
1482969600 10 10 10 10
1482883200 10 10 10 10
1482796800 10 10 10 10
1482710400 10 10 10 10
1482624000 10 10 10 10
1482537600 10 10 10 10
1482451200 10 10 10 10
1482364800 10 10 10 10
1482278400 10 10 10 10
1482192000 10 10 10 10
1482105600 10 10 10 10
1482019200 10 10 10 10
1481932800 10 10 10 10
1481846400 10 10 10 10
1481760000 10 10 10 10
1481673600 10 10 10 10
1481587200 10 10 10 10
1481500800 10 10 10 10
1481414400 10 10 10 10
1481328000 10 10 10 10
1481241600 10 10 10 10
1481155200 10 10 10 10
1481068800 10 10 10 10
1480982400 10 10 10 10
1480896000 10 10 10 10
1480809600 10 10 10 10
1480723200 10 10 10 10
1480636800 10 10 10 10
1480550400 10 10 10 10
1480464000 10 10 10 10
1480377600 10 10 10 10
1480291200 10 10 10 10
1480204800 10 10 10 10
1480118400 10 10 10 10
1480032000 10 10 10 10
1479945600 10 10 10 10
1479859200 10 10 10 10
1479772800 10 10 10 10
1479686400 10 10 10 10
1479600000 10 10 10 10
1479513600 10 10 10 10
1479427200 10 10 10 10
1479340800 10 10 10 10
1479254400 10 10 11 11
1479168000 11 11 11 11
1479081600 11 11 11 11
1478995200 11 11 11 11
1478908800 11 11 11 11
1478822400 11 11 11 11
1478736000 11 11 11 11
1478649600 11 11 11 11
1478563200 11 11 11 11
1478476800 11 11 11 11
1478390400 11 11 11 11
1478304000 11 11 11 11
1478217600 11 11 11 11
1478131200 11 11 11 11
1478044800 11 11 11 11
1477958400 11 11 11 11
1477872000 11 11 11 11
1477785600 11 11 11 11
1477699200 11 11 11 11
1477612800 11 11 11 11
1477526400 11 11 11 11
1477440000 11 11 11 11
1477353600 11 11 11 11
1477267200 11 11 11 11
1477180800 11 11 11 11
1477094400 11 11 11 11
1477008000 11 11 11 11
1476921600 11 11 11 11
1476835200 11 11 11 11
1476748800 11 11 11 11
1476662400 11 11 11 11
1476576000 11 11 11 11
1476489600 11 11 11 11
1476403200 11 11 11 11
1476316800 11 11 11 11
1476230400 11 11 11 11
1476144000 11 11 11 11
1476057600 11 11 11 11
1475971200 11 11 11 11
1475884800 11 11 11 11
1475798400 11 11 11 11
1475712000 11 11 11 11
1475625600 11 11 11 11
1475539200 11 11 11 11
1475452800 11 11 11 11
1475366400 11 11 11 11
1475280000 11 11 11 11
1475193600 11 11 11 11
1475107200 11 11 11 11
1475020800 11 11 11 11
1474934400 11 11 11 11
1474848000 11 11 11 11
1474761600 11 11 11 11
1474675200 11 11 11 11
1474588800 11 11 11 11
1474502400 11 11 11 11
1474416000 11 11 11 11
1474329600 11 11 11 11
1474243200 11 11 11 11
1474156800 11 11 11 11
1474070400 11 11 11 11
1473984000 11 11 11 11
1473897600 11 11 11 11
1473811200 11 11 11 11
1473724800 11 11 11 11
1473638400 11 11 11 11
1473552000 11 11 11 11
1473465600 11 11 11 11
1473379200 11 11 11 11
1473292800 11 11 11 11
1473206400 11 11 11 11
1473120000 11 11 11 11
1473033600 11 11 11 11
1472947200 11 11 11 11
1472860800 11 11 11 11
1472774400 11 11 11 11
1472688000 11 11 11 11
1472601600 11 11 11 11
1472515200 11 11 11 11
1472428800 11 11 11 11
1472342400 11 11 11 11
1472256000 11 11 11 11
1472169600 11 11 11 11
1472083200 11 11 11 11
1471996800 11 11 11 11
1471910400 11 11 11 11
1471824000 11 11 11 11
1471737600 11 11 11 11
1471651200 11 11 11 11
1471564800 11 11 11 11
1471478400 11 11 11 11
1471392000 11 11 11 11
1471305600 11 11 11 11
1471219200 11 11 11 11
1471132800 11 11 11 11
1471046400 11 11 11 11
1470960000 11 11 11 11
1470873600 11 11 11 11
1470787200 11 11 11 11
1470700800 11 11 11 11
1470614400 11 11 11 11
1470528000 11 11 11 11
1470441600 11 11 11 11
1470355200 11 11 11 11
1470268800 11 11 11 11
1470182400 11 11 11 11
1470096000 11 11 11 11
1470009600 11 11 11 11
1469923200 11 11 11 11
1469836800 11 11 11 11
1469750400 11 11 11 11
1469664000 11 11 11 11
1469577600 11 11 11 11
1469491200 11 11 11 11
1469404800 11 11 11 11
1469318400 11 11 11 11
1469232000 11 11 11 11
1469145600 11 11 11 11
1469059200 11 11 11 11
1468972800 11 11 11 11
1468886400 11 11 11 11
1468800000 11 11 11 11
1468713600 11 11 11 11
1468627200 11 11 11 11
1468540800 11 11 11 11
1468454400 11 11 11 11
1468368000 11 11 11 11
1468281600 11 11 11 11
1468195200 11 11 11 11
1468108800 11 11 11 11
1468022400 11 11 11 11
1467936000 11 11 11 11
1467849600 11 11 11 11
1467763200 11 11 11 11
1467676800 11 11 11 11
1467590400 11 11 11 11
1467504000 11 11 11 11
1467417600 11 11 11 11
1467331200 11 11 11 11
1467244800 11 11 11 11
1467158400 11 11 11 11
1467072000 11 11 11 11
1466985600 11 11 11 11
1466899200 11 11 11 11
1466812800 11 11 11 11
1466726400 11 11 11 11
1466640000 11 11 11 11
1466553600 11 11 11 11
1466467200 11 11 11 11
1466380800 11 11 11 11
1466294400 11 11 11 11
1466208000 11 11 11 11
1466121600 11 11 11 11
1466035200 11 11 11 11
1465948800 11 11 11 11
1465862400 11 11 11 11
1465776000 11 11 11 11
1465689600 11 11 11 11
1465603200 11 11 11 11
1465516800 11 11 11 11
1465430400 11 11 11 11
1465344000 11 11 11 11
1465257600 11 11 11 11
1465171200 11 11 11 11
1465084800 11 11 11 11
1464998400 11 11 11 11
1464912000 11 11 11 11
1464825600 11 11 11 11
1464739200 11 11 11 11
1464652800 11 11 11 11
1464566400 11 11 11 11
1464480000 11 11 11 11
1464393600 11 11 11 11
1464307200 11 11 11 11
1464220800 11 11 11 11
1464134400 11 11 11 11
1464048000 11 11 11 11
1463961600 11 11 11 11
1463875200 11 11 11 11
1463788800 11 11 11 11
1463702400 11 11 11 11
1463616000 11 11 11 11
1463529600 11 11 11 11
1463443200 11 11 11 11
1463356800 11 11 11 11
1463270400 11 11 11 11
1463184000 11 11 11 11
1463097600 11 11 11 11
1463011200 11 11 11 11
1462924800 11 11 11 11
1462838400 11 11 11 11
1462752000 11 11 11 11
1462665600 11 11 11 11
1462579200 11 11 11 11
1462492800 11 11 11 11
1462406400 11 11 11 11
1462320000 11 11 11 11
1462233600 11 11 11 11
1462147200 11 11 11 11
1462060800 11 11 11 11
1461974400 11 11 11 11
1461888000 11 11 11 11
1461801600 11 11 11 11
1461715200 11 11 11 11
1461628800 11 11 11 11
1461542400 11 11 11 11
1461456000 11 11 11 11
1461369600 11 11 11 11
1461283200 11 11 11 11
1461196800 11 11 11 11
1461110400 11 11 11 11
1461024000 11 11 11 11
1460937600 11 11 11 11
1460851200 11 11 11 11
1460764800 11 11 11 11
1460678400 11 11 11 11
1460592000 11 11 11 11
1460505600 11 11 11 11
1460419200 11 11 11 11
1460332800 11 11 11 11
1460246400 11 11 11 11
1460160000 11 11 11 11
1460073600 11 11 11 11
1459987200 10 10 11 11
1459900800 10 10 11 11
1459814400 10 10 11 11
1459728000 10 10 11 11
1459641600 10 10 11 11
1459555200 9 9 11 11
1459468800 10 10 11 11
1459382400 10 10 11 11
1459296000 10 10 11 11
1459209600 9 9 10 10
1459123200 9 9 10 10
1459036800 10 10 11 11
1458950400 9 9 11 11
1458864000 10 10 11 11
1458777600 10 10 11 11
1458691200 9 9 11 11
1458604800 10 10 11 11
1458518400 10 10 11 11
1458432000 10 10 11 11
1458345600 10 10 11 11
1458259200 10 10 11 11
1458172800 10 10 11 11
1458086400 10 10 11 11
1458000000 11 11 11 11
1457913600 10 10 11 11
1457827200 10 10 11 11
1457740800 10 10 11 11
1457654400 11 11 11 11
1457568000 10 10 11 11
1457481600 10 10 11 11
1457395200 10 10 11 11
1457308800 10 10 11 11
1457222400 10 10 11 11
1457136000 10 10 11 11
1457049600 10 10 11 11
1456963200 10 10 11 11
1456876800 10 10 11 11
1456790400 10 10 11 11
1456704000 10 10 11 11
1456617600 10 10 11 11
1456531200 10 10 11 11
1456444800 10 10 11 11
1456358400 10 10 11 11
1456272000 9 9 10 10
1456185600 10 10 11 11
1456099200 10 10 11 11
1456012800 10 10 11 11
1455926400 10 10 11 11
1455840000 10 10 11 11
1455753600 10 10 11 11
1455667200 10 10 11 11
1455580800 10 10 10 10
1455494400 10 10 10 10
1455408000 9 9 10 10
1455321600 9 9 10 10
1455235200 10 10 10 10
1455148800 9 9 10 10
1455062400 9 9 10 10
1454976000 9 9 11 11
1454889600 10 10 10 10
1454803200 10 10 10 10
1454716800 10 10 10 10
1454630400 10 10 10 10
1454544000 9 9 10 10
1454457600 9 9 10 10
1454371200 9 9 10 10
1454284800 9 9 10 10
1454198400 9 9 10 10
1454112000 8 8 10 10
1454025600 9 9 10 10
1453939200 8 8 10 10
1453852800 8 8 10 10
1453766400 8 8 10 10
1453680000 9 9 9 9
1453593600 9 9 9 9
1453507200 9 9 10 10
1453420800 9 9 10 10
1453334400 9 9 10 10
1453248000 7 7 10 10
1453161600 9 9 10 10
1453075200 9 9 10 10
1452988800 9 9 10 10
1452902400 9 9 10 10
1452816000 8 8 10 10
1452729600 9 9 10 10
1452643200 9 9 10 10
1452556800 9 9 10 10
1452470400 9 9 10 10
1452384000 9 9 10 10
1452297600 9 9 9 9
1452211200 9 9 9 9
1452124800 9 9 10 10
1452038400 8 8 9 9
1451952000 8 8 9 9
1451865600 8 8 9 9
1451779200 9 9 9 9
1451692800 9 9 9 9
1451606400 8 8 9 9
1451520000 8 8 9 9
1451433600 8 8 10 10
1451347200 10 10 10 10
1451260800 9 9 10 10
1451174400 9 9 10 10
1451088000 9 9 10 10
1451001600 9 9 10 10
1450915200 8 8 10 10
1450828800 9 9 10 10
1450742400 9 9 10 10
1450656000 9 9 10 10
1450569600 9 9 10 10
1450483200 9 9 10 10
1450396800 9 9 10 10
1450310400 9 9 10 10
1450224000 8 8 10 10
1450137600 9 9 10 10
1450051200 9 9 10 10
1449964800 8 8 9 9
1449878400 9 9 9 9
1449792000 9 9 9 9
1449705600 9 9 9 9
1449619200 8 8 9 9
1449532800 8 8 9 9
1449446400 8 8 8 8
1449360000 8 8 9 9
1449273600 8 8 8 8
1449187200 8 8 8 8
1449100800 7 7 8 8
1449014400 7 7 8 8
1448928000 7 7 8 8
1448841600 7 7 7 7
1448755200 7 7 8 8
1448668800 7 7 9 9
1448582400 7 7 9 9
1448496000 7 7 8 8
1448409600 7 7 9 9
1448323200 7 7 9 9
1448236800 7 7 9 9
1448150400 9 9 10 10
1448064000 10 10 10 10
1447977600 10 10 10 10
1447891200 10 10 10 10
1447804800 10 10 10 10
1447718400 10 10 10 10
1447632000 10 10 10 10
1447545600 10 10 10 10
1447459200 10 10 10 10
1447372800 10 10 10 10
1447286400 10 10 10 10
1447200000 10 10 10 10
1447113600 10 10 10 10
1447027200 10 10 10 10
1446940800 10 10 10 10
1446854400 10 10 10 10
1446768000 10 10 10 10
1446681600 10 10 10 10
1446595200 10 10 10 10
1446508800 10 10 10 10
1446422400 10 10 10 10
1446336000 9 9 10 10
1446249600 10 10 10 10
1446163200 10 10 10 10
1446076800 10 10 10 10
1445990400 10 10 10 10
1445904000 10 10 10 10
1445817600 10 10 10 10
1445731200 10 10 10 10
1445644800 10 10 10 10
1445558400 10 10 10 10
1445472000 10 10 10 10
1445385600 10 10 10 10
1445299200 10 10 10 10
1445212800 10 10 10 10
1445126400 10 10 10 10
1445040000 10 10 10 10
1444953600 10 10 10 10
1444867200 10 10 10 10
1444780800 10 10 10 10
1444694400 10 10 10 10
1444608000 10 10 10 10
1444521600 10 10 10 10
1444435200 10 10 10 10
1444348800 10 10 10 10
1444262400 10 10 10 10
1444176000 9 9 10 10
1444089600 10 10 10 10
1444003200 10 10 10 10
1443916800 9 9 10 10
1443830400 10 10 10 10
1443744000 10 10 10 10
1443657600 9 9 10 10
1443571200 10 10 10 10
1443484800 10 10 10 10
1443398400 10 10 10 10
1443312000 10 10 10 10
1443225600 9 9 10 10
1443139200 8 8 10 10
1443052800 8 8 10 10
1442966400 10 10 10 10
1442880000 10 10 10 10
1442793600 9 9 10 10
1442707200 8 8 10 10
1442620800 10 10 10 10
1442534400 10 10 10 10
1442448000 10 10 10 10
1442361600 10 10 10 10
1442275200 10 10 10 10
1442188800 10 10 10 10
1442102400 10 10 10 10
1442016000 8 8 10 10
1441929600 10 10 10 10
1441843200 10 10 10 10
1441756800 10 10 10 10
1441670400 10 10 10 10
1441584000 10 10 10 10
1441497600 10 10 10 10
1441411200 9 9 10 10
1441324800 9 9 10 10
1441238400 10 10 10 10
1441152000 9 9 10 10
1441065600 9 9 10 10
1440979200 10 10 10 10
1440892800 10 10 10 10
1440806400 10 10 10 10
1440720000 10 10 10 10
1440633600 10 10 10 10
1440547200 10 10 10 10
1440460800 10 10 10 10
1440374400 9 9 10 10
1440288000 9 9 10 10
1440201600 9 9 10 10
