1509011702 8 8
1509011702 8 8 8 8
1509011405 8 8 8 8
1509011400 8 8 8 8
1509011100 8 8 8 8
1509010800 8 8 8 8
1509010500 8 8 8 8
1509010200 8 8 8 8
1509009900 8 8 8 8
1509009600 8 8 8 8
1509009300 8 8 8 8
1509009000 8 8 8 8
1509008700 8 8 8 8
1509008400 8 8 8 8
1509008100 8 8 8 8
1509007800 8 8 8 8
1509007500 8 8 8 8
1509007200 8 8 8 8
1509006900 8 8 8 8
1509006600 8 8 8 8
1509006300 8 8 8 8
1509006000 8 8 8 8
1509005700 8 8 8 8
1509005400 8 8 8 8
1509005100 8 8 8 8
1509004800 8 8 8 8
1509004500 8 8 8 8
1509004200 8 8 8 8
1509003900 8 8 8 8
1509003600 8 8 8 8
1509003300 8 8 8 8
1509003000 8 8 8 8
1509002700 8 8 8 8
1509002400 8 8 8 8
1509002100 8 8 8 8
1509001800 8 8 8 8
1509001500 8 8 8 8
1509001200 8 8 8 8
1509000900 8 8 8 8
1509000600 8 8 8 8
1509000300 8 8 8 8
1509000000 8 8 8 8
1508999700 8 8 8 8
1508999400 8 8 8 8
1508999100 8 8 8 8
1508998800 8 8 8 8
1508998500 8 8 8 8
1508998200 8 8 8 8
1508997900 8 8 8 8
1508997600 8 8 8 8
1508997300 8 8 8 8
1508997000 8 8 8 8
1508996700 8 8 8 8
1508996400 8 8 8 8
1508996100 8 8 8 8
1508995800 8 8 8 8
1508995500 8 8 8 8
1508995200 8 8 8 8
1508994900 8 8 8 8
1508994600 8 8 8 8
1508994300 8 8 8 8
1508994000 8 8 8 8
1508993700 8 8 8 8
1508993400 8 8 8 8
1508993100 8 8 8 8
1508992800 8 8 8 8
1508992500 8 8 8 8
1508992200 8 8 8 8
1508991900 8 8 8 8
1508991600 8 8 8 8
1508991300 8 8 8 8
1508991000 8 8 8 8
1508990700 8 8 8 8
1508990400 8 8 8 8
1508990100 8 8 8 8
1508989800 8 8 8 8
1508989500 8 8 8 8
1508989200 8 8 8 8
1508988900 8 8 8 8
1508988600 8 8 8 8
1508988300 8 8 8 8
1508988000 8 8 8 8
1508987700 8 8 8 8
1508987400 8 8 8 8
1508987100 8 8 8 8
1508986800 8 8 8 8
1508986500 8 8 8 8
1508986200 8 8 8 8
1508985900 8 8 8 8
1508985600 8 8 8 8
1508985300 8 8 8 8
1508985000 8 8 8 8
1508984700 8 8 8 8
1508984400 8 8 8 8
1508984100 8 8 8 8
1508983800 8 8 8 8
1508983500 8 8 8 8
1508983200 8 8 8 8
1508982900 8 8 8 8
1508982600 8 8 8 8
1508982300 8 8 8 8
1508982000 8 8 8 8
1508981700 8 8 8 8
1508981400 8 8 8 8
1508981100 8 8 8 8
1508980800 8 8 8 8
1508980500 8 8 8 8
1508980200 8 8 8 8
1508979900 8 8 8 8
1508979600 8 8 8 8
1508979300 8 8 8 8
1508979000 8 8 8 8
1508978700 8 8 8 8
1508978400 8 8 8 8
1508978100 8 8 8 8
1508977800 8 8 8 8
1508977500 8 8 8 8
1508977200 8 8 8 8
1508976900 8 8 8 8
1508976600 8 8 8 8
1508976300 8 8 8 8
1508976000 8 8 8 8
1508975700 8 8 8 8
1508975400 8 8 8 8
1508975100 8 8 8 8
1508974800 8 8 8 8
1508974500 8 8 8 8
1508974200 8 8 8 8
1508973900 8 8 8 8
1508973600 8 8 8 8
1508973300 8 8 8 8
1508973000 8 8 8 8
1508972700 8 8 8 8
1508972400 8 8 8 8
1508972100 8 8 8 8
1508971800 8 8 8 8
1508971500 8 8 8 8
1508971200 8 8 8 8
1508970900 8 8 8 8
1508970600 8 8 8 8
1508970300 8 8 8 8
1508970000 8 8 8 8
1508969700 8 8 8 8
1508969400 8 8 8 8
1508969100 8 8 8 8
1508968800 8 8 8 8
1508968500 8 8 8 8
1508968200 8 8 8 8
1508967900 8 8 8 8
1508967600 8 8 8 8
1508967300 8 8 8 8
1508967000 8 8 8 8
1508966700 8 8 8 8
1508966400 8 8 8 8
1508966100 8 8 8 8
1508965800 8 8 8 8
1508965500 8 8 8 8
1508965200 8 8 8 8
1508964900 8 8 8 8
1508964600 8 8 8 8
1508964300 8 8 8 8
1508964000 8 8 8 8
1508963700 8 8 8 8
1508963400 8 8 8 8
1508963100 8 8 8 8
1508962800 8 8 8 8
1508962500 8 8 8 8
1508962200 8 8 8 8
1508961900 8 8 8 8
1508961600 8 8 8 8
1508961300 8 8 8 8
1508961000 8 8 8 8
1508960700 8 8 8 8
1508960400 8 8 8 8
1508960100 8 8 8 8
1508959800 8 8 8 8
1508959500 8 8 8 8
1508959200 8 8 8 8
1508958900 8 8 8 8
1508958600 8 8 8 8
1508958300 8 8 8 8
1508958000 8 8 8 8
1508957700 8 8 8 8
1508957400 8 8 8 8
1508957100 8 8 8 8
1508956800 8 8 8 8
1508956500 8 8 8 8
1508956200 8 8 8 8
1508955900 8 8 8 8
1508955600 8 8 8 8
1508955300 8 8 8 8
1508955000 8 8 8 8
1508954700 8 8 8 8
1508954400 8 8 8 8
1508954100 8 8 8 8
1508953800 8 8 8 8
1508953500 8 8 8 8
1508953200 8 8 8 8
1508952900 8 8 8 8
1508952600 8 8 8 8
1508952300 8 8 8 8
1508952000 8 8 8 8
1508951700 8 8 8 8
1508951400 8 8 8 8
1508951100 8 8 8 8
1508950800 8 8 8 8
1508950500 8 8 8 8
1508950200 8 8 8 8
1508949900 8 8 8 8
1508949600 8 8 8 8
1508949300 8 8 8 8
1508949000 8 8 8 8
1508948700 8 8 8 8
1508948400 8 8 8 8
1508948100 8 8 8 8
1508947800 8 8 8 8
1508947500 8 8 8 8
1508947200 8 8 8 8
1508946900 8 8 8 8
1508946600 8 8 8 8
1508946300 8 8 8 8
1508946000 8 8 8 8
1508945700 8 8 8 8
1508945400 8 8 8 8
1508945100 8 8 8 8
1508944800 8 8 8 8
1508944500 8 8 8 8
1508944200 8 8 8 8
1508943900 8 8 8 8
1508943600 8 8 8 8
1508943300 8 8 8 8
1508943000 8 8 8 8
1508942700 8 8 8 8
1508942400 8 8 8 8
1508942100 8 8 8 8
1508941800 8 8 8 8
1508941500 8 8 8 8
1508941200 8 8 8 8
1508940900 8 8 8 8
1508940600 8 8 8 8
1508940300 8 8 8 8
1508940000 8 8 8 8
1508939700 8 8 8 8
1508939400 8 8 8 8
1508939100 8 8 8 8
1508938800 8 8 8 8
1508938500 8 8 8 8
1508938200 8 8 8 8
1508937900 8 8 8 8
1508937600 8 8 8 8
1508937300 8 8 8 8
1508937000 8 8 8 8
1508936700 8 8 8 8
1508936400 8 8 8 8
1508936100 8 8 8 8
1508935800 8 8 8 8
1508935500 8 8 8 8
1508935200 8 8 8 8
1508934900 8 8 8 8
1508934600 8 8 8 8
1508934300 8 8 8 8
1508934000 8 8 8 8
1508933700 8 8 8 8
1508933400 8 8 8 8
1508933100 8 8 8 8
1508932800 8 8 8 8
1508932500 8 8 8 8
1508932200 8 8 8 8
1508931900 8 8 8 8
1508931600 8 8 8 8
1508931300 8 8 8 8
1508931000 8 8 8 8
1508930700 8 8 8 8
1508930400 8 8 8 8
1508930100 8 8 8 8
1508929800 8 8 8 8
1508929500 8 8 8 8
1508929200 8 8 8 8
1508928900 8 8 8 8
1508928600 8 8 8 8
1508928300 8 8 8 8
1508928000 8 8 8 8
1508927700 8 8 8 8
1508927400 8 8 8 8
1508927100 8 8 8 8
1508926800 8 8 8 8
1508926500 8 8 8 8
1508926200 8 8 8 8
1508925900 8 8 8 8
1508925600 8 8 8 8
1508925300 8 8 8 8
1508925000 8 8 8 8
1508924700 8 8 8 8
1508924400 8 8 8 8
1508924100 8 8 8 8
1508923800 8 8 8 8
1508923500 8 8 8 8
1508923200 8 8 8 8
1508922900 8 8 8 8
1508922600 8 8 8 8
1508922300 8 8 8 8
1508922000 8 8 8 8
1508921700 8 8 8 8
1508921400 8 8 8 8
1508921100 8 8 8 8
1508920800 8 8 8 8
1508920500 8 8 8 8
1508920200 8 8 8 8
1508919900 8 8 8 8
1508919600 8 8 8 8
1508919300 8 8 8 8
1508919000 8 8 8 8
1508918700 8 8 8 8
1508918400 8 8 8 8
1508918100 8 8 8 8
1508917800 8 8 8 8
1508917500 8 8 8 8
1508917200 8 8 8 8
1508916900 8 8 8 8
1508916600 8 8 8 8
1508916300 8 8 8 8
1508916000 8 8 8 8
1508915700 8 8 8 8
1508915400 8 8 8 8
1508915100 8 8 8 8
1508914800 8 8 8 8
1508914500 8 8 8 8
1508914200 8 8 8 8
1508913900 8 8 8 8
1508913600 8 8 8 8
1508913300 8 8 8 8
1508913000 8 8 8 8
1508912700 8 8 8 8
1508912400 8 8 8 8
1508912100 8 8 8 8
1508911800 8 8 8 8
1508911500 8 8 8 8
1508911200 8 8 8 8
1508910900 8 8 8 8
1508910600 8 8 8 8
1508910300 8 8 8 8
1508910000 8 8 8 8
1508909700 8 8 8 8
1508909400 8 8 8 8
1508909100 8 8 8 8
1508908800 8 8 8 8
1508908500 8 8 8 8
1508908200 8 8 8 8
1508907900 8 8 8 8
1508907600 8 8 8 8
1508907300 8 8 8 8
1508907000 8 8 8 8
1508906700 8 8 8 8
1508906400 8 8 8 8
1508906100 8 8 8 8
1508905800 8 8 8 8
1508905500 8 8 8 8
1508905200 8 8 8 8
1508904900 8 8 8 8
1508904600 8 8 8 8
1508904300 8 8 8 8
1508904000 8 8 8 8
1508903700 8 8 8 8
1508903400 8 8 8 8
1508903100 8 8 8 8
1508902800 8 8 8 8
1508902500 8 8 8 8
1508902200 8 8 8 8
1508901900 8 8 8 8
1508901600 8 8 8 8
1508901300 8 8 8 8
1508901000 8 8 8 8
1508900700 8 8 8 8
1508900400 8 8 8 8
1508900100 8 8 8 8
1508899800 8 8 8 8
1508899500 8 8 8 8
1508899200 8 8 8 8
1508898900 8 8 8 8
1508898600 8 8 8 8
1508898300 8 8 8 8
1508898000 8 8 8 8
1508897700 8 8 8 8
1508897400 8 8 8 8
1508897100 8 8 8 8
1508896800 8 8 8 8
1508896500 8 8 8 8
1508896200 8 8 8 8
1508895900 8 8 8 8
1508895600 8 8 8 8
1508895300 8 8 8 8
1508895000 8 8 8 8
1508894700 8 8 8 8
1508894400 8 8 8 8
1508894100 8 8 8 8
1508893800 8 8 8 8
1508893500 8 8 8 8
1508893200 8 8 8 8
1508892900 8 8 8 8
1508892600 8 8 8 8
1508892300 8 8 8 8
1508892000 8 8 8 8
1508891700 8 8 8 8
1508891400 8 8 8 8
1508891100 8 8 8 8
1508890800 8 8 8 8
1508890500 8 8 8 8
1508890200 8 8 8 8
1508889900 8 8 8 8
1508889600 8 8 8 8
1508889300 8 8 8 8
1508889000 8 8 8 8
1508888700 8 8 8 8
1508888400 8 8 8 8
1508888100 8 8 8 8
1508887800 8 8 8 8
1508887500 8 8 8 8
1508887200 8 8 8 8
1508886900 8 8 8 8
1508886600 8 8 8 8
1508886300 8 8 8 8
1508886000 8 8 8 8
1508885700 8 8 8 8
1508885400 8 8 8 8
1508885100 8 8 8 8
1508884800 8 8 8 8
1508884500 8 8 8 8
1508884200 8 8 8 8
1508883900 8 8 8 8
1508883600 8 8 8 8
1508883300 8 8 8 8
1508883000 8 8 8 8
1508882700 8 8 8 8
1508882400 8 8 8 8
1508882100 8 8 8 8
1508881800 8 8 8 8
1508881500 8 8 8 8
1508881200 8 8 8 8
1508880900 8 8 8 8
1508880600 8 8 8 8
1508880300 8 8 8 8
1508880000 8 8 8 8
1508879700 8 8 8 8
1508879400 8 8 8 8
1508879100 8 8 8 8
1508878800 8 8 8 8
1508878500 8 8 8 8
1508878200 8 8 8 8
1508877900 8 8 8 8
1508877600 8 8 8 8
1508877300 8 8 8 8
1508877000 8 8 8 8
1508876700 8 8 8 8
1508876400 8 8 8 8
1508876100 8 8 8 8
1508875800 8 8 8 8
1508875500 8 8 8 8
1508875200 8 8 8 8
1508874900 8 8 8 8
1508874600 8 8 8 8
1508874300 8 8 8 8
1508874000 8 8 8 8
1508873700 8 8 8 8
1508873400 8 8 8 8
1508873100 8 8 8 8
1508872800 8 8 8 8
1508872500 8 8 8 8
1508872200 8 8 8 8
1508871900 8 8 8 8
1508871600 8 8 8 8
1508871300 8 8 8 8
1508871000 8 8 8 8
1508870700 8 8 8 8
1508870400 8 8 8 8
1508870100 8 8 8 8
1508869800 8 8 8 8
1508869500 8 8 8 8
1508869200 8 8 8 8
1508868900 8 8 8 8
1508868600 8 8 8 8
1508868300 8 8 8 8
1508868000 8 8 8 8
1508867700 8 8 8 8
1508867400 8 8 8 8
1508867100 8 8 8 8
1508866800 8 8 8 8
1508866500 8 8 8 8
1508866200 8 8 8 8
1508865900 8 8 8 8
1508865600 8 8 8 8
1508865300 8 8 8 8
1508865000 8 8 8 8
1508864700 8 8 8 8
1508864400 8 8 8 8
1508864100 8 8 8 8
1508863800 8 8 8 8
1508863500 8 8 8 8
1508863200 8 8 8 8
1508862900 8 8 8 8
1508862600 8 8 8 8
1508862300 8 8 8 8
1508862000 8 8 8 8
1508861700 8 8 8 8
1508861400 8 8 8 8
1508861100 8 8 8 8
1508860800 8 8 8 8
1508860500 8 8 8 8
1508860200 8 8 8 8
1508859900 8 8 8 8
1508859600 8 8 8 8
1508859300 8 8 8 8
1508859000 8 8 8 8
1508858700 8 8 8 8
1508858400 8 8 8 8
1508858100 8 8 8 8
1508857800 8 8 8 8
1508857500 8 8 8 8
1508857200 8 8 8 8
1508856900 8 8 8 8
1508856600 8 8 8 8
1508856300 8 8 8 8
1508856000 8 8 8 8
1508855700 8 8 8 8
1508855400 8 8 8 8
1508855100 8 8 8 8
1508854800 8 8 8 8
1508854500 8 8 8 8
1508854200 8 8 8 8
1508853900 8 8 8 8
1508853600 8 8 8 8
1508853300 8 8 8 8
1508853000 8 8 8 8
1508852700 8 8 8 8
1508852400 8 8 8 8
1508852100 8 8 8 8
1508851800 8 8 8 8
1508851500 8 8 8 8
1508851200 8 8 8 8
1508850900 8 8 8 8
1508850600 8 8 8 8
1508850300 8 8 8 8
1508850000 8 8 8 8
1508849700 8 8 8 8
1508849400 8 8 8 8
1508849100 8 8 8 8
1508848800 8 8 8 8
1508848500 8 8 8 8
1508848200 8 8 8 8
1508847900 8 8 8 8
1508847600 8 8 8 8
1508847300 8 8 8 8
1508847000 8 8 8 8
1508846700 8 8 8 8
1508846400 8 8 8 8
1508846100 8 8 8 8
1508845800 8 8 8 8
1508845500 8 8 8 8
1508845200 8 8 8 8
1508844900 8 8 8 8
1508844600 8 8 8 8
1508844300 8 8 8 8
1508844000 8 8 8 8
1508843700 8 8 8 8
1508843400 8 8 8 8
1508843100 8 8 8 8
1508842800 8 8 8 8
1508842500 8 8 8 8
1508842200 8 8 8 8
1508841900 8 8 8 8
1508841600 8 8 8 8
1508841300 8 8 8 8
1508841000 8 8 8 8
1508840700 8 8 8 8
1508840400 8 8 8 8
1508840100 8 8 8 8
1508839800 8 8 8 8
1508839500 8 8 8 8
1508839200 8 8 8 8
1508838900 8 8 8 8
1508838600 8 8 8 8
1508838300 8 8 8 8
1508838000 8 8 8 8
1508837700 8 8 8 8
1508837400 8 8 8 8
1508837100 8 8 8 8
1508836800 8 8 8 8
1508836500 8 8 8 8
1508836200 8 8 8 8
1508835900 8 8 8 8
1508835600 8 8 8 8
1508835300 8 8 8 8
1508835000 8 8 8 8
1508834700 8 8 8 8
1508834400 8 8 8 8
1508834100 8 8 8 8
1508833800 8 8 8 8
1508833500 8 8 8 8
1508833200 8 8 8 8
1508832900 8 8 8 8
1508832600 8 8 8 8
1508832300 8 8 8 8
1508832000 8 8 8 8
1508831700 8 8 8 8
1508830200 8 8 8 8
1508828400 8 8 8 8
1508826600 8 8 8 8
1508824800 8 8 8 8
1508823000 8 8 8 8
1508821200 8 8 8 8
1508819400 8 8 8 8
1508817600 8 8 8 8
1508815800 8 8 8 8
1508814000 8 8 8 8
1508812200 8 8 8 8
1508810400 8 8 8 8
1508808600 8 8 8 8
1508806800 8 8 8 8
1508805000 8 8 8 8
1508803200 8 8 8 8
1508801400 8 8 8 8
1508799600 8 8 8 8
1508797800 8 8 8 8
1508796000 8 8 8 8
1508794200 8 8 8 8
1508792400 8 8 8 8
1508790600 8 8 8 8
1508788800 8 8 8 8
1508787000 8 8 8 8
1508785200 8 8 8 8
1508783400 8 8 8 8
1508781600 8 8 8 8
1508779800 8 8 8 8
1508778000 8 8 8 8
1508776200 8 8 8 8
1508774400 8 8 8 8
1508772600 8 8 8 8
1508770800 8 8 8 8
1508769000 8 8 8 8
1508767200 8 8 8 8
1508765400 8 8 8 8
1508763600 8 8 8 8
1508761800 8 8 8 8
1508760000 8 8 8 8
1508758200 8 8 8 8
1508756400 8 8 8 8
1508754600 8 8 8 8
1508752800 8 8 8 8
1508751000 8 8 8 8
1508749200 8 8 8 8
1508747400 8 8 8 8
1508745600 8 8 8 8
1508743800 8 8 8 8
1508742000 8 8 8 8
1508740200 8 8 8 8
1508738400 8 8 8 8
1508736600 8 8 8 8
1508734800 8 8 8 8
1508733000 8 8 8 8
1508731200 8 8 8 8
1508729400 8 8 8 8
1508727600 8 8 8 8
1508725800 8 8 8 8
1508724000 8 8 8 8
1508722200 8 8 8 8
1508720400 8 8 8 8
1508718600 8 8 8 8
1508716800 8 8 8 8
1508715000 8 8 8 8
1508713200 8 8 8 8
1508711400 8 8 8 8
1508709600 8 8 8 8
1508707800 8 8 8 8
1508706000 8 8 8 8
1508704200 8 8 8 8
1508702400 8 8 8 8
1508700600 8 8 8 8
1508698800 8 8 8 8
1508697000 8 8 8 8
1508695200 8 8 8 8
1508693400 8 8 8 8
1508691600 8 8 8 8
1508689800 8 8 8 8
1508688000 8 8 8 8
1508686200 8 8 8 8
1508684400 8 8 8 8
1508682600 8 8 8 8
1508680800 8 8 8 8
1508679000 8 8 8 8
1508677200 8 8 8 8
1508675400 8 8 8 8
1508673600 8 8 8 8
1508671800 8 8 8 8
1508670000 8 8 8 8
1508668200 8 8 8 8
1508666400 8 8 8 8
1508664600 8 8 8 8
1508662800 8 8 8 8
1508661000 8 8 8 8
1508659200 8 8 8 8
1508657400 8 8 8 8
1508655600 8 8 8 8
1508653800 8 8 8 8
1508652000 8 8 8 8
1508650200 8 8 8 8
1508648400 8 8 8 8
1508646600 8 8 8 8
1508644800 8 8 8 8
1508643000 8 8 8 8
1508641200 8 8 8 8
1508639400 8 8 8 8
1508637600 8 8 8 8
1508635800 8 8 8 8
1508634000 8 8 8 8
1508632200 8 8 8 8
1508630400 8 8 8 8
1508628600 8 8 8 8
1508626800 8 8 8 8
1508625000 8 8 8 8
1508623200 8 8 8 8
1508621400 8 8 8 8
1508619600 8 8 8 8
1508617800 8 8 8 8
1508616000 8 8 8 8
1508614200 8 8 8 8
1508612400 8 8 8 8
1508610600 8 8 8 8
1508608800 8 8 8 8
1508607000 8 8 8 8
1508605200 8 8 8 8
1508603400 8 8 8 8
1508601600 8 8 8 8
1508599800 8 8 8 8
1508598000 8 8 8 8
1508596200 8 8 8 8
1508594400 8 8 8 8
1508592600 8 8 8 8
1508590800 8 8 8 8
1508589000 8 8 8 8
1508587200 8 8 8 8
1508585400 8 8 8 8
1508583600 8 8 8 8
1508581800 8 8 8 8
1508580000 8 8 8 8
1508578200 8 8 8 8
1508576400 8 8 8 8
1508574600 8 8 8 8
1508572800 8 8 8 8
1508571000 8 8 8 8
1508569200 8 8 8 8
1508567400 8 8 8 8
1508565600 8 8 8 8
1508563800 8 8 8 8
1508562000 8 8 8 8
1508560200 8 8 8 8
1508558400 8 8 8 8
1508556600 8 8 8 8
1508554800 8 8 8 8
1508553000 8 8 8 8
1508551200 8 8 8 8
1508549400 8 8 8 8
1508547600 8 8 8 8
1508545800 8 8 8 8
1508544000 8 8 8 8
1508542200 8 8 8 8
1508540400 8 8 8 8
1508538600 8 8 8 8
1508536800 8 8 8 8
1508535000 8 8 8 8
1508533200 8 8 8 8
1508531400 8 8 8 8
1508529600 8 8 8 8
1508527800 8 8 8 8
1508526000 8 8 8 8
1508524200 8 8 8 8
1508522400 8 8 8 8
1508520600 8 8 8 8
1508518800 8 8 8 8
1508517000 8 8 8 8
1508515200 8 8 8 8
1508513400 8 8 8 8
1508511600 8 8 8 8
1508509800 8 8 8 8
1508508000 8 8 8 8
1508506200 8 8 8 8
1508504400 8 8 8 8
1508502600 8 8 8 8
1508500800 8 8 8 8
1508499000 8 8 8 8
1508497200 8 8 8 8
1508495400 8 8 8 8
1508493600 8 8 8 8
1508491800 8 8 8 8
1508490000 8 8 8 8
1508488200 8 8 8 8
1508486400 8 8 8 8
1508484600 8 8 8 8
1508482800 8 8 8 8
1508481000 8 8 8 8
1508479200 8 8 8 8
1508477400 8 8 8 8
1508475600 8 8 8 8
1508473800 8 8 8 8
1508472000 8 8 8 8
1508470200 8 8 8 8
1508468400 8 8 8 8
1508466600 8 8 8 8
1508464800 8 8 8 8
1508463000 8 8 8 8
1508461200 8 8 8 8
1508459400 8 8 8 8
1508457600 8 8 8 8
1508455800 8 8 8 8
1508454000 8 8 8 8
1508452200 8 8 8 8
1508450400 8 8 8 8
1508448600 8 8 8 8
1508446800 8 8 8 8
1508445000 8 8 8 8
1508443200 8 8 8 8
1508441400 8 8 8 8
1508439600 8 8 8 8
1508437800 8 8 8 8
1508436000 8 8 8 8
1508434200 8 8 8 8
1508432400 8 8 8 8
1508430600 8 8 8 8
1508428800 8 8 8 8
1508427000 8 8 8 8
1508425200 8 8 8 8
1508423400 8 8 8 8
1508421600 8 8 8 8
1508419800 8 8 8 8
1508418000 8 8 8 8
1508416200 8 8 8 8
1508414400 8 8 8 8
1508412600 8 8 8 8
1508410800 8 8 8 8
1508409000 8 8 8 8
1508407200 8 8 8 8
1508405400 8 8 8 8
1508403600 8 8 8 8
1508401800 8 8 8 8
1508400000 8 8 8 8
1508398200 8 8 8 8
1508396400 8 8 8 8
1508394600 8 8 8 8
1508392800 8 8 8 8
1508391000 8 8 8 8
1508389200 8 8 8 8
1508387400 8 8 8 8
1508385600 8 8 8 8
1508383800 8 8 8 8
1508382000 8 8 8 8
1508380200 8 8 8 8
1508378400 8 8 8 8
1508376600 8 8 8 8
1508374800 8 8 8 8
1508373000 8 8 8 8
1508371200 8 8 8 8
1508369400 8 8 8 8
1508367600 8 8 8 8
1508365800 8 8 8 8
1508364000 8 8 8 8
1508362200 8 8 8 8
1508360400 8 8 8 8
1508358600 8 8 8 8
1508356800 8 8 8 8
1508355000 8 8 8 8
1508353200 8 8 8 8
1508351400 8 8 8 8
1508349600 8 8 8 8
1508347800 8 8 8 8
1508346000 8 8 8 8
1508344200 8 8 8 8
1508342400 8 8 8 8
1508340600 8 8 8 8
1508338800 8 8 8 8
1508337000 8 8 8 8
1508335200 8 8 8 8
1508333400 8 8 8 8
1508331600 8 8 8 8
1508329800 8 8 8 8
1508328000 8 8 8 8
1508326200 8 8 8 8
1508324400 8 8 8 8
1508322600 8 8 8 8
1508320800 8 8 8 8
1508319000 8 8 8 8
1508317200 8 8 8 8
1508315400 8 8 8 8
1508313600 8 8 8 8
1508311800 8 8 8 8
1508310000 8 8 8 8
1508308200 8 8 8 8
1508306400 8 8 8 8
1508304600 8 8 8 8
1508302800 8 8 8 8
1508301000 8 8 8 8
1508299200 8 8 8 8
1508297400 8 8 8 8
1508295600 8 8 8 8
1508293800 8 8 8 8
1508292000 8 8 8 8
1508290200 8 8 8 8
1508288400 8 8 8 8
1508286600 8 8 8 8
1508284800 8 8 8 8
1508283000 8 8 8 8
1508281200 8 8 8 8
1508279400 8 8 8 8
1508277600 8 8 8 8
1508275800 8 8 8 8
1508274000 8 8 8 8
1508272200 8 8 8 8
1508270400 8 8 8 8
1508268600 8 8 8 8
1508266800 8 8 8 8
1508265000 8 8 8 8
1508263200 8 8 8 8
1508261400 8 8 8 8
1508259600 8 8 8 8
1508257800 8 8 8 8
1508256000 8 8 8 8
1508254200 8 8 8 8
1508252400 8 8 8 8
1508250600 8 8 8 8
1508248800 8 8 8 8
1508247000 8 8 8 8
1508245200 8 8 8 8
1508243400 8 8 8 8
1508241600 8 8 8 8
1508239800 8 8 8 8
1508238000 8 8 8 8
1508236200 8 8 8 8
1508234400 8 8 8 8
1508232600 8 8 8 8
1508230800 8 8 8 8
1508229000 8 8 8 8
1508227200 8 8 8 8
1508225400 8 8 8 8
1508223600 8 8 8 8
1508221800 8 8 8 8
1508220000 8 8 8 8
1508218200 8 8 8 8
1508216400 8 8 8 8
1508214600 8 8 8 8
1508212800 8 8 8 8
1508211000 8 8 8 8
1508209200 8 8 8 8
1508207400 8 8 8 8
1508205600 8 8 8 8
1508203800 8 8 8 8
1508202000 8 8 8 8
1508200200 8 8 8 8
1508198400 8 8 8 8
1508196600 8 8 8 8
1508194800 8 8 8 8
1508193000 8 8 8 8
1508191200 8 8 8 8
1508189400 8 8 8 8
1508187600 8 8 8 8
1508185800 8 8 8 8
1508184000 8 8 8 8
1508182200 8 8 8 8
1508180400 8 8 8 8
1508178600 8 8 8 8
1508176800 8 8 8 8
1508175000 8 8 8 8
1508173200 8 8 8 8
1508171400 8 8 8 8
1508169600 8 8 8 8
1508167800 8 8 8 8
1508166000 8 8 8 8
1508164200 8 8 8 8
1508162400 8 8 8 8
1508160600 8 8 8 8
1508158800 8 8 8 8
1508157000 8 8 8 8
1508155200 8 8 8 8
1508153400 8 8 8 8
1508151600 8 8 8 8
1508149800 8 8 8 8
1508148000 8 8 8 8
1508146200 8 8 8 8
1508144400 8 8 8 8
1508142600 8 8 8 8
1508140800 8 8 8 8
1508139000 8 8 8 8
1508137200 8 8 8 8
1508135400 8 8 8 8
1508133600 8 8 8 8
1508131800 8 8 8 8
1508130000 8 8 8 8
1508128200 8 8 8 8
1508126400 8 8 8 8
1508124600 8 8 8 8
1508122800 8 8 8 8
1508121000 8 8 8 8
1508119200 8 8 8 8
1508117400 8 8 8 8
1508115600 8 8 8 8
1508113800 8 8 8 8
1508112000 8 8 8 8
1508110200 8 8 8 8
1508108400 8 8 8 8
1508106600 8 8 8 8
1508104800 8 8 8 8
1508103000 8 8 8 8
1508101200 8 8 8 8
1508099400 8 8 8 8
1508097600 8 8 8 8
1508095800 8 8 8 8
1508094000 8 8 8 8
1508092200 8 8 8 8
1508090400 8 8 8 8
1508088600 8 8 8 8
1508086800 8 8 8 8
1508085000 8 8 8 8
1508083200 8 8 8 8
1508081400 8 8 8 8
1508079600 8 8 8 8
1508077800 8 8 8 8
1508076000 8 8 8 8
1508074200 8 8 8 8
1508072400 8 8 8 8
1508070600 8 8 8 8
1508068800 8 8 8 8
1508067000 8 8 8 8
1508065200 8 8 8 8
1508063400 8 8 8 8
1508061600 8 8 8 8
1508059800 8 8 8 8
1508058000 8 8 8 8
1508056200 8 8 8 8
1508054400 8 8 8 8
1508052600 8 8 8 8
1508050800 8 8 8 8
1508049000 8 8 8 8
1508047200 8 8 8 8
1508045400 8 8 8 8
1508043600 8 8 8 8
1508041800 8 8 8 8
1508040000 8 8 8 8
1508038200 8 8 8 8
1508036400 8 8 8 8
1508034600 8 8 8 8
1508032800 8 8 8 8
1508031000 8 8 8 8
1508029200 8 8 8 8
1508027400 8 8 8 8
1508025600 8 8 8 8
1508023800 8 8 8 8
1508022000 8 8 8 8
1508020200 8 8 8 8
1508018400 8 8 8 8
1508016600 8 8 8 8
1508014800 8 8 8 8
1508013000 8 8 8 8
1508011200 8 8 8 8
1508009400 8 8 8 8
1508007600 8 8 8 8
1508005800 8 8 8 8
1508004000 8 8 8 8
1508002200 8 8 8 8
1508000400 8 8 8 8
1507998600 8 8 8 8
1507996800 8 8 8 8
1507995000 8 8 8 8
1507993200 8 8 8 8
1507991400 8 8 8 8
1507989600 8 8 8 8
1507987800 8 8 8 8
1507986000 8 8 8 8
1507984200 8 8 8 8
1507982400 8 8 8 8
1507980600 8 8 8 8
1507978800 8 8 8 8
1507977000 8 8 8 8
1507975200 8 8 8 8
1507973400 8 8 8 8
1507971600 8 8 8 8
1507969800 8 8 8 8
1507968000 8 8 8 8
1507966200 8 8 8 8
1507964400 8 8 8 8
1507962600 8 8 8 8
1507960800 8 8 8 8
1507959000 8 8 8 8
1507957200 8 8 8 8
1507955400 8 8 8 8
1507953600 8 8 8 8
1507951800 8 8 8 8
1507950000 8 8 8 8
1507948200 8 8 8 8
1507946400 8 8 8 8
1507944600 8 8 8 8
1507942800 8 8 8 8
1507941000 8 8 8 8
1507939200 8 8 8 8
1507937400 8 8 8 8
1507935600 8 8 8 8
1507933800 8 8 8 8
1507932000 8 8 8 8
1507930200 8 8 8 8
1507928400 8 8 8 8
1507926600 8 8 8 8
1507924800 8 8 8 8
1507923000 8 8 8 8
1507921200 8 8 8 8
1507919400 8 8 8 8
1507917600 8 8 8 8
1507915800 8 8 8 8
1507914000 8 8 8 8
1507912200 8 8 8 8
1507910400 8 8 8 8
1507908600 8 8 8 8
1507906800 8 8 8 8
1507905000 8 8 8 8
1507903200 8 8 8 8
1507901400 8 8 8 8
1507899600 8 8 8 8
1507897800 8 8 8 8
1507896000 8 8 8 8
1507894200 8 8 8 8
1507892400 8 8 8 8
1507890600 8 8 8 8
1507888800 8 8 8 8
1507887000 8 8 8 8
1507885200 8 8 8 8
1507883400 8 8 8 8
1507881600 8 8 8 8
1507879800 8 8 8 8
1507878000 8 8 8 8
1507876200 8 8 8 8
1507874400 8 8 8 8
1507872600 8 8 8 8
1507870800 8 8 8 8
1507869000 8 8 8 8
1507867200 8 8 8 8
1507865400 8 8 8 8
1507863600 8 8 8 8
1507861800 8 8 8 8
1507860000 8 8 8 8
1507858200 8 8 8 8
1507856400 8 8 8 8
1507854600 8 8 8 8
1507852800 8 8 8 8
1507851000 8 8 8 8
1507849200 8 8 8 8
1507847400 8 8 8 8
1507845600 8 8 8 8
1507843800 8 8 8 8
1507842000 8 8 8 8
1507840200 8 8 8 8
1507838400 8 8 8 8
1507836600 8 8 8 8
1507834800 8 8 8 8
1507833000 8 8 8 8
1507831200 8 8 8 8
1507829400 8 8 8 8
1507827600 8 8 8 8
1507825800 8 8 8 8
1507824000 8 8 8 8
1507822200 8 8 8 8
1507820400 8 8 8 8
1507818600 8 8 8 8
1507816800 8 8 8 8
1507815000 8 8 8 8
1507813200 8 8 8 8
1507811400 8 8 8 8
1507809600 8 8 8 8
1507807800 8 8 8 8
1507806000 8 8 8 8
1507804200 8 8 8 8
1507802400 8 8 8 8
1507800600 8 8 8 8
1507798800 8 8 8 8
1507797000 8 8 8 8
1507795200 8 8 8 8
1507793400 8 8 8 8
1507791600 8 8 8 8
1507789800 8 8 8 8
1507788000 8 8 8 8
1507786200 8 8 8 8
1507784400 8 8 8 8
1507782600 8 8 8 8
1507780800 8 8 8 8
1507779000 8 8 8 8
1507777200 8 8 8 8
1507775400 8 8 8 8
1507773600 8 8 8 8
1507771800 8 8 8 8
1507770000 8 8 8 8
1507768200 8 8 8 8
1507766400 8 8 8 8
1507764600 8 8 8 8
1507762800 8 8 8 8
1507761000 8 8 8 8
1507759200 8 8 8 8
1507757400 8 8 8 8
1507755600 8 8 8 8
1507753800 8 8 8 8
1507752000 8 8 8 8
1507750200 8 8 8 8
1507744800 8 8 8 8
1507737600 8 8 8 8
1507730400 8 8 8 8
1507723200 8 8 8 8
1507716000 8 8 8 8
1507708800 8 8 8 8
1507701600 8 8 8 8
1507694400 8 8 8 8
1507687200 8 8 8 8
1507680000 8 8 8 8
1507672800 8 8 8 8
1507665600 8 8 8 8
1507658400 8 8 8 8
1507651200 8 8 8 8
1507644000 8 8 8 8
1507636800 8 8 8 8
1507629600 8 8 8 8
1507622400 8 8 8 8
1507615200 8 8 8 8
1507608000 8 8 8 8
1507600800 8 8 8 8
1507593600 8 8 8 8
1507586400 8 8 8 8
1507579200 8 8 8 8
1507572000 8 8 8 8
1507564800 8 8 8 8
1507557600 8 8 8 8
1507550400 8 8 8 8
1507543200 8 8 8 8
1507536000 8 8 8 8
1507528800 8 8 8 8
1507521600 8 8 8 8
1507514400 8 8 8 8
1507507200 8 8 8 8
1507500000 8 8 8 8
1507492800 8 8 8 8
1507485600 8 8 8 8
1507478400 8 8 8 8
1507471200 8 8 8 8
1507464000 8 8 8 8
1507456800 8 8 8 8
1507449600 8 8 8 8
1507442400 8 8 8 8
1507435200 8 8 8 8
1507428000 8 8 8 8
1507420800 8 8 8 8
1507413600 8 8 8 8
1507406400 8 8 8 8
1507399200 8 8 8 8
1507392000 8 8 8 8
1507384800 8 8 8 8
1507377600 8 8 8 8
1507370400 8 8 8 8
1507363200 8 8 8 8
1507356000 8 8 8 8
1507348800 8 8 8 8
1507341600 8 8 8 8
1507334400 8 8 8 8
1507327200 8 8 8 8
1507320000 8 8 8 8
1507312800 8 8 8 8
1507305600 8 8 8 8
1507298400 8 8 8 8
1507291200 8 8 8 8
1507284000 8 8 8 8
1507276800 8 8 8 8
1507269600 8 8 8 8
1507262400 8 8 8 8
1507255200 8 8 8 8
1507248000 8 8 8 8
1507240800 8 8 8 8
1507233600 8 8 8 8
1507226400 8 8 8 8
1507219200 8 8 8 8
1507212000 8 8 8 8
1507204800 8 8 8 8
1507197600 8 8 8 8
1507190400 8 8 8 8
1507183200 8 8 8 8
1507176000 8 8 8 8
1507168800 8 8 8 8
1507161600 8 8 8 8
1507154400 8 8 8 8
1507147200 8 8 8 8
1507140000 8 8 8 8
1507132800 8 8 8 8
1507125600 8 8 8 8
1507118400 8 8 8 8
1507111200 8 8 8 8
1507104000 8 8 8 8
1507096800 8 8 8 8
1507089600 8 8 8 8
1507082400 8 8 8 8
1507075200 8 8 8 8
1507068000 8 8 8 8
1507060800 8 8 8 8
1507053600 8 8 8 8
1507046400 8 8 8 8
1507039200 8 8 8 8
1507032000 8 8 8 8
1507024800 8 8 8 8
1507017600 8 8 8 8
1507010400 8 8 8 8
1507003200 8 8 8 8
1506996000 8 8 8 8
1506988800 8 8 8 8
1506981600 8 8 8 8
1506974400 8 8 8 8
1506967200 8 8 8 8
1506960000 8 8 8 8
1506952800 8 8 8 8
1506945600 8 8 8 8
1506938400 8 8 8 8
1506931200 8 8 8 8
1506924000 8 8 8 8
1506916800 8 8 8 8
1506909600 8 8 8 8
1506902400 8 8 8 8
1506895200 8 8 8 8
1506888000 8 8 8 8
1506880800 8 8 8 8
1506873600 8 8 8 8
1506866400 8 8 8 8
1506859200 8 8 8 8
1506852000 8 8 8 8
1506844800 8 8 8 8
1506837600 8 8 8 8
1506830400 8 8 8 8
1506823200 8 8 8 8
1506816000 8 8 8 8
1506808800 8 8 8 8
1506801600 8 8 8 8
1506794400 8 8 8 8
1506787200 8 8 8 8
1506780000 8 8 8 8
1506772800 8 8 8 8
1506765600 8 8 8 8
1506758400 8 8 8 8
1506751200 8 8 8 8
1506744000 8 8 8 8
1506736800 8 8 8 8
1506729600 8 8 8 8
1506722400 8 8 8 8
1506715200 8 8 8 8
1506708000 8 8 8 8
1506700800 8 8 8 8
1506693600 8 8 8 8
1506686400 8 8 8 8
1506679200 8 8 8 8
1506672000 8 8 8 8
1506664800 8 8 8 8
1506657600 8 8 8 8
1506650400 8 8 8 8
1506643200 8 8 8 8
1506636000 8 8 8 8
1506628800 8 8 8 8
1506621600 8 8 8 8
1506614400 8 8 8 8
1506607200 8 8 8 8
1506600000 8 8 8 8
1506592800 8 8 8 8
1506585600 8 8 8 8
1506578400 8 8 8 8
1506571200 8 8 8 8
1506564000 8 8 8 8
1506556800 8 8 8 8
1506549600 8 8 8 8
1506542400 8 8 8 8
1506535200 8 8 8 8
1506528000 8 8 8 8
1506520800 8 8 8 8
1506513600 8 8 8 8
1506506400 8 8 8 8
1506499200 8 8 8 8
1506492000 8 8 8 8
1506484800 8 8 8 8
1506477600 8 8 8 8
1506470400 8 8 8 8
1506463200 8 8 8 8
1506456000 8 8 8 8
1506448800 8 8 8 8
1506441600 8 8 8 8
1506434400 8 8 8 8
1506427200 8 8 8 8
1506420000 8 8 8 8
1506412800 8 8 8 8
1506405600 8 8 8 8
1506398400 8 8 8 8
1506391200 8 8 8 8
1506384000 8 8 8 8
1506376800 8 8 8 8
1506369600 8 8 8 8
1506362400 8 8 8 8
1506355200 8 8 8 8
1506348000 8 8 8 8
1506340800 8 8 8 8
1506333600 8 8 8 8
1506326400 8 8 8 8
1506319200 8 8 8 8
1506312000 8 8 8 8
1506304800 8 8 8 8
1506297600 8 8 8 8
1506290400 8 8 8 8
1506283200 8 8 8 8
1506276000 8 8 8 8
1506268800 8 8 8 8
1506261600 8 8 8 8
1506254400 8 8 8 8
1506247200 8 8 8 8
1506240000 8 8 8 8
1506232800 8 8 8 8
1506225600 8 8 8 8
1506218400 8 8 8 8
1506211200 8 8 8 8
1506204000 8 8 8 8
1506196800 8 8 8 8
1506189600 8 8 8 8
1506182400 8 8 8 8
1506175200 8 8 8 8
1506168000 8 8 8 8
1506160800 8 8 8 8
1506153600 8 8 8 8
1506146400 8 8 8 8
1506139200 8 8 8 8
1506132000 8 8 8 8
1506124800 8 8 8 8
1506117600 8 8 8 8
1506110400 8 8 8 8
1506103200 8 8 8 8
1506096000 8 8 8 8
1506088800 8 8 8 8
1506081600 8 8 8 8
1506074400 8 8 8 8
1506067200 8 8 8 8
1506060000 8 8 8 8
1506052800 8 8 8 8
1506045600 8 8 8 8
1506038400 8 8 8 8
1506031200 8 8 8 8
1506024000 8 8 8 8
1506016800 8 8 8 8
1506009600 8 8 8 8
1506002400 8 8 8 8
1505995200 8 8 8 8
1505988000 8 8 8 8
1505980800 8 8 8 8
1505973600 8 8 8 8
1505966400 8 8 8 8
1505959200 8 8 8 8
1505952000 8 8 8 8
1505944800 8 8 8 8
1505937600 8 8 8 8
1505930400 8 8 8 8
1505923200 8 8 8 8
1505916000 8 8 8 8
1505908800 8 8 8 8
1505901600 8 8 8 8
1505894400 8 8 8 8
1505887200 8 8 8 8
1505880000 8 8 8 8
1505872800 8 8 8 8
1505865600 8 8 8 8
1505858400 8 8 8 8
1505851200 8 8 8 8
1505844000 8 8 8 8
1505836800 8 8 8 8
1505829600 8 8 8 8
1505822400 8 8 8 8
1505815200 8 8 8 8
1505808000 8 8 8 8
1505800800 8 8 8 8
1505793600 8 8 8 8
1505786400 8 8 8 8
1505779200 8 8 8 8
1505772000 8 8 8 8
1505764800 8 8 8 8
1505757600 8 8 8 8
1505750400 8 8 8 8
1505743200 8 8 8 8
1505736000 8 8 8 8
1505728800 8 8 8 8
1505721600 8 8 8 8
1505714400 8 8 8 8
1505707200 8 8 8 8
1505700000 8 8 8 8
1505692800 8 8 8 8
1505685600 8 8 8 8
1505678400 8 8 8 8
1505671200 8 8 8 8
1505664000 8 8 8 8
1505656800 8 8 8 8
1505649600 8 8 8 8
1505642400 8 8 8 8
1505635200 8 8 8 8
1505628000 8 8 8 8
1505620800 8 8 8 8
1505613600 8 8 8 8
1505606400 8 8 8 8
1505599200 8 8 8 8
1505592000 8 8 8 8
1505584800 8 8 8 8
1505577600 8 8 8 8
1505570400 8 8 8 8
1505563200 8 8 8 8
1505556000 8 8 8 8
1505548800 8 8 8 8
1505541600 8 8 8 8
1505534400 8 8 8 8
1505527200 8 8 8 8
1505520000 8 8 8 8
1505512800 8 8 8 8
1505505600 8 8 8 8
1505498400 8 8 8 8
1505491200 8 8 8 8
1505484000 8 8 8 8
1505476800 8 8 8 8
1505469600 8 8 8 8
1505462400 8 8 8 8
1505455200 8 8 8 8
1505448000 8 8 8 8
1505440800 8 8 8 8
1505433600 8 8 8 8
1505426400 8 8 8 8
1505419200 8 8 8 8
1505412000 8 8 8 8
1505404800 8 8 8 8
1505397600 8 8 8 8
1505390400 8 8 8 8
1505383200 8 8 8 8
1505376000 8 8 8 8
1505368800 8 8 8 8
1505361600 8 8 8 8
1505354400 8 8 8 8
1505347200 8 8 8 8
1505340000 8 8 8 8
1505332800 8 8 8 8
1505325600 8 8 8 8
1505318400 8 8 8 8
1505311200 8 8 8 8
1505304000 8 8 8 8
1505296800 8 8 8 8
1505289600 8 8 8 8
1505282400 8 8 8 8
1505275200 8 8 8 8
1505268000 8 8 8 8
1505260800 8 8 8 8
1505253600 8 8 8 8
1505246400 8 8 8 8
1505239200 8 8 8 8
1505232000 8 8 8 8
1505224800 8 8 8 8
1505217600 8 8 8 8
1505210400 8 8 8 8
1505203200 8 8 8 8
1505196000 8 8 8 8
1505188800 8 8 8 8
1505181600 8 8 8 8
1505174400 8 8 8 8
1505167200 8 8 8 8
1505160000 8 8 8 8
1505152800 8 8 8 8
1505145600 8 8 8 8
1505138400 8 8 8 8
1505131200 8 8 8 8
1505124000 8 8 8 8
1505116800 8 8 8 8
1505109600 8 8 8 8
1505102400 8 8 8 8
1505095200 8 8 8 8
1505088000 8 8 8 8
1505080800 8 8 8 8
1505073600 8 8 8 8
1505066400 8 8 8 8
1505059200 8 8 8 8
1505052000 8 8 8 8
1505044800 8 8 8 8
1505037600 8 8 8 8
1505030400 8 8 8 8
1505023200 8 8 8 8
1505016000 8 8 8 8
1505008800 8 8 8 8
1505001600 8 8 8 8
1504994400 8 8 8 8
1504987200 8 8 8 8
1504980000 8 8 8 8
1504972800 8 8 8 8
1504965600 8 8 8 8
1504958400 8 8 8 8
1504951200 8 8 8 8
1504944000 8 8 8 8
1504936800 8 8 8 8
1504929600 8 8 8 8
1504922400 8 8 8 8
1504915200 8 8 8 8
1504908000 8 8 8 8
1504900800 8 8 8 8
1504893600 8 8 8 8
1504886400 8 8 8 8
1504879200 8 8 8 8
1504872000 8 8 8 8
1504864800 8 8 8 8
1504857600 8 8 8 8
1504850400 8 8 8 8
1504843200 8 8 8 8
1504836000 8 8 8 8
1504828800 8 8 8 8
1504821600 8 8 8 8
1504814400 8 8 8 8
1504807200 8 8 8 8
1504800000 8 8 8 8
1504792800 8 8 8 8
1504785600 8 8 8 8
1504778400 8 8 8 8
1504771200 8 8 8 8
1504764000 8 8 8 8
1504756800 8 8 8 8
1504749600 8 8 8 8
1504742400 8 8 8 8
1504735200 8 8 8 8
1504728000 8 8 8 8
1504720800 8 8 8 8
1504713600 8 8 8 8
1504706400 8 8 8 8
1504699200 8 8 8 8
1504692000 8 8 8 8
1504684800 8 8 8 8
1504677600 8 8 8 8
1504670400 8 8 8 8
1504663200 8 8 8 8
1504656000 8 8 8 8
1504648800 8 8 8 8
1504641600 8 8 8 8
1504634400 8 8 8 8
1504627200 8 8 8 8
1504620000 8 8 8 8
1504612800 8 8 8 8
1504605600 8 8 8 8
1504598400 8 8 8 8
1504591200 8 8 8 8
1504584000 8 8 8 8
1504576800 8 8 8 8
1504569600 8 8 8 8
1504562400 8 8 8 8
1504555200 8 8 8 8
1504548000 8 8 8 8
1504540800 8 8 8 8
1504533600 8 8 8 8
1504526400 8 8 8 8
1504519200 8 8 8 8
1504512000 8 8 8 8
1504504800 8 8 8 8
1504497600 8 8 8 8
1504490400 8 8 8 8
1504483200 8 8 8 8
1504476000 8 8 8 8
1504468800 8 8 8 8
1504461600 8 8 8 8
1504454400 8 8 8 8
1504447200 8 8 8 8
1504440000 8 8 8 8
1504432800 8 8 8 8
1504425600 8 8 8 8
1504418400 8 8 8 8
1504411200 8 8 8 8
1504404000 8 8 8 8
1504396800 8 8 8 8
1504389600 8 8 8 8
1504382400 8 8 8 8
1504375200 8 8 8 8
1504368000 8 8 8 8
1504360800 8 8 8 8
1504353600 8 8 8 8
1504346400 8 8 8 8
1504339200 8 8 8 8
1504332000 8 8 8 8
1504324800 8 8 8 8
1504317600 8 8 8 8
1504310400 8 8 8 8
1504303200 8 8 8 8
1504296000 8 8 8 8
1504288800 8 8 8 8
1504281600 8 8 8 8
1504274400 8 8 8 8
1504267200 8 8 8 8
1504260000 8 8 8 8
1504252800 8 8 8 8
1504245600 8 8 8 8
1504238400 8 8 8 8
1504231200 8 8 8 8
1504224000 8 8 8 8
1504216800 8 8 8 8
1504209600 8 8 8 8
1504202400 8 8 8 8
1504195200 8 8 8 8
1504188000 8 8 8 8
1504180800 8 8 8 8
1504173600 8 8 8 8
1504166400 8 8 8 8
1504159200 8 8 8 8
1504152000 8 8 8 8
1504144800 8 8 8 8
1504137600 8 8 8 8
1504130400 8 8 8 8
1504123200 8 8 8 8
1504116000 8 8 8 8
1504108800 8 8 8 8
1504101600 8 8 8 8
1504094400 8 8 8 8
1504087200 8 8 8 8
1504080000 8 8 8 8
1504072800 8 8 8 8
1504065600 8 8 8 8
1504058400 8 8 8 8
1504051200 8 8 8 8
1504044000 8 8 8 8
1504036800 8 8 8 8
1504029600 8 8 8 8
1504022400 8 8 8 8
1504015200 8 8 8 8
1504008000 8 8 8 8
1504000800 8 8 8 8
1503993600 8 8 8 8
1503986400 8 8 8 8
1503979200 8 8 8 8
1503972000 8 8 8 8
1503964800 8 8 8 8
1503957600 8 8 8 8
1503950400 8 8 8 8
1503943200 8 8 8 8
1503936000 8 8 8 8
1503928800 8 8 8 8
1503921600 8 8 8 8
1503914400 8 8 8 8
1503907200 8 8 8 8
1503900000 8 8 8 8
1503892800 8 8 8 8
1503885600 8 8 8 8
1503878400 8 8 8 8
1503871200 8 8 8 8
1503864000 8 8 8 8
1503856800 8 8 8 8
1503849600 8 8 8 8
1503842400 8 8 8 8
1503835200 8 8 8 8
1503828000 8 8 8 8
1503820800 8 8 8 8
1503813600 8 8 8 8
1503806400 8 8 8 8
1503799200 8 8 8 8
1503792000 8 8 8 8
1503784800 8 8 8 8
1503777600 8 8 8 8
1503770400 8 8 8 8
1503763200 8 8 8 8
1503756000 8 8 8 8
1503748800 8 8 8 8
1503741600 8 8 8 8
1503734400 8 8 8 8
1503727200 8 8 8 8
1503720000 8 8 8 8
1503712800 8 8 8 8
1503705600 8 8 8 8
1503698400 8 8 8 8
1503691200 8 8 8 8
1503684000 8 8 8 8
1503676800 8 8 8 8
1503669600 8 8 8 8
1503662400 8 8 8 8
1503655200 8 8 8 8
1503648000 8 8 8 8
1503640800 8 8 8 8
1503633600 8 8 8 8
1503626400 8 8 8 8
1503619200 8 8 8 8
1503612000 8 8 8 8
1503604800 8 8 8 8
1503597600 8 8 8 8
1503590400 8 8 8 8
1503583200 8 8 8 8
1503576000 8 8 8 8
1503568800 8 8 8 8
1503561600 8 8 8 8
1503554400 8 8 8 8
1503547200 8 8 8 8
1503540000 8 8 8 8
1503532800 8 8 8 8
1503525600 8 8 8 8
1503518400 8 8 8 8
1503511200 8 8 8 8
1503504000 8 8 8 8
1503496800 8 8 8 8
1503489600 8 8 8 8
1503482400 8 8 8 8
1503475200 8 8 8 8
1503468000 8 8 8 8
1503460800 8 8 8 8
1503453600 8 8 8 8
1503446400 8 8 8 8
1503439200 8 8 8 8
1503432000 8 8 8 8
1503424800 8 8 8 8
1503360000 8 8 8 8
1503273600 8 8 8 8
1503187200 8 8 8 8
1503100800 8 8 8 8
1503014400 8 8 8 8
1502928000 8 8 8 8
1502841600 8 8 8 8
1502755200 8 8 8 8
1502668800 8 8 8 8
1502582400 8 8 8 8
1502496000 8 8 8 8
1502409600 8 8 8 8
1502323200 8 8 8 8
1502236800 8 8 8 8
1502150400 8 8 8 8
1502064000 8 8 8 8
1501977600 8 8 8 8
1501891200 8 8 8 8
1501804800 8 8 8 8
1501718400 8 8 8 8
1501632000 8 8 8 8
1501545600 8 8 8 8
1501459200 8 8 8 8
1501372800 8 8 8 8
1501286400 8 8 8 8
1501200000 8 8 8 8
1501113600 8 8 8 8
1501027200 8 8 8 8
1500940800 8 8 8 8
1500854400 8 8 8 8
1500768000 8 8 8 8
1500681600 8 8 8 8
1500595200 8 8 8 8
1500508800 8 8 8 8
1500422400 8 8 8 8
1500336000 8 8 8 8
1500249600 8 8 8 8
1500163200 8 8 8 8
1500076800 8 8 8 8
1499990400 8 8 8 8
1499904000 8 8 8 8
1499817600 8 8 8 8
1499731200 8 8 8 8
1499644800 8 8 8 8
1499558400 8 8 8 8
1499472000 8 8 8 8
1499385600 8 8 8 8
1499299200 8 8 8 8
1499212800 8 8 8 8
1499126400 8 8 8 8
1499040000 8 8 8 8
1498953600 8 8 8 8
1498867200 8 8 8 8
1498780800 8 8 8 8
1498694400 8 8 8 8
1498608000 8 8 8 8
1498521600 8 8 8 8
1498435200 8 8 8 8
1498348800 8 8 8 8
1498262400 8 8 8 8
1498176000 8 8 8 8
1498089600 8 8 8 8
1498003200 8 8 8 8
1497916800 8 8 8 8
1497830400 8 8 8 8
1497744000 8 8 8 8
1497657600 8 8 8 8
1497571200 8 8 8 8
1497484800 8 8 8 8
1497398400 8 8 8 8
1497312000 8 8 8 8
1497225600 8 8 8 8
1497139200 8 8 8 8
1497052800 8 8 8 8
1496966400 8 8 8 8
1496880000 8 8 8 8
1496793600 8 8 8 8
1496707200 8 8 8 8
1496620800 8 8 8 8
1496534400 8 8 8 8
1496448000 8 8 8 8
1496361600 8 8 8 8
1496275200 8 8 8 8
1496188800 8 8 8 8
1496102400 8 8 8 8
1496016000 8 8 8 8
1495929600 8 8 8 8
1495843200 8 8 8 8
1495756800 8 8 8 8
1495670400 8 8 8 8
1495584000 8 8 8 8
1495497600 8 8 8 8
1495411200 8 8 8 8
1495324800 8 8 8 8
1495238400 8 8 8 8
1495152000 8 8 8 8
1495065600 8 8 8 8
1494979200 8 8 8 8
1494892800 8 8 8 8
1494806400 8 8 8 8
1494720000 8 8 8 8
1494633600 8 8 8 8
1494547200 8 8 8 8
1494460800 8 8 8 8
1494374400 8 8 8 8
1494288000 8 8 8 8
1494201600 8 8 8 8
1494115200 8 8 8 8
1494028800 8 8 8 8
1493942400 8 8 8 8
1493856000 8 8 8 8
1493769600 8 8 8 8
1493683200 8 8 8 8
1493596800 8 8 8 8
1493510400 8 8 8 8
1493424000 8 8 8 8
1493337600 8 8 8 8
1493251200 8 8 8 8
1493164800 8 8 8 8
1493078400 8 8 8 8
1492992000 8 8 8 8
1492905600 8 8 8 8
1492819200 8 8 8 8
1492732800 8 8 8 8
1492646400 8 8 8 8
1492560000 8 8 8 8
1492473600 8 8 8 8
1492387200 8 8 8 8
1492300800 8 8 8 8
1492214400 8 8 8 8
1492128000 8 8 8 8
1492041600 8 8 8 8
1491955200 8 8 8 8
1491868800 8 8 8 8
1491782400 8 8 8 8
1491696000 8 8 8 8
1491609600 8 8 8 8
1491523200 8 8 8 8
1491436800 8 8 8 8
1491350400 8 8 8 8
1491264000 8 8 8 8
1491177600 8 8 8 8
1491091200 8 8 8 8
1491004800 8 8 8 8
1490918400 8 8 8 8
1490832000 8 8 8 8
1490745600 8 8 8 8
1490659200 8 8 8 8
1490572800 8 8 8 8
1490486400 8 8 8 8
1490400000 8 8 8 8
1490313600 8 8 8 8
1490227200 8 8 8 8
1490140800 8 8 8 8
1490054400 8 8 8 8
1489968000 8 8 8 8
1489881600 8 8 8 8
1489795200 8 8 8 8
1489708800 8 8 8 8
1489622400 8 8 8 8
1489536000 8 8 8 8
1489449600 8 8 8 8
1489363200 8 8 8 8
1489276800 8 8 8 8
1489190400 8 8 8 8
1489104000 8 8 8 8
1489017600 8 8 8 8
1488931200 8 8 8 8
1488844800 8 8 8 8
1488758400 8 8 8 8
1488672000 8 8 8 8
1488585600 8 8 8 8
1488499200 8 8 8 8
1488412800 8 8 8 8
1488326400 8 8 8 8
1488240000 8 8 8 8
1488153600 8 8 8 8
1488067200 8 8 8 8
1487980800 8 8 8 8
1487894400 8 8 8 8
1487808000 8 8 8 8
1487721600 8 8 8 8
1487635200 8 8 8 8
1487548800 8 8 8 8
1487462400 8 8 8 8
1487376000 8 8 8 8
1487289600 8 8 8 8
1487203200 8 8 8 8
1487116800 8 8 8 8
1487030400 8 8 8 8
1486944000 8 8 8 8
1486857600 8 8 8 8
1486771200 8 8 8 8
1486684800 8 8 8 8
1486598400 8 8 8 8
1486512000 8 8 8 8
1486425600 8 8 8 8
1486339200 8 8 8 8
1486252800 8 8 8 8
1486166400 8 8 8 8
1486080000 8 8 8 8
1485993600 8 8 8 8
1485907200 8 8 8 8
1485820800 8 8 8 8
1485734400 8 8 8 8
1485648000 8 8 8 8
1485561600 8 8 8 8
1485475200 8 8 8 8
1485388800 8 8 8 8
1485302400 8 8 8 8
1485216000 8 8 8 8
1485129600 8 8 8 8
1485043200 8 8 8 8
1484956800 8 8 8 8
1484870400 8 8 8 8
1484784000 8 8 8 8
1484697600 8 8 8 8
1484611200 8 8 8 8
1484524800 8 8 8 8
1484438400 8 8 8 8
1484352000 8 8 8 8
1484265600 8 8 8 8
1484179200 8 8 8 8
1484092800 8 8 8 8
1484006400 8 8 8 8
1483920000 8 8 8 8
1483833600 8 8 8 8
1483747200 8 8 8 8
1483660800 8 8 8 8
1483574400 8 8 8 8
1483488000 8 8 8 8
1483401600 8 8 8 8
1483315200 8 8 8 8
1483228800 8 8 8 8
1483142400 8 8 8 8
1483056000 8 8 8 8
1482969600 8 8 8 8
1482883200 8 8 8 8
1482796800 8 8 8 8
1482710400 8 8 8 8
1482624000 8 8 8 8
1482537600 8 8 8 8
1482451200 8 8 8 8
1482364800 8 8 8 8
1482278400 8 8 8 8
1482192000 8 8 8 8
1482105600 8 8 8 8
1482019200 8 8 8 8
1481932800 8 8 8 8
1481846400 8 8 8 8
1481760000 8 8 8 8
1481673600 8 8 8 8
1481587200 8 8 8 8
1481500800 8 8 8 8
1481414400 8 8 8 8
1481328000 8 8 8 8
1481241600 8 8 8 8
1481155200 8 8 8 8
1481068800 8 8 8 8
1480982400 8 8 8 8
1480896000 8 8 8 8
1480809600 8 8 8 8
1480723200 8 8 8 8
1480636800 8 8 8 8
1480550400 8 8 8 8
1480464000 8 8 8 8
1480377600 8 8 8 8
1480291200 8 8 8 8
1480204800 8 8 8 8
1480118400 8 8 8 8
1480032000 8 8 8 8
1479945600 8 8 8 8
1479859200 8 8 8 8
1479772800 8 8 8 8
1479686400 8 8 8 8
1479600000 8 8 8 8
1479513600 8 8 8 8
1479427200 8 8 8 8
1479340800 8 8 8 8
1479254400 8 8 8 8
1479168000 8 8 8 8
1479081600 8 8 8 8
1478995200 8 8 8 8
1478908800 8 8 8 8
1478822400 8 8 8 8
1478736000 8 8 8 8
1478649600 8 8 8 8
1478563200 8 8 8 8
1478476800 8 8 8 8
1478390400 8 8 8 8
1478304000 8 8 8 8
1478217600 8 8 8 8
1478131200 8 8 8 8
1478044800 8 8 8 8
1477958400 8 8 8 8
1477872000 8 8 8 8
1477785600 8 8 8 8
1477699200 8 8 8 8
1477612800 8 8 8 8
1477526400 8 8 8 8
1477440000 8 8 8 8
1477353600 8 8 8 8
1477267200 8 8 8 8
1477180800 8 8 8 8
1477094400 8 8 8 8
1477008000 8 8 8 8
1476921600 8 8 8 8
1476835200 8 8 8 8
1476748800 8 8 8 8
1476662400 8 8 8 8
1476576000 8 8 8 8
1476489600 8 8 8 8
1476403200 8 8 8 8
1476316800 8 8 8 8
1476230400 8 8 8 8
1476144000 8 8 8 8
1476057600 8 8 8 8
1475971200 8 8 8 8
1475884800 8 8 8 8
1475798400 8 8 8 8
1475712000 8 8 8 8
1475625600 8 8 8 8
1475539200 8 8 8 8
1475452800 8 8 8 8
1475366400 8 8 8 8
1475280000 8 8 8 8
1475193600 8 8 8 8
1475107200 8 8 8 8
1475020800 8 8 8 8
1474934400 8 8 8 8
1474848000 8 8 8 8
1474761600 8 8 8 8
1474675200 8 8 8 8
1474588800 8 8 8 8
1474502400 8 8 8 8
1474416000 8 8 8 8
1474329600 8 8 8 8
1474243200 8 8 8 8
1474156800 8 8 8 8
1474070400 8 8 8 8
1473984000 8 8 8 8
1473897600 8 8 8 8
1473811200 8 8 8 8
1473724800 8 8 8 8
1473638400 8 8 8 8
1473552000 8 8 8 8
1473465600 8 8 8 8
1473379200 8 8 8 8
1473292800 8 8 8 8
1473206400 8 8 8 8
1473120000 8 8 8 8
1473033600 8 8 8 8
1472947200 8 8 8 8
1472860800 8 8 8 8
1472774400 8 8 8 8
1472688000 8 8 8 8
1472601600 8 8 8 8
1472515200 8 8 8 8
1472428800 8 8 8 8
1472342400 8 8 8 8
1472256000 8 8 8 8
1472169600 8 8 8 8
1472083200 8 8 8 8
1471996800 8 8 8 8
1471910400 8 8 8 8
1471824000 8 8 8 8
1471737600 8 8 8 8
1471651200 8 8 8 8
1471564800 8 8 8 8
1471478400 8 8 8 8
1471392000 8 8 8 8
1471305600 8 8 8 8
1471219200 8 8 8 8
1471132800 8 8 8 8
1471046400 8 8 8 8
1470960000 8 8 8 8
1470873600 8 8 8 8
1470787200 8 8 8 8
1470700800 8 8 8 8
1470614400 8 8 8 8
1470528000 8 8 8 8
1470441600 8 8 8 8
1470355200 8 8 8 8
1470268800 8 8 8 8
1470182400 8 8 8 8
1470096000 8 8 8 8
1470009600 8 8 8 8
1469923200 8 8 8 8
1469836800 8 8 8 8
1469750400 8 8 8 8
1469664000 8 8 8 8
1469577600 8 8 8 8
1469491200 8 8 8 8
1469404800 8 8 8 8
1469318400 8 8 8 8
1469232000 8 8 8 8
1469145600 8 8 8 8
1469059200 8 8 8 8
1468972800 8 8 8 8
1468886400 8 8 8 8
1468800000 8 8 8 8
1468713600 8 8 8 8
1468627200 8 8 8 8
1468540800 8 8 8 8
1468454400 8 8 8 8
1468368000 8 8 8 8
1468281600 8 8 8 8
1468195200 8 8 8 8
1468108800 8 8 8 8
1468022400 8 8 8 8
1467936000 8 8 8 8
1467849600 8 8 8 8
1467763200 8 8 8 8
1467676800 8 8 8 8
1467590400 8 8 8 8
1467504000 8 8 8 8
1467417600 8 8 8 8
1467331200 8 8 8 8
1467244800 8 8 8 8
1467158400 8 8 8 8
1467072000 8 8 8 8
1466985600 8 8 8 8
1466899200 8 8 8 8
1466812800 8 8 8 8
1466726400 8 8 8 8
1466640000 8 8 8 8
1466553600 8 8 8 8
1466467200 8 8 8 8
1466380800 8 8 8 8
1466294400 8 8 8 8
1466208000 8 8 8 8
1466121600 8 8 8 8
1466035200 8 8 8 8
1465948800 8 8 8 8
1465862400 8 8 8 8
1465776000 8 8 8 8
1465689600 8 8 8 8
1465603200 8 8 8 8
1465516800 8 8 8 8
1465430400 8 8 8 8
1465344000 8 8 8 8
1465257600 8 8 8 8
1465171200 8 8 8 8
1465084800 8 8 8 8
1464998400 8 8 8 8
1464912000 8 8 8 8
1464825600 8 8 8 8
1464739200 8 8 8 8
1464652800 8 8 8 8
1464566400 8 8 8 8
1464480000 8 8 8 8
1464393600 8 8 8 8
1464307200 8 8 8 8
1464220800 8 8 8 8
1464134400 8 8 8 8
1464048000 8 8 8 8
1463961600 8 8 8 8
1463875200 8 8 8 8
1463788800 8 8 8 8
1463702400 8 8 8 8
1463616000 8 8 8 8
1463529600 8 8 8 8
1463443200 8 8 8 8
1463356800 8 8 8 8
1463270400 8 8 8 8
1463184000 8 8 8 8
1463097600 8 8 8 8
1463011200 8 8 8 8
1462924800 8 8 8 8
1462838400 8 8 8 8
1462752000 8 8 8 8
1462665600 8 8 8 8
1462579200 8 8 8 8
1462492800 8 8 8 8
1462406400 8 8 8 8
1462320000 8 8 8 8
1462233600 8 8 8 8
1462147200 8 8 8 8
1462060800 8 8 8 8
1461974400 8 8 8 8
1461888000 8 8 8 8
1461801600 8 8 8 8
1461715200 8 8 8 8
1461628800 8 8 8 8
1461542400 8 8 8 8
1461456000 8 8 8 8
1461369600 8 8 8 8
1461283200 8 8 8 8
1461196800 8 8 8 8
1461110400 8 8 8 8
1461024000 8 8 8 8
1460937600 8 8 8 8
1460851200 8 8 8 8
1460764800 8 8 8 8
1460678400 8 8 8 8
1460592000 8 8 8 8
1460505600 8 8 8 8
1460419200 8 8 8 8
1460332800 8 8 8 8
1460246400 8 8 8 8
1460160000 8 8 8 8
1460073600 8 8 8 8
1459987200 8 8 8 8
1459900800 8 8 8 8
1459814400 8 8 8 8
1459728000 8 8 8 8
1459641600 8 8 8 8
1459555200 8 8 8 8
1459468800 8 8 10 10
1459382400 8 8 8 8
1459296000 8 8 8 8
1459209600 8 8 8 8
1459123200 8 8 9 9
1459036800 8 8 8 8
1458950400 8 8 8 8
1458864000 8 8 8 8
1458777600 8 8 8 8
1458691200 8 8 8 8
1458604800 8 8 8 8
1458518400 8 8 8 8
1458432000 8 8 8 8
1458345600 8 8 8 8
1458259200 8 8 8 8
1458172800 8 8 8 8
1458086400 8 8 8 8
1458000000 8 8 8 8
1457913600 8 8 8 8
1457827200 8 8 9 9
1457740800 8 8 8 8
1457654400 8 8 8 8
1457568000 8 8 8 8
1457481600 8 8 8 8
1457395200 8 8 8 8
1457308800 8 8 8 8
1457222400 8 8 8 8
1457136000 8 8 8 8
1457049600 8 8 8 8
1456963200 8 8 8 8
1456876800 8 8 8 8
1456790400 8 8 8 8
1456704000 8 8 8 8
1456617600 8 8 8 8
1456531200 8 8 8 8
1456444800 8 8 8 8
1456358400 8 8 8 8
1456272000 8 8 8 8
1456185600 8 8 8 8
1456099200 8 8 8 8
1456012800 8 8 8 8
1455926400 8 8 8 8
1455840000 8 8 8 8
1455753600 8 8 8 8
1455667200 8 8 8 8
1455580800 8 8 8 8
1455494400 8 8 8 8
1455408000 8 8 8 8
1455321600 8 8 8 8
1455235200 8 8 8 8
1455148800 8 8 8 8
1455062400 8 8 8 8
1454976000 8 8 8 8
1454889600 8 8 8 8
1454803200 8 8 8 8
1454716800 8 8 8 8
1454630400 8 8 8 8
1454544000 8 8 8 8
1454457600 8 8 8 8
1454371200 8 8 8 8
1454284800 8 8 9 9
1454198400 8 8 8 8
1454112000 8 8 8 8
1454025600 8 8 8 8
1453939200 8 8 8 8
1453852800 8 8 8 8
1453766400 8 8 8 8
1453680000 8 8 8 8
1453593600 8 8 8 8
1453507200 8 8 8 8
1453420800 8 8 8 8
1453334400 8 8 8 8
1453248000 8 8 8 8
1453161600 8 8 8 8
1453075200 8 8 8 8
1452988800 8 8 8 8
1452902400 8 8 8 8
1452816000 8 8 8 8
1452729600 8 8 8 8
1452643200 8 8 8 8
1452556800 8 8 8 8
1452470400 8 8 8 8
1452384000 8 8 8 8
1452297600 8 8 8 8
1452211200 8 8 8 8
1452124800 8 8 8 8
1452038400 8 8 8 8
1451952000 8 8 8 8
1451865600 8 8 8 8
1451779200 8 8 8 8
1451692800 8 8 8 8
1451606400 8 8 8 8
1451520000 8 8 8 8
1451433600 8 8 9 9
1451347200 8 8 8 8
1451260800 8 8 8 8
1451174400 8 8 8 8
1451088000 8 8 8 8
1451001600 8 8 8 8
1450915200 8 8 9 9
1450828800 8 8 8 8
1450742400 8 8 8 8
1450656000 8 8 8 8
1450569600 8 8 8 8
1450483200 8 8 8 8
1450396800 8 8 8 8
1450310400 8 8 8 8
1450224000 8 8 8 8
1450137600 8 8 8 8
1450051200 8 8 8 8
1449964800 8 8 8 8
1449878400 8 8 8 8
1449792000 8 8 8 8
1449705600 8 8 8 8
1449619200 8 8 8 8
1449532800 8 8 8 8
1449446400 8 8 8 8
1449360000 8 8 8 8
1449273600 8 8 8 8
1449187200 8 8 8 8
1449100800 8 8 8 8
1449014400 8 8 8 8
1448928000 8 8 8 8
1448841600 8 8 8 8
1448755200 8 8 8 8
1448668800 8 8 8 8
1448582400 8 8 8 8
1448496000 8 8 8 8
1448409600 8 8 8 8
1448323200 8 8 8 8
1448236800 8 8 8 8
1448150400 8 8 8 8
1448064000 8 8 8 8
1447977600 8 8 8 8
1447891200 8 8 8 8
1447804800 8 8 8 8
1447718400 8 8 8 8
1447632000 8 8 8 8
1447545600 8 8 8 8
1447459200 8 8 8 8
1447372800 8 8 8 8
1447286400 8 8 8 8
1447200000 8 8 8 8
1447113600 8 8 8 8
1447027200 8 8 8 8
1446940800 8 8 8 8
1446854400 8 8 8 8
1446768000 8 8 8 8
1446681600 8 8 8 8
1446595200 8 8 8 8
1446508800 8 8 8 8
1446422400 8 8 8 8
1446336000 8 8 8 8
1446249600 8 8 8 8
1446163200 8 8 8 8
1446076800 8 8 8 8
1445990400 8 8 8 8
1445904000 8 8 8 8
1445817600 8 8 8 8
1445731200 8 8 8 8
1445644800 8 8 8 8
1445558400 8 8 8 8
1445472000 8 8 8 8
1445385600 8 8 8 8
1445299200 8 8 8 8
1445212800 8 8 8 8
1445126400 8 8 8 8
1445040000 8 8 8 8
1444953600 8 8 8 8
1444867200 8 8 8 8
1444780800 8 8 8 8
1444694400 8 8 8 8
1444608000 8 8 8 8
1444521600 8 8 8 8
1444435200 8 8 8 8
1444348800 8 8 8 8
1444262400 8 8 8 8
1444176000 8 8 8 8
1444089600 8 8 8 8
1444003200 8 8 8 8
1443916800 8 8 8 8
1443830400 8 8 8 8
1443744000 8 8 8 8
1443657600 8 8 8 8
1443571200 8 8 8 8
1443484800 8 8 8 8
1443398400 8 8 8 8
1443312000 8 8 8 8
1443225600 8 8 8 8
1443139200 8 8 8 8
1443052800 8 8 8 8
1442966400 8 8 8 8
1442880000 8 8 8 8
1442793600 8 8 8 8
1442707200 8 8 8 8
1442620800 8 8 8 8
1442534400 8 8 8 8
1442448000 8 8 8 8
1442361600 8 8 8 8
1442275200 8 8 8 8
1442188800 8 8 8 8
1442102400 8 8 8 8
1442016000 8 8 8 8
1441929600 8 8 8 8
1441843200 8 8 8 8
1441756800 8 8 8 8
1441670400 8 8 8 8
1441584000 8 8 8 8
1441497600 8 8 8 8
1441411200 8 8 8 8
1441324800 8 8 8 8
1441238400 8 8 8 8
1441152000 8 8 8 8
1441065600 8 8 8 8
1440979200 8 8 8 8
1440892800 8 8 8 8
1440806400 8 8 8 8
1440720000 8 8 8 8
1440633600 8 8 8 8
1440547200 8 8 8 8
1440460800 8 8 8 8
1440374400 8 8 8 8
1440288000 8 8 8 8
1440201600 8 8 8 8
