1509011702 121944801 65895599005
1509011702 0 944 0 944
1509011402 0 1054 0 1054
1509011400 0 1054 0 1155
1509011100 0 1155 0 1243
1509010800 0 1241 0 1243
1509010500 0 982 0 983
1509010200 0 895 0 1051
1509009900 0 1051 0 1192
1509009600 0 1193 0 1415
1509009300 0 1414 0 1415
1509009000 0 1273 0 1439
1509008700 0 1436 0 1439
1509008400 0 1053 0 1054
1509008100 0 874 0 1125
1509007800 0 1129 0 1752
1509007500 0 1752 0 1881
1509007200 0 1878 0 1881
1509006900 0 1142 0 1606
1509006600 0 1602 0 1606
1509006300 0 1015 0 1429
1509006000 0 1428 0 1429
1509005700 0 1393 0 1638
1509005400 0 1638 0 1659
1509005100 0 1656 0 1659
1509004800 0 928 0 1832
1509004500 0 1829 0 1832
1509004200 0 1497 0 1498
1509003900 0 1437 0 1438
1509003600 0 1391 0 1574
1509003300 0 1574 0 1700
1509003000 0 1700 0 1825
1509002700 0 1820 0 1825
1509002400 0 1162 0 1192
1509002100 0 1193 0 1349
1509001800 0 1350 0 1513
1509001500 0 1515 0 1906
1509001200 0 1902 0 1906
1509000900 0 939 0 1444
1509000600 0 1440 0 1444
1509000300 0 924 0 1516
1509000000 0 1516 0 1553
1508999700 0 1553 0 1653
1508999400 0 1651 0 1653
1508999100 0 1417 0 1419
1508998800 0 1255 0 1335
1508998500 0 1333 0 1335
1508998200 0 1023 0 1226
1508997900 0 1223 0 1226
1508997600 0 813 0 1112
1508997300 0 1112 0 1113
1508997000 0 1115 0 1462
1508996700 0 1460 0 1462
1508996400 0 1164 0 1165
1508996100 0 1146 0 1147
1508995800 0 1097 0 1180
1508995500 0 1181 0 1628
1508995200 0 1628 0 1824
1508994900 0 1823 0 1824
1508994600 0 1710 0 1711
1508994300 0 1624 0 1667
1508994000 0 1667 0 1719
1508993700 0 1716 0 1719
1508993400 0 1102 0 1554
1508993100 0 1553 0 1554
1508992800 0 1496 0 1497
1508992500 0 1467 0 1470
1508992200 0 1092 0 1162
1508991900 0 1161 0 1162
1508991600 0 1109 0 1537
1508991300 0 1537 0 1537
1508991000 0 1417 0 1419
1508990700 0 1237 0 1343
1508990400 0 1339 0 1343
1508990100 0 832 0 1067
1508989800 0 1066 0 1067
1508989500 0 1051 0 1411
1508989200 0 1411 0 1470
1508988900 0 1468 0 1470
1508988600 0 1256 0 1258
1508988300 0 988 0 990
1508988000 0 736 0 932
1508987700 0 931 0 932
1508987400 0 814 0 1203
1508987100 0 1203 0 1210
1508986800 0 1208 0 1210
1508986500 0 991 0 992
1508986200 0 945 0 1036
1508985900 0 1035 0 1036
1508985600 0 956 0 1323
1508985300 0 1321 0 1323
1508985000 0 1089 0 1142
1508984700 0 1140 0 1142
1508984400 0 882 0 884
1508984100 0 665 0 775
1508983800 0 775 0 815
1508983500 0 815 0 961
1508983200 0 963 0 1289
1508982900 0 1285 0 1289
1508982600 0 831 0 832
1508982300 0 825 0 826
1508982000 0 723 0 780
1508981700 0 779 0 780
1508981400 0 753 0 1063
1508981100 0 1064 0 1255
1508980800 0 1252 0 1255
1508980500 0 923 0 924
1508980200 0 912 0 1032
1508979900 0 1031 0 1032
1508979600 0 913 0 914
1508979300 0 889 0 1222
1508979000 0 1221 0 1222
1508978700 0 1195 0 1198
1508978400 0 870 0 871
1508978100 0 726 0 727
1508977800 0 722 0 757
1508977500 0 758 0 948
1508977200 0 948 0 1073
1508976900 0 1073 0 1105
1508976600 0 1102 0 1105
1508976300 0 793 0 794
1508976000 0 766 0 767
1508975700 0 734 0 861
1508975400 0 864 0 1376
1508975100 0 1376 0 1467
1508974800 0 1466 0 1467
1508974500 0 1325 0 1326
1508974200 0 1131 0 1163
1508973900 0 1160 0 1163
1508973600 0 732 0 1187
1508973300 0 1186 0 1187
1508973000 0 1164 0 1205
1508972700 0 1203 0 1205
1508972400 0 1003 0 1005
1508972100 0 732 0 994
1508971800 0 994 0 1058
1508971500 0 1057 0 1058
1508971200 0 1033 0 1372
1508970900 0 1370 0 1372
1508970600 0 1180 0 1181
1508970300 0 1131 0 1169
1508970000 0 1168 0 1169
1508969700 0 1032 0 1292
1508969400 0 1292 0 1364
1508969100 0 1365 0 1616
1508968800 0 1613 0 1616
1508968500 0 913 0 1380
1508968200 0 1381 0 1573
1508967900 0 1573 0 1579
1508967600 0 1578 0 1579
1508967300 0 1449 0 1738
1508967000 0 1737 0 1738
1508966700 0 1590 0 1591
1508966400 0 1471 0 1473
1508966100 0 1094 0 1096
1508965800 0 925 0 926
1508965500 0 904 0 967
1508965200 0 968 0 1215
1508964900 0 1218 0 1777
1508964600 0 1774 0 1777
1508964300 0 1336 0 1349
1508964000 0 1348 0 1349
1508963700 0 1323 0 1329
1508963400 0 1332 0 1797
1508963100 0 1797 0 1925
1508962800 0 1922 0 1925
1508962500 0 1552 0 1553
1508962200 0 1500 0 1503
1508961900 0 1158 0 1189
1508961600 0 1188 0 1189
1508961300 0 1021 0 1186
1508961000 0 1186 0 1267
1508960700 0 1264 0 1267
1508960400 0 958 0 959
1508960100 0 917 0 918
1508959800 0 793 0 794
1508959500 0 708 0 778
1508959200 0 780 0 1181
1508958900 0 1181 0 1284
1508958600 0 1281 0 1284
1508958300 0 910 0 911
1508958000 0 811 0 812
1508957700 0 725 0 752
1508957400 0 753 0 1045
1508957100 0 1045 0 1222
1508956800 0 1221 0 1222
1508956500 0 1199 0 1202
1508956200 0 835 0 836
1508955900 0 831 0 867
1508955600 0 868 0 1151
1508955300 0 1152 0 1456
1508955000 0 1456 0 1627
1508954700 0 1624 0 1627
1508954400 0 1243 0 1246
1508954100 0 883 0 884
1508953800 0 789 0 790
1508953500 0 789 0 889
1508953200 0 891 0 1303
1508952900 0 1301 0 1303
1508952600 0 1063 0 1064
1508952300 0 1044 0 1046
1508952000 0 749 0 796
1508951700 0 796 0 799
1508951400 0 800 0 972
1508951100 0 973 0 1262
1508950800 0 1262 0 1290
1508950500 0 1288 0 1290
1508950200 0 956 0 957
1508949900 0 841 0 842
1508949600 0 817 0 957
1508949300 0 957 0 981
1508949000 0 985 0 1634
1508948700 0 1631 0 1634
1508948400 0 867 0 868
1508948100 0 796 0 849
1508947800 0 849 0 869
1508947500 0 869 0 1014
1508947200 0 1015 0 1215
1508946900 0 1216 0 1432
1508946600 0 1430 0 1432
1508946300 0 929 0 930
1508946000 0 924 0 925
1508945700 0 851 0 872
1508945400 0 872 0 885
1508945100 0 887 0 1538
1508944800 0 1535 0 1538
1508944500 0 1221 0 1223
1508944200 0 1057 0 1058
1508943900 0 916 0 918
1508943600 0 918 0 929
1508943300 0 930 0 1377
1508943000 0 1378 0 1762
1508942700 0 1757 0 1762
1508942400 0 1012 0 1029
1508942100 0 1028 0 1029
1508941800 0 943 0 944
1508941500 0 888 0 1092
1508941200 0 1096 0 1708
1508940900 0 1708 0 1758
1508940600 0 1753 0 1758
1508940300 0 1061 0 1344
1508940000 0 1343 0 1344
1508939700 0 1103 0 1105
1508939400 0 632 2 633
1508939100 328 6115 97836 1703365
1508938800 97509 1697692 97836 1703365
1508938500 7 1501 73 1511
1508938200 72 1510 73 1511
1508937900 33 1285 150 1441
1508937600 150 1441 218 1517
1508937300 217 1519 218 1922
1508937000 76 1925 77 2460
1508936700 15 2456 94 2460
1508936400 93 1932 94 1934
1508936100 663 12569 94645 1637337
1508935800 94014 1626429 94645 1637337
1508935500 11 1186 103 1302
1508935200 104 1306 287 1904
1508934900 286 1904 287 2068
1508934600 170 2066 171 2068
1508934300 2 1575 3 1578
1508934000 0 1260 0 1265
1508933700 0 590 66 1576
1508933400 66 1575 159 1576
1508933100 158 1566 159 1979
1508932800 71 1978 72 1979
1508932500 40 1930 41 1937
1508932200 0 1034 6 1208
1508931900 5 1208 6 1305
1508931600 0 1303 0 1305
1508931300 0 1139 0 1393
1508931000 0 1394 0 1805
1508930700 0 1804 0 1805
1508930400 0 1589 0 1904
1508930100 0 1903 0 1904
1508929800 0 1820 0 1822
1508929500 0 1622 0 1627
1508929200 0 1027 0 1677
1508928900 0 1680 0 2220
1508928600 0 2214 0 2220
1508928300 0 1327 0 1328
1508928000 0 1042 0 1547
1508927700 0 1545 0 1547
1508927400 0 1215 0 1472
1508927100 0 1473 0 1742
1508926800 0 1742 0 1849
1508926500 0 1848 0 1849
1508926200 0 1724 0 1728
1508925900 0 1186 0 1233
1508925600 0 1233 0 1278
1508925300 0 1278 0 1306
1508925000 0 1309 0 1777
1508924700 0 1774 0 1777
1508924400 0 1350 0 1353
1508924100 0 1021 0 1022
1508923800 0 936 0 937
1508923500 0 802 0 929
1508923200 0 929 0 971
1508922900 0 975 0 1603
1508922600 0 1600 0 1603
1508922300 0 1260 0 1263
1508922000 0 866 0 886
1508921700 0 886 0 994
1508921400 0 994 0 1074
1508921100 0 1075 0 1607
1508920800 0 1606 0 1607
1508920500 0 1519 0 1522
1508920200 0 1222 0 16010
1508919900 0 15960 0 16010
1508919600 0 1187 0 1189
1508919300 0 1189 0 1251
1508919000 0 1252 0 1464
1508918700 0 1466 0 1821
1508918400 0 1818 0 1821
1508918100 0 1206 0 1207
1508917800 0 1139 0 1140
1508917500 0 1089 0 1326
1508917200 0 1324 0 1326
1508916900 0 1082 0 1635
1508916600 0 1633 0 1635
1508916300 0 1333 0 1334
1508916000 0 1327 0 1330
1508915700 0 981 0 1346
1508915400 0 1343 0 1346
1508915100 0 930 0 1133
1508914800 0 1138 0 1942
1508914500 0 1936 0 1942
1508914200 0 1180 0 1183
1508913900 0 875 0 939
1508913600 0 938 0 939
1508913300 0 928 0 956
1508913000 0 957 0 1419
1508912700 0 1418 0 1419
1508912400 0 1406 0 1410
1508912100 0 920 0 1035
1508911800 0 1035 0 1131
1508911500 0 1130 0 1131
1508911200 0 1101 0 1204
1508910900 0 1206 0 1988
1508910600 0 1986 0 1988
1508910300 0 1449 0 1450
1508910000 0 1275 0 1279
1508909700 0 780 0 1168
1508909400 0 1168 0 1357
1508909100 0 1358 0 1659
1508908800 0 1659 0 1935
1508908500 0 1930 0 1935
1508908200 0 1299 0 1302
1508907900 0 862 0 863
1508907600 0 762 0 843
1508907300 0 842 0 843
1508907000 0 750 0 1027
1508906700 0 1030 0 1565
1508906400 0 1560 0 1565
1508906100 0 846 0 848
1508905800 0 664 0 982
1508905500 0 981 0 982
1508905200 0 974 0 1081
1508904900 0 1084 0 1667
1508904600 0 1667 0 1760
1508904300 0 1758 0 1760
1508904000 0 1245 0 1246
1508903700 0 1163 0 1249
1508903400 0 1249 0 1311
1508903100 0 1312 0 1487
1508902800 0 1489 0 1840
1508902500 0 1838 0 1840
1508902200 0 1433 0 1438
1508901900 0 773 0 1541
1508901600 0 1541 0 1611
1508901300 0 1610 0 1611
1508901000 0 1505 0 1777
1508900700 0 1779 0 2087
1508900400 0 2084 0 2087
1508900100 0 1321 0 1323
1508899800 0 1061 0 1062
1508899500 0 1042 0 1212
1508899200 0 1212 0 1224
1508898900 0 1225 0 1564
1508898600 0 1562 0 1564
1508898300 0 1248 0 1250
1508898000 0 1004 0 1006
1508897700 0 831 0 864
1508897400 0 864 0 992
1508897100 0 992 0 1044
1508896800 0 1047 0 1541
1508896500 0 1540 0 1541
1508896200 0 1465 0 1470
1508895900 0 864 0 903
1508895600 0 902 0 903
1508895300 0 823 0 824
1508895000 0 821 0 1166
1508894700 0 1166 0 1296
1508894400 0 1292 0 1296
1508894100 0 778 0 786
1508893800 0 785 0 786
1508893500 0 705 0 706
1508893200 0 680 0 860
1508892900 0 861 0 1071
1508892600 0 1072 0 1250
1508892300 0 1247 0 1250
1508892000 0 933 0 934
1508891700 0 870 0 1085
1508891400 0 1085 0 1221
1508891100 0 1219 0 1221
1508890800 0 840 0 1129
1508890500 0 1129 0 1330
1508890200 0 1328 0 1330
1508889900 0 957 0 959
1508889600 0 719 0 750
1508889300 0 750 0 763
1508889000 0 765 0 1085
1508888700 0 1085 0 1143
1508888400 0 1143 0 1211
1508888100 0 1207 0 1211
1508887800 0 735 0 736
1508887500 0 696 0 857
1508887200 0 857 0 951
1508886900 0 952 0 1397
1508886600 0 1395 0 1397
1508886300 0 1207 0 1210
1508886000 0 883 0 885
1508885700 0 729 0 736
1508885400 0 735 0 736
1508885100 0 693 0 844
1508884800 0 845 0 1143
1508884500 0 1143 0 1169
1508884200 0 1167 0 1169
1508883900 0 846 0 847
1508883600 0 700 0 754
1508883300 0 754 0 887
1508883000 0 887 0 1013
1508882700 0 1014 0 1606
1508882400 0 1604 0 1606
1508882100 0 1252 0 1584
1508881800 0 1583 0 1584
1508881500 0 1522 0 1524
1508881200 0 1290 0 1292
1508880900 0 940 0 1364
1508880600 0 1363 0 1364
1508880300 0 1352 0 1357
1508880000 0 898 0 899
1508879700 0 742 0 829
1508879400 0 829 0 857
1508879100 0 858 0 1065
1508878800 0 1067 0 1430
1508878500 0 1428 0 1430
1508878200 0 1234 0 1237
1508877900 0 813 0 814
1508877600 0 801 0 802
1508877300 0 717 0 717
1508877000 0 717 0 878
1508876700 0 881 0 1852
1508876400 0 1846 0 1852
1508876100 0 1071 0 1072
1508875800 0 1067 0 1209
1508875500 0 1207 0 1209
1508875200 0 912 0 929
1508874900 0 930 0 1171
1508874600 0 1172 0 1603
1508874300 0 1599 0 1603
1508874000 0 1097 0 1100
1508873700 0 734 0 735
1508873400 0 733 0 734
1508873100 0 704 0 705
1508872800 0 702 0 1458
1508872500 0 1458 0 1521
1508872200 0 1519 0 1521
1508871900 0 1134 0 1135
1508871600 0 978 0 980
1508871300 0 698 0 766
1508871000 0 766 0 888
1508870700 0 892 0 1496
1508870400 0 1493 0 1496
1508870100 0 1163 0 1166
1508869800 0 855 0 924
1508869500 0 923 0 924
1508869200 0 716 0 846
1508868900 0 846 0 1026
1508868600 0 1029 0 1485
1508868300 0 1480 0 1485
1508868000 0 819 0 849
1508867700 0 848 0 849
1508867400 0 820 0 821
1508867100 0 696 0 755
1508866800 0 757 0 1116
1508866500 0 1119 0 1684
1508866200 0 1678 0 1684
1508865900 0 845 0 938
1508865600 0 936 0 938
1508865300 0 674 0 747
1508865000 0 747 0 786
1508864700 0 791 0 1619
1508864400 0 1616 0 1619
1508864100 0 1275 0 1277
1508863800 0 1028 0 1063
1508863500 0 1062 0 1063
1508863200 0 1040 0 1042
1508862900 0 847 0 984
1508862600 0 988 0 1593
1508862300 0 1588 0 1593
1508862000 0 958 0 959
1508861700 0 924 0 948
1508861400 0 948 0 1101
1508861100 0 1100 0 1101
1508860800 0 1055 0 1399
1508860500 0 1399 0 1582
1508860200 0 1577 0 1582
1508859900 0 946 0 995
1508859600 0 995 0 1046
1508859300 0 1044 0 1046
1508859000 0 837 0 922
1508858700 0 925 0 1876
1508858400 0 1873 0 1876
1508858100 0 1218 0 1219
1508857800 0 1105 0 1332
1508857500 0 1331 0 1332
1508857200 0 1240 0 1242
1508856900 0 1067 0 1146
1508856600 0 1151 0 1926
1508856300 0 1927 0 2293
1508856000 0 2289 0 2293
1508855700 0 1746 0 1749
1508855400 0 1432 0 1434
1508855100 0 1189 0 1348
1508854800 0 1351 0 2383
1508854500 0 2379 0 2383
1508854200 0 1894 0 1897
1508853900 0 1290 0 1291
1508853600 0 1170 0 1171
1508853300 0 1103 0 1105
1508853000 0 884 0 885
1508852700 0 868 0 1559
1508852400 0 1559 0 1833
1508852100 0 1828 0 1833
1508851800 0 1140 0 1141
1508851500 0 1012 0 1014
1508851200 0 851 0 1001
1508850900 0 1000 0 1001
1508850600 0 867 0 1889
1508850300 0 1887 0 1889
1508850000 0 1619 0 1621
1508849700 0 1380 0 1382
1508849400 0 1054 0 1056
1508849100 0 819 0 910
1508848800 0 911 0 1465
1508848500 0 1465 0 1573
1508848200 0 1571 0 1573
1508847900 0 1250 0 1252
1508847600 0 875 0 936
1508847300 0 935 0 936
1508847000 0 820 0 874
1508846700 0 876 0 1277
1508846400 0 1279 0 1596
1508846100 0 1593 0 1596
1508845800 0 1214 0 1217
1508845500 0 902 0 1029
1508845200 0 1028 0 1029
1508844900 0 1001 0 1003
1508844600 0 728 0 1380
1508844300 0 1380 0 1415
1508844000 0 1413 0 1415
1508843700 0 910 0 911
1508843400 0 909 0 910
1508843100 0 867 0 943
1508842800 0 944 0 1195
1508842500 0 1197 0 2002
1508842200 0 1996 0 2002
1508841900 0 1136 0 1138
1508841600 0 885 0 1135
1508841300 0 1133 0 1135
1508841000 0 970 0 971
1508840700 0 912 0 1480
1508840400 0 1480 0 1567
1508840100 0 1565 0 1567
1508839800 0 1074 0 1075
1508839500 0 960 0 1201
1508839200 0 1200 0 1201
1508838900 0 1117 0 1318
1508838600 0 1318 0 1606
1508838300 0 1606 0 1725
1508838000 0 1721 0 1725
1508837700 0 1152 0 1153
1508837400 0 1103 0 1104
1508837100 0 958 0 1124
1508836800 0 1123 0 1124
1508836500 0 1123 0 1919
1508836200 0 1916 0 1919
1508835900 0 1592 0 1596
1508835600 0 1128 0 1230
1508835300 0 1230 0 1373
1508835000 0 1372 0 1373
1508834700 0 1295 0 1468
1508834400 0 1474 0 2378
1508834100 0 2373 0 2378
1508833800 0 1169 0 1171
1508833500 0 962 0 1514
1508833200 0 1512 0 1514
1508832900 0 1059 0 1060
1508832600 0 991 0 1434
1508832300 0 1434 0 1614
1508832000 0 1612 0 1614
1508831700 0 1084 0 1457
1508830200 0 1381 0 1821
1508828400 0 1592 0 2049
1508826600 0 1392 0 1700
1508824800 0 1181 0 1601
1508823000 0 1244 0 1727
1508821200 0 1222 0 1841
1508819400 0 1454 0 1956
1508817600 0 1159 0 1380
1508815800 0 1013 0 1380
1508814000 0 1041 0 1554
1508812200 0 1093 0 1522
1508810400 0 1331 0 1691
1508808600 0 1467 0 1887
1508806800 0 19187 0 108942
1508805000 0 1092 0 1446
1508803200 0 1061 0 1563
1508801400 0 1029 0 1860
1508799600 0 1241 0 1860
1508797800 0 1105 0 1635
1508796000 0 1047 0 1492
1508794200 0 1058 0 1456
1508792400 0 1223 0 1688
1508790600 0 1044 0 1786
1508788800 0 1242 0 1768
1508787000 0 1207 0 1785
1508785200 0 1222 0 1474
1508783400 0 1031 0 1631
1508781600 0 1071 0 1631
1508779800 0 1349 0 1652
1508778000 0 1416 0 1955
1508776200 0 1278 0 1536
1508774400 0 1369 0 2093
1508772600 0 1440 0 1724
1508770800 0 1983911 0 5909534
1508769000 0 1967323 0 5909534
1508767200 0 1271 0 1602
1508765400 0 1275 0 1927
1508763600 0 1225 0 1454
1508761800 0 1144 0 1370
1508760000 0 1181 0 1358
1508758200 0 1119 0 1302
1508756400 0 1075 0 1403
1508754600 0 1161 0 1403
1508752800 0 1177 0 1427
1508751000 0 1322 0 1606
1508749200 0 1232 0 1453
1508747400 0 1111 0 1407
1508745600 0 1025 0 1344
1508743800 0 1023 0 1167
1508742000 0 1177 0 1660
1508740200 0 1169 0 1850
1508738400 0 1230 0 1850
1508736600 0 1181 0 1437
1508734800 0 1015 0 1228
1508733000 0 948 0 1188
1508731200 0 1069 0 1319
1508729400 0 1011 0 1198
1508727600 0 1028 0 1320
1508725800 0 1876 0 6804
1508724000 0 971 0 1389
1508722200 0 1143 0 1389
1508720400 0 954 0 1254
1508718600 0 921 0 1253
1508716800 0 939 0 1249
1508715000 0 1057 0 1245
1508713200 0 1036 0 1146
1508711400 0 979 0 1347
1508709600 0 1244 0 1509
1508707800 0 1330 0 1752
1508706000 0 1391 0 1752
1508704200 0 1039 0 1264
1508702400 0 939 0 1042
1508700600 0 1013 0 1213
1508698800 0 1135 0 1463
1508697000 0 1163 0 1436
1508695200 0 912 0 1118
1508693400 0 927 0 1229
1508691600 0 998 0 1127
1508689800 0 885 0 1285
1508688000 0 1063 0 1525
1508686200 0 1122 0 1525
1508684400 0 1130 0 1457
1508682600 0 1360 0 1725
1508680800 0 949 0 1177
1508679000 0 1120 0 1357
1508677200 0 1205 0 1422
1508675400 0 993 0 1205
1508673600 0 1092 0 1589
1508671800 0 1059 0 1407
1508670000 0 1100 0 1550
1508668200 0 1361 0 1721
1508666400 0 910 0 1185
1508664600 0 1005 0 1363
1508662800 0 995 0 1292
1508661000 0 986 0 1287
1508659200 0 2466 0 10226
1508657400 0 1026 0 1231
1508655600 0 987 0 1299
1508653800 0 1126 0 1446
1508652000 0 1299 0 1670
1508650200 0 1184 0 1577
1508648400 0 957 0 1375
1508646600 0 1049 0 1344
1508644800 0 877 0 1172
1508643000 0 1091 0 1226
1508641200 0 949 0 1257
1508639400 0 1136 0 1399
1508637600 0 1127 0 1399
1508635800 0 1030 0 1472
1508634000 0 1101 0 1499
1508632200 0 1124 0 1296
1508630400 0 950 0 1314
1508628600 0 971 0 1228
1508626800 0 933 0 1208
1508625000 0 939 0 1222
1508623200 0 918 0 1222
1508621400 0 1040 0 1380
1508619600 0 1065 0 1216
1508617800 0 941 0 1344
1508616000 0 995 0 1268
1508614200 0 964 0 1295
1508612400 0 1160 0 1523
1508610600 0 1202 0 1463
1508608800 0 1193 0 1662
1508607000 0 1526 0 2086
1508605200 0 1388 0 1810
1508603400 0 1309 0 1634
1508601600 0 1041 0 1407
1508599800 0 1080 0 1324
1508598000 0 968 0 1159
1508596200 0 1011 0 1256
1508594400 0 1061 0 1335
1508592600 0 1027 0 1380
1508590800 0 1046 0 1380
1508589000 0 1385 0 2418
1508587200 0 1242 0 1520
1508585400 0 1488 0 1909
1508583600 0 1125 0 1291
1508581800 0 1148 0 1286
1508580000 0 1159 0 1601
1508578200 0 1032 0 1367
1508576400 0 961 0 1241
1508574600 0 986 0 1287
1508572800 0 1017 0 1287
1508571000 0 1042 0 1333
1508569200 0 1144 0 1465
1508567400 0 1105 0 1338
1508565600 0 1045 0 1338
1508563800 0 1008 0 1223
1508562000 0 1077 0 1223
1508560200 0 956 0 1295
1508558400 0 998 0 1254
1508556600 0 1162 0 1514
1508554800 0 1025 0 1296
1508553000 0 902 0 1188
1508551200 0 900 0 1015
1508549400 0 836 0 1232
1508547600 0 983 0 1112
1508545800 0 2874 0 12054
1508544000 0 1077 0 1348
1508542200 0 923 0 1385
1508540400 0 1120 0 1385
1508538600 0 1091 0 1360
1508536800 0 984 0 1211
1508535000 0 883 0 1181
1508533200 0 918 0 1123
1508531400 0 1073 0 1340
1508529600 0 1247 0 1497
1508527800 0 1179 0 1385
1508526000 0 958 0 1149
1508524200 0 991 0 1306
1508522400 0 1131 0 1351
1508520600 0 1296 0 1681
1508518800 0 1039 0 1336
1508517000 0 1036 0 1143
1508515200 0 1154 0 1555
1508513400 0 1092 0 1472
1508511600 80 1138 261 1764
1508509800 138 2698 296 10225
1508508000 143 1326 281 1980
1508506200 256 1652 324 1980
1508504400 260 1791 355 2133
1508502600 203 1744 274 2084
1508500800 150 2006 271 2483
1508499000 49 1348 109 1641
1508497200 875 6261 2387 15561
1508495400 634 4329 1238 12302
1508493600 145 1995 507 4025
1508491800 113 1498 253 1947
1508490000 169 1594 274 2030
1508488200 207 1184 746 1852
1508486400 218 1592 278 1953
1508484600 181 2036 445 3078
1508482800 157 1434 689 6513
1508481000 817 4652 1655 8404
1508479200 164 1174 391 1588
1508477400 236 1236 431 1668
1508475600 228 1402 344 1894
1508473800 150 1474 282 1894
1508472000 166 1166 282 1547
1508470200 274 1426 432 1830
1508468400 214 1447 280 1688
1508466600 203 1453 303 1780
1508464800 239 1298 404 1487
1508463000 216 1293 329 1643
1508461200 289 1524 446 1958
1508459400 250 1452 456 1890
1508457600 228 1570 353 1913
1508455800 594 1607 786 1910
1508454000 538 1770 931 2055
1508452200 645 1724 931 2018
1508450400 580 1600 644 2004
1508448600 532 1580 617 1826
1508446800 559 1760 620 2018
1508445000 574 1784 707 2151
1508443200 593 1683 707 1960
1508441400 286 1473 542 1717
1508439600 215 1470 343 1838
1508437800 247 1342 341 1562
1508436000 266 1384 398 1800
1508434200 276 1389 449 1776
1508432400 256 1825 353 2511
1508430600 221 1530 362 2114
1508428800 438 1798 877 2692
1508427000 782 1986 877 2232
1508425200 773 2269 907 2816
1508423400 260 1559 401 1963
1508421600 436 2778 1705 9446
1508419800 219 2380 350 6528
1508418000 219 1853 554 3251
1508416200 3280 20552 6941 31562
1508414400 1396 24519 3812 115129
1508412600 99 1202 207 1638
1508410800 224 1396 465 2124
1508409000 97 1211 180 1549
1508407200 108 1123 211 1411
1508405400 95 1199 368 1411
1508403600 128 1156 272 4806
1508401800 242 1839 334 4806
1508400000 246 1380 604 1650
1508398200 185 1602 454 2664
1508396400 270 2215 738 5703
1508394600 141 1358 256 1818
1508392800 129 1064 205 1649
1508391000 60 926 200 1527
1508389200 234 1051 424 1527
1508387400 147 1030 282 1402
1508385600 254 1093 486 1483
1508383800 341 1084 478 1667
1508382000 215 2037 373 6691
1508380200 228 1047 288 1394
1508378400 292 1112 353 1615
1508376600 286 1139 354 1674
1508374800 153 1006 313 1423
1508373000 83 787 294 1734
1508371200 205 1006 294 1734
1508369400 113 925 189 1748
1508367600 151 987 238 1547
1508365800 139 990 338 1571
1508364000 276 1122 338 1771
1508362200 187 1029 292 1626
1508360400 249 1150 460 1685
1508358600 201 1071 311 1763
1508356800 120 861 192 1699
1508355000 139 1040 284 1699
1508353200 308 1314 733 1772
1508351400 650 1604 774 2344
1508349600 204 1040 456 1784
1508347800 198 1121 414 1551
1508346000 131 1124 220 1544
1508344200 95 980 213 1672
1508342400 107 1098 243 1735
1508340600 128 763 243 1622
1508338800 177 1196 303 1916
1508337000 145 1380 334 1916
1508335200 77 1291 226 2151
1508333400 135 1214 226 1862
1508331600 190 1295 342 1740
1508329800 128 1168 248 1814
1508328000 117 1086 254 1613
1508326200 216 1173 420 1718
1508324400 188 1246 256 1705
1508322600 115 1012 184 1666
1508320800 178 1160 323 1714
1508319000 127 1078 262 1714
1508317200 192 3379 455 14320
1508315400 171 1758 454 4990
1508313600 164 1269 303 1536
1508311800 95 1200 278 2001
1508310000 358 3548 1377 14789
1508308200 557 3684 1863 14307
1508306400 222 1383 354 2540
1508304600 182 1023 354 1728
1508302800 181 1124 345 1728
1508301000 169 1021 275 1326
1508299200 325 1131 658 1738
1508297400 160 940 262 1816
1508295600 96 965 124 1221
1508293800 119 934 259 1475
1508292000 120 919 194 1710
1508290200 153 959 263 1559
1508288400 118 912 179 1239
1508286600 150 912 182 2136
1508284800 475098 1744 2830923 2540
1508283000 940653 24933 2830923 82346
1508281200 543 1400 722 1929
1508279400 559 1369 732 1740
1508277600 518 1323 730 1559
1508275800 111 964 455 1366
1508274000 207 1090 455 1380
1508272200 241 1091 359 1306
1508270400 223 1033 394 1290
1508268600 143 996 300 1614
1508266800 75 1087 121 1614
1508265000 198 1159 356 1532
1508263200 199 1120 340 1380
1508261400 139 1134 256 1499
1508259600 229 1950 320 6062
1508257800 169 1071 320 1247
1508256000 246 1140 468 1446
1508254200 243 1311 317 1710
1508252400 382 2239 540 5114
1508250600 894 62078 2302 643872
1508248800 935 612623 2876 666916
1508247000 261 539338 388 632300
1508245200 142 582633 217 627411
1508243400 264 88741 495 481676
1508241600 263 1384 495 1738
1508239800 162 1983 343 40762
1508238000 181 254307 476 438305
1508236200 450 5775 1762 321342
1508234400 306 56550 499 321342
1508232600 276 339443 566 422717
1508230800 556 1839 649 2164
1508229000 385 1591 674 2262
1508227200 144 3998 277 16716
1508225400 230 1430 483 1987
1508223600 214 1394 574 2022
1508221800 105 1879 229 5307
1508220000 183 986 308 1757
1508218200 217 1170 405 1757
1508216400 79 1026 188 1627
1508214600 244 1156 474 1491
1508212800 201 1000 428 1539
1508211000 246 1060 406 1322
1508209200 151 986 286 1484
1508207400 205 1056 314 1521
1508205600 185 1009 325 1417
1508203800 137 972 253 1694
1508202000 214 933 593 1597
1508200200 284 1008 593 1597
1508198400 154 997 206 1430
1508196600 175 1002 313 1715
1508194800 170 1025 239 1743
1508193000 139 999 209 1354
1508191200 188 1030 343 1396
1508189400 122 1106 233 1765
1508187600 105 996 220 1532
1508185800 186 965 290 1339
1508184000 141 990 194 1392
1508182200 128 1066 235 1392
1508180400 158 1033 316 1930
1508178600 163 1092 244 1482
1508176800 235 1160 445 1526
1508175000 184 1095 244 1383
1508173200 149 1028 315 1403
1508171400 159 1106 315 1450
1508169600 113 983 256 1433
1508167800 182 1204 267 1882
1508166000 162 1405 261 1882
1508164200 125 1141 472 1742
1508162400 200837 137040 1152446 810511
1508160600 80345 2418 482526 7665
1508158800 187 1477 291 2054
1508157000 190 1410 293 1753
1508155200 178 1345 298 1693
1508153400 230 1362 288 2014
1508151600 292 1230 441 1701
1508149800 294 1292 441 1701
1508148000 269 1324 441 1606
1508146200 395 1433 665 1624
1508144400 315 1416 407 1880
1508142600 222 1460 376 1899
1508140800 266 1622 533 1924
1508139000 224 2222 1695 9118
1508137200 2407 19696 4623 56257
1508135400 1691 6515 5678 29244
1508133600 239 1112 408 1270
1508131800 286 1186 521 1354
1508130000 338 1309 424 1927
1508128200 331 1192 457 1534
1508126400 81 1005 142 1290
1508124600 217 1080 566 1475
1508122800 610 2107 714 4846
1508121000 415 1328 690 1542
1508119200 177 1010 293 1230
1508117400 283 1086 448 1238
1508115600 95 1004 143 1449
1508113800 92 929 246 1214
1508112000 136 986 246 1320
1508110200 250 1043 452 1397
1508108400 161 1061 246 1258
1508106600 127 972 210 1222
1508104800 172 1009 341 1309
1508103000 125 933 238 1184
1508101200 164 1095 234 1388
1508099400 132 921 231 1231
1508097600 102 964 187 1231
1508095800 121 1015 253 1100
1508094000 153 1106 276 1766
1508092200 87 993 159 1343
1508090400 206 1111 303 1457
1508088600 280 1222 331 1500
1508086800 174 1084 294 1410
1508085000 111 1048 306 1404
1508083200 153 1000 306 1404
1508081400 141 1108 387 1373
1508079600 190 1180 371 1369
1508077800 254 1206 323 1612
1508076000 127 1032 228 1463
1508074200 155 1060 246 1301
1508072400 130 1096 296 1383
1508070600 84 970 137 1432
1508068800 54 987 74 1118
1508067000 138 1037 337 1277
1508065200 210 1134 316 1579
1508063400 171 1119 301 1443
1508061600 178 1100 262 1458
1508059800 213 1163 268 1552
1508058000 352 1294 451 1595
1508056200 206 1091 269 1435
1508054400 269 1150 459 1760
1508052600 233 1120 289 1234
1508050800 199 1141 267 1392
1508049000 188 1053 357 1363
1508047200 170 1052 225 1363
1508045400 172 1060 342 1243
1508043600 197 1189 342 1805
1508041800 214 1073 406 1587
1508040000 128 987 158 1403
1508038200 229 1654 359 4865
1508036400 106 971 247 1315
1508034600 160 983 292 1402
1508032800 80 875 162 1106
1508031000 162 985 195 1166
1508029200 69 975 143 1194
1508027400 109 963 181 1271
1508025600 107 1434 230 4010
1508023800 139 977 230 1134
1508022000 129 1008 217 1232
1508020200 140 992 296 1361
1508018400 127 943 214 1230
1508016600 191 992 345 1218
1508014800 157 1036 236 1472
1508013000 172 1058 363 1282
1508011200 119 1016 176 1274
1508009400 108 1000 193 1192
1508007600 199 1118 471 1347
1508005800 117 998 295 1285
1508004000 168 1067 368 1123
1508002200 193 1018 480 1464
1508000400 247 1197 480 1525
1507998600 64 1017 108 1351
1507996800 119 1060 193 1280
1507995000 107 1115 180 1304
1507993200 152 1176 249 1592
1507991400 81 1113 131 1320
1507989600 105 1091 183 1303
1507987800 181 1216 388 1505
1507986000 245 1308 408 1624
1507984200 188 1211 351 1463
1507982400 305 1247 392 1463
1507980600 215 1126 369 1217
1507978800 177 1175 338 1579
1507977000 132 1112 253 1389
1507975200 186 1215 278 1627
1507973400 191 1158 267 1292
1507971600 134 1175 314 1495
1507969800 293 1195 338 1713
1507968000 172 1160 392 1511
1507966200 282 1197 435 1396
1507964400 273 1182 376 1660
1507962600 342 1238 601 1565
1507960800 177 1055 381 1445
1507959000 150 1042 259 1360
1507957200 209 1123 542 1410
1507955400 432 1917 542 5298
1507953600 277 1064 370 1293
1507951800 282 1007 380 1313
1507950000 258 1299 330 2444
1507948200 298 1070 395 1401
1507946400 282 1028 422 1469
1507944600 118 967 208 1172
1507942800 46 957 216 1377
1507941000 200 1073 282 1357
1507939200 122 1025 192 1244
1507937400 128 930 305 1288
1507935600 163 992 305 1180
1507933800 205 1048 332 1238
1507932000 271 1124 478 1355
1507930200 78 915 149 1238
1507928400 87 1098 194 1620
1507926600 134 959 206 1133
1507924800 76 942 207 1509
1507923000 52 961 131 1229
1507921200 209 1129 452 1467
1507919400 152 1023 199 1212
1507917600 98 1010 251 1181
1507915800 59 997 123 1181
1507914000 65 1040 156 1527
1507912200 92 1054 263 1317
1507910400 127 1084 252 1381
1507908600 181 1547 430 3693
1507906800 133 1474 258 1943
1507905000 111 1209 277 1502
1507903200 13 1110 27 1291
1507901400 695 1190 3788 1471
1507899600 121 1258 442 1552
1507897800 1047 1205 5334 1293
1507896000 135 1111 261 1652
1507894200 110 1134 141 1438
1507892400 1019 8118 3163 27414
1507890600 322 1752 569 3765
1507888800 304 1359 403 1862
1507887000 233 1263 314 1519
1507885200 204 1312 300 1437
1507883400 177 1183 355 1418
1507881600 169 1181 251 1533
1507879800 220 1224 364 1397
1507878000 331 1557 1255 3389
1507876200 646 3593 2351 14122
1507874400 244 1262 368 1745
1507872600 248 1173 365 1419
1507870800 379 5344 1100 25917
1507869000 249 1061 533 5871
1507867200 367 1913 545 5871
1507865400 245 1097 335 1474
1507863600 251 1161 313 1712
1507861800 164 988 255 1297
1507860000 155 995 183 1341
1507858200 260 1041 400 1367
1507856400 183 3474 339 15708
1507854600 153 993 344 3643
1507852800 121 1314 307 3643
1507851000 161 983 357 1437
1507849200 173 1039 317 1377
1507847400 57 885 155 1168
1507845600 128 934 170 1255
1507843800 122 1000 288 1255
1507842000 84 1071 248 1431
1507840200 153 1029 362 1305
1507838400 195 1099 362 1305
1507836600 55 936 172 1404
1507834800 112 988 172 1291
1507833000 110 1005 328 1291
1507831200 73 952 167 1277
1507829400 182 1051 312 1423
1507827600 177 2003 469 6740
1507825800 134 1050 335 1325
1507824000 102 1056 190 1415
1507822200 112 1259 190 1680
1507820400 189 1436 342 1719
1507818600 283 1310 410 1798
1507816800 247 1424 403 1798
1507815000 188 1437 286 1692
1507813200 207 1370 440 1963
1507811400 203 1416 783 1914
1507809600 1218 6324 3856 14034
1507807800 390 4733 733 18834
1507806000 268 1432 406 1738
1507804200 205 1293 406 1650
1507802400 243 1411 444 1901
1507800600 829 3959 2219 15992
1507798800 1120 6735 1824 15694
1507797000 818 3748 2869 15564
1507795200 625 4211 2285 17357
1507793400 573 3211 736 4366
1507791600 268 1542 408 1819
1507789800 573 3352 1461 11468
1507788000 396 2035 542 5337
1507786200 340 1338 553 1728
1507784400 471 1424 574 1809
1507782600 420 1338 546 1666
1507780800 369 1285 438 1537
1507779000 348 1246 425 1608
1507777200 299 1237 479 1667
1507775400 404 1332 668 1589
1507773600 420 1301 518 1540
1507771800 474 1326 529 1719
1507770000 400 1352 545 1722
1507768200 454 1303 545 1488
1507766400 446 1310 526 1723
1507764600 567 1388 686 1723
1507762800 443 1383 521 1969
1507761000 449 1300 529 1616
1507759200 476 1376 557 1759
1507757400 437 1339 492 1570
1507755600 388 1354 519 1884
1507753800 341 1284 519 1568
1507752000 338 1304 400 1563
1507750200 356 1334 568 1713
1507744800 325 1312 590 1682
1507737600 331 1705 501 6446
1507730400 319 1658 685 6861
1507723200 172 1444 320 2126
1507716000 167 1374 335 1681
1507708800 139 1390 347 1942
1507701600 133 1109 323 1770
1507694400 108 2125 245 29626
1507687200 140 953 329 1376
1507680000 117 957 324 1376
1507672800 82 932 212 1493
1507665600 108 1004 256 1348
1507658400 151 1150 365 1805
1507651200 142 1848 431 7446
1507644000 155 1430 563 1897
1507636800 173 2103 308 3342
1507629600 157 2221 321 5495
1507622400 205 1361 363 2032
1507615200 259 1129 500 1434
1507608000 180 1012 557 1385
1507600800 155 935 558 1411
1507593600 146 960 405 1272
1507586400 140 1001 692 2055
1507579200 177 1056 457 1614
1507572000 115 987 315 1459
1507564800 163 1179 377 1558
1507557600 183 1439 455 2765
1507550400 213 1399 450 2115
1507543200 177 1228 379 1951
1507536000 157 1588 390 10095
1507528800 218 1137 437 1619
1507521600 126 938 499 1465
1507514400 193 1025 423 1540
1507507200 182 1027 469 1562
1507500000 171 1015 266 1420
1507492800 127 1020 382 1444
1507485600 115 1007 313 1567
1507478400 186 1084 427 1639
1507471200 236 1109 456 1638
1507464000 188 1138 378 1486
1507456800 187 1066 501 1566
1507449600 230 1133 388 1530
1507442400 210 1050 352 1458
1507435200 156 944 309 1249
1507428000 150 961 303 1333
1507420800 282 1067 711 1517
1507413600 151 1032 335 1284
1507406400 121 997 369 1371
1507399200 109 1039 249 1713
1507392000 121 1070 213 1435
1507384800 135 1096 376 1575
1507377600 164 1134 397 1684
1507370400 244 1131 558 1681
1507363200 434 1317 663 1911
1507356000 202 1057 472 1354
1507348800 198 1021 460 1393
1507341600 318 1174 761 1777
1507334400 150 1362 324 9997
1507327200 165 1035 328 1398
1507320000 200 1082 414 1653
1507312800 123 1085 369 1932
1507305600 90 1128 266 1536
1507298400 120 1402 444 1806
1507291200 213 1471 504 1818
1507284000 237 1355 559 1781
1507276800 139 1366 294 1783
1507269600 157 1086 352 1475
1507262400 184 1047 372 1514
1507255200 142 2100 310 27529
1507248000 184 1037 537 1972
1507240800 255 1153 796 1972
1507233600 140 1054 361 1419
1507226400 121 1056 332 1334
1507219200 113 1320 243 1819
1507212000 275 1305 684 1785
1507204800 308 1386 684 1870
1507197600 388 1502 779 2170
1507190400 149 1427 302 4916
1507183200 209 1129 460 1533
1507176000 154 997 322 1756
1507168800 185 1002 372 1318
1507161600 180 1009 438 1590
1507154400 368 1297 924 2333
1507147200 120 1900 310 17176
1507140000 107 1002 265 1297
1507132800 155 1168 357 1728
1507125600 155 1232 311 1594
1507118400 198 1464 441 1932
1507111200 182 1403 471 1797
1507104000 189 1373 416 1792
1507096800 193 1296 267 1873
1507089600 373 1264 755 1718
1507082400 218 1116 397 1347
1507075200 206 1059 339 1383
1507068000 163 1142 307 1506
1507060800 164 1296 467 1740
1507053600 195 1099 441 1581
1507046400 150 1239 274 1590
1507039200 152 1387 335 2272
1507032000 212 1461 436 1961
1507024800 221 1261 394 1940
1507017600 220 1375 396 1940
1507010400 222 1110 351 1631
1507003200 183 998 624 1569
1506996000 117 1089 316 2180
1506988800 192 1007 412 1638
1506981600 138 1012 313 1609
1506974400 174 1010 331 1509
1506967200 164 1211 300 3250
1506960000 145 1279 385 2162
1506952800 122 1296 351 1955
1506945600 141 1320 411 1989
1506938400 123 1246 314 2098
1506931200 208 1462 421 1957
1506924000 149 1184 450 1848
1506916800 171 1071 319 1829
1506909600 125 968 262 1457
1506902400 174 998 286 1335
1506895200 146 1001 395 1417
1506888000 161 1047 428 1486
1506880800 140 1062 346 1351
1506873600 123 1036 341 1326
1506866400 141 1066 284 1404
1506859200 216 1120 482 1425
1506852000 188 1055 700 1786
1506844800 278 1163 680 1611
1506837600 203 1164 554 1519
1506830400 136 1094 341 1591
1506823200 161 1090 464 2090
1506816000 106 1073 319 1553
1506808800 124 1000 367 1730
1506801600 206 1116 385 1530
1506794400 221 1133 470 1555
1506787200 137 1038 326 1635
1506780000 193 1132 466 1600
1506772800 306 1228 444 1729
1506765600 261 1184 473 1676
1506758400 246 1184 392 1517
1506751200 256 1101 387 1517
1506744000 103 970 328 1471
1506736800 264 1067 434 1558
1506729600 286 1099 527 1562
1506722400 239 1052 438 1603
1506715200 183 1054 438 1603
1506708000 184 1281 479 2252
1506700800 187 1386 619 1919
1506693600 268 1447 445 1899
1506686400 255 1390 405 1769
1506679200 218 1465 674 1833
1506672000 188 1315 462 1793
1506664800 218 1108 359 1486
1506657600 230 1081 429 1495
1506650400 125 970 306 1298
1506643200 176 1048 381 1422
1506636000 126 1029 386 1538
1506628800 144 1100 263 1832
1506621600 152 1187 345 1544
1506614400 107 1255 275 1836
1506607200 157 1451 426 1969
1506600000 202 1475 359 1945
1506592800 221 1672 372 1988
1506585600 198 1480 502 2148
1506578400 220 1160 515 1810
1506571200 161 1023 434 1598
1506564000 184 1024 380 1433
1506556800 155 1178 337 3739
1506549600 161 1055 359 1495
1506542400 158 1069 557 1717
1506535200 174 1115 366 1506
1506528000 131 1261 369 1795
1506520800 168 1565 532 1953
1506513600 257 1715 425 2137
1506506400 241 1295 467 1664
1506499200 279 1446 425 1783
1506492000 234 1171 418 1756
1506484800 180 1040 418 1460
1506477600 215 1111 359 1542
1506470400 170 1043 436 1395
1506463200 142 974 298 1245
1506456000 160 1032 410 1414
1506448800 153 1070 334 1560
1506441600 234 1281 482 1758
1506434400 166 1198 412 1587
1506427200 176 1288 348 1637
1506420000 195 1425 393 1931
1506412800 201 3875 461 62614
1506405600 213 1140 348 1933
1506398400 138 950 324 1381
1506391200 213 1020 374 1509
1506384000 148 1005 361 1483
1506376800 141 963 549 1548
1506369600 65 961 179 1334
1506362400 132 1057 383 1569
1506355200 137 1281 383 1807
1506348000 127 1344 294 1738
1506340800 137 1418 330 2034
1506333600 320 1597 596 2130
1506326400 170 1301 392 1722
1506319200 82 962 156 1385
1506312000 158 962 317 1381
1506304800 102 930 260 1267
1506297600 252 1069 419 1283
1506290400 125 949 347 1289
1506283200 178 1046 315 1404
1506276000 168 1063 282 1653
1506268800 121 1025 347 1500
1506261600 91 996 351 1336
1506254400 62 973 212 1364
1506247200 94 1016 307 1337
1506240000 100 1016 262 1407
1506232800 183 1079 350 1518
1506225600 127 917 285 1309
1506218400 181 1009 403 1464
1506211200 131 932 397 1311
1506204000 137 982 387 1246
1506196800 196 1094 387 1474
1506189600 188 1107 433 1605
1506182400 194 1113 368 1590
1506175200 174 1058 510 1519
1506168000 124 1041 363 1399
1506160800 260 1126 550 1468
1506153600 132 1028 379 1381
1506146400 168 1012 477 1690
1506139200 157 989 364 1333
1506132000 154 981 562 1668
1506124800 118 933 346 1190
1506117600 196 1054 363 1324
1506110400 172 1061 297 1370
1506103200 148 1043 381 1560
1506096000 158 1208 378 1653
1506088800 109 1265 257 1584
1506081600 131 1370 285 1847
1506074400 170 1333 375 1705
1506067200 188 1341 470 1906
1506060000 161 1093 361 1605
1506052800 435 1190 609 1556
1506045600 157 966 609 1258
1506038400 210 1032 501 1352
1506031200 174 1058 367 1470
1506024000 226 1125 418 1573
1506016800 174 1139 319 1494
1506009600 121 1203 282 1943
1506002400 125 1302 269 1687
1505995200 110 1294 423 1578
1505988000 182 2009 318 17294
1505980800 158 1337 277 1907
1505973600 150 1047 298 1383
1505966400 211 1041 467 1365
1505959200 258 1056 513 1276
1505952000 216 1141 413 3942
1505944800 152 987 375 1325
1505937600 223 1030 328 1282
1505930400 158 1062 313 1370
1505923200 220 1280 398 1641
1505916000 211 1358 355 1615
1505908800 186 1297 389 1736
1505901600 127 1305 334 2092
1505894400 177 1384 378 1781
1505887200 168 1052 520 1582
1505880000 145 989 328 1424
1505872800 148 951 286 1353
1505865600 143 966 352 1309
1505858400 107 956 296 1413
1505851200 161 1031 376 1456
1505844000 211 1140 442 1491
1505836800 248 1313 442 1847
1505829600 171 1393 283 1673
1505822400 173 1360 430 1790
1505815200 202 1375 382 1832
1505808000 132 1325 264 1854
1505800800 147 1042 304 1455
1505793600 191 1057 371 1632
1505786400 169 1023 320 1527
1505779200 183 1037 400 1567
1505772000 193 1056 363 1506
1505764800 194 1059 351 1416
1505757600 136 1075 251 1418
1505750400 124 1232 246 1644
1505743200 211 1379 352 1762
1505736000 168 1353 316 1761
1505728800 164 1496 302 2285
1505721600 158 1343 327 1902
1505714400 191 1086 283 1551
1505707200 201 1023 311 1441
1505700000 170 993 351 1340
1505692800 154 971 317 1306
1505685600 150 979 423 1332
1505678400 194 1032 423 1495
1505671200 134 1042 213 1419
1505664000 153 1034 280 1358
1505656800 176 1055 406 1429
1505649600 156 1024 404 1363
1505642400 244 1114 533 1466
1505635200 150 1021 259 1409
1505628000 144 984 322 1372
1505620800 179 989 341 1316
1505613600 195 988 474 1283
1505606400 189 1003 460 1257
1505599200 201 1038 552 1372
1505592000 83 985 169 1524
1505584800 114 1024 304 1331
1505577600 105 1001 277 1348
1505570400 129 1026 395 1444
1505563200 155 1055 398 1360
1505556000 153 1100 437 1393
1505548800 144 1033 346 1239
1505541600 236 1094 356 1339
1505534400 177 980 446 1200
1505527200 150 984 299 1257
1505520000 114 920 424 1488
1505512800 120 956 248 1145
1505505600 225 1096 464 1446
1505498400 182 1078 480 1330
1505491200 162 1268 450 1699
1505484000 318 1503 585 1785
1505476800 92 1217 369 1493
1505469600 56 1184 174 1504
1505462400 123 1363 331 1894
1505455200 110 1085 269 1355
1505448000 151 1131 316 1649
1505440800 162 1022 540 1316
1505433600 135 974 540 1272
1505426400 167 1054 367 1332
1505419200 204 1107 372 1473
1505412000 173 1138 345 1504
1505404800 107 1340 209 1861
1505397600 147 1450 300 1906
1505390400 151 1329 276 1627
1505383200 121 1340 312 1668
1505376000 122 1498 379 1986
1505368800 120 1075 373 1759
1505361600 130 1106 343 1762
1505354400 211 1374 533 1732
1505347200 217 1443 418 1828
1505340000 221 1482 335 2061
1505332800 170 1261 275 1736
1505325600 118 1087 240 1388
1505318400 178 1605 382 2127
1505311200 210 1665 401 2209
1505304000 180 1387 313 1698
1505296800 178 1355 354 1792
1505289600 95 1261 384 1655
1505282400 146 1102 307 1363
1505275200 191 1056 378 1373
1505268000 142 1000 308 1388
1505260800 133 990 418 1331
1505253600 178 1036 287 1258
1505246400 135 1098 257 1418
1505239200 171 1178 305 1550
1505232000 166 1407 394 1827
1505224800 92 1311 252 1740
1505217600 106 1441 273 1751
1505210400 137 1339 292 1867
1505203200 111 1271 316 1748
1505196000 160 1173 543 1667
1505188800 202 1122 425 1757
1505181600 152 1144 280 1745
1505174400 97 1037 263 1412
1505167200 205 1176 368 1643
1505160000 134 1141 204 1486
1505152800 107 1175 257 1724
1505145600 181 1304 399 1917
1505138400 204 1499 324 2858
1505131200 129 2827 290 10109
1505124000 124 1510 347 2487
1505116800 179 1596 448 2038
1505109600 169 1236 466 1647
1505102400 121 1115 308 1641
1505095200 170 1152 385 1481
1505088000 98 1098 298 1382
1505080800 245 1261 342 1545
1505073600 141 1197 300 1512
1505066400 116 1208 398 1682
1505059200 190 1254 316 1627
1505052000 96 1174 210 1463
1505044800 161 1248 295 1693
1505037600 167 1236 289 1591
1505030400 145 1220 280 1478
1505023200 149 1186 386 1461
1505016000 151 1155 302 1415
1505008800 128 1126 312 1472
1505001600 175 1146 385 1539
1504994400 161 1172 333 1421
1504987200 146 1221 316 1556
1504980000 159 1228 290 1543
1504972800 136 1207 337 1545
1504965600 420 1440 556 1879
1504958400 217 1266 511 1697
1504951200 162 1230 370 1632
1504944000 170 1229 411 1642
1504936800 166 1201 320 1609
1504929600 210 1186 357 1450
1504922400 94 1090 246 1486
1504915200 47 1059 133 1620
1504908000 103 1106 233 1426
1504900800 44 1124 210 1637
1504893600 89 1183 261 1795
1504886400 212 1417 351 2220
1504879200 64 1236 185 1905
1504872000 128 7335 408 37561
1504864800 142 1400 318 1838
1504857600 128 1805 243 2546
1504850400 63 1139 356 1701
1504843200 105 1068 274 1418
1504836000 161 1082 462 1618
1504828800 136 1081 344 1609
1504821600 190 1149 371 1564
1504814400 133 1140 283 1647
1504807200 121 1201 210 1778
1504800000 85 1438 303 1892
1504792800 121 1600 320 2229
1504785600 165 1517 453 2027
1504778400 137 1496 445 2771
1504771200 182 1842 418 2922
1504764000 205 1194 440 1807
1504756800 225 1133 611 1832
1504749600 243 1210 379 1832
1504742400 123 1083 308 1507
1504735200 213 1127 488 1509
1504728000 149 1152 401 1725
1504720800 145 1203 308 1653
1504713600 175 1378 586 1882
1504706400 238 1584 320 2279
1504699200 163 1524 283 1918
1504692000 362 1755 702 2244
1504684800 258 1573 581 2032
1504677600 178 1237 576 1649
1504670400 94 1129 249 1834
1504663200 349 1636 564 2085
1504656000 230 1528 529 1898
1504648800 424 1739 557 2264
1504641600 212 1498 406 2024
1504634400 123 1136 348 1588
1504627200 173 1394 349 2463
1504620000 244 1457 413 2251
1504612800 95 1399 265 1923
1504605600 213 1398 517 1820
1504598400 228 1405 508 2029
1504591200 190 1192 408 1574
1504584000 107 1062 297 1637
1504576800 200 1602 384 1986
1504569600 233 1609 496 2076
1504562400 182 1596 335 1955
1504555200 127 1471 267 1881
1504548000 100 1190 281 1792
1504540800 249 1278 356 1656
1504533600 100 1159 316 1582
1504526400 179 1502 379 2206
1504519200 163 1209 372 1714
1504512000 262 1344 439 1706
1504504800 291 1274 613 1620
1504497600 246 1145 692 1620
1504490400 181 1095 300 1445
1504483200 196 1126 310 1527
1504476000 215 1174 531 1559
1504468800 231 1231 449 1491
1504461600 186 1250 373 1703
1504454400 193 1242 387 1656
1504447200 241 1468 406 2207
1504440000 266 1488 470 2032
1504432800 256 1289 504 1676
1504425600 269 1259 563 1790
1504418400 203 1119 542 1700
1504411200 176 1083 268 1547
1504404000 173 1080 319 1494
1504396800 127 1033 377 1403
1504389600 152 1116 481 1556
1504382400 234 1216 357 1667
1504375200 227 1254 354 1758
1504368000 181 1184 330 1585
1504360800 182 1223 472 1851
1504353600 156 1235 470 1630
1504346400 163 1708 627 6266
1504339200 179 1236 460 1640
1504332000 209 1141 365 1480
1504324800 122 1073 241 1637
1504317600 163 1071 321 1582
1504310400 223 1153 539 1578
1504303200 173 1144 286 1695
1504296000 202 1237 326 1865
1504288800 107 1194 204 1694
1504281600 90 1253 251 1820
1504274400 202 1394 419 1771
1504267200 179 1526 436 2114
1504260000 188 1716 341 4105
1504252800 118 1238 287 1706
1504245600 220 1343 348 1765
1504238400 174 1327 685 2022
1504231200 231 1737 413 2223
1504224000 249 1832 415 2799
1504216800 369 1765 1018 3388
1504209600 782 2637 1184 3912
1504202400 197 1281 570 1759
1504195200 198 1679 424 2184
1504188000 271 1669 739 2337
1504180800 143 1543 243 2986
1504173600 149 1415 225 2068
1504166400 218 1492 334 1938
1504159200 170 1184 279 1557
1504152000 217 1167 482 1615
1504144800 204 1158 362 1589
1504137600 224 1178 455 1631
1504130400 210 1145 370 1578
1504123200 228 1263 329 1630
1504116000 211 1324 494 1700
1504108800 242 1539 397 1905
1504101600 233 1617 364 2205
1504094400 187 1643 384 2396
1504087200 246 1729 511 2297
1504080000 277 1393 511 1862
1504072800 186 1140 524 1577
1504065600 86 993 210 1477
1504058400 129 1045 266 1556
1504051200 187 1084 420 1524
1504044000 282 1220 578 1700
1504036800 124 1123 227 1567
1504029600 175 1213 294 1850
1504022400 193 1534 560 2307
1504015200 202 1571 468 2139
1504008000 146 1447 298 1894
1504000800 230 1622 335 2161
1503993600 235 1524 421 1961
1503986400 214 1190 420 1598
1503979200 250 1138 360 1412
1503972000 196 1121 335 1457
1503964800 260 1160 469 1544
1503957600 269 1217 339 1626
1503950400 211 1249 368 1833
1503943200 254 1254 440 1579
1503936000 288 1399 438 1737
1503928800 284 1555 512 3134
1503921600 202 1373 309 1868
1503914400 218 1371 610 1791
1503907200 328 1541 704 2309
1503900000 280 1198 429 1604
1503892800 220 1069 420 1530
1503885600 197 1078 513 1683
1503878400 208 1073 381 1423
1503871200 252 1140 443 1442
1503864000 224 1162 408 1753
1503856800 179 1282 374 1841
1503849600 277 1590 449 1972
1503842400 219 1219 491 1915
1503835200 274 1437 399 1960
1503828000 264 1242 413 1598
1503820800 217 1116 480 1653
1503813600 168 1017 291 1311
1503806400 295 1195 437 1746
1503799200 348 1478 451 1705
1503792000 292 1439 813 2195
1503784800 359 1549 444 2148
1503777600 201 1307 418 1765
1503770400 147 1044 402 1590
1503763200 211 1187 383 1752
1503756000 239 1524 467 1879
1503748800 228 1326 378 2092
1503741600 273 1648 368 2004
1503734400 236 1561 373 1851
1503727200 417 1602 646 2076
1503720000 186 1227 335 1635
1503712800 105 937 271 1229
1503705600 133 1001 289 1367
1503698400 185 1080 401 1424
1503691200 202 1114 434 1651
1503684000 169 1335 467 1770
1503676800 154 1557 378 1892
1503669600 200 1583 437 1859
1503662400 230 1756 403 2108
1503655200 279 1805 534 2309
1503648000 428 1582 624 2230
1503640800 403 1235 549 1702
1503633600 369 1286 615 1860
1503626400 347 1518 526 1860
1503619200 421 5491 761 50593
1503612000 418 1602 605 1916
1503604800 302 1411 529 1822
1503597600 306 1110 477 1376
1503590400 324 1214 450 1583
1503583200 248 1395 526 2087
1503576000 347 1471 508 1847
1503568800 365 1666 505 2874
1503561600 245 1274 399 1483
1503554400 261 1160 544 1450
1503547200 126 969 437 1428
1503540000 191 1055 392 1500
1503532800 185 1052 314 1425
1503525600 205 1186 399 1614
1503518400 188 1212 296 1636
1503511200 239 1182 401 1657
1503504000 167 1306 364 1655
1503496800 198 1332 301 1871
1503489600 193 1399 344 1868
1503482400 243 1647 492 5397
1503475200 305 1290 561 3147
1503468000 232 1246 432 1801
1503460800 290 1220 461 1717
1503453600 174 891 449 1199
1503446400 267 1019 690 1516
1503439200 189 1428 449 1844
1503432000 154 1262 368 1725
1503424800 220 1940 4558 154230
1503360000 250 2880 4748 229370
1503273600 215 1052 739 4230
1503187200 210 1069 682 4051
1503100800 286 1959 2577 68344
1503014400 236 1874 2022 75864
1502928000 253 1412 564 2419
1502841600 252 1562 3430 27082
1502755200 165 979 547 4622
1502668800 189 928 510 1774
1502582400 199 1024 507 2172
1502496000 197 969 469 1934
1502409600 218 977 523 1947
1502323200 187 2105 591 10611
1502236800 157 15470 765 2413689
1502150400 185 1302 664 2612
1502064000 190 1129 534 2091
1501977600 175 927 491 1476
1501891200 221 1004 690 2018
1501804800 230 1244 881 29643
1501718400 203 1006 641 2281
1501632000 247 1405 2389 32250
1501545600 304 3974 5050 351310
1501459200 298 1613 3093 44081
1501372800 258 5556 7822 746149
1501286400 48788 37281 4640652 2699150
1501200000 341 4115 4732 153405
1501113600 237 2901 8699 313841
1501027200 557 24626 94628 705149
1500940800 107 1013 606 2071
1500854400 205 1346 1133 2848
1500768000 198 1328 810 2472
1500681600 48541 37414 4636612 3455368
1500595200 134 4533 621 70626
1500508800 158 1927 662 5276
1500422400 158 1793 603 3117
1500336000 146 1433 475 3133
1500249600 299 1436 1164 8287
1500163200 246 1377 600 2780
1500076800 34943 44106 7064309 7415993
1499990400 108 2472 436 76298
1499904000 49445 34570 9599155 6112840
1499817600 320 12269 2227 141727
1499731200 657 2726 131082 367739
1499644800 107 1283 524 2697
1499558400 105 1360 489 2111
1499472000 31730 39147 3124098 3337309
1499385600 98 30280 407 1366561
1499299200 99 19187 647 37461
1499212800 85 14651 762 35470
1499126400 80 7504 460 20231
1499040000 91 7041 507 18501
1498953600 71 10549 478 421609
1498867200 73 7937 499 170191
1498780800 74 12599 526 29946
1498694400 88 12433 451 275427
1498608000 68 10435 486 22447
1498521600 80 5179 460 10643
1498435200 72 4623 434 12175
1498348800 53 4288 486 13347
1498262400 53 1780 405 8341
1498176000 81 14011 437 31185
1498089600 69 12927 487 34163
1498003200 60 2602 462 9453
1497916800 64 5766 514 11219
1497830400 52 2790 335 15580
1497744000 67 7553 650 23649
1497657600 90 6051 452 18531
1497571200 77 5053 441 16234
1497484800 101 7798 661 20742
1497398400 83 8415 585 22670
1497312000 94 14433 427 32873
1497225600 96 15289 478 36856
1497139200 98 16574 392 207993
1497052800 48657 5904 6997034 37914
1496966400 71 1374 524 2447
1496880000 95 6247 436 258319
1496793600 97 22443 582 44843
1496707200 65 36445 715 53451
1496620800 66 31897 421 51988
1496534400 68 20577 518 42521
1496448000 59 13518 434 53308
1496361600 77 1711 549 41590
1496275200 81 1515 540 2716
1496188800 78 1556 564 2645
1496102400 97 1583 538 2625
1496016000 90 10407 571 40189
1495929600 36969 15811 3532682 118483
1495843200 254 1753 796 2485
1495756800 240 1760 768 2629
1495670400 227 1685 870 2780
1495584000 209 1681 767 2650
1495497600 163 1655 607 3263
1495411200 192 1666 797 2755
1495324800 189 1624 802 2636
1495238400 212 1706 1062 7221
1495152000 198 2041 784 41060
1495065600 175 1735 675 3005
1494979200 274 1769 974 2918
1494892800 183 1795 783 2878
1494806400 283 1937 826 3279
1494720000 264 1713 882 2886
1494633600 324 2194 1179 3737
1494547200 374 2446 1192 3791
1494460800 257 1973 670 3389
1494374400 323 2204 839 3730
1494288000 344 2357 845 3787
1494201600 293 2129 914 4719
1494115200 314 1989 775 3177
1494028800 263 2236 775 3553
1493942400 288 2426 891 3597
1493856000 368 2891 938 4381
1493769600 313 2317 984 9611
1493683200 353 2248 838 2998
1493596800 351 2327 886 3798
1493510400 363 2328 982 17106
1493424000 359 1837 13463 15388
1493337600 259 1694 779 2774
1493251200 222 1693 678 2658
1493164800 231 2215 583 7863
1493078400 289 1989 664 3909
1492992000 150 1397 578 2100
1492905600 214 1811 705 2877
1492819200 260 2473 1075 4066
1492732800 275 2112 674 3295
1492646400 282 2401 712 4837
1492560000 246 2547 808 3529
1492473600 199 2146 734 3088
1492387200 181 2297 648 3040
1492300800 250 2210 713 3153
1492214400 226 2350 670 5094
1492128000 153 2046 570 3544
1492041600 162 1923 680 2959
1491955200 180 1740 608 2759
1491868800 131 1448 664 12776
1491782400 159 1431 631 3305
1491696000 236 1719 820 13183
1491609600 220 1894 637 2884
1491523200 65 682 652 2893
1491436800 0 0 0 0
1491350400 0 0 0 0
1491264000 0 0 0 0
1491177600 0 0 0 0
1491091200 0 0 0 0
1491004800 0 0 0 0
1490918400 0 0 0 0
1490832000 0 0 0 0
1490745600 0 0 0 0
1490659200 0 0 0 0
1490572800 0 0 0 0
1490486400 0 0 0 0
1490400000 0 0 0 0
1490313600 0 0 0 0
1490227200 0 0 0 0
1490140800 0 0 0 0
1490054400 0 0 0 0
1489968000 0 0 0 0
1489881600 0 0 0 0
1489795200 0 0 0 0
1489708800 0 0 0 0
1489622400 0 0 0 0
1489536000 0 0 0 0
1489449600 0 0 0 0
1489363200 0 0 0 0
1489276800 0 0 0 0
1489190400 0 0 0 0
1489104000 0 0 0 0
1489017600 0 0 0 0
1488931200 0 49702 0 1431045
1488844800 0 0 0 0
1488758400 0 0 0 0
1488672000 0 0 0 0
1488585600 0 0 0 0
1488499200 0 0 0 0
1488412800 0 0 0 0
1488326400 0 2 0 774
1488240000 0 0 0 0
1488153600 0 0 0 0
1488067200 0 0 0 0
1487980800 0 0 0 0
1487894400 0 0 0 0
1487808000 0 0 0 0
1487721600 0 0 0 0
1487635200 0 0 0 0
1487548800 0 0 0 0
1487462400 0 0 0 0
1487376000 0 0 0 0
1487289600 0 0 0 0
1487203200 0 0 0 0
1487116800 0 0 0 0
1487030400 0 0 0 0
1486944000 49709 49709 4772068 4769161
1486857600 0 0 0 0
1486771200 0 0 0 0
1486684800 0 0 0 0
1486598400 0 0 0 0
1486512000 0 0 0 0
1486425600 0 0 0 0
1486339200 0 0 0 0
1486252800 0 0 0 0
1486166400 0 0 0 0
1486080000 0 0 0 0
1485993600 0 0 0 0
1485907200 0 0 0 0
1485820800 0 0 0 0
1485734400 0 0 0 0
1485648000 0 0 0 0
1485561600 0 0 0 0
1485475200 0 0 0 0
1485388800 0 0 0 0
1485302400 0 0 0 0
1485216000 0 0 0 0
1485129600 0 0 0 0
1485043200 0 0 0 0
1484956800 0 0 0 0
1484870400 0 0 0 0
1484784000 0 0 0 0
1484697600 0 0 0 0
1484611200 0 0 0 0
1484524800 0 0 0 0
1484438400 0 0 0 0
1484352000 0 0 0 0
1484265600 0 0 0 0
1484179200 0 0 0 0
1484092800 0 0 0 0
1484006400 0 0 0 0
1483920000 0 0 0 0
1483833600 0 0 0 0
1483747200 0 0 0 0
1483660800 0 0 0 0
1483574400 0 0 0 0
1483488000 0 0 0 0
1483401600 0 0 0 0
1483315200 0 0 0 0
1483228800 0 0 0 0
1483142400 0 0 0 0
1483056000 0 0 0 0
1482969600 0 0 0 0
1482883200 0 0 0 0
1482796800 0 0 0 0
1482710400 0 0 0 0
1482624000 0 0 0 0
1482537600 0 0 0 0
1482451200 0 0 0 0
1482364800 0 0 0 0
1482278400 0 0 0 0
1482192000 0 0 0 0
1482105600 0 0 0 0
1482019200 0 0 0 0
1481932800 0 0 0 0
1481846400 0 0 0 0
1481760000 0 0 0 0
1481673600 0 0 0 0
1481587200 0 0 0 0
1481500800 0 0 0 0
1481414400 0 0 0 0
1481328000 0 0 0 0
1481241600 0 0 0 0
1481155200 0 0 0 0
1481068800 0 0 0 0
1480982400 0 0 0 0
1480896000 0 0 0 0
1480809600 0 0 0 0
1480723200 0 0 0 0
1480636800 0 0 0 0
1480550400 0 0 0 0
1480464000 8066 114371 78103 468091
1480377600 18749 542769 106160 1822251
1480291200 13456 461157 77339 1684666
1480204800 15037 490429 81009 2738646
1480118400 23163 500016 316136 2357813
1480032000 16877 427481 112027 1724930
1479945600 16685 602913 80034 3873396
1479859200 17159 660589 80903 4530241
1479772800 19988 525167 88957 2136319
1479686400 14626 613868 65724 2320170
1479600000 18845 539613 34870 1226970
1479513600 133411 430030 11492263 551126
1479427200 48512 852295 2277746 2415599
1479340800 262012 768251 12732019 1339675
1479254400 6231 253930 54274 1308201
1479168000 113 1351 113 1351
1479081600 113 1351 113 1351
1478995200 113 1351 113 1351
1478908800 113 1351 113 1351
1478822400 113 1351 113 1351
1478736000 113 1351 113 1351
1478649600 113 1351 113 1351
1478563200 113 1351 113 1351
1478476800 113 1351 113 1351
1478390400 113 1351 113 1351
1478304000 113 1351 113 1351
1478217600 113 1351 113 1351
1478131200 113 1351 113 1351
1478044800 113 1351 113 1351
1477958400 113 1351 113 1351
1477872000 113 1351 113 1351
1477785600 113 1351 113 1351
1477699200 113 1351 113 1351
1477612800 113 1351 113 1351
1477526400 113 1351 113 1351
1477440000 113 1351 113 1351
1477353600 113 1351 113 1351
1477267200 113 1351 113 1351
1477180800 113 1351 113 1351
1477094400 113 1351 113 1351
1477008000 113 1351 113 1351
1476921600 113 1351 113 1351
1476835200 113 1351 113 1351
1476748800 113 1351 113 1351
1476662400 113 1351 113 1351
1476576000 113 1351 113 1351
1476489600 113 1351 113 1351
1476403200 113 1351 113 1351
1476316800 113 1351 113 1351
1476230400 113 1351 113 1351
1476144000 113 1351 113 1351
1476057600 113 1351 113 1351
1475971200 113 1351 113 1351
1475884800 113 1351 113 1351
1475798400 113 1351 113 1351
1475712000 113 1351 113 1351
1475625600 113 1351 113 1351
1475539200 113 1351 113 1351
1475452800 113 1351 113 1351
1475366400 113 1351 113 1351
1475280000 113 1351 113 1351
1475193600 113 1351 113 1351
1475107200 113 1351 113 1351
1475020800 113 1351 113 1351
1474934400 113 1351 113 1351
1474848000 113 1351 113 1351
1474761600 113 1351 113 1351
1474675200 113 1351 113 1351
1474588800 113 1351 113 1351
1474502400 113 1351 113 1351
1474416000 113 1351 113 1351
1474329600 113 1351 113 1351
1474243200 113 1351 113 1351
1474156800 113 1351 113 1351
1474070400 113 1351 113 1351
1473984000 113 1351 113 1351
1473897600 113 1351 113 1351
1473811200 113 1351 113 1351
1473724800 113 1351 113 1351
1473638400 113 1351 113 1351
1473552000 113 1351 113 1351
1473465600 113 1351 113 1351
1473379200 113 1351 113 1351
1473292800 113 1351 113 1351
1473206400 113 1351 113 1351
1473120000 113 1351 113 1351
1473033600 113 1351 113 1351
1472947200 113 1351 113 1351
1472860800 113 1351 113 1351
1472774400 113 1351 113 1351
1472688000 113 1351 113 1351
1472601600 113 1351 113 1351
1472515200 113 1351 113 1351
1472428800 113 1351 113 1351
1472342400 113 1351 113 1351
1472256000 113 1351 113 1351
1472169600 113 1351 113 1351
1472083200 113 1351 113 1351
1471996800 113 1351 113 1351
1471910400 113 1351 113 1351
1471824000 113 1351 113 1351
1471737600 113 1351 113 1351
1471651200 113 1351 113 1351
1471564800 113 1351 113 1351
1471478400 113 1351 113 1351
1471392000 113 1351 113 1351
1471305600 113 1351 113 1351
1471219200 113 1351 113 1351
1471132800 113 1351 113 1351
1471046400 113 1351 113 1351
1470960000 113 1351 113 1351
1470873600 113 1351 113 1351
1470787200 113 1351 113 1351
1470700800 113 1351 113 1351
1470614400 113 1351 113 1351
1470528000 113 1351 113 1351
1470441600 113 1351 113 1351
1470355200 113 1351 113 1351
1470268800 113 1351 113 1351
1470182400 113 1351 113 1351
1470096000 113 1351 113 1351
1470009600 113 1351 113 1351
1469923200 113 1351 113 1351
1469836800 113 1351 113 1351
1469750400 113 1351 113 1351
1469664000 113 1351 113 1351
1469577600 113 1351 113 1351
1469491200 113 1351 113 1351
1469404800 113 1351 113 1351
1469318400 113 1351 113 1351
1469232000 113 1351 113 1351
1469145600 113 1351 113 1351
1469059200 113 1351 113 1351
1468972800 113 1351 113 1351
1468886400 113 1351 113 1351
1468800000 113 1351 113 1351
1468713600 113 1351 113 1351
1468627200 113 1351 113 1351
1468540800 113 1351 113 1351
1468454400 113 1351 113 1351
1468368000 113 1351 113 1351
1468281600 113 1351 113 1351
1468195200 113 1351 113 1351
1468108800 113 1351 113 1351
1468022400 113 1351 113 1351
1467936000 113 1351 113 1351
1467849600 113 1351 113 1351
1467763200 113 1351 113 1351
1467676800 113 1351 113 1351
1467590400 113 1351 113 1351
1467504000 113 1351 113 1351
1467417600 113 1351 113 1351
1467331200 113 1351 113 1351
1467244800 113 1351 113 1351
1467158400 113 1351 113 1351
1467072000 113 1351 113 1351
1466985600 113 1351 113 1351
1466899200 113 1351 113 1351
1466812800 113 1351 113 1351
1466726400 113 1351 113 1351
1466640000 113 1351 113 1351
1466553600 113 1351 113 1351
1466467200 113 1351 113 1351
1466380800 113 1351 113 1351
1466294400 113 1351 113 1351
1466208000 113 1351 113 1351
1466121600 113 1351 113 1351
1466035200 113 1351 113 1351
1465948800 113 1351 113 1351
1465862400 113 1351 113 1351
1465776000 113 1351 113 1351
1465689600 113 1351 113 1351
1465603200 113 1351 113 1351
1465516800 113 1351 113 1351
1465430400 113 1351 113 1351
1465344000 113 1351 113 1351
1465257600 113 1351 113 1351
1465171200 113 1351 113 1351
1465084800 113 1351 113 1351
1464998400 113 1351 113 1351
1464912000 113 1351 113 1351
1464825600 113 1351 113 1351
1464739200 113 1351 113 1351
1464652800 113 1351 113 1351
1464566400 113 1351 113 1351
1464480000 113 1351 113 1351
1464393600 113 1351 113 1351
1464307200 113 1351 113 1351
1464220800 113 1351 113 1351
1464134400 113 1351 113 1351
1464048000 113 1351 113 1351
1463961600 113 1351 113 1351
1463875200 113 1351 113 1351
1463788800 113 1351 113 1351
1463702400 113 1351 113 1351
1463616000 113 1351 113 1351
1463529600 113 1351 113 1351
1463443200 113 1351 113 1351
1463356800 113 1351 113 1351
1463270400 113 1351 113 1351
1463184000 113 1351 113 1351
1463097600 113 1351 113 1351
1463011200 113 1351 113 1351
1462924800 113 1351 113 1351
1462838400 113 1351 113 1351
1462752000 113 1351 113 1351
1462665600 113 1351 113 1351
1462579200 113 1351 113 1351
1462492800 113 1351 113 1351
1462406400 113 1351 113 1351
1462320000 113 1351 113 1351
1462233600 113 1351 113 1351
1462147200 113 1351 113 1351
1462060800 113 1351 113 1351
1461974400 113 1351 113 1351
1461888000 113 1351 113 1351
1461801600 113 1351 113 1351
1461715200 113 1351 113 1351
1461628800 113 1351 113 1351
1461542400 113 1351 113 1351
1461456000 113 1351 113 1351
1461369600 113 1351 113 1351
1461283200 113 1351 113 1351
1461196800 113 1351 113 1351
1461110400 113 1351 113 1351
1461024000 113 1351 113 1351
1460937600 113 1351 113 1351
1460851200 113 1351 113 1351
1460764800 113 1351 113 1351
1460678400 113 1351 113 1351
1460592000 113 1351 113 1351
1460505600 113 1351 113 1351
1460419200 113 1351 113 1351
1460332800 113 1351 113 1351
1460246400 113 1351 113 1351
1460160000 113 1351 113 1351
1460073600 14209 644974 201960 9261067
1459987200 26691 1183695 252686 11146206
1459900800 22239 203825 2879263 9605778
1459814400 3833 211458 186649 9379927
1459728000 3809 243196 214191 10806322
1459641600 20457 940408 257411 11350810
1459555200 3956 268260 228909 11604637
1459468800 11593 560266 245887 11679331
1459382400 26621 1109908 421531 11856508
1459296000 4025 212525 236833 11972527
1459209600 106153 263257 5081730 11950854
1459123200 159844 373927 4761507 11927101
1459036800 29181 1310757 259875 11878683
1458950400 4109 231812 236478 12103810
1458864000 4309 225475 233571 11857066
1458777600 27651 1247408 269383 11941615
1458691200 3713 197920 235412 11927348
1458604800 4935 541082 480830 47904381
1458518400 120649 171432 1143441 35225648
1458432000 6867 1193439 213429 35130106
1458345600 504 169392 87042 41748594
1458259200 878 169407 85194 41252474
1458172800 610 386 46137 7631
1458086400 1562 169315 64048 31932455
1458000000 1604 169570 62648 31532780
1457913600 1443 169627 66993 33337941
1457827200 6403 1200003 147827 36456538
1457740800 1650 169487 75560 37877846
1457654400 1654 169444 74564 36669480
1457568000 1409 169211 68412 34469941
1457481600 832 168892 69889 35325532
1457395200 1135 168850 69567 35040738
1457308800 1216 168902 70993 35988111
1457222400 51051 218639 14313358 39982348
1457136000 1824 128749 58813 29399321
1457049600 1430 21220 145993 680017
1456963200 7546 1029556 155050 37159728
1456876800 6168 215610 226390 11477084
1456790400 6139 181385 222447 11307709
1456704000 5323 253392 228522 11654469
1456617600 10327 1280095 231439 35763296
1456531200 4779 196431 233467 11853265
1456444800 223805 215366 8317306 11894989
1456358400 12992 1242282 700123 37027457
1456272000 3842 245599 233683 11903785
1456185600 5295 187905 229278 11601860
1456099200 5862 189240 230712 11684771
1456012800 10331 1207449 232764 39060308
1455926400 4550 200129 233467 11875934
1455840000 29165 234309 4668277 11957490
1455753600 67314 1748816 7054333 32593907
1455667200 76993 3318782 379356 14725593
1455580800 2949 122585 233998 11904007
1455494400 798 88083 10843 1043115
1455408000 6855 1096339 97823 20582740
1455321600 2460 24798 89329 302027
1455235200 1622 24581 14358 124746
1455148800 6318 943198 85763 20666132
1455062400 22859 12481 5117794 495032
1454976000 1445 10481 14142 113418
1454889600 1488 93085 2521 753704
1454803200 3302 59178 53517 658744
1454716800 1170 37352 43122 438260
1454630400 847 14716 29390 344754
1454544000 777 1422 1237 74866
1454457600 727 778 28005 8342
1454371200 875 579 25656 2005
1454284800 653 506 1738 1137
1454198400 522 429 1192 1034
1454112000 1227 869 3385 2135
1454025600 1740 1065 3931 2320
1453939200 876 434 35283 1885
1453852800 774 14776 1810 285397
1453766400 730 15677 2022 568570
1453680000 1375 13163 46604 193809
1453593600 5725 112658 156964 4828788
1453507200 1089193 1879616 45444278 5907092
1453420800 108 597721 21180 2802526
1453334400 80 538472 738 4022267
1453248000 63 421768 550 2735702
1453161600 113 591029 1231 3947391
1453075200 208 930217 2499 4871150
1452988800 479 1016877 5677 2700457
1452902400 191 1013687 4022 6589874
1452816000 484 354005 3975 3017905
1452729600 413 440571 3311 2704962
1452643200 253 524584 20770 3574774
1452556800 432 725541 3967 3665515
1452470400 625 1684823 4577 4870386
1452384000 316 2152159 3064 9718326
1452297600 471 1155374 4198 8362494
1452211200 648 98117 13227 1605896
1452124800 699 73800 5850 961701
1452038400 570 41681 3360 734935
1451952000 355 119644 1982 1965853
1451865600 352 148121 4046 1841394
1451779200 639 62593 7180 895647
1451692800 475 50354 9177 2648501
1451606400 744 70386 6787 1173511
1451520000 180 179800 2909 1741600
1451433600 96753 167004 14266435 14259669
1451347200 351 139939 2190 943411
1451260800 349 349245 2409 7185141
1451174400 602 331762 7125 4147344
1451088000 321 252639 3748 2105014
1451001600 628 159151 7871 1664923
1450915200 99308 778315 7017284 7017762
1450828800 687 468092 3222 3410364
1450742400 1836 93977 11133 3909214
1450656000 1292 398724 6006 2256071
1450569600 920 369951 11058 3461636
1450483200 4989 890862 67458 11678653
1450396800 615 318466 7949 1418319
1450310400 709 2627576 8564 12902320
1450224000 423 5173407 17295 22608120
1450137600 145 5340846 2693 25596183
1450051200 378 5469 8410 303919
1449964800 1403 5680 11979 576631
1449878400 2292 3053 19252 203054
1449792000 2015 3924 18275 602401
1449705600 1546 1283 10268 21880
1449619200 849 770 13426 9091
1449532800 778 1712 6310 76873
1449446400 767 977 8578 21125
1449360000 1070 1468 8578 12205
1449273600 957 1646 7473 105465
1449187200 1640 2151 12812 38489
1449100800 1284 1261 6700 9378
1449014400 45374 45653 3168857 3209614
1448928000 1606 1560 9633 14581
1448841600 2148 1964 8166 15527
1448755200 201573 200188 7145380 7146053
1448668800 150544 149711 7128348 7133253
1448582400 1036 497 7532 2956
1448496000 630 462 6437 1403
1448409600 1144 462 6739 1370
1448323200 847 477 5372 1908
1448236800 492 302 5493 1573
1448150400 1262 442 5648 2044
1448064000 943 2700 10692 133571
1447977600 1643 905 10592 24020
1447891200 2029 465 36333 3210
1447804800 1289 433 6900 2006
1447718400 1044 346 7159 1884
1447632000 1521 513 7717 2505
1447545600 2247 595 74209 4324
1447459200 1998 591 10237 2478
1447372800 2285 717 102829 4932
1447286400 1993 587 11691 2731
1447200000 10389 1551702 84071 15286844
1447113600 3253 985 17955 15284
1447027200 2008 585 13390 2583
1446940800 2400 1172 19179 3630
1446854400 1646 506 14023 3193
1446768000 2122 706 11263 4115
1446681600 2219 740 10537 3892
1446595200 1567 522 15721 2559
1446508800 1233 1190 12481 212542
1446422400 1491 582 14422 3017
1446336000 1281 603 8366 3267
1446249600 1657 918 10452 3906
1446163200 1513 708 9729 2377
1446076800 1741 925 135359 118966
1445990400 681 308 5551 1979
1445904000 627 331 8466 3004
1445817600 2164 777 14829 4699
1445731200 1560 560 16718 3150
1445644800 980 533 7803 2803
1445558400 2053 842 10474 3813
1445472000 1581 650 9721 2325
1445385600 1750 778 8300 3010
1445299200 11598 1736349 103327 16139644
1445212800 692 301 5070 1173
1445126400 1016 456 8021 2078
1445040000 1925 160744 77091 10682082
1444953600 1191 72838 70203 13666977
1444867200 593 247 6091 1494
1444780800 422 225 3194 1108
1444694400 2616 146598 223462 12452176
1444608000 1154 689 10377 2575
1444521600 807 301 14554 1372
1444435200 1823 78379 52921 8674243
1444348800 595 317 7764 1316
1444262400 822 372 5039 1651
1444176000 503 208 4299 1534
1444089600 0 0 0 0
1444003200 0 0 0 0
1443916800 0 0 0 0
1443830400 0 0 0 0
1443744000 0 0 0 0
1443657600 0 0 0 0
1443571200 0 0 0 0
1443484800 0 0 0 0
1443398400 0 0 0 0
1443312000 0 0 0 0
1443225600 0 0 0 0
1443139200 0 0 0 0
1443052800 0 0 0 0
1442966400 0 0 0 0
1442880000 0 0 0 0
1442793600 0 0 0 0
1442707200 0 0 0 0
1442620800 0 0 0 0
1442534400 0 0 0 0
1442448000 0 0 0 0
1442361600 0 0 0 0
1442275200 0 0 0 0
1442188800 0 0 0 0
1442102400 0 0 0 0
1442016000 0 0 0 0
1441929600 0 0 0 0
1441843200 0 0 0 0
1441756800 0 0 0 0
1441670400 0 0 0 0
1441584000 0 0 0 0
1441497600 0 0 0 0
1441411200 0 0 0 0
1441324800 0 0 0 0
1441238400 0 0 0 0
1441152000 0 0 0 0
1441065600 0 0 0 0
1440979200 0 0 0 0
1440892800 0 0 0 0
1440806400 0 0 0 0
1440720000 0 0 0 0
1440633600 0 0 0 0
1440547200 0 0 0 0
1440460800 0 0 0 0
1440374400 0 0 0 0
1440288000 0 0 0 0
1440201600 0 0 0 0
