1509011702 28744513772 269994262856
1509011702 83345 401560 83345 401560
1509011402 117899 400664 117899 400664
1509011400 117349 400469 117899 400664
1509011100 35817 371444 160847 378333
1509010800 160009 378294 160847 378333
1509010500 35239 372596 35244 372621
1509010200 33903 365168 46339 365226
1509009900 46257 348064 46339 348074
1509009600 34219 346718 44567 356533
1509009300 44567 356557 44704 360152
1509009000 44719 360140 49433 360152
1509008700 49507 356524 60653 356677
1509008400 60560 333762 60653 342536
1509008100 33107 342512 46132 342536
1509007800 46131 338918 46132 338945
1509007500 46036 334956 46106 334970
1509007200 35642 332927 39458 332955
1509006900 39506 324716 46705 325848
1509006600 46677 325826 46705 325848
1509006300 42805 322732 75734 339556
1509006000 75536 339551 75734 339556
1509005700 46048 338925 46093 343273
1509005400 32675 343204 40744 343273
1509005100 40740 332941 40744 332962
1509004800 39716 326926 39769 330709
1509004500 32166 330795 74172 343736
1509004200 73985 343715 74172 343736
1509003900 46073 340688 46169 340691
1509003600 31894 340333 45883 340373
1509003300 45884 328438 46267 332672
1509003000 46315 332683 60791 336123
1509002700 60692 336045 60791 336123
1509002400 45953 324454 46037 324504
1509002100 33631 317118 44323 317145
1509001800 44281 313224 44323 314427
1509001500 38247 314331 51834 314427
1509001200 51815 300097 51834 300101
1509000900 46218 299025 46401 299029
1509000600 46356 298504 46401 298518
1509000300 40397 296497 49034 296498
1509000000 48940 296372 49034 296498
1508999700 35022 278719 35027 435476
1508999400 34492 435486 46227 437087
1508999100 46169 436882 46227 437087
1508998800 37591 406683 37619 445304
1508998500 33559 445249 75679 445304
1508998200 75491 428787 75679 428898
1508997900 47485 412353 47491 421564
1508997600 46618 421347 47000 421564
1508997300 46903 389113 47000 400337
1508997000 32610 400325 46446 400337
1508996700 46352 398523 46446 398611
1508996400 32491 385482 32638 390731
1508996100 32730 390611 46467 390731
1508995800 46373 372959 46467 395898
1508995500 32477 395871 46448 395898
1508995200 46401 387840 46448 387884
1508994900 32579 375034 32612 396441
1508994600 32704 396215 46471 396441
1508994300 46378 362752 46471 372282
1508994000 32528 372326 32530 378958
1508993700 32419 378915 46384 378958
1508993400 46337 366061 46384 366121
1508993100 32461 348312 34587 353451
1508992800 34619 353451 44334 353561
1508992500 44253 353508 44334 353561
1508992200 32360 345829 46489 386328
1508991900 46395 386333 46489 387118
1508991600 32424 386713 32425 387118
1508991300 32295 326390 32295 326390
1508991000 46469 358305 46564 358394
1508990700 32393 344901 32624 345045
1508990400 32715 323686 46288 350277
1508990100 46195 350085 46288 350277
1508989800 32426 321448 32996 321514
1508989500 33080 311983 45679 348327
1508989200 45590 348138 45679 348327
1508988900 32576 320119 60316 335997
1508988600 60129 335995 60316 335997
1508988300 32385 335486 32469 335802
1508988000 32560 288690 46260 322127
1508987700 46167 322146 46260 325061
1508987400 32352 325174 32353 342048
1508987100 32431 341819 46210 342048
1508986800 46117 307811 46210 322503
1508986500 32495 322309 46237 322503
1508986200 46145 293628 46237 308880
1508985900 32451 308927 32452 315983
1508985600 32535 315808 46267 315983
1508985300 46174 289984 46267 318272
1508985000 32348 318191 32351 318272
1508984700 32443 305932 46174 306136
1508984400 46081 275823 46174 317058
1508984100 32281 317219 46193 365633
1508983800 46147 365469 46193 365633
1508983500 32449 316384 32450 316611
1508983200 32451 282955 46217 322309
1508982900 46124 322310 46217 322503
1508982600 32311 322423 32312 322503
1508982300 32312 310717 46387 339279
1508982000 46292 339079 46387 339279
1508981700 32252 309461 38247 329663
1508981400 38261 329664 40443 329932
1508981100 40388 329711 40443 329932
1508980800 32432 297022 46219 323658
1508980500 46125 323538 46219 323658
1508980200 32249 305680 32438 309139
1508979900 32529 309214 46222 320446
1508979600 46129 320250 46222 320446
1508979300 32279 291206 32459 328175
1508979000 32550 328148 46169 328175
1508978700 46076 324048 46169 324206
1508978400 32442 300748 46100 329712
1508978100 46054 329619 46100 329712
1508977800 32449 302218 32450 319884
1508977500 32456 319961 46096 331579
1508977200 46050 331485 46096 331579
1508976900 32454 303810 32504 336670
1508976600 40277 336839 1198497 362076
1508976300 1195015 361968 1198497 362076
1508976000 153372 329891 154092 348595
1508975700 46127 348399 46220 348595
1508975400 32418 319528 32656 351849
1508975100 32748 351890 46457 358128
1508974800 46363 357971 46457 358128
1508974500 32428 334791 32567 359816
1508974200 32658 359639 46304 359816
1508973900 46211 333426 46304 354449
1508973600 32378 354556 32379 370645
1508973300 32417 370545 46545 370645
1508973000 46498 340956 46545 380207
1508972700 32593 380148 46296 380207
1508972400 46202 371481 46296 372820
1508972100 32326 372908 32762 399361
1508971800 32853 399136 46479 399361
1508971500 46385 365998 46479 404579
1508971200 32450 404541 32458 404579
1508970900 32550 398871 46353 399020
1508970600 46260 376989 46353 409624
1508970300 32524 409542 46226 409624
1508970000 46180 397531 46226 424947
1508969700 32468 424942 32592 424947
1508969400 32684 423530 46401 423691
1508969100 46308 399862 46401 434014
1508968800 32542 433962 32543 434014
1508968500 32544 418687 46533 438521
1508968200 46439 438519 46533 438521
1508967900 32514 438198 32515 438341
1508967600 32488 417036 46584 456179
1508967300 46489 456009 46584 456179
1508967000 32437 430758 36061 451861
1508966700 36083 451893 42896 461463
1508966400 42862 461436 42896 461463
1508966100 32797 453679 46595 487137
1508965800 46501 487170 46595 492212
1508965500 32576 492148 32589 492212
1508965200 32682 482910 46683 523768
1508964900 46638 523766 46683 523768
1508964600 33417 523023 33424 523456
1508964300 32595 457995 46653 458614
1508964000 46557 365967 46653 388244
1508963700 32385 388277 32634 398297
1508963400 32727 398373 46643 409786
1508963100 46550 409808 46643 413121
1508962800 32907 413185 46533 422742
1508962500 46439 422837 46533 437100
1508962200 32529 437085 32530 437100
1508961900 32446 434982 46511 438233
1508961600 46468 438356 46511 475303
1508961300 33839 475318 33846 477665
1508961000 32967 477777 46664 494531
1508960700 46570 494601 46664 505157
1508960400 32573 505152 32578 505157
1508960100 32624 503763 46625 503790
1508959800 46578 495732 46625 495753
1508959500 32777 489592 32779 497395
1508959200 32677 497605 46633 528908
1508958900 46539 529058 46633 551449
1508958600 32604 551604 32615 574787
1508958300 32709 574802 46791 577043
1508958000 46697 576997 46791 577043
1508957700 32724 570209 33492 570231
1508957400 33581 563914 46966 586952
1508957100 46919 586978 46966 595020
1508956800 32991 595185 45282 619888
1508956500 45212 619713 45282 619888
1508956200 34945 593869 39729 628132
1508955900 39813 628215 52398 640673
1508955600 52265 640729 52398 649085
1508955300 32587 649057 32655 649085
1508955000 32712 641039 49766 671956
1508954700 49660 671798 49766 671956
1508954400 33876 648496 34198 662792
1508954100 34282 662790 46943 662792
1508953800 46866 662403 46943 662633
1508953500 35430 628172 35448 628241
1508953200 32924 618029 46854 625810
1508952900 46759 625709 46854 625810
1508952600 32733 610742 32957 625909
1508952300 33049 625857 46891 625909
1508952000 46797 618315 46891 629527
1508951700 32847 629492 40196 629527
1508951400 40190 624402 40196 636253
1508951100 39383 636049 39428 636253
1508950800 32893 605679 46661 605747
1508950500 46614 595504 46661 595560
1508950200 32851 578953 32852 579039
1508949900 32774 566198 46819 566202
1508949600 46772 565056 46819 565479
1508949300 32860 565296 32861 565479
1508949000 32870 538185 46713 546573
1508948700 46666 546545 46713 546573
1508948400 32858 538226 32860 538277
1508948100 32753 530653 46847 530713
1508947800 46800 512895 46847 525149
1508947500 32837 525157 47368 527686
1508947200 47288 527637 47368 527686
1508946900 35430 520408 35438 520456
1508946600 33298 506169 47476 506191
1508946300 47380 499727 47476 502273
1508946000 33187 502301 33336 510802
1508945700 33429 510717 47369 510802
1508945400 47274 498039 47369 498057
1508945100 33185 495405 36019 495425
1508944800 36094 489607 47333 489653
1508944500 47246 482708 47333 482771
1508944200 34361 473343 42786 478791
1508943900 42864 478765 66358 478791
1508943600 66139 471216 66358 471249
1508943300 33622 466426 63890 476671
1508943000 63789 476644 63890 476671
1508942700 33731 468616 34953 468731
1508942400 35048 451615 49337 470469
1508942100 49344 470442 51484 470469
1508941800 51359 462596 51484 463405
1508941500 32886 463386 65215 463405
1508941200 65105 457784 65215 463606
1508940900 48758 463524 48859 463606
1508940600 33766 451443 50577 469973
1508940300 50472 469767 50577 469973
1508940000 34938 439247 53374 451536
1508939700 53334 451569 53374 461515
1508939400 41569 461553 41596 472924
1508939100 33772 472924 61628 473106
1508938800 61535 473084 61628 473106
1508938500 33914 466649 34487 466724
1508938200 34570 444381 59656 451835
1508937900 59570 451860 59656 459481
1508937600 33946 459484 33947 460613
1508937300 34022 460649 46887 466042
1508937000 46801 466051 46887 467507
1508936700 34090 467457 34096 467507
1508936400 33328 460012 47173 460079
1508936100 47180 450245 48269 478086
1508935800 48171 478054 48269 478086
1508935500 33641 473426 49559 481387
1508935200 49540 481358 49559 481387
1508934900 46754 477099 48362 481926
1508934600 48314 481911 48362 481926
1508934300 34210 477669 36510 483462
1508934000 36765 483481 74791 486326
1508933700 74506 486284 74791 486326
1508933400 32100 480094 32137 480120
1508933100 32183 472359 46135 472400
1508932800 46089 460316 46135 461596
1508932500 32652 461543 38137 461596
1508932200 38244 453780 54330 456485
1508931900 54191 456329 54330 456485
1508931600 33993 433376 89016 458026
1508931300 88693 457910 89016 458026
1508931000 40582 440693 40594 441526
1508930700 37110 441545 54055 447377
1508930400 53994 447280 54055 447377
1508930100 35872 418418 35875 428229
1508929800 35288 428223 51022 428229
1508929500 50902 427225 51022 427368
1508929200 33098 406024 49226 413137
1508928900 49216 413110 49226 413137
1508928600 47754 409035 47857 409150
1508928300 32546 391955 32547 391958
1508928000 32553 391194 67749 401214
1508927700 67631 401162 67749 401214
1508927400 32716 385676 48700 389179
1508927100 48706 389292 49615 406203
1508926800 49510 406159 49615 406203
1508926500 34094 399642 64373 399686
1508926200 64162 393127 64373 393182
1508925900 32774 384967 35546 388049
1508925600 35614 388103 45790 396187
1508925300 45758 396196 45790 399035
1508925000 36319 398921 36343 399035
1508924700 32976 381966 49263 382681
1508924400 49149 382611 49263 382681
1508924100 32234 372298 32526 373927
1508923800 32580 373924 48745 373927
1508923500 48735 373177 48745 374151
1508923200 45845 374123 45869 374151
1508922900 38909 365752 47092 365757
1508922600 47004 365056 47092 365072
1508922300 34037 362616 48338 362681
1508922000 48509 353173 73996 368721
1508921700 73757 368607 73996 368721
1508921400 38318 351655 63298 351707
1508921100 63257 343968 63298 343982
1508920800 51028 339851 51136 339928
1508920500 35043 328493 48292 335869
1508920200 48188 336003 48292 356055
1508919900 32704 356056 35588 356647
1508919600 35689 356604 50830 356647
1508919300 50706 350234 50830 353889
1508919000 32304 353998 33595 370335
1508918700 33677 370386 45968 377998
1508918400 46030 377949 64814 377998
1508918100 64772 363320 64814 363355
1508917800 52373 352911 52388 358568
1508917500 47993 358602 48033 368897
1508917200 36345 368892 50641 368897
1508916900 50505 368151 50641 368156
1508916600 40454 367780 40471 367814
1508916300 35708 357862 50093 357901
1508916000 50066 352074 50093 352104
1508915700 46132 347723 46171 354183
1508915400 34585 354118 49115 354183
1508915100 49006 344524 49115 353486
1508914800 32904 353468 32907 353486
1508914500 32772 350860 60656 356066
1508914200 60465 355944 60656 356066
1508913900 32105 337819 39910 341144
1508913600 39997 341058 53030 341144
1508913300 53210 328366 80038 331937
1508913000 80005 331938 80038 332284
1508912700 70204 332240 70267 332284
1508912400 60835 325589 60891 325716
1508912100 52675 306504 60747 306671
1508911800 60560 281707 60747 281759
1508911500 32818 273963 32819 274006
1508911200 32737 267595 46642 269218
1508910900 46595 269234 46642 274317
1508910600 32783 274260 41787 274317
1508910300 41773 257322 41787 257345
1508910000 37636 250594 37669 250719
1508909700 32871 232011 46545 232909
1508909400 46499 232851 46545 232909
1508909100 32934 215655 32935 218542
1508908800 32842 218540 46813 218542
1508908500 46719 218082 46813 218134
1508908200 32776 210515 32795 223983
1508907900 32887 223962 46691 223983
1508907600 46598 220922 46691 220951
1508907300 32864 216779 46730 224759
1508907000 46636 224700 46730 224759
1508906700 32771 215883 32861 216034
1508906400 32952 193439 46609 200041
1508906100 46517 199980 46609 200041
1508905800 32822 190968 32824 190973
1508905500 32712 190326 46765 193728
1508905200 46671 193704 46765 193728
1508904900 32794 190186 46477 190228
1508904600 46431 184063 46477 184071
1508904300 32720 181796 32809 181820
1508904000 32900 174671 46605 180147
1508903700 46512 180145 46605 180147
1508903400 32727 179853 32888 179873
1508903100 32979 176835 46687 176897
1508902800 46592 167576 46687 167620
1508902500 32581 161090 45044 163023
1508902200 44972 162980 45044 163023
1508901900 34303 156582 34309 157368
1508901600 32732 157367 46684 157368
1508901300 46590 157251 46684 157290
1508901000 32603 151495 32769 158427
1508900700 32859 158400 46353 158427
1508900400 46307 154455 46353 154464
1508900100 32878 151918 46339 156619
1508899800 46248 156586 46339 156619
1508899500 32824 151715 32826 151746
1508899200 32750 147158 46356 149067
1508898900 46310 149068 46356 149594
1508898600 32696 149598 32805 151061
1508898300 32896 151091 46487 155571
1508898000 46394 155555 46487 155571
1508897700 32673 153286 32674 153315
1508897400 32638 149131 46501 157327
1508897100 46456 157298 46501 157327
1508896800 33099 148694 46544 148698
1508896500 46451 148228 46544 150465
1508896200 32656 150468 32657 151025
1508895900 32653 151025 46664 151160
1508895600 46571 151155 46664 151160
1508895300 32769 150402 39071 150410
1508895000 39079 149310 40274 149347
1508894700 40223 143906 40274 144091
1508894400 32784 144120 46525 148565
1508894100 46433 148511 46525 148565
1508893800 32760 140603 32761 149003
1508893500 32841 149035 46531 153808
1508893200 46440 153776 46531 153808
1508892900 32987 149067 38621 154105
1508892600 38634 154106 40715 154287
1508892300 40661 154232 40715 154287
1508892000 32708 146084 46558 159924
1508891700 46512 159906 46558 159924
1508891400 32816 154688 32818 154723
1508891100 32657 149600 46800 161527
1508890800 46705 161490 46800 161527
1508890500 32655 156115 34446 156126
1508890200 38428 153231 1229258 194210
1508889900 1221921 193951 1229258 194210
1508889600 128224 155374 128773 155392
1508889300 46434 152744 46480 159954
1508889000 32844 159959 32900 161652
1508888700 32991 161679 46673 165781
1508888400 46580 165815 46673 170895
1508888100 32764 170912 32765 173471
1508887800 32733 173477 46761 175493
1508887500 46666 175563 46761 186032
1508887200 32692 186046 46676 190400
1508886900 46630 190367 46676 190400
1508886600 32879 180839 32880 196825
1508886300 32865 196801 46689 196825
1508886000 46596 193393 46689 201615
1508885700 32784 201656 32793 207871
1508885400 32884 207883 46530 209690
1508885100 46484 209680 46530 209690
1508884800 33009 206948 46662 222147
1508884500 46569 222142 46662 222147
1508884200 32739 221470 32906 232543
1508883900 32997 232563 46661 235603
1508883600 46568 235646 46661 242119
1508883300 32818 242125 32850 243048
1508883000 32849 243113 32850 252938
1508882700 32810 252948 46730 256084
1508882400 46684 256070 46730 256084
1508882100 33049 252088 46769 266336
1508881800 46676 266409 46769 277321
1508881500 32864 277337 32867 279739
1508881200 32867 279813 32949 301947
1508880900 33041 301980 46846 306981
1508880600 46753 307067 46846 319976
1508880300 33002 320130 33775 335451
1508880000 33831 335478 50782 343766
1508879700 50686 343759 50782 343766
1508879400 36404 342869 37099 376949
1508879100 37163 376870 46809 376949
1508878800 46763 365163 46809 365167
1508878500 33059 364127 36446 377899
1508878200 36492 377990 43447 391643
1508877900 43381 391637 43447 391643
1508877600 33643 391072 46897 421148
1508877300 46803 421224 46897 432652
1508877000 32894 432720 33012 453339
1508876700 33058 453336 47083 453339
1508876400 46989 452697 47083 452709
1508876100 33036 450948 33037 453844
1508875800 32945 453914 47183 474955
1508875500 47087 474959 47183 475604
1508875200 32952 475674 39203 496759
1508874900 39214 496860 40948 511925
1508874600 40922 511945 40948 518136
1508874300 33296 518134 47107 518136
1508874000 47013 518011 47107 528841
1508873700 33051 528993 33763 551648
1508873400 33851 551602 47014 551648
1508873100 46967 544865 47014 552805
1508872800 33045 552864 33227 570635
1508872500 33318 570744 46970 587012
1508872200 46924 587061 46970 601915
1508871900 33251 601937 33405 608618
1508871600 33497 608577 47332 608618
1508871300 47237 602527 47332 606002
1508871000 33128 606021 33368 611864
1508870700 33461 611863 47348 611864
1508870400 47253 611820 47348 613850
1508870100 33244 613871 33266 617020
1508869800 33313 617066 47430 631028
1508869500 47383 631019 47430 631028
1508869200 33397 628425 33399 628459
1508868900 33286 623381 47581 623388
1508868600 47485 621423 47581 621560
1508868300 33360 601079 40135 601092
1508868000 40136 599111 40438 599154
1508867700 40421 586385 40438 606390
1508867400 35652 606455 47647 616258
1508867100 47585 616167 47647 616258
1508866800 38439 602666 38456 602687
1508866500 36104 599552 49183 599583
1508866200 49089 594860 49183 594978
1508865900 35118 577358 35131 577388
1508865600 33412 573004 47257 574077
1508865300 47210 574116 47257 585950
1508865000 33392 585980 33393 590537
1508864700 33392 590607 47693 601132
1508864400 47597 601078 47693 601132
1508864100 33309 593146 33310 593180
1508863800 33337 588201 47174 600905
1508863500 47128 600847 47174 600905
1508863200 33480 583707 47339 583709
1508862900 47245 583533 47339 599257
1508862600 33272 599159 33299 599257
1508862300 33391 584483 47186 584579
1508862000 47139 570296 47186 571203
1508861700 33231 571107 33232 571203
1508861400 33229 542488 47211 542511
1508861100 47164 535805 47211 551025
1508860800 33188 550949 33206 551025
1508860500 33253 528466 47390 528818
1508860200 47295 528810 47390 528818
1508859900 33293 527658 47199 527659
1508859600 47206 527640 49422 527657
1508859300 49404 522557 49422 522600
1508859000 46875 516226 48322 516297
1508858700 48271 494944 48322 495010
1508858400 33127 475490 33200 480694
1508858100 33246 480733 47180 492593
1508857800 47187 492587 49436 492593
1508857500 49327 490873 49436 490898
1508857200 33213 487199 47068 487214
1508856900 46974 485003 47068 485034
1508856600 33187 480452 46896 486641
1508856300 46851 486617 46896 486641
1508856000 33681 479470 33689 479502
1508855700 32578 474844 46649 474846
1508855400 46557 474135 46649 474253
1508855100 33080 456689 46346 460151
1508854800 46394 460175 60817 467570
1508854500 60627 467415 60817 467570
1508854200 32396 444383 32737 444387
1508853900 32790 443511 48751 466675
1508853600 48644 466493 48751 466675
1508853300 33035 439593 81831 453016
1508853000 81699 453043 81831 457085
1508852700 62026 457151 62115 467107
1508852400 48858 467084 55664 467107
1508852100 55517 460211 55664 460288
1508851800 33708 448780 35476 448801
1508851500 35549 445706 46575 452105
1508851200 46672 452041 61221 452105
1508850900 61036 442526 61221 442545
1508850600 33703 439825 82297 445572
1508850300 81966 445510 82297 445572
1508850000 32702 436329 34042 436394
1508849700 34084 426718 46642 426745
1508849400 46747 418869 62494 418892
1508849100 62417 415607 62494 432623
1508848800 51051 432635 51052 436269
1508848500 50870 436309 61554 442281
1508848200 61505 442222 61554 442281
1508847900 46968 424605 47160 424642
1508847600 47065 413693 47160 413722
1508847300 32980 409515 33466 445381
1508847000 33511 445376 47084 445381
1508846700 47088 444159 47719 448187
1508846400 47828 447983 64212 448187
1508846100 64003 417600 64212 417733
1508845800 33381 397901 102411 403557
1508845500 102232 403416 102411 403557
1508845200 75580 382385 75627 382418
1508844900 61510 372824 61697 376758
1508844600 33955 376720 62606 376758
1508844300 62506 371040 62606 371083
1508844000 32830 358445 32832 372599
1508843700 32588 372629 46364 377173
1508843400 46317 377135 46364 377173
1508843100 32341 366067 32527 381988
1508842800 32617 381861 46052 381988
1508842500 46006 363060 46052 363069
1508842200 32564 360666 63290 369504
1508841900 63095 369441 63290 369504
1508841600 34112 360094 34125 363109
1508841300 32331 363177 46114 373410
1508841000 46029 373350 46114 373410
1508840700 33446 364438 33895 364525
1508840400 33940 351480 47681 351501
1508840100 47687 345512 49599 355180
1508839800 49515 355160 49599 355180
1508839500 37282 352403 79346 366391
1508839200 79220 366293 79346 366391
1508838900 60381 351715 60475 351739
1508838600 32498 344685 51368 344748
1508838300 51244 325985 51368 332745
1508838000 32972 332701 52610 332745
1508837700 52659 326256 60063 334278
1508837400 59877 334180 60063 334278
1508837100 32232 319622 33115 319649
1508836800 33174 311731 50867 311756
1508836500 50805 304395 50867 310136
1508836200 32490 310125 45943 310136
1508835900 45998 308568 62708 308569
1508835600 62512 308502 62708 308548
1508835300 33513 301732 53426 303327
1508835000 53538 303329 70350 303661
1508834700 70113 303667 70350 304606
1508834400 34945 304708 38006 319970
1508834100 38044 319998 49642 328608
1508833800 49532 328489 49642 328608
1508833500 33419 310897 55197 316322
1508833200 55126 316305 55197 316322
1508832900 34162 311552 46167 321552
1508832600 46144 321493 46167 321552
1508832300 39302 303918 39318 303943
1508832000 34747 296700 48622 305788
1508831700 40619 310633 48622 319952
1508830200 44248 308051 65829 319459
1508828400 53017 281213 65829 301502
1508826600 46446 255381 52319 264481
1508824800 39547 239367 47154 247118
1508823000 39512 234927 46461 238698
1508821200 37115 228407 46390 233799
1508819400 37094 205213 46307 215777
1508817600 37702 186709 46315 196229
1508815800 38748 164390 46271 173383
1508814000 37049 165350 46268 169091
1508812200 37068 165033 46252 170022
1508810400 37037 166625 46232 168332
1508808600 37026 161179 46393 166643
1508806800 39333 186071 46272 274382
1508805000 229324 180378 1185075 203267
1508803200 57679 178607 156515 190213
1508801400 37051 191105 46463 205981
1508799600 39392 204640 46489 219871
1508797800 37180 227011 46402 243080
1508796000 37178 256957 46573 292381
1508794200 37268 319435 46675 369586
1508792400 37255 391311 46702 432840
1508790600 38314 452439 46597 475896
1508788800 38810 481551 47034 521151
1508787000 39986 538820 62291 551177
1508785200 37451 579954 46820 604126
1508783400 37666 602435 47026 615821
1508781600 40242 580481 60814 584781
1508779800 36942 566477 46316 575370
1508778000 38977 541203 46202 555789
1508776200 37012 514837 46270 537621
1508774400 42058 493968 59136 511354
1508772600 63507 464520 137410 481635
1508770800 80359 435768 137410 476872
1508769000 49231 475830 60306 481179
1508767200 45978 444102 61919 470957
1508765400 47547 424913 60556 437841
1508763600 47389 405175 91036 415072
1508761800 60756 387880 75944 403406
1508760000 50143 384153 65993 395261
1508758200 50329 390360 71750 403012
1508756400 39433 371439 60027 389964
1508754600 47976 344929 65784 350260
1508752800 54337 351082 81176 365007
1508751000 46864 368586 65907 388333
1508749200 45843 328379 53835 330962
1508747400 60557 315815 95379 324320
1508745600 43585 302589 53980 310863
1508743800 43259 286549 59659 303617
1508742000 48895 297180 68372 302136
1508740200 47709 281294 57179 301182
1508738400 37093 256608 46538 262828
1508736600 42005 230285 61259 257943
1508734800 37118 215451 46424 220928
1508733000 39356 201614 46210 205887
1508731200 37085 185706 46372 199529
1508729400 37050 167335 46425 174733
1508727600 37042 159123 46418 163941
1508725800 39335 164119 46430 173788
1508724000 37044 161334 46252 166632
1508722200 37053 166972 46350 179367
1508720400 37098 165752 46509 177196
1508718600 233932 187596 1212891 223097
1508716800 55318 197884 141850 204318
1508715000 37134 185622 46497 193405
1508713200 37187 201050 46598 228575
1508711400 37221 232264 46769 253481
1508709600 37366 280039 48083 314589
1508707800 37400 324418 46973 342812
1508706000 39904 368041 47220 403637
1508704200 37605 429349 47114 452968
1508702400 37648 493933 46999 535878
1508700600 37712 549125 47282 583495
1508698800 40159 575709 47133 600372
1508697000 38059 605373 47392 650122
1508695200 37919 637006 75718 666954
1508693400 44964 647278 75718 666954
1508691600 40566 643073 103264 661565
1508689800 49782 638605 103264 661565
1508688000 38440 624008 48385 642853
1508686200 40248 584627 47257 604169
1508684400 37879 559210 47400 593009
1508682600 37868 540529 49110 551430
1508680800 38606 526856 49110 551430
1508679000 50512 503704 79435 511983
1508677200 37618 482373 48964 503849
1508675400 39602 486387 47502 492401
1508673600 38406 469279 47527 481854
1508671800 40161 479883 47188 492061
1508670000 40289 495256 57360 504641
1508668200 41804 483356 57360 498513
1508666400 40166 472462 61070 489230
1508664600 44738 431711 61070 469826
1508662800 40154 411031 47253 415139
1508661000 42897 401442 77777 419806
1508659200 39970 389858 47107 415805
1508657400 37957 337284 49112 355854
1508655600 40774 306144 63720 322446
1508653800 42648 270714 63720 286267
1508652000 40170 247385 48915 257092
1508650200 37501 224736 46714 234986
1508648400 37635 199086 46728 211821
1508646600 39555 191072 46667 196352
1508644800 37600 185972 46873 192056
1508643000 37406 188171 46506 192296
1508641200 37449 186858 46686 193772
1508639400 37410 189688 46646 193949
1508637600 39684 178510 46646 183089
1508635800 37425 176649 46669 181678
1508634000 37406 172308 46667 178009
1508632200 236758 188517 1227911 221824
1508630400 53276 195034 127876 202920
1508628600 37509 200519 46754 220153
1508626800 37509 237901 46933 244695
1508625000 37556 257938 46705 278192
1508623200 37577 300494 46684 321923
1508621400 38507 337070 47073 375217
1508619600 40218 389097 61479 421275
1508617800 37778 448514 47136 480875
1508616000 38127 461454 48259 480875
1508614200 39341 482353 48752 525206
1508612400 37895 534427 47349 546391
1508610600 42592 540051 49286 560461
1508608800 40326 524829 61692 544553
1508607000 38056 519073 47702 532036
1508605200 37156 520282 46622 541790
1508603400 37171 558446 46528 579659
1508601600 37183 541966 46582 558512
1508599800 40345 534534 60400 558512
1508598000 41748 504057 60400 513606
1508596200 41969 481189 61724 496008
1508594400 53750 453823 101265 471426
1508592600 41724 442848 59850 456659
1508590800 44388 427273 48380 452156
1508589000 40544 419871 49582 425954
1508587200 42018 411537 63587 430034
1508585400 40029 404255 63587 430034
1508583600 5128 389043 7779 412081
1508581800 10152 392555 18514 407027
1508580000 8255 400549 18572 415228
1508578200 10964 393275 18508 415228
1508576400 25639 388731 65329 398270
1508574600 11309 377537 38743 391169
1508572800 10111 361420 38265 375831
1508571000 10876 360007 23090 365961
1508569200 15867 346309 22299 363841
1508567400 15746 320427 48034 344949
1508565600 5359 276713 5391 299870
1508563800 5347 241602 5410 249615
1508562000 5357 228608 5401 232002
1508560200 5359 217807 5401 231020
1508558400 5336 216206 5388 222800
1508556600 5436 193859 5716 209444
1508554800 5399 188793 5552 201734
1508553000 5344 178157 5399 184043
1508551200 6012 188503 8014 198119
1508549400 5398 202257 5447 215240
1508547600 5383 198449 5417 210429
1508545800 217857 208969 1280158 239909
1508544000 10029 210940 19308 223022
1508542200 5537 216037 6168 245577
1508540400 7835 251653 19282 281354
1508538600 7720 288475 19519 300406
1508536800 5873 314456 8048 331020
1508535000 5731 372503 7130 397404
1508533200 5401 426315 6010 476098
1508531400 7846 490198 19498 534943
1508529600 5523 536879 5976 552963
1508527800 5841 562034 6674 574947
1508526000 7756 566863 19449 578516
1508524200 8160 590736 19819 614775
1508522400 5486 625717 5614 641069
1508520600 31381 618939 47791 642916
1508518800 38192 573430 50115 589704
1508517000 53354 525023 76381 561029
1508515200 45309 467404 55812 472457
1508513400 43514 447803 50247 460418
1508511600 47667 434157 62859 446723
1508509800 40834 438693 51300 462941
1508508000 55722 410449 70135 425034
1508506200 44837 400960 81371 411236
1508504400 49657 385128 81371 390161
1508502600 44164 398390 60611 409629
1508500800 42461 395281 47537 405068
1508499000 46043 405118 60917 415265
1508497200 26103 373666 60662 385413
1508495400 15719 357217 35041 363267
1508493600 23931 349991 46166 356278
1508491800 56211 346146 93541 355511
1508490000 49799 332553 64982 338617
1508488200 40965 343255 53851 349201
1508486400 40657 350154 53025 362126
1508484600 41020 350186 64227 362126
1508482800 50818 336776 66076 346111
1508481000 48464 327600 61696 346111
1508479200 37976 286676 47604 315065
1508477400 40272 273236 47419 293095
1508475600 40192 240843 47306 255781
1508473800 37869 224705 47263 232436
1508472000 37852 226832 47244 238385
1508470200 37859 210692 47302 220821
1508468400 37818 211174 47141 220821
1508466600 40121 197299 47195 209881
1508464800 37811 191892 47033 198492
1508463000 37806 186442 46926 193096
1508461200 37975 182362 47142 192465
1508459400 250716 213076 1310281 243219
1508457600 40075 193877 47708 204508
1508455800 37851 205003 47102 216393
1508454000 37894 236134 47194 256293
1508452200 37921 277849 47207 297278
1508450400 40334 329205 47248 350497
1508448600 40961 364272 61620 401446
1508446800 38967 407992 48224 442315
1508445000 38216 453538 47633 477841
1508443200 38439 499921 47763 518433
1508441400 44072 563072 52805 602101
1508439600 38594 608519 48271 651639
1508437800 43348 637508 51010 651639
1508436000 38452 629631 47848 653362
1508434200 38436 640979 47769 662771
1508432400 38383 593650 48032 615086
1508430600 38459 537329 48196 545848
1508428800 40696 538000 47698 546041
1508427000 38446 505488 57696 521418
1508425200 44848 497767 57696 522768
1508423400 39299 513940 48382 530934
1508421600 47251 471746 69011 478023
1508419800 49186 467675 65781 477748
1508418000 67391 445434 136869 458238
1508416200 50405 450074 105269 461508
1508414400 45286 432405 57994 435756
1508412600 10147 408331 33295 426287
1508410800 5608 401247 6233 418200
1508409000 10147 391342 34254 418200
1508407200 12916 383671 38196 390407
1508405400 9614 388376 23417 406414
1508403600 22095 377756 38112 397973
1508401800 21213 368155 36960 379744
1508400000 17641 346612 36949 364199
1508398200 24284 334843 78232 342691
1508396400 15987 302206 51304 313504
1508394600 44519 295503 63782 303808
1508392800 9247 276649 24073 290653
1508391000 6782 251341 7141 269784
1508389200 5323 234404 6196 252243
1508387400 6330 233269 7319 249953
1508385600 5871 226953 7319 240132
1508383800 6558 215031 7245 220095
1508382000 5088 193380 5522 212664
1508380200 5260 206048 5757 220009
1508378400 5856 190392 6647 194929
1508376600 5848 209984 5923 218968
1508374800 6029 208395 6386 212693
1508373000 217339 204677 1280954 228958
1508371200 5566 200898 7087 202189
1508369400 4982 202761 5015 208169
1508367600 4985 218758 5125 231096
1508365800 5154 244494 5359 268460
1508364000 5164 287278 5751 337476
1508362200 5087 337824 5313 354525
1508360400 6110 393332 7129 469162
1508358600 6518 476865 7337 495548
1508356800 6559 524808 18577 574691
1508355000 8717 593299 18577 620012
1508353200 6887 621897 7538 653885
1508351400 9399 643786 23664 654753
1508349600 5751 640412 6527 660832
1508347800 11305 651351 36557 673222
1508346000 10820 691497 22175 760190
1508344200 8103 701458 10584 723167
1508342400 9868 683875 49565 704356
1508340600 54390 636189 98686 691191
1508338800 50430 594163 98686 628845
1508337000 19542 592706 34592 606791
1508335200 22395 571946 39690 598837
1508333400 12883 605559 27604 639203
1508331600 15811 523210 27869 602917
1508329800 13149 547602 28027 572878
1508328000 6678 543768 8757 570553
1508326200 29281 548655 63401 591347
1508324400 5974 455095 6774 509234
1508322600 11076 520914 19157 536857
1508320800 22216 501333 47760 509724
1508319000 47884 495605 62356 520001
1508317200 45817 416281 66405 490833
1508315400 51900 367597 66405 386002
1508313600 48552 382017 78858 398595
1508311800 50242 410817 85522 423764
1508310000 55391 401548 83399 417849
1508308200 52232 344647 80402 389365
1508306400 36899 291336 47676 310589
1508304600 42867 235149 62082 242823
1508302800 36366 224706 45717 230329
1508301000 40180 207044 56541 229427
1508299200 42725 169507 63334 183059
1508297400 38276 163027 45370 177705
1508295600 36134 180512 45597 184949
1508293800 36481 176465 46095 184136
1508292000 38283 175245 46324 181114
1508290200 37286 190216 45435 200190
1508288400 35901 192993 45147 198418
1508286600 256034 195598 1337919 229104
1508284800 52774 159388 107523 215099
1508283000 1947 88262 8026 226815
1508281200 69 554 121 1002
1508279400 67 563 104 971
1508277600 59 559 67 801
1508275800 87 556 147 985
1508274000 57 546 67 971
1508272200 56 565 63 774
1508270400 95 569 296 822
1508268600 61 492 71 942
1508266800 61 580 70 942
1508265000 57 557 66 1095
1508263200 57 597 61 796
1508261400 65 635 86 971
1508259600 75 548 120 977
1508257800 72 525 109 727
1508256000 69 553 119 739
1508254200 866 613 3360 1088
1508252400 3589 1076 13334 2536
1508250600 2249 58275 4777 640595
1508248800 1186 610380 2164 665937
1508247000 1075 538336 2056 629848
1508245200 896 581923 2461 626855
1508243400 22784 479699 40106 491603
1508241600 35128 21536 57679 87957
1508239800 54209 318208 70251 470580
1508238000 39304 319011 50648 439833
1508236200 45655 12946 63246 418468
1508234400 59823 408548 69180 418468
1508232600 49641 416907 66645 440672
1508230800 47416 400867 65567 424276
1508229000 42925 414877 59669 429799
1508227200 55746 389447 71014 416568
1508225400 261771 377225 1298956 389872
1508223600 58276 360649 110392 374663
1508221800 58682 376162 82996 381975
1508220000 43214 349733 64108 368084
1508218200 42055 324804 50215 348833
1508216400 38925 302205 48473 309345
1508214600 41090 292642 51331 347300
1508212800 39347 254675 49424 276243
1508211000 38225 210026 48849 239500
1508209200 42271 206821 49019 210163
1508207400 39024 214714 48908 222571
1508205600 39916 199469 49415 210020
1508203800 38450 209553 47977 228205
1508202000 41186 222662 48753 235007
1508200200 238847 232248 1243640 261272
1508198400 50877 237462 112091 255064
1508196600 38715 261380 48687 270014
1508194800 39804 265955 47630 281156
1508193000 38267 278906 47451 352183
1508191200 38531 329281 48370 352183
1508189400 38831 377725 48273 413508
1508187600 38702 422452 48493 458221
1508185800 38350 480318 48784 511961
1508184000 42250 541786 49707 572202
1508182200 39778 604979 49409 645764
1508180400 38406 652245 47949 676680
1508178600 39860 689485 54137 717793
1508176800 39311 703960 49248 735825
1508175000 45317 699446 64729 708594
1508173200 39616 685237 49600 704554
1508171400 43077 671916 49219 687778
1508169600 39684 626724 49435 656272
1508167800 45744 596730 62991 620712
1508166000 60088 616340 84868 629943
1508164200 57231 569482 99425 592838
1508162400 43517 539629 52316 552537
1508160600 43427 503097 67754 533133
1508158800 50652 508310 72648 528169
1508157000 65731 526766 154126 540237
1508155200 53919 492709 63885 514225
1508153400 45729 475288 54819 485185
1508151600 47656 457730 63963 476136
1508149800 51138 462950 71708 477297
1508148000 44607 471458 65020 491032
1508146200 45411 506735 93504 649903
1508144400 63421 574840 93504 657415
1508142600 64185 497740 147559 596778
1508140800 57159 456999 66828 580038
1508139000 53250 381148 84140 395308
1508137200 59601 375363 101929 391502
1508135400 72596 365327 101929 389607
1508133600 37316 323138 47790 342753
1508131800 42763 309116 61546 317380
1508130000 43698 272760 49398 286223
1508128200 41355 257553 50777 266854
1508126400 37468 225131 47660 239495
1508124600 39847 207551 47991 213491
1508122800 37656 193433 46846 210748
1508121000 36665 203247 59606 210748
1508119200 42521 201287 59606 212186
1508117400 40953 202424 47881 212186
1508115600 38629 199379 48525 201312
1508113800 246141 204891 1278221 232843
1508112000 43742 220561 72082 230201
1508110200 37581 218910 46559 247998
1508108400 36844 246103 45858 258554
1508106600 37318 264038 47276 304634
1508104800 37644 310408 47276 352824
1508103000 39494 369063 46699 402904
1508101200 37910 410304 47985 454310
1508099400 37580 481778 46495 525816
1508097600 37877 547935 47713 584262
1508095800 40781 610591 48714 658582
1508094000 39785 662755 62717 694297
1508092200 43071 708935 62717 853638
1508090400 37665 688824 47426 698770
1508088600 38022 677597 48844 697357
1508086800 38550 657104 48438 664790
1508085000 40441 637914 49239 657181
1508083200 38305 611538 48093 628663
1508081400 39674 612580 46719 628663
1508079600 37686 598415 46819 612370
1508077800 37680 583258 48672 595933
1508076000 38314 584657 49068 598662
1508074200 38709 546287 48456 571254
1508072400 38574 541662 60548 571013
1508070600 41934 545541 60548 571013
1508068800 37149 502350 46432 513483
1508067000 37276 491919 46270 508779
1508065200 40096 472013 60875 490990
1508063400 43421 458960 49034 470869
1508061600 40335 447074 47390 461294
1508059800 41582 448149 50129 461294
1508058000 40946 456190 49002 470759
1508056200 40651 449431 51129 470759
1508054400 39752 426532 49972 448425
1508052600 38752 393464 49220 413359
1508050800 42216 367808 47037 392522
1508049000 38268 319429 46959 334423
1508047200 37679 285892 47005 307170
1508045400 38744 257233 49302 268332
1508043600 38585 237198 49302 268947
1508041800 40267 213774 47479 224047
1508040000 38706 189619 48003 205354
1508038200 38700 176021 47874 178575
1508036400 37997 167066 47339 171720
1508034600 40136 167610 47268 172119
1508032800 37642 165430 47295 174319
1508031000 38867 175606 48871 182797
1508029200 38337 178027 47584 182882
1508027400 251272 193406 1314788 224927
1508025600 38586 198378 46773 200176
1508023800 37546 201351 46626 206535
1508022000 38329 210752 48521 225692
1508020200 40640 241664 60618 269578
1508018400 42880 285298 52187 310392
1508016600 43527 334279 51110 371592
1508014800 39936 397930 48935 430330
1508013000 38187 447573 48143 473252
1508011200 40005 489224 50014 504927
1508009400 41024 536066 63254 567215
1508007600 38275 581775 48015 615951
1508005800 41051 617365 49472 630355
1508004000 45330 628633 62560 641975
1508002200 43452 633731 47753 654285
1508000400 40898 600980 48428 617144
1507998600 38417 576881 47804 602250
1507996800 38023 552687 47625 563870
1507995000 40548 522061 48353 539803
1507993200 44676 501767 58739 521135
1507991400 38510 475487 62627 480490
1507989600 49961 478068 66070 485433
1507987800 46520 482519 75142 494855
1507986000 45926 475412 103518 487275
1507984200 61595 487907 103518 509465
1507982400 51964 481415 66282 494025
1507980600 42670 476497 52119 482529
1507978800 41255 456534 50048 471905
1507977000 45664 436532 66859 444892
1507975200 44530 439677 60351 464788
1507973400 44923 440964 61619 452817
1507971600 49541 427471 75191 443898
1507969800 49699 435325 64083 461467
1507968000 37866 451520 63959 470730
1507966200 47604 401326 75159 418087
1507964400 43012 381583 49361 399450
1507962600 49710 361830 75161 391703
1507960800 38113 354539 47449 368334
1507959000 37784 313886 47232 327258
1507957200 38353 276241 61425 321527
1507955400 40687 237356 61425 246179
1507953600 40331 215178 47542 246179
1507951800 38164 203142 47349 213032
1507950000 39009 198394 48538 204865
1507948200 38222 197782 47624 209249
1507946400 40450 230035 47453 281705
1507944600 38219 202562 47579 216632
1507942800 40894 233971 61399 279795
1507941000 249332 258296 1302413 279795
1507939200 37853 248384 47010 282824
1507937400 41419 257943 49369 271653
1507935600 40663 247723 47886 254724
1507933800 38129 268941 47828 292315
1507932000 41138 300730 48426 330827
1507930200 40874 357555 47667 405116
1507928400 38276 396639 47510 423337
1507926600 43535 447549 49062 469389
1507924800 38800 524789 48528 566051
1507923000 41111 600228 50808 623860
1507921200 41782 650344 50808 681054
1507919400 39330 652380 52176 660880
1507917600 40907 670061 48499 687983
1507915800 38226 661595 47922 685429
1507914000 41363 610173 48288 627754
1507912200 43689 610000 62149 621532
1507910400 39937 548514 47622 622410
1507908600 37728 543600 46818 622410
1507906800 45933 517294 61504 536077
1507905000 46116 532138 66462 546151
1507903200 60536 548382 108826 559012
1507901400 43991 547538 60712 568794
1507899600 46425 501795 67798 543610
1507897800 41658 451820 64020 469027
1507896000 39539 445377 50177 454475
1507894200 47550 442030 64507 454747
1507892400 41574 430933 48235 439591
1507890600 41199 405584 52990 420322
1507888800 49410 405967 69015 418056
1507887000 51048 375470 69015 390416
1507885200 47669 361397 62430 371260
1507883400 49600 362201 63432 368557
1507881600 52104 347596 82775 357534
1507879800 49941 344749 65663 352282
1507878000 41523 343776 52728 353186
1507876200 61333 336927 87065 356575
1507874400 38665 292724 47961 300521
1507872600 38619 271619 48249 281232
1507870800 38471 253387 47935 257377
1507869000 40653 238622 47935 248602
1507867200 38730 207729 48091 221980
1507865400 38647 190944 47558 195967
1507863600 38121 188846 47548 206317
1507861800 38131 204963 47638 243877
1507860000 41330 213447 48379 243877
1507858200 39122 208908 48653 213856
1507856400 38819 245416 48042 379766
1507854600 214587 219492 1090373 242274
1507852800 73651 216915 246287 223698
1507851000 41809 230197 48465 243347
1507849200 38243 286712 47938 463824
1507847400 41067 353362 47938 490151
1507845600 39471 301193 50469 343800
1507843800 45294 354372 67046 373210
1507842000 42818 406096 63158 451226
1507840200 39573 468347 49843 511119
1507838400 40644 537692 49843 568837
1507836600 38143 601574 47790 630902
1507834800 38084 662792 47336 694748
1507833000 38259 677586 47593 696040
1507831200 38497 670078 47629 696040
1507829400 38575 628559 47911 641227
1507827600 40854 621528 47881 637753
1507825800 40307 604353 61307 625744
1507824000 40359 561484 48455 576147
1507822200 83928 535046 295042 554530
1507820400 53599 536885 76398 577557
1507818600 50042 560682 65033 577557
1507816800 48697 525189 71517 536575
1507815000 46203 513869 64776 523876
1507813200 45598 469856 61701 497625
1507811400 58795 461899 79971 470908
1507809600 42021 452306 50432 462365
1507807800 48691 417587 63502 433693
1507806000 43856 412474 61288 433693
1507804200 45770 409595 52796 434992
1507802400 51725 408629 73777 430785
1507800600 73713 400118 139072 429849
1507798800 89501 394174 140372 417697
1507797000 50295 376650 83128 390482
1507795200 52657 361772 83128 390482
1507793400 43837 357398 62896 364146
1507791600 47879 339104 62896 343528
1507789800 50106 309707 54883 332214
1507788000 39662 288171 47846 290445
1507786200 38048 281164 47507 293554
1507784400 39385 252107 49984 259874
1507782600 40020 228214 49984 239259
1507780800 40838 204017 48834 210683
1507779000 38453 191395 47634 196884
1507777200 38561 185401 47810 189137
1507775400 38483 182096 47525 195901
1507773600 40198 186761 47480 199445
1507771800 37851 189156 46935 198201
1507770000 38684 204988 48162 213236
1507768200 201699 217360 1008440 243842
1507766400 88447 225100 336678 233894
1507764600 38265 228755 47271 354630
1507762800 38921 272041 48064 354630
1507761000 38683 274434 48070 297310
1507759200 38961 320658 48001 346852
1507757400 40132 354529 47631 374733
1507755600 38442 393023 47534 436528
1507753800 38433 453063 48042 500217
1507752000 38621 501764 48364 524184
1507750200 41171 600249 51138 681308
1507744800 41196 624640 62331 673044
1507737600 41920 512938 64241 587118
1507730400 44849 441630 66328 473427
1507723200 49504 414434 136517 441565
1507716000 49809 386770 80124 417810
1507708800 47486 352504 78603 389771
1507701600 38880 272822 46555 309776
1507694400 37586 214081 46349 275718
1507687200 81641 206960 1088527 269636
1507680000 47194 260670 262638 313095
1507672800 39301 394640 58575 541316
1507665600 38138 627104 49261 682404
1507658400 44078 604996 92665 677690
1507651200 49269 555253 74841 682381
1507644000 46278 631738 93347 668736
1507636800 46277 553931 78866 606180
1507629600 46017 393166 64712 480888
1507622400 48638 363106 82348 391305
1507615200 37890 276968 46973 344797
1507608000 38221 216047 50879 243192
1507600800 82298 214714 1102081 258012
1507593600 46772 257917 235779 298230
1507586400 39196 412506 49467 510107
1507579200 39637 603253 49782 799677
1507572000 39798 611629 64248 644425
1507564800 41162 531444 61190 570670
1507557600 48825 526091 77568 582904
1507550400 46726 479360 70785 558998
1507543200 41202 393665 52650 444197
1507536000 44094 384304 71048 416499
1507528800 40614 298310 51576 401926
1507521600 40364 192815 50434 229334
1507514400 83849 196487 1134412 228812
1507507200 46131 227387 210025 285665
1507500000 40369 344968 50248 511637
1507492800 39637 607167 50729 680287
1507485600 41378 645836 50501 700368
1507478400 42230 512332 62311 604540
1507471200 44097 468373 77878 517773
1507464000 43630 422496 65661 505362
1507456800 45468 457112 77459 495015
1507449600 43749 399814 62598 468248
1507442400 40276 285863 61936 356706
1507435200 40597 190978 62087 240432
1507428000 84258 199551 1128619 286034
1507420800 46867 290561 214574 368257
1507413600 40227 412902 63201 550385
1507406400 40434 550882 48930 617086
1507399200 40705 545667 62795 578225
1507392000 40828 480153 61991 508026
1507384800 42951 426144 76723 470156
1507377600 41922 429386 60298 467465
1507370400 42842 409486 89218 456022
1507363200 45089 379823 92064 420106
1507356000 42359 244675 52328 333274
1507348800 39867 216268 49907 280249
1507341600 83954 211667 1115106 256345
1507334400 47731 255192 221173 362736
1507327200 41188 427252 50576 524446
1507320000 40724 575340 52770 628388
1507312800 43278 597689 68962 644177
1507305600 46500 498717 118144 602609
1507298400 46786 493148 63242 548215
1507291200 45494 467276 77985 576411
1507284000 49436 402503 95373 452813
1507276800 52506 380388 110688 517465
1507269600 42547 260615 63875 319498
1507262400 41030 237846 52942 295849
1507255200 87516 247871 1154822 486285
1507248000 46277 229617 185267 324674
1507240800 41507 371054 54094 565259
1507233600 41383 591259 52317 664411
1507226400 44563 598115 63406 644472
1507219200 58768 505306 149172 564971
1507212000 50564 514553 79051 620064
1507204800 61786 401396 134110 443065
1507197600 55337 390366 92050 466367
1507190400 52519 402307 86080 481068
1507183200 46760 252503 76796 289998
1507176000 39697 233411 48673 678678
1507168800 87384 193420 1177803 229900
1507161600 46280 228620 171239 273493
1507154400 41508 392416 51370 468788
1507147200 48608 588292 109148 667869
1507140000 50090 612376 79781 675135
1507132800 54628 541403 107587 635945
1507125600 60266 463219 148661 503636
1507118400 46931 404084 76470 429703
1507111200 49603 362769 78138 403873
1507104000 62091 326321 132333 357716
1507096800 48707 229010 89111 291440
1507089600 39721 172612 48387 293019
1507082400 88116 172395 1195334 212640
1507075200 44058 201998 137557 242015
1507068000 39673 334557 48636 453293
1507060800 44933 583872 82035 689488
1507053600 43174 618712 63041 659400
1507046400 49857 506781 108828 558567
1507039200 58981 459273 118251 484705
1507032000 49296 423973 81742 440739
1507024800 49086 380486 71655 406657
1507017600 110592 340999 1306922 382489
1507010400 46239 243180 77384 301615
1507003200 40061 180878 48650 244994
1506996000 91720 172268 1243690 216516
1506988800 42280 204091 109597 287942
1506981600 41121 351694 62129 487740
1506974400 42293 621170 55947 965684
1506967200 42599 629724 64525 682040
1506960000 57415 544219 136193 668989
1506952800 107830 502023 1302607 541091
1506945600 52080 711179 99855 1086850
1506938400 57192 422427 93189 713838
1506931200 91266 413604 202606 798826
1506924000 43163 205953 61374 249363
1506916800 39861 279577 48254 705819
1506909600 89774 170999 1236326 223288
1506902400 43326 196248 116800 281713
1506895200 39783 329152 50011 609124
1506888000 44107 538989 62314 641886
1506880800 44654 565674 65378 615283
1506873600 52645 476515 187041 562791
1506866400 56140 438282 114504 487184
1506859200 55526 419607 117180 632769
1506852000 64224 363550 102303 386783
1506844800 57823 290587 104045 346825
1506837600 44869 193482 51780 233072
1506830400 43737 147933 51801 161555
1506823200 96022 162924 1288982 205475
1506816000 44759 204061 68988 265131
1506808800 38484 362889 62579 469046
1506801600 41078 555367 76135 618115
1506794400 43769 572381 103425 623841
1506787200 42711 495215 76571 599757
1506780000 41116 459310 62061 477485
1506772800 45492 438393 72708 632492
1506765600 46901 429575 89173 464604
1506758400 52648 381356 99679 419275
1506751200 41822 274544 112668 335092
1506744000 36344 158249 44972 179356
1506736800 89333 159854 1298281 199579
1506729600 36473 214371 45175 277415
1506722400 36159 361080 45455 485725
1506715200 38448 553410 60091 614959
1506708000 38257 591404 46667 757191
1506700800 46440 505812 78662 581392
1506693600 45213 443706 65966 486385
1506686400 45567 431036 76186 489995
1506679200 45608 431797 63029 490104
1506672000 81171 404906 281449 809580
1506664800 38978 256756 59728 294601
1506657600 36499 265197 45132 313442
1506650400 85905 214558 1216426 309061
1506643200 41282 271950 130101 359720
1506636000 37491 410988 59119 578721
1506628800 38951 623782 59810 723394
1506621600 43585 692149 77674 867501
1506614400 45240 527830 65822 601166
1506607200 46549 474456 82054 511220
1506600000 43267 444376 60658 547311
1506592800 49252 408167 96977 429587
1506585600 51062 394092 83514 536067
1506578400 39853 300539 59232 363534
1506571200 36832 188836 45529 208328
1506564000 84281 189384 1184668 227536
1506556800 42934 225624 161483 272014
1506549600 37505 356844 45751 489187
1506542400 43031 583811 86832 673812
1506535200 39794 619118 59865 659803
1506528000 40813 475863 60393 559639
1506520800 74689 439923 164207 461671
1506513600 57840 400662 128645 451317
1506506400 43455 414944 62579 436903
1506499200 72504 431361 247312 567027
1506492000 48326 293674 101073 447021
1506484800 37259 250916 45798 428862
1506477600 87571 212476 1256233 438940
1506470400 40066 256882 93795 420378
1506463200 39609 394876 74481 552186
1506456000 55404 648895 129360 722502
1506448800 38537 671487 48242 763516
1506441600 41330 518828 64564 558074
1506434400 45264 464852 77034 490388
1506427200 41292 424212 75149 472113
1506420000 47100 446473 87726 475829
1506412800 74248 437080 198853 519729
1506405600 40631 332486 87804 388152
1506398400 38612 284065 64246 685879
1506391200 88894 222910 1275353 273552
1506384000 38008 281650 55128 362241
1506376800 36846 415746 47707 510919
1506369600 35871 585287 61069 647515
1506362400 39383 602872 73316 670306
1506355200 44219 582898 83640 617545
1506348000 46343 494724 76722 696874
1506340800 47059 421085 73347 512756
1506333600 51557 418651 103989 534625
1506326400 53872 495416 139088 528645
1506319200 36441 327905 45118 439514
1506312000 36267 220188 44934 311332
1506304800 86256 215957 1243720 266973
1506297600 39874 234973 100447 275975
1506290400 36612 429061 58818 615183
1506283200 37476 694372 45571 759512
1506276000 37546 657282 45850 711336
1506268800 38035 533466 49153 605072
1506261600 40606 476270 58968 693154
1506254400 44766 416142 86644 448740
1506247200 45829 433485 67003 491205
1506240000 42809 349214 85915 396546
1506232800 39781 223679 59582 281707
1506225600 36770 166852 45466 186277
1506218400 86700 185429 1242599 233447
1506211200 39145 231457 100213 275640
1506204000 37063 359408 45760 470363
1506196800 37581 542128 59830 601510
1506189600 37746 575602 48422 627038
1506182400 41035 467449 70710 577370
1506175200 40600 420879 62389 438807
1506168000 51225 434447 89714 451617
1506160800 48152 430330 83409 464880
1506153600 43904 349013 74438 391271
1506146400 38934 240788 58359 313182
1506139200 36840 216840 45507 629646
1506132000 89558 207755 1301610 465506
1506124800 36917 250613 45620 608929
1506117600 36755 369529 46772 467837
1506110400 37867 553752 49459 653443
1506103200 37574 529814 46258 578820
1506096000 40586 527439 61638 560635
1506088800 46496 529914 73124 802982
1506081600 43869 444763 75347 486030
1506074400 48730 494140 68429 605008
1506067200 52947 375759 104133 535128
1506060000 37244 289725 47198 321609
1506052800 36903 205312 45739 257422
1506045600 89021 204719 1281101 229743
1506038400 37780 242281 63709 313534
1506031200 37314 389292 46380 520454
1506024000 36495 563653 46733 589913
1506016800 36907 550360 45695 604863
1506009600 48454 448900 146536 488044
1506002400 54571 461332 101019 478921
1505995200 44613 423112 88735 472086
1505988000 46353 411559 98114 455632
1505980800 56552 337951 140270 380438
1505973600 39302 251169 59337 291995
1505966400 36729 181658 45388 208775
1505959200 89552 156026 1297706 206845
1505952000 36917 195526 45559 279842
1505944800 37054 327789 47072 408028
1505937600 38684 511321 63158 592349
1505930400 37118 517918 46953 566621
1505923200 43419 447208 93503 491356
1505916000 47077 420572 88257 447068
1505908800 50580 412494 90488 439426
1505901600 51193 365663 79142 434750
1505894400 59409 332864 125040 358534
1505887200 37905 248657 72898 297551
1505880000 38140 176150 78758 212843
1505872800 90772 173184 1293073 220772
1505865600 36513 214375 45233 272843
1505858400 37246 368989 47195 466267
1505851200 37161 549576 46709 605300
1505844000 37101 674244 46902 794029
1505836800 41796 696907 74066 789407
1505829600 45226 461101 73180 480436
1505822400 42114 427826 63398 451581
1505815200 43524 419638 63222 451261
1505808000 50358 374843 133570 422133
1505800800 38459 271507 72242 318561
1505793600 36602 187769 45212 226944
1505786400 89282 172615 1301001 221320
1505779200 36651 209726 45614 234722
1505772000 37454 354072 59277 516605
1505764800 37286 610874 55961 659356
1505757600 38871 599766 56732 630693
1505750400 42369 518430 61127 552982
1505743200 44333 435820 62486 472058
1505736000 51077 396329 90900 439448
1505728800 53940 355248 89647 389170
1505721600 48233 375945 92520 413332
1505714400 36741 285205 44922 388303
1505707200 36018 191130 44648 223313
1505700000 88740 191786 1305140 233848
1505692800 37441 208045 58490 255540
1505685600 37124 347739 45554 463598
1505678400 36909 554871 54334 607007
1505671200 38283 563512 59109 602936
1505664000 37103 510627 58785 551434
1505656800 37735 480047 58757 516041
1505649600 43197 467673 69278 484131
1505642400 47818 448748 87744 471544
1505635200 39279 374286 72788 416616
1505628000 37675 243761 45829 319021
1505620800 36513 177983 45900 186895
1505613600 89928 166021 1301766 202358
1505606400 37606 205212 49841 249757
1505599200 40672 401285 73436 481475
1505592000 38297 523592 62665 578150
1505584800 41722 510483 52928 545004
1505577600 43628 464153 94996 538229
1505570400 50376 427428 91555 453614
1505563200 44218 410729 65245 442878
1505556000 46460 397845 74872 428503
1505548800 43661 346324 68844 384675
1505541600 38344 255560 46504 306210
1505534400 37641 169371 46316 209891
1505527200 90369 173146 1301849 222243
1505520000 38316 207733 50994 261109
1505512800 38853 365523 54243 494720
1505505600 38160 569885 47645 611760
1505498400 38633 538953 47640 720138
1505491200 45590 605381 79782 721665
1505484000 43006 398935 77610 417928
1505476800 45562 381987 90737 421173
1505469600 49038 391980 90737 674927
1505462400 59206 359119 102616 408880
1505455200 39001 258404 73806 304739
1505448000 37089 198898 45667 222073
1505440800 89621 192759 1293378 251369
1505433600 37162 254446 45821 284888
1505426400 36983 363796 49049 458787
1505419200 37911 565486 49049 630525
1505412000 38696 591269 47744 631426
1505404800 46378 498326 103373 567956
1505397600 47912 449023 100411 473944
1505390400 50535 374032 80479 410894
1505383200 58113 335836 119842 364782
1505376000 50819 300700 100580 321980
1505368800 40888 243707 86366 288188
1505361600 36884 174823 45669 189986
1505354400 89669 181135 1298566 236191
1505347200 36369 214626 45634 321057
1505340000 37109 412275 45767 484980
1505332800 40956 607145 63298 844303
1505325600 46757 647066 72544 1004044
1505318400 48090 470765 100253 582311
1505311200 47337 429652 92805 451622
1505304000 50000 389899 77988 412894
1505296800 55597 370498 91275 398330
1505289600 55612 348747 103540 388563
1505282400 37149 239896 59076 266679
1505275200 35687 174623 45446 209837
1505268000 88812 161940 1292864 197514
1505260800 36976 191647 45693 225134
1505253600 37409 319339 47122 473473
1505246400 38140 534065 48045 574514
1505239200 50701 520946 169594 570520
1505232000 45946 433543 90181 461520
1505224800 60260 414035 93222 426856
1505217600 47222 365338 74619 402364
1505210400 58571 331418 118830 347391
1505203200 50417 362017 103858 407879
1505196000 39973 260170 60881 313007
1505188800 36761 167954 45626 204750
1505181600 89364 165310 1298953 205564
1505174400 36310 202688 47113 275544
1505167200 36861 373219 45571 498442
1505160000 38164 548413 59484 598132
1505152800 37257 547506 45795 583969
1505145600 47284 470161 79828 492447
1505138400 45781 448474 90749 513233
1505131200 37448 412401 73651 450948
1505124000 60146 361075 141281 382508
1505116800 64199 338401 148392 363471
1505109600 39331 243819 60090 303723
1505102400 37291 162200 46993 179968
1505095200 90119 162959 1292039 224102
1505088000 37760 210412 48375 236887
1505080800 38441 335465 48297 457837
1505073600 37615 505099 46797 554428
1505066400 38611 550933 60376 611690
1505059200 39060 476271 59867 503753
1505052000 38262 444223 55990 478143
1505044800 38212 409575 46307 443609
1505037600 41123 388910 61303 401662
1505030400 43433 386711 73338 507610
1505023200 43711 246066 100157 342378
1505016000 38605 162808 59265 197992
1505008800 91113 170494 1300011 221628
1505001600 38827 219634 59741 274482
1504994400 37696 353554 46800 461022
1504987200 37823 514713 46872 559550
1504980000 40262 474206 57606 495428
1504972800 42009 454068 60867 482742
1504965600 48211 417154 105010 440252
1504958400 48156 416569 84142 448943
1504951200 51030 413958 103001 478339
1504944000 52170 364815 98284 428287
1504936800 37844 257650 45815 319277
1504929600 36850 178866 45427 195865
1504922400 89468 180972 1292178 204272
1504915200 37634 229546 47057 304039
1504908000 37482 414931 49344 538855
1504900800 37530 545447 59722 572359
1504893600 37281 515085 45990 552269
1504886400 43408 410252 67114 428554
1504879200 45478 400906 76753 428564
1504872000 27831 368082 88144 411716
1504864800 17206 343148 67042 362092
1504857600 53173 327519 180565 362862
1504850400 41040 248932 73300 289605
1504843200 38129 160768 47439 202802
1504836000 86570 150329 1209725 189725
1504828800 41999 189483 127145 257340
1504821600 38180 322202 47025 401734
1504814400 38545 515081 60919 559605
1504807200 40523 520313 63817 544374
1504800000 46869 455907 64241 506750
1504792800 48440 414221 73569 450782
1504785600 43180 399071 73209 452811
1504778400 49951 353519 84946 521373
1504771200 47040 327924 61459 363762
1504764000 38737 219315 59401 266643
1504756800 37269 140915 46898 175318
1504749600 85221 135182 1205485 176696
1504742400 40667 177286 131584 211118
1504735200 38638 322944 50075 457280
1504728000 38992 561489 47883 626527
1504720800 38133 546115 61988 603700
1504713600 47587 439065 88731 478512
1504706400 48292 412691 84957 442878
1504699200 43626 373043 64497 399819
1504692000 56650 341235 141065 375244
1504684800 52679 309483 80273 332600
1504677600 40053 230013 61223 287687
1504670400 38258 155435 59408 181368
1504663200 86677 152540 1231932 182300
1504656000 40526 185932 112726 261280
1504648800 37754 325630 47144 440013
1504641600 39033 519933 60597 594269
1504634400 38268 505893 47559 563325
1504627200 44166 430163 77216 456269
1504620000 58619 388187 162286 432614
1504612800 41917 327267 62670 354800
1504605600 47723 317708 64474 344672
1504598400 64141 330442 293724 377720
1504591200 63882 238508 92415 273166
1504584000 37499 155943 46036 181466
1504576800 87472 155599 1244361 198364
1504569600 40432 192796 93162 247562
1504562400 39205 318709 61321 417244
1504555200 38150 498577 47075 562176
1504548000 39186 516749 60131 550343
1504540800 43522 467740 69432 492177
1504533600 48154 461894 88054 504431
1504526400 40909 419871 63520 446953
1504519200 49647 420925 86025 623341
1504512000 48284 352914 75107 593991
1504504800 38576 219743 59795 267690
1504497600 37546 153009 46584 173307
1504490400 88903 159425 1267724 207260
1504483200 38736 197403 61591 245736
1504476000 38689 343297 59387 419787
1504468800 38721 515289 60232 569581
1504461600 41037 534262 62566 720300
1504454400 42081 516211 87149 751164
1504447200 45833 442609 79388 481352
1504440000 42838 396731 60538 428120
1504432800 46225 407401 89603 425694
1504425600 44310 349319 75308 408498
1504418400 39558 211747 47170 271844
1504411200 37610 143439 46218 162561
1504404000 89434 148382 1271142 181389
1504396800 39229 177077 62414 239500
1504389600 47684 331446 114051 445679
1504382400 1767220 559986 5027951 660451
1504375200 38519 522529 49552 561385
1504368000 43931 465849 75471 507935
1504360800 45813 472369 77798 715624
1504353600 47686 423246 77798 466599
1504346400 46187 362269 100341 401977
1504339200 51350 335038 87708 369086
1504332000 40416 206897 48457 267676
1504324800 38925 147356 47632 169140
1504317600 38721 145389 47111 157689
1504310400 41207 176270 99622 206477
1504303200 40669 305372 50891 424348
1504296000 40404 479656 51252 512271
1504288800 45550 437974 71318 474802
1504281600 54642 460565 127086 645099
1504274400 49703 462327 74391 690415
1504267200 84940 340377 266055 363766
1504260000 86031 302500 266055 335926
1504252800 62349 269370 118824 300059
1504245600 47788 198490 65553 225795
1504238400 43430 154654 53196 175050
1504231200 44026 150000 51818 183932
1504224000 47389 195436 76405 310617
1504216800 38980 410372 62783 516993
1504209600 38411 601739 67187 685496
1504202400 42001 613281 67187 698669
1504195200 51607 552047 164317 782359
1504188000 44936 500545 82940 712476
1504180800 45173 494044 65948 664330
1504173600 61949 467122 151697 612911
1504166400 62465 395866 152403 426718
1504159200 42006 271822 74809 335293
1504152000 37672 202744 46370 217927
1504144800 38050 204083 47696 226837
1504137600 37340 273933 46535 339772
1504130400 39167 435505 61317 551969
1504123200 38246 656360 61233 701561
1504116000 52083 639874 107029 697504
1504108800 66938 597835 209673 632179
1504101600 53163 584162 119393 614086
1504094400 54383 569140 170970 713870
1504087200 48390 486954 91322 534466
1504080000 57964 405260 150015 447591
1504072800 41060 260859 59385 309308
1504065600 36725 187369 47117 208730
1504058400 36567 193071 45268 208280
1504051200 37388 244290 46547 296031
1504044000 37399 385821 47301 471042
1504036800 38669 549537 60662 617874
1504029600 38696 586199 60980 617631
1504022400 43256 561238 74744 589202
1504015200 49791 606644 125581 758462
1504008000 45753 490441 74489 594506
1504000800 66732 448364 142787 500443
1503993600 53368 390817 100514 428237
1503986400 38083 263838 58626 315153
1503979200 36888 193819 46474 219224
1503972000 36708 188155 46357 200585
1503964800 36700 237230 45311 318617
1503957600 38616 392435 47623 475299
1503950400 37257 568358 58969 629419
1503943200 37429 562382 60313 597468
1503936000 44466 512144 87264 536666
1503928800 43496 526171 87182 540998
1503921600 51578 505003 87182 527199
1503914400 53732 462627 77144 488913
1503907200 51775 377502 89752 422924
1503900000 37972 255734 46976 321686
1503892800 36524 174102 45148 202023
1503885600 36817 180855 45989 219985
1503878400 37188 261096 46201 333305
1503871200 38069 437517 52866 607506
1503864000 38456 649713 48056 712490
1503856800 38850 617542 59815 642377
1503849600 42960 517037 72893 574183
1503842400 54734 485953 100307 515118
1503835200 46899 498781 73007 643195
1503828000 49024 445048 86469 530022
1503820800 44177 360044 72305 390213
1503813600 39158 268738 58845 370927
1503806400 36406 224281 45089 251351
1503799200 36489 219987 45122 230373
1503792000 36808 277885 46423 340976
1503784800 37797 362462 48372 458458
1503777600 39018 543895 60623 616836
1503770400 39836 618767 63013 682285
1503763200 49511 488773 210792 553850
1503756000 52051 498005 121247 557345
1503748800 53056 465772 99338 536062
1503741600 48410 420927 102424 455076
1503734400 50353 349340 86672 403267
1503727200 38704 271511 59269 317437
1503720000 36571 198092 45352 245334
1503712800 36913 201610 46207 241139
1503705600 38129 272562 48628 346822
1503698400 36709 437431 46816 551909
1503691200 37222 593070 46159 635523
1503684000 39371 556142 73718 627294
1503676800 46047 488328 73718 587431
1503669600 52732 492906 120381 610867
1503662400 45684 473192 76389 583604
1503655200 48277 420794 85791 574013
1503648000 46649 394979 76465 465278
1503640800 40422 274903 59910 335490
1503633600 37199 202793 47285 238558
1503626400 36831 197135 45791 232267
1503619200 33577 254774 46318 336273
1503612000 37027 389546 45934 499527
1503604800 39582 595719 61062 656570
1503597600 38866 594459 58305 683438
1503590400 51479 497605 89387 545390
1503583200 70701 486277 166558 525123
1503576000 51948 492660 159529 536750
1503568800 48819 444073 76455 504053
1503561600 59750 388437 109041 417010
1503554400 37944 287373 46290 355001
1503547200 37057 208437 45832 229234
1503540000 37347 204836 46478 214513
1503532800 37425 230732 47251 296791
1503525600 37667 394814 46818 525182
1503518400 37627 629480 46573 681028
1503511200 39616 583118 73230 637467
1503504000 43309 558758 66121 572040
1503496800 46912 516656 96041 544636
1503489600 44274 503522 67422 514999
1503482400 53133 494624 112513 520836
1503475200 58469 458801 107780 522594
1503468000 41128 311678 86609 392432
1503460800 37313 199049 46434 230725
1503453600 89881 199613 1287450 247153
1503446400 38568 251041 60102 328175
1503439200 37584 389730 48903 533081
1503432000 38879 603415 55913 652015
1503424800 55922 428861 1283705 655612
1503360000 45042 403344 1294203 642416
1503273600 46919 397248 1292353 696870
1503187200 47452 349220 1288593 597704
1503100800 40526 365891 1260578 649572
1503014400 25369 397831 1237371 687912
1502928000 44827 381012 1299338 645281
1502841600 47592 383255 1277685 629547
1502755200 59194 401025 1289992 636073
1502668800 45824 354014 1289740 567418
1502582400 52623 350170 1280770 498383
1502496000 50074 373818 1253248 583564
1502409600 139443 741530 12208738 1553145
1502323200 15797 504534 90835 1217893
1502236800 53271 377930 292765 785654
1502150400 74454 384832 224414 613235
1502064000 76045 371839 205594 603091
1501977600 76791 375940 157587 576771
1501891200 55870 396000 143545 553795
1501804800 47215 413512 144931 748329
1501718400 45232 402855 111581 630654
1501632000 60329 369865 477340 565653
1501545600 53579 401399 384689 697490
1501459200 43234 361302 127499 547292
1501372800 45831 369623 121733 570653
1501286400 46996 338231 208651 607246
1501200000 45212 412801 98461 638543
1501113600 43851 410061 87938 670178
1501027200 43657 395611 122167 843625
1500940800 52347 433365 651858 729111
1500854400 51885 333831 196299 553274
1500768000 44351 372191 122636 614483
1500681600 41501 342794 144800 536133
1500595200 42548 372411 137052 569043
1500508800 45962 378703 285053 614439
1500422400 37195 398128 173781 630878
1500336000 45455 404364 177723 651078
1500249600 44075 431367 142611 675350
1500163200 41431 410877 104726 649415
1500076800 87708 391126 3308003 689455
1499990400 35889 412251 78849 666447
1499904000 42972 440593 105178 685995
1499817600 42074 418236 89122 684024
1499731200 41889 398864 128160 709217
1499644800 38870 406173 78516 698215
1499558400 44573 364816 142213 659172
1499472000 49758 394065 118437 718799
1499385600 57137 405732 116284 1382036
1499299200 44957 390831 109782 601523
1499212800 43473 420345 125595 681827
1499126400 45669 366982 133509 649987
1499040000 45334 305069 154439 527773
1498953600 58823 229407 279606 654419
1498867200 43950 327316 141186 562569
1498780800 45094 358433 101449 592812
1498694400 49637 365935 125473 615829
1498608000 49102 387706 150515 614820
1498521600 37307 407343 86515 662455
1498435200 40327 426417 271174 654256
1498348800 39224 418806 89341 637158
1498262400 42665 392933 146609 624243
1498176000 42172 421278 520257 650333
1498089600 40113 406363 104443 692252
1498003200 40767 415909 128724 692390
1497916800 41249 465382 87369 880385
1497830400 44358 433258 146252 671741
1497744000 41230 442006 112628 693463
1497657600 42567 423276 96953 705781
1497571200 43202 441324 98977 778687
1497484800 42514 428990 102441 712877
1497398400 47458 398556 207016 709963
1497312000 41177 398227 115785 587372
1497225600 38363 413045 232636 618190
1497139200 37416 563593 101151 989298
1497052800 43659 408603 142223 816632
1496966400 43159 386257 118486 658316
1496880000 41552 382779 110201 650117
1496793600 39076 413101 80022 731481
1496707200 36570 409636 48934 695802
1496620800 37501 394909 59985 661740
1496534400 40642 369675 165127 645809
1496448000 22755 242212 73069 672322
1496361600 0 0 0 0
1496275200 0 0 0 0
1496188800 0 0 0 0
1496102400 0 0 0 0
1496016000 0 0 0 0
1495929600 48862 0 4685751 0
1495843200 0 0 0 0
1495756800 0 0 0 0
1495670400 0 0 0 0
1495584000 0 0 0 0
1495497600 0 0 0 0
1495411200 0 0 0 0
1495324800 0 0 0 0
1495238400 0 0 0 0
1495152000 0 0 0 0
1495065600 0 0 0 0
1494979200 0 0 0 0
1494892800 0 0 0 0
1494806400 0 0 0 0
1494720000 0 0 0 0
1494633600 0 0 0 0
1494547200 0 0 0 0
1494460800 0 0 0 0
1494374400 0 0 0 0
1494288000 0 0 0 0
1494201600 0 0 0 0
1494115200 0 0 0 0
1494028800 0 0 0 0
1493942400 0 0 0 0
1493856000 0 0 0 0
1493769600 0 0 0 0
1493683200 0 0 0 0
1493596800 0 0 0 0
1493510400 0 0 0 0
1493424000 0 0 0 0
1493337600 0 0 0 0
1493251200 0 0 0 0
1493164800 0 0 0 0
1493078400 0 0 0 0
1492992000 0 0 0 0
1492905600 0 0 0 0
1492819200 0 0 0 0
1492732800 0 0 0 0
1492646400 0 0 0 0
1492560000 0 0 0 0
1492473600 0 0 0 0
1492387200 0 0 0 0
1492300800 0 0 0 0
1492214400 0 0 0 0
1492128000 0 0 0 0
1492041600 0 0 0 0
1491955200 0 0 0 0
1491868800 0 239 262 69386
1491782400 0 0 0 0
1491696000 0 0 0 0
1491609600 0 0 0 0
1491523200 0 0 0 0
1491436800 0 0 0 0
1491350400 0 0 13 6
1491264000 9 6 13 6
1491177600 10 6 11 6
1491091200 11 5 11 8
1491004800 10 6 12 7
1490918400 11 6 11 6
1490832000 11 6 11 6
1490745600 11 6 11 6
1490659200 10 6 11 6
1490572800 11 6 11 6
1490486400 11 6 11 6
1490400000 10 5 11 6
1490313600 11 6 11 6
1490227200 11 6 11 6
1490140800 11 6 11 6
1490054400 11 6 11 6
1489968000 11 6 11 6
1489881600 11 6 11 6
1489795200 10 5 11 8
1489708800 11 5 11 8
1489622400 29 891 89 2748
1489536000 70 12477 176 174003
1489449600 73 6806 1054 304282
1489363200 70 2884 81 5725
1489276800 70 6440 81 154659
1489190400 75 6951 105 156636
1489104000 88 6017 427 161520
1489017600 81 2794 108 3553
1488931200 49784 59641 4772058 4760870
1488844800 81 8863 110 163054
1488758400 80 2826 111 3167
1488672000 80 2812 111 3614
1488585600 10230 10704 261481 260341
1488499200 2932 3667 143367 156257
1488412800 37 46 59 62
1488326400 38 47 47 58
1488240000 62 57 95 69
1488153600 71 62 96 76
1488067200 80 107 1116 6798
1487980800 70 62 95 79
1487894400 71 62 95 78
1487808000 3400 5239 166225 168302
1487721600 12102 13558 181411 167181
1487635200 7794 10843 163406 166463
1487548800 4557 7382 300088 317048
1487462400 7035 9714 155807 157536
1487376000 8258 11202 163063 164939
1487289600 18372 18850 332119 196506
1487203200 14637 19159 164358 315041
1487116800 11727 14492 199178 202063
1487030400 98845 98245 4755785 4745120
1486944000 99551 99921 4719204 4663088
1486857600 101265 102892 4748867 4735797
1486771200 11533 10482 344500 158420
1486684800 19566 18905 173558 158229
1486598400 8227 11161 485258 524870
1486512000 4989 9200 163731 378570
1486425600 13957 16524 488310 511399
1486339200 2722 5405 3228 6127
1486252800 4205 10298 155904 548593
1486166400 30690 29459 323745 907222
1486080000 23284 27297 177628 574962
1485993600 8459 11279 251078 253765
1485907200 13346 16193 236644 234488
1485820800 8333 20444 275365 526788
1485734400 3301 5753 31908 11308
1485648000 7661 10177 163753 166559
1485561600 12207 14898 306750 309388
1485475200 10498 12320 252172 180906
1485388800 5875 12745 164203 565318
1485302400 9709 12379 156084 158326
1485216000 11330 12160 403136 219989
1485129600 3718 6281 156288 157879
1485043200 10711 13242 158927 161311
1484956800 12165 14912 315535 317555
1484870400 16171 23704 164577 836411
1484784000 11735 13967 178752 242197
1484697600 11730 14372 306929 309472
1484611200 9915 12517 323986 326358
1484524800 2906 5500 8125 6226
1484438400 10598 13337 155969 158792
1484352000 8822 11550 164188 165912
1484265600 15345 17803 234873 227824
1484179200 11236 13971 205711 206685
1484092800 19542 22363 316416 318177
1484006400 11558 14632 164877 176670
1483920000 2880 5442 3365 6153
1483833600 2883 5442 3350 6147
1483747200 3184 5722 88834 91367
1483660800 2853 5450 3296 6085
1483574400 2832 5496 4957 7665
1483488000 2829 5536 3309 6385
1483401600 2827 5484 3378 6299
1483315200 3016 5660 34756 35902
1483228800 9462 12066 163244 165903
1483142400 7516 10593 162954 165830
1483056000 22882 25533 240123 240193
1482969600 13503 7972 191135 216173
1482883200 30194 13665 269037 255102
1482796800 19046 21220 266762 269459
1482710400 2818 5483 3015 5668
1482624000 3234 6174 106418 106387
1482537600 6250 8685 157348 210002
1482451200 16426 20090 155527 399802
1482364800 9010 13254 709540 707672
1482278400 13396 17984 436400 519297
1482192000 4041 7975 161538 166091
1482105600 2156 5598 3535 22016
1482019200 6112 9421 162572 159872
1481932800 8343 14775 154095 406764
1481846400 9573 13244 488484 575428
1481760000 8344 12896 155822 312346
1481673600 5376 8674 162249 165796
1481587200 8223 11047 192076 165702
1481500800 3693 7089 433885 445175
1481414400 7768 11672 1101140 1259392
1481328000 5440 8755 162848 160111
1481241600 36688 27081 163650 155863
1481155200 14633 18721 207629 173333
1481068800 6478 10072 157989 161560
1480982400 9964 10432 319064 152561
1480896000 4063 6687 7506 35893
1480809600 6470 8237 155388 157012
1480723200 15082 18974 161125 369033
1480636800 14016 15261 160688 156625
1480550400 11738 13897 165744 215269
1480464000 11592 12803 165688 161448
1480377600 22718 12170 1333561 160678
1480291200 4792 6154 4948 6626
1480204800 4809 6232 4921 6839
1480118400 17190 11908 166639 88379
1480032000 4875 6422 8961 57575
1479945600 4802 6131 9808 7438
1479859200 4968 6743 17472 148164
1479772800 5772 8864 22819 146680
1479686400 4860 6207 4982 6628
1479600000 4879 6228 4947 6696
1479513600 4898 6242 6007 6941
1479427200 12472 13778 157508 156279
1479340800 6640 24571 120442 1397798
1479254400 169375 172746 283417 283810
1479168000 283417 283810 283417 283810
1479081600 283417 283810 283417 283810
1478995200 283417 283810 283417 283810
1478908800 283417 283810 283417 283810
1478822400 283417 283810 283417 283810
1478736000 283417 283810 283417 283810
1478649600 283417 283810 283417 283810
1478563200 283417 283810 283417 283810
1478476800 283417 283810 283417 283810
1478390400 283417 283810 283417 283810
1478304000 283417 283810 283417 283810
1478217600 283417 283810 283417 283810
1478131200 283417 283810 283417 283810
1478044800 283417 283810 283417 283810
1477958400 283417 283810 283417 283810
1477872000 283417 283810 283417 283810
1477785600 283417 283810 283417 283810
1477699200 283417 283810 283417 283810
1477612800 283417 283810 283417 283810
1477526400 283417 283810 283417 283810
1477440000 283417 283810 283417 283810
1477353600 283417 283810 283417 283810
1477267200 283417 283810 283417 283810
1477180800 283417 283810 283417 283810
1477094400 283417 283810 283417 283810
1477008000 283417 283810 283417 283810
1476921600 283417 283810 283417 283810
1476835200 283417 283810 283417 283810
1476748800 283417 283810 283417 283810
1476662400 283417 283810 283417 283810
1476576000 283417 283810 283417 283810
1476489600 283417 283810 283417 283810
1476403200 283417 283810 283417 283810
1476316800 283417 283810 283417 283810
1476230400 283417 283810 283417 283810
1476144000 283417 283810 283417 283810
1476057600 283417 283810 283417 283810
1475971200 283417 283810 283417 283810
1475884800 283417 283810 283417 283810
1475798400 283417 283810 283417 283810
1475712000 283417 283810 283417 283810
1475625600 283417 283810 283417 283810
1475539200 283417 283810 283417 283810
1475452800 283417 283810 283417 283810
1475366400 283417 283810 283417 283810
1475280000 283417 283810 283417 283810
1475193600 283417 283810 283417 283810
1475107200 283417 283810 283417 283810
1475020800 283417 283810 283417 283810
1474934400 283417 283810 283417 283810
1474848000 283417 283810 283417 283810
1474761600 283417 283810 283417 283810
1474675200 283417 283810 283417 283810
1474588800 283417 283810 283417 283810
1474502400 283417 283810 283417 283810
1474416000 283417 283810 283417 283810
1474329600 283417 283810 283417 283810
1474243200 283417 283810 283417 283810
1474156800 283417 283810 283417 283810
1474070400 283417 283810 283417 283810
1473984000 283417 283810 283417 283810
1473897600 283417 283810 283417 283810
1473811200 283417 283810 283417 283810
1473724800 283417 283810 283417 283810
1473638400 283417 283810 283417 283810
1473552000 283417 283810 283417 283810
1473465600 283417 283810 283417 283810
1473379200 283417 283810 283417 283810
1473292800 283417 283810 283417 283810
1473206400 283417 283810 283417 283810
1473120000 283417 283810 283417 283810
1473033600 283417 283810 283417 283810
1472947200 283417 283810 283417 283810
1472860800 283417 283810 283417 283810
1472774400 283417 283810 283417 283810
1472688000 283417 283810 283417 283810
1472601600 283417 283810 283417 283810
1472515200 283417 283810 283417 283810
1472428800 283417 283810 283417 283810
1472342400 283417 283810 283417 283810
1472256000 283417 283810 283417 283810
1472169600 283417 283810 283417 283810
1472083200 283417 283810 283417 283810
1471996800 283417 283810 283417 283810
1471910400 283417 283810 283417 283810
1471824000 283417 283810 283417 283810
1471737600 283417 283810 283417 283810
1471651200 283417 283810 283417 283810
1471564800 283417 283810 283417 283810
1471478400 283417 283810 283417 283810
1471392000 283417 283810 283417 283810
1471305600 283417 283810 283417 283810
1471219200 283417 283810 283417 283810
1471132800 283417 283810 283417 283810
1471046400 283417 283810 283417 283810
1470960000 283417 283810 283417 283810
1470873600 283417 283810 283417 283810
1470787200 283417 283810 283417 283810
1470700800 283417 283810 283417 283810
1470614400 283417 283810 283417 283810
1470528000 283417 283810 283417 283810
1470441600 283417 283810 283417 283810
1470355200 283417 283810 283417 283810
1470268800 283417 283810 283417 283810
1470182400 283417 283810 283417 283810
1470096000 283417 283810 283417 283810
1470009600 283417 283810 283417 283810
1469923200 283417 283810 283417 283810
1469836800 283417 283810 283417 283810
1469750400 283417 283810 283417 283810
1469664000 283417 283810 283417 283810
1469577600 283417 283810 283417 283810
1469491200 283417 283810 283417 283810
1469404800 283417 283810 283417 283810
1469318400 283417 283810 283417 283810
1469232000 283417 283810 283417 283810
1469145600 283417 283810 283417 283810
1469059200 283417 283810 283417 283810
1468972800 283417 283810 283417 283810
1468886400 283417 283810 283417 283810
1468800000 283417 283810 283417 283810
1468713600 283417 283810 283417 283810
1468627200 283417 283810 283417 283810
1468540800 283417 283810 283417 283810
1468454400 283417 283810 283417 283810
1468368000 283417 283810 283417 283810
1468281600 283417 283810 283417 283810
1468195200 283417 283810 283417 283810
1468108800 283417 283810 283417 283810
1468022400 283417 283810 283417 283810
1467936000 283417 283810 283417 283810
1467849600 283417 283810 283417 283810
1467763200 283417 283810 283417 283810
1467676800 283417 283810 283417 283810
1467590400 283417 283810 283417 283810
1467504000 283417 283810 283417 283810
1467417600 283417 283810 283417 283810
1467331200 283417 283810 283417 283810
1467244800 283417 283810 283417 283810
1467158400 283417 283810 283417 283810
1467072000 283417 283810 283417 283810
1466985600 283417 283810 283417 283810
1466899200 283417 283810 283417 283810
1466812800 283417 283810 283417 283810
1466726400 283417 283810 283417 283810
1466640000 283417 283810 283417 283810
1466553600 283417 283810 283417 283810
1466467200 283417 283810 283417 283810
1466380800 283417 283810 283417 283810
1466294400 283417 283810 283417 283810
1466208000 283417 283810 283417 283810
1466121600 283417 283810 283417 283810
1466035200 283417 283810 283417 283810
1465948800 283417 283810 283417 283810
1465862400 283417 283810 283417 283810
1465776000 283417 283810 283417 283810
1465689600 283417 283810 283417 283810
1465603200 283417 283810 283417 283810
1465516800 283417 283810 283417 283810
1465430400 283417 283810 283417 283810
1465344000 283417 283810 283417 283810
1465257600 283417 283810 283417 283810
1465171200 283417 283810 283417 283810
1465084800 283417 283810 283417 283810
1464998400 283417 283810 283417 283810
1464912000 283417 283810 283417 283810
1464825600 283417 283810 283417 283810
1464739200 283417 283810 283417 283810
1464652800 283417 283810 283417 283810
1464566400 283417 283810 283417 283810
1464480000 283417 283810 283417 283810
1464393600 283417 283810 283417 283810
1464307200 283417 283810 283417 283810
1464220800 283417 283810 283417 283810
1464134400 283417 283810 283417 283810
1464048000 283417 283810 283417 283810
1463961600 283417 283810 283417 283810
1463875200 283417 283810 283417 283810
1463788800 283417 283810 283417 283810
1463702400 283417 283810 283417 283810
1463616000 283417 283810 283417 283810
1463529600 283417 283810 283417 283810
1463443200 283417 283810 283417 283810
1463356800 283417 283810 283417 283810
1463270400 283417 283810 283417 283810
1463184000 283417 283810 283417 283810
1463097600 283417 283810 283417 283810
1463011200 283417 283810 283417 283810
1462924800 283417 283810 283417 283810
1462838400 283417 283810 283417 283810
1462752000 283417 283810 283417 283810
1462665600 283417 283810 283417 283810
1462579200 283417 283810 283417 283810
1462492800 283417 283810 283417 283810
1462406400 283417 283810 283417 283810
1462320000 283417 283810 283417 283810
1462233600 283417 283810 283417 283810
1462147200 283417 283810 283417 283810
1462060800 283417 283810 283417 283810
1461974400 283417 283810 283417 283810
1461888000 283417 283810 283417 283810
1461801600 283417 283810 283417 283810
1461715200 283417 283810 283417 283810
1461628800 283417 283810 283417 283810
1461542400 283417 283810 283417 283810
1461456000 283417 283810 283417 283810
1461369600 283417 283810 283417 283810
1461283200 283417 283810 283417 283810
1461196800 283417 283810 283417 283810
1461110400 283417 283810 283417 283810
1461024000 283417 283810 283417 283810
1460937600 283417 283810 283417 283810
1460851200 283417 283810 283417 283810
1460764800 283417 283810 283417 283810
1460678400 283417 283810 283417 283810
1460592000 283417 283810 283417 283810
1460505600 283417 283810 283417 283810
1460419200 283417 283810 283417 283810
1460332800 283417 283810 283417 283810
1460246400 283417 283810 283417 283810
1460160000 283417 283810 283417 283810
1460073600 283356 283703 284397 284810
1459987200 281740 281362 295284 286173
1459900800 279606 279603 284286 284745
1459814400 279244 280218 285174 366753
1459728000 279311 279803 283606 303014
1459641600 280955 280761 433534 431968
1459555200 277560 279630 284170 398332
1459468800 281463 281655 434239 433460
1459382400 281088 280990 416637 413419
1459296000 285178 286711 441332 560192
1459209600 269348 269659 435279 434094
1459123200 320586 320412 4563559 4563429
1459036800 281492 281164 444023 441378
1458950400 282326 284375 447038 450910
1458864000 286343 285589 445590 438279
1458777600 284554 286483 523087 566897
1458691200 282901 282363 444347 444126
1458604800 283306 282375 562092 556065
1458518400 280432 279671 283073 281889
1458432000 284743 284020 453757 451343
1458345600 285561 285952 443106 438157
1458259200 284762 297842 452567 566232
1458172800 282247 283018 423973 519588
1458086400 280500 280415 346550 346381
1458000000 258225 203543 352758 556905
1457913600 196002 2385 199307 2813
1457827200 211366 47457 362421 280867
1457740800 283442 286815 436446 558529
1457654400 283790 283633 542279 537906
1457568000 289721 289639 592026 590263
1457481600 279849 279786 281084 280795
1457395200 279875 279779 281054 280790
1457308800 279945 279767 281410 280797
1457222400 321267 321144 12212670 12214474
1457136000 280649 280514 342198 342489
1457049600 279975 279890 281383 300110
1456963200 281213 281929 428484 429469
1456876800 281353 281744 443051 442027
1456790400 556899 557185 972612 985751
1456704000 967928 967584 985909 971100
1456617600 968064 967815 972187 971318
1456531200 968171 967967 1028471 1028443
1456444800 968472 968462 1216185 1213925
1456358400 969288 969207 1131074 1130030
1456272000 968608 968326 1070593 1069563
1456185600 967786 967610 971893 971941
1456099200 968232 967862 973732 971144
1456012800 977294 977407 1123223 1121655
1455926400 962424 962388 1123589 1116964
1455840000 974459 977516 1131268 1245942
1455753600 970281 970239 1126436 1124837
1455667200 968768 968564 1112940 1106990
1455580800 974898 976745 1131044 1246533
1455494400 967903 967718 971820 971183
1455408000 975132 974850 1135267 1133195
1455321600 971451 972973 1135219 1245470
1455235200 967723 967687 971509 972145
1455148800 919725 919984 1131281 1129148
1455062400 968681 968962 1083502 1087544
1454976000 972754 984531 1140910 1402192
1454889600 967587 967688 972275 983154
1454803200 976721 977896 1171639 1291484
1454716800 957034 961579 1135441 1247328
1454630400 769956 769569 1013764 978169
1454544000 970412 970360 1122688 1120407
1454457600 979122 979212 1186955 1180806
1454371200 970689 970624 1126538 1124902
1454284800 967793 967543 973247 972045
1454198400 967763 967557 971467 970869
1454112000 967730 967582 971261 971007
1454025600 968660 968482 1096377 1094236
1453939200 480120 480559 1003417 1024071
1453852800 0 0 0 0
1453766400 40 0 806 0
1453680000 81 0 85 0
1453593600 395200 395079 1134953 1133071
1453507200 970433 970428 1134644 1127556
1453420800 967317 967493 971090 977648
1453334400 968242 967995 1127821 1098461
1453248000 974523 974671 1169176 1168797
1453161600 969400 969435 1080899 1076359
1453075200 967501 967424 1017553 1012366
1452988800 893700 968628 1125881 1118490
1452902400 971142 969660 1135220 1128394
1452816000 968090 963792 1144893 1133574
1452729600 978400 972763 1154388 1153267
1452643200 800297 801197 990392 996409
1452556800 620691 620137 636360 622670
1452470400 619662 619869 622261 622063
1452384000 619730 619870 638209 622032
1452297600 619661 619858 622507 622054
1452211200 619664 619859 622264 622065
1452124800 619651 619809 622166 622083
1452038400 619518 619704 622366 622084
1451952000 619617 619768 621833 622037
1451865600 619626 619884 622075 622029
1451779200 619646 619917 621807 622047
1451692800 619604 619885 621843 622118
1451606400 281606 281898 621734 622052
1451520000 0 0 0 0
1451433600 0 0 0 0
1451347200 0 0 0 0
1451260800 0 0 0 0
1451174400 0 0 0 0
1451088000 0 0 7 6
1451001600 7 21 1045 2642
1450915200 0 0 0 0
1450828800 0 0 0 0
1450742400 0 0 0 0
1450656000 0 0 0 0
1450569600 0 0 0 0
1450483200 0 0 0 0
1450396800 0 0 0 0
1450310400 0 0 0 0
1450224000 0 0 0 0
1450137600 0 0 0 0
1450051200 0 0 0 0
1449964800 0 0 0 0
1449878400 0 0 0 0
1449792000 0 0 0 0
1449705600 0 0 0 0
1449619200 0 0 0 0
1449532800 0 0 0 0
1449446400 0 0 0 0
1449360000 0 0 0 0
1449273600 0 0 0 0
1449187200 0 0 0 0
1449100800 0 0 0 0
1449014400 0 0 0 0
1448928000 0 0 0 0
1448841600 0 0 0 0
1448755200 0 0 0 0
1448668800 49709 49727 1787973 1787532
1448582400 11 194 29 809
1448496000 13 89 37 816
1448409600 10 128 51 844
1448323200 8 287 22 1154
1448236800 8 162 41 844
1448150400 0 56 19 119
1448064000 36057 338405 485888 6885606
1447977600 93005 1043853 1232912 12186260
1447891200 64593 710308 1611906 3964326
1447804800 77148 973923 441531 6613086
1447718400 87184 1078591 609502 5359831
1447632000 85238 897863 1907911 2534299
1447545600 83998 839045 1256094 2326927
1447459200 89926 815254 400742 2732541
1447372800 184014 1409823 1210901 5057974
1447286400 183404 1440043 1298649 9207735
1447200000 170306 1349701 1523478 4376676
1447113600 273443 1732351 2427650 4327634
1447027200 221752 1719756 3610090 4355139
1446940800 241912 1803570 1904192 11906280
1446854400 165169 1623131 2114564 3924258
1446768000 198763 2049160 2353622 4450621
1446681600 235552 2394361 1942591 12158159
1446595200 278107 2062647 1887016 3979360
1446508800 323561 2076811 2514722 4628794
1446422400 217251 1479227 3614943 3829036
1446336000 116805 796028 804966 6978725
1446249600 79836 709512 285540 3855598
1446163200 95192 609720 1052973 5914577
1446076800 67495 638366 250080 6228026
1445990400 82679 610892 1052204 3571078
1445904000 102480 484269 1654636 8200367
1445817600 30918 457439 227323 1452137
1445731200 48265 757159 243803 10124624
1445644800 59291 615724 207995 7545104
1445558400 102437 540125 1575769 5014341
1445472000 95239 660751 1900380 4552395
1445385600 72470 776628 643239 9844628
1445299200 68390 574885 230604 2949670
1445212800 77674 862661 277839 3424386
1445126400 73238 836846 340370 2751578
1445040000 60967 709043 330133 2909545
1444953600 78650 807989 308555 2629832
1444867200 88053 836579 504557 3072033
1444780800 108006 1322542 835077 11397647
1444694400 116109 1400262 708755 11010401
1444608000 95378 1742333 662578 6985042
1444521600 135543 1850846 732074 4966980
1444435200 186311 1720256 2137077 4722791
1444348800 108779 1392666 1128365 4613374
1444262400 135865 1631484 1395702 6969104
1444176000 82866 1111512 797568 4897128
1444089600 0 0 0 0
1444003200 0 0 0 0
1443916800 0 0 0 0
1443830400 0 0 0 0
1443744000 0 0 0 0
1443657600 0 0 0 0
1443571200 0 0 0 0
1443484800 0 0 0 0
1443398400 0 0 0 0
1443312000 0 0 0 0
1443225600 0 0 0 0
1443139200 0 0 0 0
1443052800 0 0 0 0
1442966400 0 0 0 0
1442880000 0 0 0 0
1442793600 0 0 0 0
1442707200 0 0 0 0
1442620800 0 0 0 0
1442534400 0 0 0 0
1442448000 0 0 0 0
1442361600 0 0 0 0
1442275200 0 0 0 0
1442188800 0 0 0 0
1442102400 0 0 0 0
1442016000 0 0 0 0
1441929600 0 0 0 0
1441843200 0 0 0 0
1441756800 0 0 0 0
1441670400 0 0 0 0
1441584000 0 0 0 0
1441497600 0 0 0 0
1441411200 0 0 0 0
1441324800 0 0 0 0
1441238400 0 0 0 0
1441152000 0 0 0 0
1441065600 0 0 0 0
1440979200 0 0 0 0
1440892800 0 0 0 0
1440806400 0 0 0 0
1440720000 0 0 0 0
1440633600 0 0 0 0
1440547200 0 0 0 0
1440460800 0 0 0 0
1440374400 0 0 0 0
1440288000 0 0 0 0
1440201600 0 0 0 0
