1444048801 3147546588 3035061505
1444048801 5132 51713 5132 51713
1444048561 189236 56098 189236 56098
1444048500 188793 56018 189236 56098
1444048200 55585 33205 188149 64175
1444047900 0 0 0 0
1444047600 0 0 0 0
1444047300 0 0 0 0
1444047000 0 0 0 0
1444046700 0 0 0 0
1444046400 0 0 0 0
1444046100 0 0 0 0
1444045800 0 0 0 0
1444045500 0 0 0 0
1444045200 0 0 0 0
1444044900 0 0 0 0
1444044600 0 0 0 0
1444044300 0 0 0 0
1444044000 0 0 0 0
1444043700 0 0 0 0
1444043400 0 0 0 0
1444043100 0 0 0 0
1444042800 0 0 0 0
1444042500 0 0 0 0
1444042200 0 0 0 0
1444041900 0 0 0 0
1444041600 0 0 0 0
1444041300 0 0 0 0
1444041000 0 0 0 0
1444040700 0 0 0 0
1444040400 0 0 0 0
1444040100 0 0 0 0
1444039800 0 0 0 0
1444039500 0 0 0 0
1444039200 0 0 0 0
1444038900 0 0 0 0
1444038600 0 0 0 0
1444038300 0 0 0 0
1444038000 0 0 0 0
1444037700 0 0 0 0
1444037400 0 0 0 0
1444037100 0 0 0 0
1444036800 0 0 0 0
1444036500 0 0 0 0
1444036200 0 0 0 0
1444035900 0 0 0 0
1444035600 0 0 0 0
1444035300 0 0 0 0
1444035000 0 0 0 0
1444034700 0 0 0 0
1444034400 0 0 0 0
1444034100 0 0 0 0
1444033800 0 0 0 0
1444033500 0 0 0 0
1444033200 0 0 0 0
1444032900 0 0 0 0
1444032600 0 0 0 0
1444032300 0 0 0 0
1444032000 0 0 0 0
1444031700 0 0 0 0
1444031400 0 0 0 0
1444031100 0 0 0 0
1444030800 0 0 0 0
1444030500 0 0 0 0
1444030200 0 0 0 0
1444029900 0 0 0 0
1444029600 0 0 0 0
1444029300 0 0 0 0
1444029000 0 0 0 0
1444028700 0 0 0 0
1444028400 0 0 0 0
1444028100 0 0 0 0
1444027800 0 0 0 0
1444027500 0 0 0 0
1444027200 0 0 0 0
1444026900 0 0 0 0
1444026600 0 0 0 0
1444026300 0 0 0 0
1444026000 0 0 0 0
1444025700 0 0 0 0
1444025400 0 0 0 0
1444025100 0 0 0 0
1444024800 0 0 0 0
1444024500 0 0 0 0
1444024200 0 0 0 0
1444023900 0 0 0 0
1444023600 0 0 0 0
1444023300 0 0 0 0
1444023000 0 0 0 0
1444022700 0 0 0 0
1444022400 0 0 0 0
1444022100 0 0 0 0
1444021800 0 0 0 0
1444021500 0 0 0 0
1444021200 0 0 0 0
1444020900 0 0 0 0
1444020600 0 0 0 0
1444020300 0 0 0 0
1444020000 0 0 0 0
1444019700 0 0 0 0
1444019400 0 0 0 0
1444019100 0 0 0 0
1444018800 0 0 0 0
1444018500 0 0 0 0
1444018200 0 0 0 0
1444017900 0 0 0 0
1444017600 0 0 0 0
1444017300 0 0 0 0
1444017000 0 0 0 0
1444016700 0 0 0 0
1444016400 0 0 0 0
1444016100 0 0 0 0
1444015800 0 0 0 0
1444015500 0 0 0 0
1444015200 0 0 0 0
1444014900 0 0 0 0
1444014600 0 0 0 0
1444014300 0 0 0 0
1444014000 0 0 0 0
1444013700 0 0 0 0
1444013400 0 0 0 0
1444013100 0 0 0 0
1444012800 0 0 0 0
1444012500 0 0 0 0
1444012200 0 0 0 0
1444011900 0 0 0 0
1444011600 0 0 0 0
1444011300 0 0 0 0
1444011000 0 0 0 0
1444010700 0 0 0 0
1444010400 0 0 0 0
1444010100 0 0 0 0
1444009800 0 0 0 0
1444009500 0 0 0 0
1444009200 0 0 0 0
1444008900 0 0 0 0
1444008600 0 0 0 0
1444008300 0 0 0 0
1444008000 0 0 0 0
1444007700 0 0 0 0
1444007400 0 0 0 0
1444007100 0 0 0 0
1444006800 0 0 0 0
1444006500 0 0 0 0
1444006200 0 0 0 0
1444005900 0 0 0 0
1444005600 0 0 0 0
1444005300 0 0 0 0
1444005000 0 0 0 0
1444004700 0 0 0 0
1444004400 0 0 0 0
1444004100 0 0 0 0
1444003800 0 0 0 0
1444003500 0 0 0 0
1444003200 0 0 0 0
1444002900 0 0 0 0
1444002600 0 0 0 0
1444002300 0 0 0 0
1444002000 0 0 0 0
1444001700 0 0 0 0
1444001400 0 0 0 0
1444001100 0 0 0 0
1444000800 0 0 0 0
1444000500 0 0 0 0
1444000200 0 0 0 0
1443999900 0 0 0 0
1443999600 0 0 0 0
1443999300 0 0 0 0
1443999000 0 0 0 0
1443998700 0 0 0 0
1443998400 0 0 0 0
1443998100 0 0 0 0
1443997800 0 0 0 0
1443997500 0 0 0 0
1443997200 0 0 0 0
1443996900 0 0 0 0
1443996600 0 0 0 0
1443996300 0 0 0 0
1443996000 0 0 0 0
1443995700 0 0 0 0
1443995400 0 0 0 0
1443995100 0 0 0 0
1443994800 0 0 0 0
1443994500 0 0 0 0
1443994200 0 0 0 0
1443993900 0 0 0 0
1443993600 0 0 0 0
1443993300 0 0 0 0
1443993000 0 0 0 0
1443992700 0 0 0 0
1443992400 0 0 0 0
1443992100 0 0 0 0
1443991800 0 0 0 0
1443991500 0 0 0 0
1443991200 0 0 0 0
1443990900 0 0 0 0
1443990600 0 0 0 0
1443990300 0 0 0 0
1443990000 0 0 0 0
1443989700 0 0 0 0
1443989400 0 0 0 0
1443989100 0 0 0 0
1443988800 0 0 0 0
1443988500 0 0 0 0
1443988200 0 0 0 0
1443987900 0 0 0 0
1443987600 0 0 0 0
1443987300 0 0 0 0
1443987000 0 0 0 0
1443986700 0 0 0 0
1443986400 0 0 0 0
1443986100 0 0 0 0
1443985800 0 0 0 0
1443985500 0 0 0 0
1443985200 0 0 0 0
1443984900 0 0 0 0
1443984600 0 0 0 0
1443984300 0 0 0 0
1443984000 0 0 0 0
1443983700 0 0 0 0
1443983400 0 0 0 0
1443983100 0 0 0 0
1443982800 0 0 0 0
1443982500 0 0 0 0
1443982200 0 0 0 0
1443981900 0 0 0 0
1443981600 0 0 0 0
1443981300 0 0 0 0
1443981000 0 0 0 0
1443980700 0 0 0 0
1443980400 0 0 0 0
1443980100 0 0 0 0
1443979800 0 0 0 0
1443979500 0 0 0 0
1443979200 0 0 0 0
1443978900 0 0 0 0
1443978600 0 0 0 0
1443978300 0 0 0 0
1443978000 0 0 0 0
1443977700 0 0 0 0
1443977400 0 0 0 0
1443977100 0 0 0 0
1443976800 0 0 0 0
1443976500 0 0 0 0
1443976200 0 0 0 0
1443975900 0 0 0 0
1443975600 0 0 0 0
1443975300 0 0 0 0
1443975000 0 0 0 0
1443974700 0 0 0 0
1443974400 0 0 0 0
1443974100 0 0 0 0
1443973800 0 0 0 0
1443973500 0 0 0 0
1443973200 0 0 0 0
1443972900 0 0 0 0
1443972600 0 0 0 0
1443972300 0 0 0 0
1443972000 0 0 0 0
1443971700 0 0 0 0
1443971400 0 0 0 0
1443971100 0 0 0 0
1443970800 0 0 0 0
1443970500 0 0 0 0
1443970200 0 0 0 0
1443969900 0 0 0 0
1443969600 0 0 0 0
1443969300 0 0 0 0
1443969000 0 0 0 0
1443968700 0 0 0 0
1443968400 0 0 0 0
1443968100 0 0 0 0
1443967800 0 0 0 0
1443967500 0 0 0 0
1443967200 0 0 0 0
1443966900 0 0 0 0
1443966600 0 0 0 0
1443966300 0 0 0 0
1443966000 0 0 0 0
1443965700 0 0 0 0
1443965400 0 0 0 0
1443965100 0 0 0 0
1443964800 0 0 0 0
1443964500 0 0 0 0
1443964200 0 0 0 0
1443963900 0 0 0 0
1443963600 0 0 0 0
1443963300 0 0 0 0
1443963000 0 0 0 0
1443962700 0 0 0 0
1443962400 0 0 0 0
1443962100 0 0 0 0
1443961800 0 0 0 0
1443961500 0 0 0 0
1443961200 0 0 0 0
1443960900 0 0 0 0
1443960600 0 0 0 0
1443960300 0 0 0 0
1443960000 0 0 0 0
1443959700 0 0 0 0
1443959400 0 0 0 0
1443959100 0 0 0 0
1443958800 0 0 0 0
1443958500 0 0 0 0
1443958200 0 0 0 0
1443957900 0 0 0 0
1443957600 0 0 0 0
1443957300 0 0 0 0
1443957000 0 0 0 0
1443956700 0 0 0 0
1443956400 0 0 0 0
1443956100 0 0 0 0
1443955800 0 0 0 0
1443955500 0 0 0 0
1443955200 0 0 0 0
1443954900 0 0 0 0
1443954600 0 0 0 0
1443954300 0 0 0 0
1443954000 0 0 0 0
1443953700 0 0 0 0
1443953400 0 0 0 0
1443953100 0 0 0 0
1443952800 0 0 0 0
1443952500 0 0 0 0
1443952200 0 0 0 0
1443951900 0 0 0 0
1443951600 0 0 0 0
1443951300 0 0 0 0
1443951000 0 0 0 0
1443950700 0 0 0 0
1443950400 0 0 0 0
1443950100 0 0 0 0
1443949800 0 0 0 0
1443949500 0 0 0 0
1443949200 0 0 0 0
1443948900 0 0 0 0
1443948600 0 0 0 0
1443948300 0 0 0 0
1443948000 0 0 0 0
1443947700 0 0 0 0
1443947400 0 0 0 0
1443947100 0 0 0 0
1443946800 0 0 0 0
1443946500 0 0 0 0
1443946200 0 0 0 0
1443945900 0 0 0 0
1443945600 0 0 0 0
1443945300 0 0 0 0
1443945000 0 0 0 0
1443944700 0 0 0 0
1443944400 0 0 0 0
1443944100 0 0 0 0
1443943800 0 0 0 0
1443943500 0 0 0 0
1443943200 0 0 0 0
1443942900 0 0 0 0
1443942600 0 0 0 0
1443942300 0 0 0 0
1443942000 0 0 0 0
1443941700 0 0 0 0
1443941400 0 0 0 0
1443941100 0 0 0 0
1443940800 0 0 0 0
1443940500 0 0 0 0
1443940200 0 0 0 0
1443939900 0 0 0 0
1443939600 0 0 0 0
1443939300 0 0 0 0
1443939000 0 0 0 0
1443938700 0 0 0 0
1443938400 0 0 0 0
1443938100 0 0 0 0
1443937800 0 0 0 0
1443937500 0 0 0 0
1443937200 0 0 0 0
1443936900 0 0 0 0
1443936600 0 0 0 0
1443936300 0 0 0 0
1443936000 0 0 0 0
1443935700 0 0 0 0
1443935400 0 0 0 0
1443935100 0 0 0 0
1443934800 0 0 0 0
1443934500 0 0 0 0
1443934200 0 0 0 0
1443933900 0 0 0 0
1443933600 0 0 0 0
1443933300 0 0 0 0
1443933000 0 0 0 0
1443932700 0 0 0 0
1443932400 0 0 0 0
1443932100 0 0 0 0
1443931800 0 0 0 0
1443931500 0 0 0 0
1443931200 0 0 0 0
1443930900 0 0 0 0
1443930600 0 0 0 0
1443930300 0 0 0 0
1443930000 0 0 0 0
1443929700 0 0 0 0
1443929400 0 0 0 0
1443929100 0 0 0 0
1443928800 0 0 0 0
1443928500 0 0 0 0
1443928200 0 0 0 0
1443927900 0 0 0 0
1443927600 0 0 0 0
1443927300 0 0 0 0
1443927000 0 0 0 0
1443926700 0 0 0 0
1443926400 0 0 0 0
1443926100 0 0 0 0
1443925800 0 0 0 0
1443925500 0 0 0 0
1443925200 0 0 0 0
1443924900 0 0 0 0
1443924600 0 0 0 0
1443924300 0 0 0 0
1443924000 0 0 0 0
1443923700 0 0 0 0
1443923400 0 0 0 0
1443923100 0 0 0 0
1443922800 0 0 0 0
1443922500 0 0 0 0
1443922200 0 0 0 0
1443921900 0 0 0 0
1443921600 0 0 0 0
1443921300 0 0 0 0
1443921000 0 0 0 0
1443920700 0 0 0 0
1443920400 0 0 0 0
1443920100 0 0 0 0
1443919800 0 0 0 0
1443919500 0 0 0 0
1443919200 0 0 0 0
1443918900 0 0 0 0
1443918600 0 0 0 0
1443918300 0 0 0 0
1443918000 0 0 0 0
1443917700 0 0 0 0
1443917400 0 0 0 0
1443917100 0 0 0 0
1443916800 0 0 0 0
1443916500 0 0 0 0
1443916200 0 0 0 0
1443915900 0 0 0 0
1443915600 0 0 0 0
1443915300 0 0 0 0
1443915000 0 0 0 0
1443914700 0 0 0 0
1443914400 0 0 0 0
1443914100 0 0 0 0
1443913800 0 0 0 0
1443913500 0 0 0 0
1443913200 0 0 0 0
1443912900 0 0 0 0
1443912600 0 0 0 0
1443912300 0 0 0 0
1443912000 0 0 0 0
1443911700 0 0 0 0
1443911400 0 0 0 0
1443911100 0 0 0 0
1443910800 0 0 0 0
1443910500 0 0 0 0
1443910200 0 0 0 0
1443909900 0 0 0 0
1443909600 0 0 0 0
1443909300 0 0 0 0
1443909000 0 0 0 0
1443908700 0 0 0 0
1443908400 0 0 0 0
1443908100 0 0 0 0
1443907800 0 0 0 0
1443907500 0 0 0 0
1443907200 0 0 0 0
1443906900 0 0 0 0
1443906600 0 0 0 0
1443906300 0 0 0 0
1443906000 0 0 0 0
1443905700 0 0 0 0
1443905400 0 0 0 0
1443905100 0 0 0 0
1443904800 0 0 0 0
1443904500 0 0 0 0
1443904200 0 0 0 0
1443903900 0 0 0 0
1443903600 0 0 0 0
1443903300 0 0 0 0
1443903000 0 0 0 0
1443902700 0 0 0 0
1443902400 0 0 0 0
1443902100 0 0 0 0
1443901800 0 0 0 0
1443901500 0 0 0 0
1443901200 0 0 0 0
1443900900 0 0 0 0
1443900600 0 0 0 0
1443900300 0 0 0 0
1443900000 0 0 0 0
1443899700 0 0 0 0
1443899400 0 0 0 0
1443899100 0 0 0 0
1443898800 0 0 0 0
1443898500 0 0 0 0
1443898200 0 0 0 0
1443897900 0 0 0 0
1443897600 0 0 0 0
1443897300 0 0 0 0
1443897000 0 0 0 0
1443896700 0 0 0 0
1443896400 0 0 0 0
1443896100 0 0 0 0
1443895800 0 0 0 0
1443895500 0 0 0 0
1443895200 0 0 0 0
1443894900 0 0 0 0
1443894600 0 0 0 0
1443894300 0 0 0 0
1443894000 0 0 0 0
1443893700 0 0 0 0
1443893400 0 0 0 0
1443893100 0 0 0 0
1443892800 0 0 0 0
1443892500 0 0 0 0
1443892200 0 0 0 0
1443891900 0 0 0 0
1443891600 0 0 0 0
1443891300 0 0 0 0
1443891000 0 0 0 0
1443890700 0 0 0 0
1443890400 0 0 0 0
1443890100 0 0 0 0
1443889800 0 0 0 0
1443889500 0 0 0 0
1443889200 0 0 0 0
1443888900 0 0 0 0
1443888600 0 0 0 0
1443888300 0 0 0 0
1443888000 0 0 0 0
1443887700 0 0 0 0
1443887400 0 0 0 0
1443887100 0 0 0 0
1443886800 0 0 0 0
1443886500 0 0 0 0
1443886200 0 0 0 0
1443885900 0 0 0 0
1443885600 0 0 0 0
1443885300 0 0 0 0
1443885000 0 0 0 0
1443884700 0 0 0 0
1443884400 0 0 0 0
1443884100 0 0 0 0
1443883800 0 0 0 0
1443883500 0 0 0 0
1443883200 0 0 0 0
1443882900 0 0 0 0
1443882600 0 0 0 0
1443882300 0 0 0 0
1443882000 0 0 0 0
1443881700 0 0 0 0
1443881400 0 0 0 0
1443881100 0 0 0 0
1443880800 0 0 0 0
1443880500 0 0 0 0
1443880200 0 0 0 0
1443879900 0 0 0 0
1443879600 0 0 0 0
1443879300 0 0 0 0
1443879000 0 0 0 0
1443878700 0 0 0 0
1443878400 0 0 0 0
1443878100 0 0 0 0
1443877800 0 0 0 0
1443877500 0 0 0 0
1443877200 0 0 0 0
1443876900 0 0 0 0
1443876600 0 0 0 0
1443876300 0 0 0 0
1443876000 0 0 0 0
1443875700 0 0 0 0
1443875400 0 0 0 0
1443875100 0 0 0 0
1443874800 0 0 0 0
1443874500 0 0 0 0
1443874200 0 0 0 0
1443873900 0 0 0 0
1443873600 0 0 0 0
1443873300 0 0 0 0
1443873000 0 0 0 0
1443872700 0 0 0 0
1443872400 0 0 0 0
1443872100 0 0 0 0
1443871800 0 0 0 0
1443871500 0 0 0 0
1443871200 0 0 0 0
1443870900 0 0 0 0
1443870600 0 0 0 0
1443870300 0 0 0 0
1443870000 0 0 0 0
1443869700 0 0 0 0
1443869400 0 0 0 0
1443869100 0 0 0 0
1443868800 0 0 0 0
1443868200 0 0 0 0
1443866400 0 0 0 0
1443864600 0 0 0 0
1443862800 0 0 0 0
1443861000 0 0 0 0
1443859200 0 0 0 0
1443857400 0 0 0 0
1443855600 0 0 0 0
1443853800 0 0 0 0
1443852000 0 0 0 0
1443850200 0 0 0 0
1443848400 0 0 0 0
1443846600 0 0 0 0
1443844800 0 0 0 0
1443843000 0 0 0 0
1443841200 0 0 0 0
1443839400 0 0 0 0
1443837600 0 0 0 0
1443835800 0 0 0 0
1443834000 0 0 0 0
1443832200 0 0 0 0
1443830400 0 0 0 0
1443828600 0 0 0 0
1443826800 0 0 0 0
1443825000 0 0 0 0
1443823200 0 0 0 0
1443821400 0 0 0 0
1443819600 0 0 0 0
1443817800 0 0 0 0
1443816000 0 0 0 0
1443814200 0 0 0 0
1443812400 0 0 0 0
1443810600 0 0 0 0
1443808800 0 0 0 0
1443807000 0 0 0 0
1443805200 0 0 0 0
1443803400 0 0 0 0
1443801600 0 0 0 0
1443799800 0 0 0 0
1443798000 0 0 0 0
1443796200 0 0 0 0
1443794400 0 0 0 0
1443792600 0 0 0 0
1443790800 0 0 0 0
1443789000 0 0 0 0
1443787200 0 0 0 0
1443785400 0 0 0 0
1443783600 0 0 0 0
1443781800 0 0 0 0
1443780000 0 0 0 0
1443778200 0 0 0 0
1443776400 0 0 0 0
1443774600 0 0 0 0
1443772800 0 0 0 0
1443771000 0 0 0 0
1443769200 0 0 0 0
1443767400 0 0 0 0
1443765600 0 0 0 0
1443763800 0 0 0 0
1443762000 0 0 0 0
1443760200 0 0 0 0
1443758400 0 0 0 0
1443756600 0 0 0 0
1443754800 0 0 0 0
1443753000 0 0 0 0
1443751200 0 0 0 0
1443749400 0 0 0 0
1443747600 0 0 0 0
1443745800 0 0 0 0
1443744000 0 0 0 0
1443742200 0 0 0 0
1443740400 0 0 0 0
1443738600 0 0 0 0
1443736800 0 0 0 0
1443735000 0 0 0 0
1443733200 0 0 0 0
1443731400 0 0 0 0
1443729600 0 0 0 0
1443727800 0 0 0 0
1443726000 0 0 0 0
1443724200 0 0 0 0
1443722400 0 0 0 0
1443720600 0 0 0 0
1443718800 0 0 0 0
1443717000 0 0 0 0
1443715200 0 0 0 0
1443713400 0 0 0 0
1443711600 0 0 0 0
1443709800 0 0 0 0
1443708000 0 0 0 0
1443706200 0 0 0 0
1443704400 0 0 0 0
1443702600 0 0 0 0
1443700800 0 0 0 0
1443699000 0 0 0 0
1443697200 0 0 0 0
1443695400 0 0 0 0
1443693600 0 0 0 0
1443691800 0 0 0 0
1443690000 0 0 0 0
1443688200 0 0 0 0
1443686400 0 0 0 0
1443684600 0 0 0 0
1443682800 0 0 0 0
1443681000 0 0 0 0
1443679200 0 0 0 0
1443677400 0 0 0 0
1443675600 0 0 0 0
1443673800 0 0 0 0
1443672000 0 0 0 0
1443670200 0 0 0 0
1443668400 0 0 0 0
1443666600 0 0 0 0
1443664800 0 0 0 0
1443663000 0 0 0 0
1443661200 0 0 0 0
1443659400 0 0 0 0
1443657600 0 0 0 0
1443655800 0 0 0 0
1443654000 0 0 0 0
1443652200 0 0 0 0
1443650400 0 0 0 0
1443648600 0 0 0 0
1443646800 0 0 0 0
1443645000 0 0 0 0
1443643200 0 0 0 0
1443641400 0 0 0 0
1443639600 0 0 0 0
1443637800 0 0 0 0
1443636000 0 0 0 0
1443634200 0 0 0 0
1443632400 0 0 0 0
1443630600 0 0 0 0
1443628800 0 0 0 0
1443627000 0 0 0 0
1443625200 0 0 0 0
1443623400 0 0 0 0
1443621600 0 0 0 0
1443619800 0 0 0 0
1443618000 0 0 0 0
1443616200 0 0 0 0
1443614400 0 0 0 0
1443612600 0 0 0 0
1443610800 0 0 0 0
1443609000 0 0 0 0
1443607200 0 0 0 0
1443605400 0 0 0 0
1443603600 0 0 0 0
1443601800 0 0 0 0
1443600000 0 0 0 0
1443598200 0 0 0 0
1443596400 0 0 0 0
1443594600 0 0 0 0
1443592800 0 0 0 0
1443591000 0 0 0 0
1443589200 0 0 0 0
1443587400 0 0 0 0
1443585600 0 0 0 0
1443583800 0 0 0 0
1443582000 0 0 0 0
1443580200 0 0 0 0
1443578400 0 0 0 0
1443576600 0 0 0 0
1443574800 0 0 0 0
1443573000 0 0 0 0
1443571200 0 0 0 0
1443569400 0 0 0 0
1443567600 0 0 0 0
1443565800 0 0 0 0
1443564000 0 0 0 0
1443562200 0 0 0 0
1443560400 0 0 0 0
1443558600 0 0 0 0
1443556800 0 0 0 0
1443555000 0 0 0 0
1443553200 0 0 0 0
1443551400 0 0 0 0
1443549600 0 0 0 0
1443547800 0 0 0 0
1443546000 0 0 0 0
1443544200 0 0 0 0
1443542400 0 0 0 0
1443540600 0 0 0 0
1443538800 0 0 0 0
1443537000 0 0 0 0
1443535200 0 0 0 0
1443533400 0 0 0 0
1443531600 0 0 0 0
1443529800 0 0 0 0
1443528000 0 0 0 0
1443526200 0 0 0 0
1443524400 0 0 0 0
1443522600 0 0 0 0
1443520800 0 0 0 0
1443519000 0 0 0 0
1443517200 0 0 0 0
1443515400 0 0 0 0
1443513600 0 0 0 0
1443511800 0 0 0 0
1443510000 0 0 0 0
1443508200 0 0 0 0
1443506400 0 0 0 0
1443504600 0 0 0 0
1443502800 0 0 0 0
1443501000 0 0 0 0
1443499200 0 0 0 0
1443497400 0 0 0 0
1443495600 0 0 0 0
1443493800 0 0 0 0
1443492000 0 0 0 0
1443490200 0 0 0 0
1443488400 0 0 0 0
1443486600 0 0 0 0
1443484800 0 0 0 0
1443483000 0 0 0 0
1443481200 0 0 0 0
1443479400 0 0 0 0
1443477600 0 0 0 0
1443475800 0 0 0 0
1443474000 0 0 0 0
1443472200 0 0 0 0
1443470400 0 0 0 0
1443468600 0 0 0 0
1443466800 0 0 0 0
1443465000 0 0 0 0
1443463200 0 0 0 0
1443461400 0 0 0 0
1443459600 0 0 0 0
1443457800 0 0 0 0
1443456000 0 0 0 0
1443454200 0 0 0 0
1443452400 0 0 0 0
1443450600 0 0 0 0
1443448800 0 0 0 0
1443447000 0 0 0 0
1443445200 0 0 0 0
1443443400 0 0 0 0
1443441600 0 0 0 0
1443439800 0 0 0 0
1443438000 0 0 0 0
1443436200 0 0 0 0
1443434400 0 0 0 0
1443432600 0 0 0 0
1443430800 0 0 0 0
1443429000 0 0 0 0
1443427200 0 0 0 0
1443425400 0 0 0 0
1443423600 0 0 0 0
1443421800 0 0 0 0
1443420000 0 0 0 0
1443418200 0 0 0 0
1443416400 0 0 0 0
1443414600 0 0 0 0
1443412800 0 0 0 0
1443411000 0 0 0 0
1443409200 0 0 0 0
1443407400 0 0 0 0
1443405600 0 0 0 0
1443403800 0 0 0 0
1443402000 0 0 0 0
1443400200 0 0 0 0
1443398400 0 0 0 0
1443396600 0 0 0 0
1443394800 0 0 0 0
1443393000 0 0 0 0
1443391200 0 0 0 0
1443389400 0 0 0 0
1443387600 0 0 0 0
1443385800 0 0 0 0
1443384000 0 0 0 0
1443382200 0 0 0 0
1443380400 0 0 0 0
1443378600 0 0 0 0
1443376800 0 0 0 0
1443375000 0 0 0 0
1443373200 0 0 0 0
1443371400 0 0 0 0
1443369600 0 0 0 0
1443367800 0 0 0 0
1443366000 0 0 0 0
1443364200 0 0 0 0
1443362400 0 0 0 0
1443360600 0 0 0 0
1443358800 0 0 0 0
1443357000 0 0 0 0
1443355200 0 0 0 0
1443353400 0 0 0 0
1443351600 0 0 0 0
1443349800 0 0 0 0
1443348000 0 0 0 0
1443346200 0 0 0 0
1443344400 0 0 0 0
1443342600 0 0 0 0
1443340800 0 0 0 0
1443339000 0 0 0 0
1443337200 0 0 0 0
1443335400 0 0 0 0
1443333600 0 0 0 0
1443331800 0 0 0 0
1443330000 0 0 0 0
1443328200 0 0 0 0
1443326400 0 0 0 0
1443324600 0 0 0 0
1443322800 0 0 0 0
1443321000 0 0 0 0
1443319200 0 0 0 0
1443317400 0 0 0 0
1443315600 0 0 0 0
1443313800 0 0 0 0
1443312000 0 0 0 0
1443310200 0 0 0 0
1443308400 0 0 0 0
1443306600 0 0 0 0
1443304800 0 0 0 0
1443303000 0 0 0 0
1443301200 0 0 0 0
1443299400 0 0 0 0
1443297600 0 0 0 0
1443295800 0 0 0 0
1443294000 0 0 0 0
1443292200 0 0 0 0
1443290400 0 0 0 0
1443288600 0 0 0 0
1443286800 0 0 0 0
1443285000 0 0 0 0
1443283200 0 0 0 0
1443281400 0 0 0 0
1443279600 0 0 0 0
1443277800 0 0 0 0
1443276000 0 0 0 0
1443274200 0 0 0 0
1443272400 0 0 0 0
1443270600 0 0 0 0
1443268800 0 0 0 0
1443267000 0 0 0 0
1443265200 0 0 0 0
1443263400 0 0 0 0
1443261600 0 0 0 0
1443259800 0 0 0 0
1443258000 0 0 0 0
1443256200 0 0 0 0
1443254400 0 0 0 0
1443252600 0 0 0 0
1443250800 0 0 0 0
1443249000 0 0 0 0
1443247200 0 0 0 0
1443245400 0 0 0 0
1443243600 0 0 0 0
1443241800 0 0 0 0
1443240000 0 0 0 0
1443238200 0 0 0 0
1443236400 0 0 0 0
1443234600 0 0 0 0
1443232800 0 0 0 0
1443231000 0 0 0 0
1443229200 0 0 0 0
1443227400 0 0 0 0
1443225600 0 0 0 0
1443223800 0 0 0 0
1443222000 0 0 0 0
1443220200 0 0 0 0
1443218400 0 0 0 0
1443216600 0 0 0 0
1443214800 0 0 0 0
1443213000 0 0 0 0
1443211200 0 0 0 0
1443209400 0 0 0 0
1443207600 0 0 0 0
1443205800 0 0 0 0
1443204000 0 0 0 0
1443202200 0 0 0 0
1443200400 0 0 0 0
1443198600 0 0 0 0
1443196800 0 0 0 0
1443195000 0 0 0 0
1443193200 0 0 0 0
1443191400 0 0 0 0
1443189600 0 0 0 0
1443187800 0 0 0 0
1443186000 0 0 0 0
1443184200 0 0 0 0
1443182400 0 0 0 0
1443180600 0 0 0 0
1443178800 0 0 0 0
1443177000 0 0 0 0
1443175200 0 0 0 0
1443173400 0 0 0 0
1443171600 0 0 0 0
1443169800 0 0 0 0
1443168000 0 0 0 0
1443166200 0 0 0 0
1443164400 0 0 0 0
1443162600 0 0 0 0
1443160800 0 0 0 0
1443159000 0 0 0 0
1443157200 0 0 0 0
1443155400 0 0 0 0
1443153600 0 0 0 0
1443151800 0 0 0 0
1443150000 0 0 0 0
1443148200 0 0 0 0
1443146400 0 0 0 0
1443144600 0 0 0 0
1443142800 0 0 0 0
1443141000 0 0 0 0
1443139200 0 0 0 0
1443137400 0 0 0 0
1443135600 0 0 0 0
1443133800 0 0 0 0
1443132000 0 0 0 0
1443130200 0 0 0 0
1443128400 0 0 0 0
1443126600 0 0 0 0
1443124800 0 0 0 0
1443123000 0 0 0 0
1443121200 0 0 0 0
1443119400 0 0 0 0
1443117600 0 0 0 0
1443115800 0 0 0 0
1443114000 0 0 0 0
1443112200 0 0 0 0
1443110400 0 0 0 0
1443108600 0 0 0 0
1443106800 0 0 0 0
1443105000 0 0 0 0
1443103200 0 0 0 0
1443101400 0 0 0 0
1443099600 0 0 0 0
1443097800 0 0 0 0
1443096000 0 0 0 0
1443094200 0 0 0 0
1443092400 0 0 0 0
1443090600 0 0 0 0
1443088800 0 0 0 0
1443087000 0 0 0 0
1443085200 0 0 0 0
1443083400 0 0 0 0
1443081600 0 0 0 0
1443079800 0 0 0 0
1443078000 0 0 0 0
1443076200 0 0 0 0
1443074400 0 0 0 0
1443072600 0 0 0 0
1443070800 0 0 0 0
1443069000 0 0 0 0
1443067200 0 0 0 0
1443065400 0 0 0 0
1443063600 0 0 0 0
1443061800 0 0 0 0
1443060000 0 0 0 0
1443058200 0 0 0 0
1443056400 0 0 0 0
1443054600 0 0 0 0
1443052800 0 0 0 0
1443051000 0 0 0 0
1443049200 0 0 0 0
1443047400 0 0 0 0
1443045600 0 0 0 0
1443043800 0 0 0 0
1443042000 0 0 0 0
1443040200 0 0 0 0
1443038400 0 0 0 0
1443036600 0 0 0 0
1443034800 0 0 0 0
1443033000 0 0 0 0
1443031200 0 0 0 0
1443029400 0 0 0 0
1443027600 0 0 0 0
1443025800 0 0 0 0
1443024000 0 0 0 0
1443022200 0 0 0 0
1443020400 0 0 0 0
1443018600 0 0 0 0
1443016800 0 0 0 0
1443015000 0 0 0 0
1443013200 0 0 0 0
1443011400 0 0 0 0
1443009600 0 0 0 0
1443007800 0 0 0 0
1443006000 0 0 0 0
1443004200 0 0 0 0
1443002400 0 0 0 0
1443000600 0 0 0 0
1442998800 0 0 0 0
1442997000 0 0 0 0
1442995200 0 0 0 0
1442993400 0 0 0 0
1442991600 0 0 0 0
1442989800 0 0 0 0
1442988000 0 0 0 0
1442986200 0 0 0 0
1442984400 0 0 0 0
1442982600 0 0 0 0
1442980800 0 0 0 0
1442979000 0 0 0 0
1442977200 0 0 0 0
1442975400 0 0 0 0
1442973600 0 0 0 0
1442971800 0 0 0 0
1442970000 0 0 0 0
1442968200 0 0 0 0
1442966400 0 0 0 0
1442964600 0 0 0 0
1442962800 0 0 0 0
1442961000 0 0 0 0
1442959200 0 0 0 0
1442957400 0 0 0 0
1442955600 0 0 0 0
1442953800 0 0 0 0
1442952000 0 0 0 0
1442950200 0 0 0 0
1442948400 0 0 0 0
1442946600 0 0 0 0
1442944800 0 0 0 0
1442943000 0 0 0 0
1442941200 0 0 0 0
1442939400 0 0 0 0
1442937600 0 0 0 0
1442935800 0 0 0 0
1442934000 0 0 0 0
1442932200 0 0 0 0
1442930400 0 0 0 0
1442928600 0 0 0 0
1442926800 0 0 0 0
1442925000 0 0 0 0
1442923200 0 0 0 0
1442921400 0 0 0 0
1442919600 0 0 0 0
1442917800 0 0 0 0
1442916000 0 0 0 0
1442914200 0 0 0 0
1442912400 0 0 0 0
1442910600 0 0 0 0
1442908800 0 0 0 0
1442907000 0 0 0 0
1442905200 0 0 0 0
1442903400 0 0 0 0
1442901600 0 0 0 0
1442899800 0 0 0 0
1442898000 0 0 0 0
1442896200 0 0 0 0
1442894400 0 0 0 0
1442892600 0 0 0 0
1442890800 0 0 0 0
1442889000 0 0 0 0
1442887200 0 0 0 0
1442885400 0 0 0 0
1442883600 0 0 0 0
1442881800 0 0 0 0
1442880000 0 0 0 0
1442878200 0 0 0 0
1442876400 0 0 0 0
1442874600 0 0 0 0
1442872800 0 0 0 0
1442871000 0 0 0 0
1442869200 0 0 0 0
1442867400 0 0 0 0
1442865600 0 0 0 0
1442863800 0 0 0 0
1442862000 0 0 0 0
1442860200 0 0 0 0
1442858400 0 0 0 0
1442856600 0 0 0 0
1442854800 0 0 0 0
1442853000 0 0 0 0
1442851200 0 0 0 0
1442849400 0 0 0 0
1442847600 0 0 0 0
1442845800 0 0 0 0
1442844000 0 0 0 0
1442842200 0 0 0 0
1442840400 0 0 0 0
1442838600 0 0 0 0
1442836800 0 0 0 0
1442835000 0 0 0 0
1442833200 0 0 0 0
1442831400 0 0 0 0
1442829600 0 0 0 0
1442827800 0 0 0 0
1442826000 0 0 0 0
1442824200 0 0 0 0
1442822400 0 0 0 0
1442820600 0 0 0 0
1442818800 0 0 0 0
1442817000 0 0 0 0
1442815200 0 0 0 0
1442813400 0 0 0 0
1442811600 0 0 0 0
1442809800 0 0 0 0
1442808000 0 0 0 0
1442806200 0 0 0 0
1442804400 0 0 0 0
1442802600 0 0 0 0
1442800800 0 0 0 0
1442799000 0 0 0 0
1442797200 0 0 0 0
1442795400 0 0 0 0
1442793600 0 0 0 0
1442791800 0 0 0 0
1442790000 0 0 0 0
1442788200 0 0 0 0
1442786400 0 0 0 0
1442779200 0 0 0 0
1442772000 0 0 0 0
1442764800 0 0 0 0
1442757600 0 0 0 0
1442750400 0 0 0 0
1442743200 0 0 0 0
1442736000 0 0 0 0
1442728800 0 0 0 0
1442721600 0 0 0 0
1442714400 0 0 0 0
1442707200 0 0 0 0
1442700000 0 0 0 0
1442692800 0 0 0 0
1442685600 0 0 0 0
1442678400 0 0 0 0
1442671200 0 0 0 0
1442664000 0 0 0 0
1442656800 0 0 0 0
1442649600 0 0 0 0
1442642400 0 0 0 0
1442635200 0 0 0 0
1442628000 0 0 0 0
1442620800 0 0 0 0
1442613600 0 0 0 0
1442606400 0 0 0 0
1442599200 0 0 0 0
1442592000 0 0 0 0
1442584800 0 0 0 0
1442577600 0 0 0 0
1442570400 0 0 0 0
1442563200 0 0 0 0
1442556000 0 0 0 0
1442548800 0 0 0 0
1442541600 0 0 0 0
1442534400 0 0 0 0
1442527200 0 0 0 0
1442520000 0 0 0 0
1442512800 0 0 0 0
1442505600 0 0 0 0
1442498400 0 0 0 0
1442491200 0 0 0 0
1442484000 0 0 0 0
1442476800 0 0 0 0
1442469600 0 0 0 0
1442462400 0 0 0 0
1442455200 0 0 0 0
1442448000 0 0 0 0
1442440800 0 0 0 0
1442433600 0 0 0 0
1442426400 0 0 0 0
1442419200 0 0 0 0
1442412000 0 0 0 0
1442404800 0 0 0 0
1442397600 0 0 0 0
1442390400 0 0 0 0
1442383200 0 0 0 0
1442376000 0 0 0 0
1442368800 0 0 0 0
1442361600 0 0 0 0
1442354400 0 0 0 0
1442347200 0 0 0 0
1442340000 0 0 0 0
1442332800 0 0 0 0
1442325600 0 0 0 0
1442318400 0 0 0 0
1442311200 0 0 0 0
1442304000 0 0 0 0
1442296800 0 0 0 0
1442289600 0 0 0 0
1442282400 0 0 0 0
1442275200 0 0 0 0
1442268000 0 0 0 0
1442260800 0 0 0 0
1442253600 0 0 0 0
1442246400 0 0 0 0
1442239200 0 0 0 0
1442232000 0 0 0 0
1442224800 0 0 0 0
1442217600 0 0 0 0
1442210400 0 0 0 0
1442203200 0 0 0 0
1442196000 0 0 0 0
1442188800 0 0 0 0
1442181600 0 0 0 0
1442174400 0 0 0 0
1442167200 0 0 0 0
1442160000 0 0 0 0
1442152800 0 0 0 0
1442145600 0 0 0 0
1442138400 0 0 0 0
1442131200 0 0 0 0
1442124000 0 0 0 0
1442116800 0 0 0 0
1442109600 0 0 0 0
1442102400 0 0 0 0
1442095200 0 0 0 0
1442088000 0 0 0 0
1442080800 0 0 0 0
1442073600 0 0 0 0
1442066400 0 0 0 0
1442059200 0 0 0 0
1442052000 0 0 0 0
1442044800 0 0 0 0
1442037600 0 0 0 0
1442030400 0 0 0 0
1442023200 0 0 0 0
1442016000 0 0 0 0
1442008800 0 0 0 0
1442001600 0 0 0 0
1441994400 0 0 0 0
1441987200 0 0 0 0
1441980000 0 0 0 0
1441972800 0 0 0 0
1441965600 0 0 0 0
1441958400 0 0 0 0
1441951200 0 0 0 0
1441944000 0 0 0 0
1441936800 0 0 0 0
1441929600 0 0 0 0
1441922400 0 0 0 0
1441915200 0 0 0 0
1441908000 0 0 0 0
1441900800 0 0 0 0
1441893600 0 0 0 0
1441886400 0 0 0 0
1441879200 0 0 0 0
1441872000 0 0 0 0
1441864800 0 0 0 0
1441857600 0 0 0 0
1441850400 0 0 0 0
1441843200 0 0 0 0
1441836000 0 0 0 0
1441828800 0 0 0 0
1441821600 0 0 0 0
1441814400 0 0 0 0
1441807200 0 0 0 0
1441800000 0 0 0 0
1441792800 0 0 0 0
1441785600 0 0 0 0
1441778400 0 0 0 0
1441771200 0 0 0 0
1441764000 0 0 0 0
1441756800 0 0 0 0
1441749600 0 0 0 0
1441742400 0 0 0 0
1441735200 0 0 0 0
1441728000 0 0 0 0
1441720800 0 0 0 0
1441713600 0 0 0 0
1441706400 0 0 0 0
1441699200 0 0 0 0
1441692000 0 0 0 0
1441684800 0 0 0 0
1441677600 0 0 0 0
1441670400 0 0 0 0
1441663200 0 0 0 0
1441656000 0 0 0 0
1441648800 0 0 0 0
1441641600 0 0 0 0
1441634400 0 0 0 0
1441627200 0 0 0 0
1441620000 0 0 0 0
1441612800 0 0 0 0
1441605600 0 0 0 0
1441598400 0 0 0 0
1441591200 0 0 0 0
1441584000 0 0 0 0
1441576800 0 0 0 0
1441569600 0 0 0 0
1441562400 0 0 0 0
1441555200 0 0 0 0
1441548000 0 0 0 0
1441540800 0 0 0 0
1441533600 0 0 0 0
1441526400 0 0 0 0
1441519200 0 0 0 0
1441512000 0 0 0 0
1441504800 0 0 0 0
1441497600 0 0 0 0
1441490400 0 0 0 0
1441483200 0 0 0 0
1441476000 0 0 0 0
1441468800 0 0 0 0
1441461600 0 0 0 0
1441454400 0 0 0 0
1441447200 0 0 0 0
1441440000 0 0 0 0
1441432800 0 0 0 0
1441425600 0 0 0 0
1441418400 0 0 0 0
1441411200 0 0 0 0
1441404000 0 0 0 0
1441396800 0 0 0 0
1441389600 0 0 0 0
1441382400 0 0 0 0
1441375200 0 0 0 0
1441368000 0 0 0 0
1441360800 0 0 0 0
1441353600 0 0 0 0
1441346400 0 0 0 0
1441339200 0 0 0 0
1441332000 0 0 0 0
1441324800 0 0 0 0
1441317600 0 0 0 0
1441310400 0 0 0 0
1441303200 0 0 0 0
1441296000 0 0 0 0
1441288800 0 0 0 0
1441281600 0 0 0 0
1441274400 0 0 0 0
1441267200 0 0 0 0
1441260000 0 0 0 0
1441252800 0 0 0 0
1441245600 0 0 0 0
1441238400 0 0 0 0
1441231200 0 0 0 0
1441224000 0 0 0 0
1441216800 0 0 0 0
1441209600 0 0 0 0
1441202400 0 0 0 0
1441195200 0 0 0 0
1441188000 0 0 0 0
1441180800 0 0 0 0
1441173600 0 0 0 0
1441166400 0 0 0 0
1441159200 0 0 0 0
1441152000 0 0 0 0
1441144800 0 0 0 0
1441137600 0 0 0 0
1441130400 0 0 0 0
1441123200 0 0 0 0
1441116000 0 0 0 0
1441108800 0 0 0 0
1441101600 0 0 0 0
1441094400 0 0 0 0
1441087200 0 0 0 0
1441080000 0 0 0 0
1441072800 0 0 0 0
1441065600 0 0 0 0
1441058400 0 0 0 0
1441051200 0 0 0 0
1441044000 0 0 0 0
1441036800 0 0 0 0
1441029600 0 0 0 0
1441022400 0 0 0 0
1441015200 0 0 0 0
1441008000 0 0 0 0
1441000800 0 0 0 0
1440993600 0 0 0 0
1440986400 0 0 0 0
1440979200 0 0 0 0
1440972000 0 0 0 0
1440964800 0 0 0 0
1440957600 0 0 0 0
1440950400 0 0 0 0
1440943200 0 0 0 0
1440936000 0 0 0 0
1440928800 0 0 0 0
1440921600 0 0 0 0
1440914400 0 0 0 0
1440907200 0 0 0 0
1440900000 0 0 0 0
1440892800 0 0 0 0
1440885600 0 0 0 0
1440878400 0 0 0 0
1440871200 0 0 0 0
1440864000 0 0 0 0
1440856800 0 0 0 0
1440849600 0 0 0 0
1440842400 0 0 0 0
1440835200 0 0 0 0
1440828000 0 0 0 0
1440820800 0 0 0 0
1440813600 0 0 0 0
1440806400 0 0 0 0
1440799200 0 0 0 0
1440792000 0 0 0 0
1440784800 0 0 0 0
1440777600 0 0 0 0
1440770400 0 0 0 0
1440763200 0 0 0 0
1440756000 0 0 0 0
1440748800 0 0 0 0
1440741600 0 0 0 0
1440734400 0 0 0 0
1440727200 0 0 0 0
1440720000 0 0 0 0
1440712800 0 0 0 0
1440705600 0 0 0 0
1440698400 0 0 0 0
1440691200 0 0 0 0
1440684000 0 0 0 0
1440676800 0 0 0 0
1440669600 0 0 0 0
1440662400 0 0 0 0
1440655200 0 0 0 0
1440648000 0 0 0 0
1440640800 0 0 0 0
1440633600 0 0 0 0
1440626400 0 0 0 0
1440619200 0 0 0 0
1440612000 0 0 0 0
1440604800 0 0 0 0
1440597600 0 0 0 0
1440590400 0 0 0 0
1440583200 0 0 0 0
1440576000 0 0 0 0
1440568800 0 0 0 0
1440561600 0 0 0 0
1440554400 0 0 0 0
1440547200 0 0 0 0
1440540000 0 0 0 0
1440532800 0 0 0 0
1440525600 0 0 0 0
1440518400 0 0 0 0
1440511200 0 0 0 0
1440504000 0 0 0 0
1440496800 0 0 0 0
1440489600 0 0 0 0
1440482400 0 0 0 0
1440475200 0 0 0 0
1440468000 0 0 0 0
1440460800 0 0 0 0
1440453600 0 0 0 0
1440446400 0 0 0 0
1440439200 0 0 0 0
1440432000 0 0 0 0
1440424800 0 0 0 0
1440417600 0 0 0 0
1440410400 0 0 0 0
1440403200 0 0 0 0
1440396000 0 0 0 0
1440388800 0 0 0 0
1440381600 0 0 0 0
1440374400 0 0 0 0
1440367200 0 0 0 0
1440360000 0 0 0 0
1440352800 0 0 0 0
1440345600 0 0 0 0
1440338400 0 0 0 0
1440331200 0 0 0 0
1440324000 0 0 0 0
1440316800 0 0 0 0
1440309600 0 0 0 0
1440302400 0 0 0 0
1440295200 0 0 0 0
1440288000 0 0 0 0
1440280800 0 0 0 0
1440273600 0 0 0 0
1440266400 0 0 0 0
1440259200 0 0 0 0
1440252000 0 0 0 0
1440244800 0 0 0 0
1440237600 0 0 0 0
1440230400 0 0 0 0
1440223200 0 0 0 0
1440216000 0 0 0 0
1440208800 0 0 0 0
1440201600 0 0 0 0
1440194400 0 0 0 0
1440187200 0 0 0 0
1440180000 0 0 0 0
1440172800 0 0 0 0
1440165600 0 0 0 0
1440158400 0 0 0 0
1440151200 0 0 0 0
1440144000 0 0 0 0
1440136800 0 0 0 0
1440129600 0 0 0 0
1440122400 0 0 0 0
1440115200 0 0 0 0
1440108000 0 0 0 0
1440100800 0 0 0 0
1440093600 0 0 0 0
1440086400 0 0 0 0
1440079200 0 0 0 0
1440072000 0 0 0 0
1440064800 0 0 0 0
1440057600 0 0 0 0
1440050400 0 0 0 0
1440043200 0 0 0 0
1440036000 0 0 0 0
1440028800 0 0 0 0
1440021600 0 0 0 0
1440014400 0 0 0 0
1440007200 0 0 0 0
1440000000 0 0 0 0
1439992800 0 0 0 0
1439985600 0 0 0 0
1439978400 0 0 0 0
1439971200 0 0 0 0
1439964000 0 0 0 0
1439956800 0 0 0 0
1439949600 0 0 0 0
1439942400 0 0 0 0
1439935200 0 0 0 0
1439928000 0 0 0 0
1439920800 0 0 0 0
1439913600 0 0 0 0
1439906400 0 0 0 0
1439899200 0 0 0 0
1439892000 0 0 0 0
1439884800 0 0 0 0
1439877600 0 0 0 0
1439870400 0 0 0 0
1439863200 0 0 0 0
1439856000 0 0 0 0
1439848800 0 0 0 0
1439841600 0 0 0 0
1439834400 0 0 0 0
1439827200 0 0 0 0
1439820000 0 0 0 0
1439812800 0 0 0 0
1439805600 0 0 0 0
1439798400 0 0 0 0
1439791200 0 0 0 0
1439784000 0 0 0 0
1439776800 0 0 0 0
1439769600 0 0 0 0
1439762400 0 0 0 0
1439755200 0 0 0 0
1439748000 0 0 0 0
1439740800 0 0 0 0
1439733600 0 0 0 0
1439726400 0 0 0 0
1439719200 0 0 0 0
1439712000 0 0 0 0
1439704800 0 0 0 0
1439697600 0 0 0 0
1439690400 0 0 0 0
1439683200 0 0 0 0
1439676000 0 0 0 0
1439668800 0 0 0 0
1439661600 0 0 0 0
1439654400 0 0 0 0
1439647200 0 0 0 0
1439640000 0 0 0 0
1439632800 0 0 0 0
1439625600 0 0 0 0
1439618400 0 0 0 0
1439611200 0 0 0 0
1439604000 0 0 0 0
1439596800 0 0 0 0
1439589600 0 0 0 0
1439582400 0 0 0 0
1439575200 0 0 0 0
1439568000 0 0 0 0
1439560800 0 0 0 0
1439553600 0 0 0 0
1439546400 0 0 0 0
1439539200 0 0 0 0
1439532000 0 0 0 0
1439524800 0 0 0 0
1439517600 0 0 0 0
1439510400 0 0 0 0
1439503200 0 0 0 0
1439496000 0 0 0 0
1439488800 0 0 0 0
1439481600 0 0 0 0
1439474400 0 0 0 0
1439467200 0 0 0 0
1439460000 0 0 0 0
1439452800 0 0 0 0
1439445600 0 0 0 0
1439438400 0 0 0 0
1439431200 0 0 0 0
1439424000 0 0 0 0
1439416800 0 0 0 0
1439409600 0 0 0 0
1439402400 0 0 0 0
1439395200 0 0 0 0
1439388000 0 0 0 0
1439380800 0 0 0 0
1439373600 0 0 0 0
1439366400 0 0 0 0
1439359200 0 0 0 0
1439352000 0 0 0 0
1439344800 0 0 0 0
1439337600 0 0 0 0
1439330400 0 0 0 0
1439323200 0 0 0 0
1439316000 0 0 0 0
1439308800 0 0 0 0
1439301600 0 0 0 0
1439294400 0 0 0 0
1439287200 0 0 0 0
1439280000 0 0 0 0
1439272800 0 0 0 0
1439265600 0 0 0 0
1439258400 0 0 0 0
1439251200 0 0 0 0
1439244000 0 0 0 0
1439236800 0 0 0 0
1439229600 0 0 0 0
1439222400 0 0 0 0
1439215200 0 0 0 0
1439208000 0 0 0 0
1439200800 0 0 0 0
1439193600 0 0 0 0
1439186400 0 0 0 0
1439179200 0 0 0 0
1439172000 0 0 0 0
1439164800 0 0 0 0
1439157600 0 0 0 0
1439150400 0 0 0 0
1439143200 0 0 0 0
1439136000 0 0 0 0
1439128800 0 0 0 0
1439121600 0 0 0 0
1439114400 0 0 0 0
1439107200 0 0 0 0
1439100000 0 0 0 0
1439092800 0 0 0 0
1439085600 0 0 0 0
1439078400 0 0 0 0
1439071200 0 0 0 0
1439064000 0 0 0 0
1439056800 0 0 0 0
1439049600 0 0 0 0
1439042400 0 0 0 0
1439035200 0 0 0 0
1439028000 0 0 0 0
1439020800 0 0 0 0
1439013600 0 0 0 0
1439006400 0 0 0 0
1438999200 0 0 0 0
1438992000 0 0 0 0
1438984800 0 0 0 0
1438977600 0 0 0 0
1438970400 0 0 0 0
1438963200 0 0 0 0
1438956000 0 0 0 0
1438948800 0 0 0 0
1438941600 0 0 0 0
1438934400 0 0 0 0
1438927200 0 0 0 0
1438920000 0 0 0 0
1438912800 0 0 0 0
1438905600 0 0 0 0
1438898400 0 0 0 0
1438891200 0 0 0 0
1438884000 0 0 0 0
1438876800 0 0 0 0
1438869600 0 0 0 0
1438862400 0 0 0 0
1438855200 0 0 0 0
1438848000 0 0 0 0
1438840800 0 0 0 0
1438833600 0 0 0 0
1438826400 0 0 0 0
1438819200 0 0 0 0
1438812000 0 0 0 0
1438804800 0 0 0 0
1438797600 0 0 0 0
1438790400 0 0 0 0
1438783200 0 0 0 0
1438776000 0 0 0 0
1438768800 0 0 0 0
1438761600 0 0 0 0
1438754400 0 0 0 0
1438747200 0 0 0 0
1438740000 0 0 0 0
1438732800 0 0 0 0
1438725600 0 0 0 0
1438718400 0 0 0 0
1438711200 0 0 0 0
1438704000 0 0 0 0
1438696800 0 0 0 0
1438689600 0 0 0 0
1438682400 0 0 0 0
1438675200 0 0 0 0
1438668000 0 0 0 0
1438660800 0 0 0 0
1438653600 0 0 0 0
1438646400 0 0 0 0
1438639200 0 0 0 0
1438632000 0 0 0 0
1438624800 0 0 0 0
1438617600 0 0 0 0
1438610400 0 0 0 0
1438603200 0 0 0 0
1438596000 0 0 0 0
1438588800 0 0 0 0
1438581600 0 0 0 0
1438574400 0 0 0 0
1438567200 0 0 0 0
1438560000 0 0 0 0
1438552800 0 0 0 0
1438545600 0 0 0 0
1438538400 0 0 0 0
1438531200 0 0 0 0
1438524000 0 0 0 0
1438516800 0 0 0 0
1438509600 0 0 0 0
1438502400 0 0 0 0
1438495200 0 0 0 0
1438488000 0 0 0 0
1438480800 0 0 0 0
1438473600 0 0 0 0
1438466400 0 0 0 0
1438387200 0 0 0 0
1438300800 0 0 0 0
1438214400 0 0 0 0
1438128000 0 0 0 0
1438041600 0 0 0 0
1437955200 0 0 0 0
1437868800 0 0 0 0
1437782400 0 0 0 0
1437696000 0 0 0 0
1437609600 0 0 0 0
1437523200 0 0 0 0
1437436800 0 0 0 0
1437350400 0 0 0 0
1437264000 0 0 0 0
1437177600 0 0 0 0
1437091200 0 0 0 0
1437004800 0 0 0 0
1436918400 0 0 0 0
1436832000 0 0 0 0
1436745600 0 0 0 0
1436659200 0 0 0 0
1436572800 0 0 0 0
1436486400 0 0 0 0
1436400000 0 0 0 0
1436313600 0 0 0 0
1436227200 0 0 0 0
1436140800 0 0 0 0
1436054400 0 0 0 0
1435968000 0 0 0 0
1435881600 0 0 0 0
1435795200 0 0 0 0
1435708800 0 0 0 0
1435622400 0 0 0 0
1435536000 0 0 0 0
1435449600 0 0 0 0
1435363200 0 0 0 0
1435276800 0 0 0 0
1435190400 0 0 0 0
1435104000 0 0 0 0
1435017600 0 0 0 0
1434931200 0 0 0 0
1434844800 0 0 0 0
1434758400 0 0 0 0
1434672000 0 0 0 0
1434585600 0 0 0 0
1434499200 0 0 0 0
1434412800 0 0 0 0
1434326400 0 0 0 0
1434240000 0 0 0 0
1434153600 0 0 0 0
1434067200 0 0 0 0
1433980800 0 0 0 0
1433894400 0 0 0 0
1433808000 0 0 0 0
1433721600 0 0 0 0
1433635200 0 0 0 0
1433548800 0 0 0 0
1433462400 0 0 0 0
1433376000 0 0 0 0
1433289600 0 0 0 0
1433203200 0 0 0 0
1433116800 0 0 0 0
1433030400 0 0 0 0
1432944000 0 0 0 0
1432857600 0 0 0 0
1432771200 0 0 0 0
1432684800 0 0 0 0
1432598400 0 0 0 0
1432512000 0 0 0 0
1432425600 0 0 0 0
1432339200 0 0 0 0
1432252800 0 0 0 0
1432166400 0 0 0 0
1432080000 0 0 0 0
1431993600 0 0 0 0
1431907200 0 0 0 0
1431820800 0 0 0 0
1431734400 0 0 0 0
1431648000 0 0 0 0
1431561600 0 0 0 0
1431475200 0 0 0 0
1431388800 0 0 0 0
1431302400 0 0 0 0
1431216000 0 0 0 0
1431129600 0 0 0 0
1431043200 0 0 0 0
1430956800 0 0 0 0
1430870400 0 0 0 0
1430784000 0 0 0 0
1430697600 0 0 0 0
1430611200 0 0 0 0
1430524800 0 0 0 0
1430438400 0 0 0 0
1430352000 0 0 0 0
1430265600 0 0 0 0
1430179200 0 0 0 0
1430092800 0 0 0 0
1430006400 0 0 0 0
1429920000 0 0 0 0
1429833600 0 0 0 0
1429747200 0 0 0 0
1429660800 0 0 0 0
1429574400 0 0 0 0
1429488000 0 0 0 0
1429401600 0 0 0 0
1429315200 0 0 0 0
1429228800 0 0 0 0
1429142400 0 0 0 0
1429056000 0 0 0 0
1428969600 0 0 0 0
1428883200 0 0 0 0
1428796800 0 0 0 0
1428710400 0 0 0 0
1428624000 0 0 0 0
1428537600 0 0 0 0
1428451200 0 0 0 0
1428364800 0 0 0 0
1428278400 0 0 0 0
1428192000 0 0 0 0
1428105600 0 0 0 0
1428019200 0 0 0 0
1427932800 0 0 0 0
1427846400 0 0 0 0
1427760000 0 0 0 0
1427673600 0 0 0 0
1427587200 0 0 0 0
1427500800 0 0 0 0
1427414400 0 0 0 0
1427328000 0 0 0 0
1427241600 0 0 0 0
1427155200 0 0 0 0
1427068800 0 0 0 0
1426982400 0 0 0 0
1426896000 0 0 0 0
1426809600 0 0 0 0
1426723200 0 0 0 0
1426636800 0 0 0 0
1426550400 0 0 0 0
1426464000 0 0 0 0
1426377600 0 0 0 0
1426291200 0 0 0 0
1426204800 0 0 0 0
1426118400 0 0 0 0
1426032000 0 0 0 0
1425945600 0 0 0 0
1425859200 0 0 0 0
1425772800 0 0 0 0
1425686400 0 0 0 0
1425600000 0 0 0 0
1425513600 0 0 0 0
1425427200 0 0 0 0
1425340800 0 0 0 0
1425254400 0 0 0 0
1425168000 0 0 0 0
1425081600 0 0 0 0
1424995200 0 0 0 0
1424908800 0 0 0 0
1424822400 0 0 0 0
1424736000 0 0 0 0
1424649600 0 0 0 0
1424563200 0 0 0 0
1424476800 0 0 0 0
1424390400 0 0 0 0
1424304000 0 0 0 0
1424217600 0 0 0 0
1424131200 0 0 0 0
1424044800 0 0 0 0
1423958400 0 0 0 0
1423872000 0 0 0 0
1423785600 0 0 0 0
1423699200 0 0 0 0
1423612800 0 0 0 0
1423526400 0 0 0 0
1423440000 0 0 0 0
1423353600 0 0 0 0
1423267200 0 0 0 0
1423180800 0 0 0 0
1423094400 0 0 0 0
1423008000 0 0 0 0
1422921600 0 0 0 0
1422835200 0 0 0 0
1422748800 0 0 0 0
1422662400 0 0 0 0
1422576000 0 0 0 0
1422489600 0 0 0 0
1422403200 0 0 0 0
1422316800 0 0 0 0
1422230400 0 0 0 0
1422144000 0 0 0 0
1422057600 0 0 0 0
1421971200 0 0 0 0
1421884800 0 0 0 0
1421798400 0 0 0 0
1421712000 0 0 0 0
1421625600 0 0 0 0
1421539200 0 0 0 0
1421452800 0 0 0 0
1421366400 0 0 0 0
1421280000 0 0 0 0
1421193600 0 0 0 0
1421107200 0 0 0 0
1421020800 0 0 0 0
1420934400 0 0 0 0
1420848000 0 0 0 0
1420761600 0 0 0 0
1420675200 0 0 0 0
1420588800 0 0 0 0
1420502400 0 0 0 0
1420416000 0 0 0 0
1420329600 0 0 0 0
1420243200 0 0 0 0
1420156800 0 0 0 0
1420070400 0 0 0 0
1419984000 0 0 0 0
1419897600 0 0 0 0
1419811200 0 0 0 0
1419724800 0 0 0 0
1419638400 0 0 0 0
1419552000 0 0 0 0
1419465600 0 0 0 0
1419379200 0 0 0 0
1419292800 0 0 0 0
1419206400 0 0 0 0
1419120000 0 0 0 0
1419033600 0 0 0 0
1418947200 0 0 0 0
1418860800 0 0 0 0
1418774400 0 0 0 0
1418688000 0 0 0 0
1418601600 0 0 0 0
1418515200 0 0 0 0
1418428800 0 0 0 0
1418342400 0 0 0 0
1418256000 0 0 0 0
1418169600 0 0 0 0
1418083200 0 0 0 0
1417996800 0 0 0 0
1417910400 0 0 0 0
1417824000 0 0 0 0
1417737600 0 0 0 0
1417651200 0 0 0 0
1417564800 0 0 0 0
1417478400 0 0 0 0
1417392000 0 0 0 0
1417305600 0 0 0 0
1417219200 0 0 0 0
1417132800 0 0 0 0
1417046400 0 0 0 0
1416960000 0 0 0 0
1416873600 0 0 0 0
1416787200 0 0 0 0
1416700800 0 0 0 0
1416614400 0 0 0 0
1416528000 0 0 0 0
1416441600 0 0 0 0
1416355200 0 0 0 0
1416268800 0 0 0 0
1416182400 0 0 0 0
1416096000 0 0 0 0
1416009600 0 0 0 0
1415923200 0 0 0 0
1415836800 0 0 0 0
1415750400 0 0 0 0
1415664000 0 0 0 0
1415577600 0 0 0 0
1415491200 0 0 0 0
1415404800 0 0 0 0
1415318400 0 0 0 0
1415232000 0 0 0 0
1415145600 0 0 0 0
1415059200 0 0 0 0
1414972800 0 0 0 0
1414886400 0 0 0 0
1414800000 0 0 0 0
1414713600 0 0 0 0
1414627200 0 0 0 0
1414540800 0 0 0 0
1414454400 0 0 0 0
1414368000 0 0 0 0
1414281600 0 0 0 0
1414195200 0 0 0 0
1414108800 0 0 0 0
1414022400 0 0 0 0
1413936000 0 0 0 0
1413849600 0 0 0 0
1413763200 0 0 0 0
1413676800 0 0 0 0
1413590400 0 0 0 0
1413504000 0 0 0 0
1413417600 0 0 0 0
1413331200 0 0 0 0
1413244800 0 0 0 0
1413158400 0 0 0 0
1413072000 0 0 0 0
1412985600 0 0 0 0
1412899200 0 0 0 0
1412812800 0 0 0 0
1412726400 0 0 0 0
1412640000 0 0 0 0
1412553600 0 0 0 0
1412467200 0 0 0 0
1412380800 0 0 0 0
1412294400 0 0 0 0
1412208000 0 0 0 0
1412121600 0 0 0 0
1412035200 0 0 0 0
1411948800 0 0 0 0
1411862400 0 0 0 0
1411776000 0 0 0 0
1411689600 0 0 0 0
1411603200 0 0 0 0
1411516800 0 0 0 0
1411430400 0 0 0 0
1411344000 0 0 0 0
1411257600 0 0 0 0
1411171200 0 0 0 0
1411084800 0 0 0 0
1410998400 0 0 0 0
1410912000 0 0 0 0
1410825600 0 0 0 0
1410739200 0 0 0 0
1410652800 0 0 0 0
1410566400 0 0 0 0
1410480000 0 0 0 0
1410393600 0 0 0 0
1410307200 0 0 0 0
1410220800 0 0 0 0
1410134400 0 0 0 0
1410048000 0 0 0 0
1409961600 0 0 0 0
1409875200 0 0 0 0
1409788800 0 0 0 0
1409702400 0 0 0 0
1409616000 0 0 0 0
1409529600 0 0 0 0
1409443200 0 0 0 0
1409356800 0 0 0 0
1409270400 0 0 0 0
1409184000 0 0 0 0
1409097600 0 0 0 0
1409011200 0 0 0 0
1408924800 0 0 0 0
1408838400 0 0 0 0
1408752000 0 0 0 0
1408665600 0 0 0 0
1408579200 0 0 0 0
1408492800 0 0 0 0
1408406400 0 0 0 0
1408320000 0 0 0 0
1408233600 0 0 0 0
1408147200 0 0 0 0
1408060800 0 0 0 0
1407974400 0 0 0 0
1407888000 0 0 0 0
1407801600 0 0 0 0
1407715200 0 0 0 0
1407628800 0 0 0 0
1407542400 0 0 0 0
1407456000 0 0 0 0
1407369600 0 0 0 0
1407283200 0 0 0 0
1407196800 0 0 0 0
1407110400 0 0 0 0
1407024000 0 0 0 0
1406937600 0 0 0 0
1406851200 0 0 0 0
1406764800 0 0 0 0
1406678400 0 0 0 0
1406592000 0 0 0 0
1406505600 0 0 0 0
1406419200 0 0 0 0
1406332800 0 0 0 0
1406246400 0 0 0 0
1406160000 0 0 0 0
1406073600 0 0 0 0
1405987200 0 0 0 0
1405900800 0 0 0 0
1405814400 0 0 0 0
1405728000 0 0 0 0
1405641600 0 0 0 0
1405555200 0 0 0 0
1405468800 0 0 0 0
1405382400 0 0 0 0
1405296000 0 0 0 0
1405209600 0 0 0 0
1405123200 0 0 0 0
1405036800 0 0 0 0
1404950400 0 0 0 0
1404864000 0 0 0 0
1404777600 0 0 0 0
1404691200 0 0 0 0
1404604800 0 0 0 0
1404518400 0 0 0 0
1404432000 0 0 0 0
1404345600 0 0 0 0
1404259200 0 0 0 0
1404172800 0 0 0 0
1404086400 0 0 0 0
1404000000 0 0 0 0
1403913600 0 0 0 0
1403827200 0 0 0 0
1403740800 0 0 0 0
1403654400 0 0 0 0
1403568000 0 0 0 0
1403481600 0 0 0 0
1403395200 0 0 0 0
1403308800 0 0 0 0
1403222400 0 0 0 0
1403136000 0 0 0 0
1403049600 0 0 0 0
1402963200 0 0 0 0
1402876800 0 0 0 0
1402790400 0 0 0 0
1402704000 0 0 0 0
1402617600 0 0 0 0
1402531200 0 0 0 0
1402444800 0 0 0 0
1402358400 0 0 0 0
1402272000 0 0 0 0
1402185600 0 0 0 0
1402099200 0 0 0 0
1402012800 0 0 0 0
1401926400 0 0 0 0
1401840000 0 0 0 0
1401753600 0 0 0 0
1401667200 0 0 0 0
1401580800 0 0 0 0
1401494400 0 0 0 0
1401408000 0 0 0 0
1401321600 0 0 0 0
1401235200 0 0 0 0
1401148800 0 0 0 0
1401062400 0 0 0 0
1400976000 0 0 0 0
1400889600 0 0 0 0
1400803200 0 0 0 0
1400716800 0 0 0 0
1400630400 0 0 0 0
1400544000 0 0 0 0
1400457600 0 0 0 0
1400371200 0 0 0 0
1400284800 0 0 0 0
1400198400 0 0 0 0
1400112000 0 0 0 0
1400025600 0 0 0 0
1399939200 0 0 0 0
1399852800 0 0 0 0
1399766400 0 0 0 0
1399680000 0 0 0 0
1399593600 0 0 0 0
1399507200 0 0 0 0
1399420800 0 0 0 0
1399334400 0 0 0 0
1399248000 0 0 0 0
1399161600 0 0 0 0
1399075200 0 0 0 0
1398988800 0 0 0 0
1398902400 0 0 0 0
1398816000 0 0 0 0
1398729600 0 0 0 0
1398643200 0 0 0 0
1398556800 0 0 0 0
1398470400 0 0 0 0
1398384000 0 0 0 0
1398297600 0 0 0 0
1398211200 0 0 0 0
1398124800 0 0 0 0
1398038400 0 0 0 0
1397952000 0 0 0 0
1397865600 0 0 0 0
1397779200 0 0 0 0
1397692800 0 0 0 0
1397606400 0 0 0 0
1397520000 0 0 0 0
1397433600 0 0 0 0
1397347200 0 0 0 0
1397260800 0 0 0 0
1397174400 0 0 0 0
1397088000 0 0 0 0
1397001600 0 0 0 0
1396915200 0 0 0 0
1396828800 0 0 0 0
1396742400 0 0 0 0
1396656000 0 0 0 0
1396569600 0 0 0 0
1396483200 0 0 0 0
1396396800 0 0 0 0
1396310400 0 0 0 0
1396224000 0 0 0 0
1396137600 0 0 0 0
1396051200 0 0 0 0
1395964800 0 0 0 0
1395878400 0 0 0 0
1395792000 0 0 0 0
1395705600 0 0 0 0
1395619200 0 0 0 0
1395532800 0 0 0 0
1395446400 0 0 0 0
1395360000 0 0 0 0
1395273600 0 0 0 0
1395187200 0 0 0 0
1395100800 0 0 0 0
1395014400 0 0 0 0
1394928000 0 0 0 0
1394841600 0 0 0 0
1394755200 0 0 0 0
1394668800 0 0 0 0
1394582400 0 0 0 0
1394496000 0 0 0 0
1394409600 0 0 0 0
1394323200 0 0 0 0
1394236800 0 0 0 0
1394150400 0 0 0 0
1394064000 0 0 0 0
1393977600 0 0 0 0
1393891200 0 0 0 0
1393804800 0 0 0 0
1393718400 0 0 0 0
1393632000 0 0 0 0
1393545600 0 0 0 0
1393459200 0 0 0 0
1393372800 0 0 0 0
1393286400 0 0 0 0
1393200000 0 0 0 0
1393113600 0 0 0 0
1393027200 0 0 0 0
1392940800 0 0 0 0
1392854400 0 0 0 0
1392768000 0 0 0 0
1392681600 0 0 0 0
1392595200 0 0 0 0
1392508800 0 0 0 0
1392422400 0 0 0 0
1392336000 0 0 0 0
1392249600 0 0 0 0
1392163200 0 0 0 0
1392076800 0 0 0 0
1391990400 0 0 0 0
1391904000 0 0 0 0
1391817600 0 0 0 0
1391731200 0 0 0 0
1391644800 0 0 0 0
1391558400 0 0 0 0
1391472000 0 0 0 0
1391385600 0 0 0 0
1391299200 0 0 0 0
1391212800 0 0 0 0
1391126400 0 0 0 0
1391040000 0 0 0 0
1390953600 0 0 0 0
1390867200 0 0 0 0
1390780800 0 0 0 0
1390694400 0 0 0 0
1390608000 0 0 0 0
1390521600 0 0 0 0
1390435200 0 0 0 0
1390348800 0 0 0 0
1390262400 0 0 0 0
1390176000 0 0 0 0
1390089600 0 0 0 0
1390003200 0 0 0 0
1389916800 0 0 0 0
1389830400 0 0 0 0
1389744000 0 0 0 0
1389657600 0 0 0 0
1389571200 0 0 0 0
1389484800 0 0 0 0
1389398400 0 0 0 0
1389312000 0 0 0 0
1389225600 0 0 0 0
1389139200 0 0 0 0
1389052800 0 0 0 0
1388966400 0 0 0 0
1388880000 0 0 0 0
1388793600 0 0 0 0
1388707200 0 0 0 0
1388620800 0 0 0 0
1388534400 0 0 0 0
1388448000 0 0 0 0
1388361600 0 0 0 0
1388275200 0 0 0 0
1388188800 0 0 0 0
1388102400 0 0 0 0
1388016000 0 0 0 0
1387929600 0 0 0 0
1387843200 0 0 0 0
1387756800 0 0 0 0
1387670400 0 0 0 0
1387584000 0 0 0 0
1387497600 0 0 0 0
1387411200 0 0 0 0
1387324800 0 0 0 0
1387238400 0 0 0 0
1387152000 0 0 0 0
1387065600 0 0 0 0
1386979200 0 0 0 0
1386892800 0 0 0 0
1386806400 0 0 0 0
1386720000 0 0 0 0
1386633600 0 0 0 0
1386547200 0 0 0 0
1386460800 0 0 0 0
1386374400 0 0 0 0
1386288000 0 0 0 0
1386201600 0 0 0 0
1386115200 0 0 0 0
1386028800 0 0 0 0
1385942400 0 0 0 0
1385856000 0 0 0 0
1385769600 0 0 0 0
1385683200 0 0 0 0
1385596800 0 0 0 0
1385510400 0 0 0 0
1385424000 0 0 0 0
1385337600 0 0 0 0
1385251200 0 0 0 0
1385164800 0 0 0 0
1385078400 0 0 0 0
1384992000 0 0 0 0
1384905600 0 0 0 0
1384819200 0 0 0 0
1384732800 0 0 0 0
1384646400 0 0 0 0
1384560000 0 0 0 0
1384473600 0 0 0 0
1384387200 0 0 0 0
1384300800 0 0 0 0
1384214400 0 0 0 0
1384128000 0 0 0 0
1384041600 0 0 0 0
1383955200 0 0 0 0
1383868800 0 0 0 0
1383782400 0 0 0 0
1383696000 0 0 0 0
1383609600 0 0 0 0
1383523200 0 0 0 0
1383436800 0 0 0 0
1383350400 0 0 0 0
1383264000 0 0 0 0
1383177600 0 0 0 0
1383091200 0 0 0 0
1383004800 0 0 0 0
1382918400 0 0 0 0
1382832000 0 0 0 0
1382745600 0 0 0 0
1382659200 0 0 0 0
1382572800 0 0 0 0
1382486400 0 0 0 0
1382400000 0 0 0 0
1382313600 0 0 0 0
1382227200 0 0 0 0
1382140800 0 0 0 0
1382054400 0 0 0 0
1381968000 0 0 0 0
1381881600 0 0 0 0
1381795200 0 0 0 0
1381708800 0 0 0 0
1381622400 0 0 0 0
1381536000 0 0 0 0
1381449600 0 0 0 0
1381363200 0 0 0 0
1381276800 0 0 0 0
1381190400 0 0 0 0
1381104000 0 0 0 0
1381017600 0 0 0 0
1380931200 0 0 0 0
1380844800 0 0 0 0
1380758400 0 0 0 0
1380672000 0 0 0 0
1380585600 0 0 0 0
1380499200 0 0 0 0
1380412800 0 0 0 0
1380326400 0 0 0 0
1380240000 0 0 0 0
1380153600 0 0 0 0
1380067200 0 0 0 0
1379980800 0 0 0 0
1379894400 0 0 0 0
1379808000 0 0 0 0
1379721600 0 0 0 0
1379635200 0 0 0 0
1379548800 0 0 0 0
1379462400 0 0 0 0
1379376000 0 0 0 0
1379289600 0 0 0 0
1379203200 0 0 0 0
1379116800 0 0 0 0
1379030400 0 0 0 0
1378944000 0 0 0 0
1378857600 0 0 0 0
1378771200 0 0 0 0
1378684800 0 0 0 0
1378598400 0 0 0 0
1378512000 0 0 0 0
1378425600 0 0 0 0
1378339200 0 0 0 0
1378252800 0 0 0 0
1378166400 0 0 0 0
1378080000 0 0 0 0
1377993600 0 0 0 0
1377907200 0 0 0 0
1377820800 0 0 0 0
1377734400 0 0 0 0
1377648000 0 0 0 0
1377561600 0 0 0 0
1377475200 0 0 0 0
1377388800 0 0 0 0
1377302400 0 0 0 0
1377216000 0 0 0 0
1377129600 0 0 0 0
1377043200 0 0 0 0
1376956800 0 0 0 0
1376870400 0 0 0 0
1376784000 0 0 0 0
1376697600 0 0 0 0
1376611200 0 0 0 0
1376524800 0 0 0 0
1376438400 0 0 0 0
1376352000 0 0 0 0
1376265600 0 0 0 0
1376179200 0 0 0 0
1376092800 0 0 0 0
1376006400 0 0 0 0
1375920000 0 0 0 0
1375833600 0 0 0 0
1375747200 0 0 0 0
1375660800 0 0 0 0
1375574400 0 0 0 0
1375488000 0 0 0 0
1375401600 0 0 0 0
1375315200 0 0 0 0
1375228800 0 0 0 0
