1509011702 39 39
1509011702 39 39 39 39
1509011402 38 38 38 38
1509011400 38 38 39 39
1509011100 39 39 41 41
1509010800 41 41 47 47
1509010500 47 47 51 51
1509010200 51 51 51 51
1509009900 51 51 52 52
1509009600 52 52 54 54
1509009300 53 53 54 54
1509009000 52 52 53 53
1509008700 40 40 41 41
1509008400 32 32 34 34
1509008100 34 34 36 36
1509007800 36 36 36 36
1509007500 35 35 36 36
1509007200 34 34 35 35
1509006900 34 34 35 35
1509006600 34 34 35 35
1509006300 33 33 34 34
1509006000 33 33 35 35
1509005700 35 35 35 35
1509005400 35 35 37 37
1509005100 36 36 37 37
1509004800 34 34 34 34
1509004500 33 33 34 34
1509004200 33 33 34 34
1509003900 34 34 35 35
1509003600 35 35 36 36
1509003300 36 36 36 36
1509003000 35 35 36 36
1509002700 34 34 35 35
1509002400 33 33 33 33
1509002100 32 32 33 33
1509001800 29 29 30 30
1509001500 29 29 29 29
1509001200 29 29 30 30
1509000900 30 30 32 32
1509000600 31 31 32 32
1509000300 31 31 35 35
1509000000 34 34 35 35
1508999700 33 33 35 35
1508999400 35 35 35 35
1508999100 35 35 36 36
1508998800 36 36 36 36
1508998500 36 36 37 37
1508998200 37 37 39 39
1508997900 39 39 39 39
1508997600 38 38 39 39
1508997300 38 38 38 38
1508997000 37 37 38 38
1508996700 36 36 37 37
1508996400 32 32 33 33
1508996100 28 28 29 29
1508995800 25 25 25 25
1508995500 25 25 27 27
1508995200 26 26 27 27
1508994900 25 25 25 25
1508994600 25 25 25 25
1508994300 25 25 25 25
1508994000 25 25 26 26
1508993700 25 25 26 26
1508993400 23 23 24 24
1508993100 22 22 23 23
1508992800 20 20 21 21
1508992500 19 19 20 20
1508992200 19 19 20 20
1508991900 20 20 20 20
1508991600 19 19 20 20
1508991300 19 19 19 19
1508991000 19 19 20 20
1508990700 19 19 20 20
1508990400 19 19 19 19
1508990100 19 19 22 22
1508989800 21 21 22 22
1508989500 20 20 21 21
1508989200 21 21 24 24
1508988900 23 23 24 24
1508988600 22 22 23 23
1508988300 21 21 22 22
1508988000 20 20 21 21
1508987700 20 20 20 20
1508987400 20 20 20 20
1508987100 20 20 20 20
1508986800 20 20 20 20
1508986500 19 19 20 20
1508986200 19 19 19 19
1508985900 19 19 19 19
1508985600 19 19 19 19
1508985300 19 19 19 19
1508985000 19 19 19 19
1508984700 18 18 19 19
1508984400 18 18 18 18
1508984100 18 18 18 18
1508983800 18 18 18 18
1508983500 18 18 20 20
1508983200 20 20 20 20
1508982900 20 20 21 21
1508982600 21 21 21 21
1508982300 21 21 22 22
1508982000 22 22 22 22
1508981700 22 22 22 22
1508981400 22 22 23 23
1508981100 23 23 23 23
1508980800 22 22 23 23
1508980500 21 21 21 21
1508980200 20 20 21 21
1508979900 20 20 20 20
1508979600 20 20 21 21
1508979300 21 21 21 21
1508979000 21 21 21 21
1508978700 21 21 23 23
1508978400 23 23 25 25
1508978100 25 25 27 27
1508977800 27 27 28 28
1508977500 27 27 28 28
1508977200 24 24 25 25
1508976900 24 24 25 25
1508976600 24 24 25 25
1508976300 25 25 26 26
1508976000 26 26 28 28
1508975700 27 27 28 28
1508975400 24 24 25 25
1508975100 24 24 24 24
1508974800 24 24 25 25
1508974500 25 25 25 25
1508974200 25 25 26 26
1508973900 26 26 28 28
1508973600 28 28 29 29
1508973300 29 29 32 32
1508973000 32 32 33 33
1508972700 32 32 33 33
1508972400 30 30 31 31
1508972100 28 28 28 28
1508971800 28 28 30 30
1508971500 30 30 33 33
1508971200 33 33 33 33
1508970900 32 32 33 33
1508970600 31 31 32 32
1508970300 32 32 35 35
1508970000 35 35 41 41
1508969700 41 41 42 42
1508969400 42 42 45 45
1508969100 44 44 45 45
1508968800 40 40 41 41
1508968500 38 38 38 38
1508968200 38 38 40 40
1508967900 40 40 45 45
1508967600 45 45 49 49
1508967300 49 49 49 49
1508967000 49 49 51 51
1508966700 51 51 51 51
1508966400 51 51 51 51
1508966100 50 50 51 51
1508965800 50 50 50 50
1508965500 50 50 51 51
1508965200 51 51 51 51
1508964900 50 50 51 51
1508964600 48 48 49 49
1508964300 48 48 50 50
1508964000 49 49 50 50
1508963700 48 48 49 49
1508963400 48 48 50 50
1508963100 50 50 51 51
1508962800 50 50 51 51
1508962500 49 49 49 49
1508962200 49 49 49 49
1508961900 49 49 52 52
1508961600 51 51 52 52
1508961300 50 50 52 52
1508961000 52 52 56 56
1508960700 55 55 56 56
1508960400 53 53 55 55
1508960100 54 54 55 55
1508959800 54 54 55 55
1508959500 55 55 55 55
1508959200 54 54 55 55
1508958900 54 54 54 54
1508958600 54 54 54 54
1508958300 54 54 56 56
1508958000 56 56 56 56
1508957700 56 56 57 57
1508957400 57 57 57 57
1508957100 57 57 60 60
1508956800 60 60 62 62
1508956500 62 62 65 65
1508956200 65 65 66 66
1508955900 66 66 70 70
1508955600 70 70 70 70
1508955300 70 70 73 73
1508955000 72 72 73 73
1508954700 71 71 74 74
1508954400 73 73 74 74
1508954100 72 72 73 73
1508953800 72 72 73 73
1508953500 72 72 73 73
1508953200 71 71 72 72
1508952900 64 64 65 65
1508952600 63 63 64 64
1508952300 64 64 64 64
1508952000 64 64 69 69
1508951700 69 69 70 70
1508951400 70 70 70 70
1508951100 70 70 70 70
1508950800 69 69 70 70
1508950500 63 63 64 64
1508950200 62 62 63 63
1508949900 60 60 61 61
1508949600 60 60 63 63
1508949300 63 63 63 63
1508949000 63 63 66 66
1508948700 65 65 66 66
1508948400 63 63 64 64
1508948100 62 62 63 63
1508947800 56 56 57 57
1508947500 52 52 53 53
1508947200 49 49 50 50
1508946900 48 48 49 49
1508946600 48 48 49 49
1508946300 48 48 49 49
1508946000 49 49 49 49
1508945700 49 49 50 50
1508945400 50 50 50 50
1508945100 49 49 50 50
1508944800 45 45 46 46
1508944500 44 44 45 45
1508944200 44 44 45 45
1508943900 45 45 49 49
1508943600 49 49 50 50
1508943300 50 50 51 51
1508943000 50 50 51 51
1508942700 47 47 48 48
1508942400 44 44 45 45
1508942100 41 41 42 42
1508941800 40 40 40 40
1508941500 40 40 42 42
1508941200 42 42 47 47
1508940900 46 46 47 47
1508940600 45 45 46 46
1508940300 40 40 41 41
1508940000 37 37 38 38
1508939700 37 37 38 38
1508939400 38 38 38 38
1508939100 38 38 40 40
1508938800 39 39 40 40
1508938500 38 38 39 39
1508938200 38 38 40 40
1508937900 40 40 44 44
1508937600 43 43 44 44
1508937300 42 42 43 43
1508937000 37 37 38 38
1508936700 35 35 36 36
1508936400 34 34 36 36
1508936100 36 36 39 39
1508935800 38 38 39 39
1508935500 38 38 42 42
1508935200 42 42 43 43
1508934900 43 43 44 44
1508934600 44 44 44 44
1508934300 43 43 44 44
1508934000 41 41 41 41
1508933700 41 41 41 41
1508933400 40 40 41 41
1508933100 40 40 40 40
1508932800 40 40 40 40
1508932500 39 39 40 40
1508932200 37 37 38 38
1508931900 37 37 38 38
1508931600 37 37 38 38
1508931300 37 37 38 38
1508931000 37 37 39 39
1508930700 38 38 39 39
1508930400 38 38 40 40
1508930100 40 40 41 41
1508929800 41 41 42 42
1508929500 42 42 42 42
1508929200 42 42 43 43
1508928900 43 43 43 43
1508928600 42 42 43 43
1508928300 40 40 41 41
1508928000 40 40 40 40
1508927700 40 40 40 40
1508927400 39 39 40 40
1508927100 38 38 39 39
1508926800 36 36 37 37
1508926500 37 37 39 39
1508926200 38 38 39 39
1508925900 38 38 38 38
1508925600 38 38 38 38
1508925300 37 37 38 38
1508925000 35 35 38 38
1508924700 38 38 38 38
1508924400 38 38 40 40
1508924100 40 40 40 40
1508923800 39 39 40 40
1508923500 36 36 37 37
1508923200 37 37 39 39
1508922900 39 39 41 41
1508922600 40 40 41 41
1508922300 38 38 39 39
1508922000 36 36 37 37
1508921700 36 36 37 37
1508921400 35 35 36 36
1508921100 33 33 33 33
1508920800 33 33 33 33
1508920500 33 33 35 35
1508920200 35 35 37 37
1508919900 36 36 37 37
1508919600 35 35 36 36
1508919300 36 36 38 38
1508919000 38 38 43 43
1508918700 43 43 44 44
1508918400 43 43 44 44
1508918100 39 39 40 40
1508917800 35 35 36 36
1508917500 32 32 33 33
1508917200 32 32 33 33
1508916900 33 33 33 33
1508916600 32 32 33 33
1508916300 31 31 33 33
1508916000 33 33 37 37
1508915700 37 37 39 39
1508915400 38 38 39 39
1508915100 38 38 41 41
1508914800 41 41 45 45
1508914500 45 45 47 47
1508914200 47 47 47 47
1508913900 47 47 50 50
1508913600 50 50 52 52
1508913300 52 52 53 53
1508913000 52 52 53 53
1508912700 47 47 48 48
1508912400 43 43 44 44
1508912100 41 41 42 42
1508911800 37 37 38 38
1508911500 33 33 34 34
1508911200 32 32 33 33
1508910900 32 32 33 33
1508910600 31 31 32 32
1508910300 30 30 30 30
1508910000 29 29 30 30
1508909700 29 29 31 31
1508909400 31 31 31 31
1508909100 31 31 31 31
1508908800 31 31 31 31
1508908500 31 31 31 31
1508908200 31 31 32 32
1508907900 31 31 32 32
1508907600 29 29 30 30
1508907300 29 29 29 29
1508907000 29 29 29 29
1508906700 29 29 29 29
1508906400 29 29 29 29
1508906100 28 28 29 29
1508905800 27 27 28 28
1508905500 26 26 27 27
1508905200 22 22 24 24
1508904900 24 24 25 25
1508904600 24 24 25 25
1508904300 24 24 24 24
1508904000 24 24 24 24
1508903700 23 23 24 24
1508903400 20 20 21 21
1508903100 19 19 19 19
1508902800 19 19 22 22
1508902500 21 21 22 22
1508902200 18 18 20 20
1508901900 20 20 24 24
1508901600 23 23 24 24
1508901300 21 21 22 22
1508901000 18 18 18 18
1508900700 18 18 22 22
1508900400 22 22 22 22
1508900100 22 22 23 23
1508899800 23 23 23 23
1508899500 23 23 23 23
1508899200 23 23 25 25
1508898900 25 25 25 25
1508898600 25 25 26 26
1508898300 26 26 27 27
1508898000 27 27 30 30
1508897700 30 30 31 31
1508897400 30 30 31 31
1508897100 24 24 25 25
1508896800 22 22 23 23
1508896500 23 23 24 24
1508896200 23 23 24 24
1508895900 23 23 23 23
1508895600 23 23 23 23
1508895300 22 22 23 23
1508895000 22 22 22 22
1508894700 22 22 22 22
1508894400 22 22 22 22
1508894100 22 22 22 22
1508893800 22 22 23 23
1508893500 23 23 27 27
1508893200 27 27 29 29
1508892900 28 28 29 29
1508892600 27 27 28 28
1508892300 26 26 27 27
1508892000 27 27 30 30
1508891700 30 30 30 30
1508891400 30 30 31 31
1508891100 31 31 31 31
1508890800 30 30 31 31
1508890500 30 30 30 30
1508890200 29 29 30 30
1508889900 28 28 28 28
1508889600 28 28 28 28
1508889300 28 28 28 28
1508889000 27 27 28 28
1508888700 27 27 28 28
1508888400 28 28 30 30
1508888100 29 29 30 30
1508887800 29 29 30 30
1508887500 30 30 30 30
1508887200 30 30 31 31
1508886900 30 30 31 31
1508886600 30 30 30 30
1508886300 29 29 30 30
1508886000 29 29 29 29
1508885700 29 29 31 31
1508885400 31 31 34 34
1508885100 34 34 35 35
1508884800 35 35 35 35
1508884500 34 34 35 35
1508884200 33 33 34 34
1508883900 32 32 33 33
1508883600 33 33 33 33
1508883300 33 33 34 34
1508883000 34 34 36 36
1508882700 36 36 39 39
1508882400 39 39 42 42
1508882100 41 41 42 42
1508881800 39 39 41 41
1508881500 41 41 41 41
1508881200 41 41 44 44
1508880900 43 43 44 44
1508880600 41 41 41 41
1508880300 40 40 41 41
1508880000 40 40 41 41
1508879700 41 41 43 43
1508879400 43 43 44 44
1508879100 44 44 49 49
1508878800 48 48 49 49
1508878500 46 46 47 47
1508878200 46 46 46 46
1508877900 46 46 49 49
1508877600 49 49 52 52
1508877300 52 52 55 55
1508877000 55 55 56 56
1508876700 55 55 56 56
1508876400 52 52 54 54
1508876100 54 54 58 58
1508875800 58 58 59 59
1508875500 59 59 63 63
1508875200 62 62 63 63
1508874900 61 61 62 62
1508874600 61 61 61 61
1508874300 61 61 62 62
1508874000 62 62 64 64
1508873700 63 63 64 64
1508873400 62 62 63 63
1508873100 61 61 62 62
1508872800 61 61 65 65
1508872500 65 65 66 66
1508872200 65 65 66 66
1508871900 64 64 65 65
1508871600 64 64 65 65
1508871300 64 64 65 65
1508871000 65 65 66 66
1508870700 66 66 68 68
1508870400 68 68 72 72
1508870100 72 72 78 78
1508869800 78 78 78 78
1508869500 77 77 78 78
1508869200 72 72 73 73
1508868900 68 68 69 69
1508868600 66 66 67 67
1508868300 65 65 65 65
1508868000 65 65 66 66
1508867700 66 66 66 66
1508867400 66 66 67 67
1508867100 67 67 67 67
1508866800 66 66 67 67
1508866500 64 64 65 65
1508866200 63 63 64 64
1508865900 64 64 65 65
1508865600 65 65 67 67
1508865300 67 67 68 68
1508865000 68 68 72 72
1508864700 71 71 72 72
1508864400 69 69 70 70
1508864100 62 62 63 63
1508863800 60 60 61 61
1508863500 60 60 62 62
1508863200 61 61 62 62
1508862900 61 61 61 61
1508862600 60 60 61 61
1508862300 60 60 66 66
1508862000 65 65 66 66
1508861700 62 62 63 63
1508861400 61 61 61 61
1508861100 60 60 61 61
1508860800 58 58 59 59
1508860500 57 57 59 59
1508860200 58 58 59 59
1508859900 56 56 56 56
1508859600 55 55 56 56
1508859300 54 54 55 55
1508859000 53 53 54 54
1508858700 52 52 52 52
1508858400 52 52 54 54
1508858100 54 54 54 54
1508857800 54 54 55 55
1508857500 54 54 55 55
1508857200 53 53 54 54
1508856900 53 53 54 54
1508856600 52 52 53 53
1508856300 50 50 51 51
1508856000 46 46 47 47
1508855700 44 44 45 45
1508855400 44 44 45 45
1508855100 45 45 45 45
1508854800 44 44 45 45
1508854500 42 42 43 43
1508854200 41 41 42 42
1508853900 42 42 42 42
1508853600 42 42 43 43
1508853300 43 43 45 45
1508853000 45 45 47 47
1508852700 47 47 47 47
1508852400 47 47 48 48
1508852100 48 48 48 48
1508851800 47 47 48 48
1508851500 45 45 46 46
1508851200 45 45 46 46
1508850900 44 44 44 44
1508850600 44 44 44 44
1508850300 44 44 49 49
1508850000 48 48 49 49
1508849700 45 45 46 46
1508849400 44 44 45 45
1508849100 45 45 47 47
1508848800 47 47 49 49
1508848500 48 48 49 49
1508848200 45 45 46 46
1508847900 44 44 45 45
1508847600 44 44 45 45
1508847300 45 45 46 46
1508847000 46 46 47 47
1508846700 47 47 53 53
1508846400 53 53 60 60
1508846100 60 60 62 62
1508845800 61 61 62 62
1508845500 55 55 56 56
1508845200 45 45 46 46
1508844900 44 44 45 45
1508844600 44 44 44 44
1508844300 43 43 44 44
1508844000 43 43 44 44
1508843700 44 44 45 45
1508843400 44 44 45 45
1508843100 41 41 42 42
1508842800 40 40 40 40
1508842500 40 40 44 44
1508842200 44 44 47 47
1508841900 47 47 52 52
1508841600 52 52 57 57
1508841300 56 56 57 57
1508841000 53 53 54 54
1508840700 50 50 51 51
1508840400 45 45 46 46
1508840100 42 42 44 44
1508839800 43 43 44 44
1508839500 42 42 43 43
1508839200 41 41 42 42
1508838900 38 38 39 39
1508838600 39 39 40 40
1508838300 40 40 40 40
1508838000 39 39 40 40
1508837700 38 38 39 39
1508837400 36 36 37 37
1508837100 34 34 35 35
1508836800 33 33 34 34
1508836500 32 32 32 32
1508836200 32 32 34 34
1508835900 34 34 35 35
1508835600 34 34 35 35
1508835300 33 33 34 34
1508835000 32 32 33 33
1508834700 30 30 33 33
1508834400 33 33 35 35
1508834100 35 35 38 38
1508833800 38 38 39 39
1508833500 39 39 39 39
1508833200 39 39 39 39
1508832900 38 38 39 39
1508832600 36 36 37 37
1508832300 35 35 36 36
1508832000 35 35 37 37
1508831700 33 33 37 37
1508830200 35 35 40 40
1508828400 32 32 40 40
1508826600 28 28 35 35
1508824800 22 22 26 26
1508823000 21 21 22 22
1508821200 19 19 22 22
1508819400 17 17 19 19
1508817600 15 15 17 17
1508815800 13 13 15 15
1508814000 14 14 15 15
1508812200 14 14 17 17
1508810400 16 16 17 17
1508808600 16 16 18 18
1508806800 17 17 20 20
1508805000 19 19 21 21
1508803200 21 21 26 26
1508801400 25 25 29 29
1508799600 26 26 28 28
1508797800 29 29 33 33
1508796000 35 35 44 44
1508794200 49 49 56 56
1508792400 54 54 59 59
1508790600 51 51 55 55
1508788800 62 62 73 73
1508787000 69 69 74 74
1508785200 61 61 65 65
1508783400 61 61 65 65
1508781600 57 57 60 60
1508779800 58 58 64 64
1508778000 64 64 70 70
1508776200 64 64 71 71
1508774400 54 54 60 60
1508772600 53 53 60 60
1508770800 32 32 44 44
1508769000 44 44 53 53
1508767200 45 45 46 46
1508765400 42 42 45 45
1508763600 46 46 53 53
1508761800 44 44 50 50
1508760000 42 42 43 43
1508758200 41 41 42 42
1508756400 39 39 43 43
1508754600 44 44 48 48
1508752800 43 43 44 44
1508751000 39 39 44 44
1508749200 34 34 38 38
1508747400 34 34 36 36
1508745600 33 33 38 38
1508743800 34 34 38 38
1508742000 30 30 35 35
1508740200 26 26 30 30
1508738400 26 26 32 32
1508736600 30 30 32 32
1508734800 21 21 27 27
1508733000 24 24 26 26
1508731200 20 20 25 25
1508729400 17 17 21 21
1508727600 17 17 18 18
1508725800 18 18 19 19
1508724000 18 18 23 23
1508722200 19 19 22 22
1508720400 18 18 19 19
1508718600 19 19 21 21
1508716800 22 22 26 26
1508715000 21 21 25 25
1508713200 24 24 25 25
1508711400 26 26 31 31
1508709600 31 31 36 36
1508707800 38 38 43 43
1508706000 40 40 51 51
1508704200 48 48 51 51
1508702400 51 51 57 57
1508700600 59 59 64 64
1508698800 64 64 68 68
1508697000 67 67 70 70
1508695200 66 66 69 69
1508693400 64 64 68 68
1508691600 64 64 67 67
1508689800 63 63 67 67
1508688000 64 64 68 68
1508686200 57 57 63 63
1508684400 63 63 72 72
1508682600 55 55 59 59
1508680800 58 58 61 61
1508679000 55 55 58 58
1508677200 55 55 59 59
1508675400 57 57 63 63
1508673600 60 60 64 64
1508671800 54 54 64 64
1508670000 56 56 65 65
1508668200 58 58 65 65
1508666400 53 53 61 61
1508664600 45 45 58 58
1508662800 39 39 42 42
1508661000 37 37 41 41
1508659200 32 32 37 37
1508657400 33 33 37 37
1508655600 30 30 33 33
1508653800 23 23 29 29
1508652000 23 23 24 24
1508650200 22 22 25 25
1508648400 18 18 22 22
1508646600 17 17 19 19
1508644800 15 15 19 19
1508643000 15 15 18 18
1508641200 17 17 19 19
1508639400 17 17 19 19
1508637600 18 18 28 28
1508635800 19 19 28 28
1508634000 16 16 20 20
1508632200 20 20 24 24
1508630400 22 22 24 24
1508628600 22 22 24 24
1508626800 24 24 29 29
1508625000 30 30 33 33
1508623200 35 35 41 41
1508621400 41 41 48 48
1508619600 40 40 44 44
1508617800 46 46 55 55
1508616000 52 52 58 58
1508614200 57 57 61 61
1508612400 53 53 60 60
1508610600 51 51 58 58
1508608800 56 56 59 59
1508607000 53 53 58 58
1508605200 52 52 56 56
1508603400 45 45 51 51
1508601600 45 45 57 57
1508599800 51 51 55 55
1508598000 47 47 57 57
1508596200 56 56 59 59
1508594400 51 51 56 56
1508592600 48 48 56 56
1508590800 60 60 65 65
1508589000 58 58 65 65
1508587200 51 51 56 56
1508585400 45 45 48 48
1508583600 45 45 49 49
1508581800 44 44 48 48
1508580000 44 44 48 48
1508578200 43 43 48 48
1508576400 43 43 47 47
1508574600 41 41 44 44
1508572800 38 38 40 40
1508571000 34 34 40 40
1508569200 36 36 42 42
1508567400 33 33 37 37
1508565600 28 28 32 32
1508563800 26 26 28 28
1508562000 24 24 28 28
1508560200 27 27 29 29
1508558400 23 23 29 29
1508556600 22 22 23 23
1508554800 19 19 22 22
1508553000 19 19 21 21
1508551200 20 20 20 20
1508549400 20 20 23 23
1508547600 21 21 22 22
1508545800 23 23 31 31
1508544000 27 27 32 32
1508542200 28 28 33 33
1508540400 33 33 37 37
1508538600 38 38 45 45
1508536800 44 44 55 55
1508535000 50 50 54 54
1508533200 54 54 59 59
1508531400 59 59 70 70
1508529600 67 67 71 71
1508527800 64 64 68 68
1508526000 65 65 69 69
1508524200 63 63 66 66
1508522400 67 67 72 72
1508520600 68 68 73 73
1508518800 67 67 72 72
1508517000 60 60 71 71
1508515200 53 53 59 59
1508513400 51 51 57 57
1508511600 53 53 57 57
1508509800 49 49 55 55
1508508000 43 43 48 48
1508506200 48 48 54 54
1508504400 46 46 49 49
1508502600 47 47 49 49
1508500800 39 39 45 45
1508499000 36 36 40 40
1508497200 43 43 51 51
1508495400 42 42 48 48
1508493600 36 36 39 39
1508491800 38 38 39 39
1508490000 36 36 41 41
1508488200 37 37 42 42
1508486400 38 38 42 42
1508484600 32 32 36 36
1508482800 28 28 34 34
1508481000 29 29 32 32
1508479200 27 27 28 28
1508477400 25 25 27 27
1508475600 21 21 24 24
1508473800 21 21 24 24
1508472000 19 19 22 22
1508470200 17 17 19 19
1508468400 18 18 24 24
1508466600 19 19 23 23
1508464800 17 17 22 22
1508463000 17 17 19 19
1508461200 18 18 20 20
1508459400 19 19 20 20
1508457600 21 21 27 27
1508455800 28 28 33 33
1508454000 35 35 41 41
1508452200 43 43 47 47
1508450400 47 47 51 51
1508448600 52 52 58 58
1508446800 53 53 58 58
1508445000 54 54 58 58
1508443200 58 58 65 65
1508441400 64 64 70 70
1508439600 64 64 70 70
1508437800 65 65 67 67
1508436000 63 63 67 67
1508434200 57 57 63 63
1508432400 56 56 62 62
1508430600 53 53 58 58
1508428800 51 51 54 54
1508427000 47 47 52 52
1508425200 49 49 54 54
1508423400 50 50 53 53
1508421600 50 50 53 53
1508419800 50 50 53 53
1508418000 53 53 58 58
1508416200 50 50 55 55
1508414400 49 49 54 54
1508412600 41 41 46 46
1508410800 39 39 46 46
1508409000 40 40 46 46
1508407200 37 37 40 40
1508405400 36 36 37 37
1508403600 36 36 38 38
1508401800 38 38 43 43
1508400000 40 40 44 44
1508398200 36 36 41 41
1508396400 32 32 36 36
1508394600 29 29 34 34
1508392800 27 27 30 30
1508391000 26 26 32 32
1508389200 25 25 34 34
1508387400 23 23 34 34
1508385600 20 20 23 23
1508383800 19 19 21 21
1508382000 19 19 21 21
1508380200 20 20 21 21
1508378400 18 18 20 20
1508376600 18 18 22 22
1508374800 20 20 21 21
1508373000 20 20 23 23
1508371200 19 19 22 22
1508369400 24 24 26 26
1508367600 28 28 32 32
1508365800 30 30 34 34
1508364000 37 37 44 44
1508362200 42 42 47 47
1508360400 44 44 54 54
1508358600 52 52 61 61
1508356800 58 58 65 65
1508355000 59 59 65 65
1508353200 59 59 66 66
1508351400 59 59 66 66
1508349600 57 57 62 62
1508347800 57 57 65 65
1508346000 57 57 63 63
1508344200 53 53 56 56
1508342400 51 51 54 54
1508340600 42 42 48 48
1508338800 40 40 43 43
1508337000 36 36 38 38
1508335200 34 34 39 39
1508333400 39 39 41 41
1508331600 38 38 40 40
1508329800 37 37 38 38
1508328000 35 35 38 38
1508326200 36 36 41 41
1508324400 36 36 37 37
1508322600 33 33 36 36
1508320800 33 33 34 34
1508319000 32 32 34 34
1508317200 34 34 38 38
1508315400 35 35 38 38
1508313600 35 35 42 42
1508311800 40 40 43 43
1508310000 33 33 40 40
1508308200 29 29 32 32
1508306400 24 24 28 28
1508304600 23 23 25 25
1508302800 22 22 30 30
1508301000 21 21 30 30
1508299200 17 17 19 19
1508297400 15 15 16 16
1508295600 17 17 19 19
1508293800 17 17 19 19
1508292000 18 18 20 20
1508290200 17 17 17 17
1508288400 17 17 18 18
1508286600 17 17 20 20
1508284800 20 20 26 26
1508283000 24 24 29 29
1508281200 31 31 34 34
1508279400 34 34 41 41
1508277600 37 37 48 48
1508275800 46 46 49 49
1508274000 45 45 49 49
1508272200 51 51 54 54
1508270400 59 59 63 63
1508268600 60 60 65 65
1508266800 63 63 65 65
1508265000 59 59 65 65
1508263200 60 60 64 64
1508261400 64 64 70 70
1508259600 65 65 69 69
1508257800 57 57 67 67
1508256000 52 52 54 54
1508254200 48 48 53 53
1508252400 44 44 47 47
1508250600 41 41 45 45
1508248800 49 49 56 56
1508247000 45 45 56 56
1508245200 42 42 48 48
1508243400 43 43 46 46
1508241600 41 41 45 45
1508239800 39 39 41 41
1508238000 39 39 42 42
1508236200 34 34 39 39
1508234400 34 34 37 37
1508232600 35 35 36 36
1508230800 35 35 36 36
1508229000 35 35 40 40
1508227200 38 38 40 40
1508225400 36 36 38 38
1508223600 32 32 36 36
1508221800 29 29 34 34
1508220000 34 34 38 38
1508218200 32 32 37 37
1508216400 29 29 34 34
1508214600 21 21 27 27
1508212800 21 21 23 23
1508211000 21 21 23 23
1508209200 19 19 22 22
1508207400 17 17 19 19
1508205600 16 16 17 17
1508203800 17 17 21 21
1508202000 20 20 21 21
1508200200 20 20 21 21
1508198400 21 21 21 21
1508196600 22 22 27 27
1508194800 30 30 37 37
1508193000 32 32 35 35
1508191200 32 32 37 37
1508189400 38 38 42 42
1508187600 40 40 48 48
1508185800 49 49 52 52
1508184000 54 54 59 59
1508182200 63 63 71 71
1508180400 66 66 67 67
1508178600 67 67 75 75
1508176800 66 66 75 75
1508175000 66 66 77 77
1508173200 73 73 77 77
1508171400 73 73 75 75
1508169600 65 65 72 72
1508167800 61 61 64 64
1508166000 59 59 63 63
1508164200 54 54 59 59
1508162400 50 50 57 57
1508160600 52 52 56 56
1508158800 53 53 57 57
1508157000 51 51 57 57
1508155200 44 44 48 48
1508153400 45 45 49 49
1508151600 43 43 49 49
1508149800 44 44 46 46
1508148000 44 44 48 48
1508146200 47 47 54 54
1508144400 52 52 55 55
1508142600 47 47 49 49
1508140800 42 42 47 47
1508139000 39 39 44 44
1508137200 38 38 44 44
1508135400 34 34 36 36
1508133600 33 33 40 40
1508131800 34 34 44 44
1508130000 27 27 33 33
1508128200 24 24 26 26
1508126400 22 22 26 26
1508124600 22 22 25 25
1508122800 20 20 22 22
1508121000 19 19 21 21
1508119200 19 19 21 21
1508117400 20 20 22 22
1508115600 22 22 26 26
1508113800 25 25 31 31
1508112000 31 31 35 35
1508110200 27 27 31 31
1508108400 30 30 33 33
1508106600 33 33 37 37
1508104800 39 39 46 46
1508103000 45 45 50 50
1508101200 56 56 62 62
1508099400 62 62 65 65
1508097600 63 63 66 66
1508095800 69 69 77 77
1508094000 75 75 79 79
1508092200 76 76 79 79
1508090400 79 79 83 83
1508088600 74 74 79 79
1508086800 72 72 77 77
1508085000 71 71 76 76
1508083200 63 63 69 69
1508081400 62 62 64 64
1508079600 61 61 66 66
1508077800 65 65 68 68
1508076000 68 68 73 73
1508074200 61 61 65 65
1508072400 55 55 61 61
1508070600 53 53 60 60
1508068800 53 53 60 60
1508067000 55 55 60 60
1508065200 50 50 52 52
1508063400 53 53 59 59
1508061600 49 49 53 53
1508059800 48 48 51 51
1508058000 50 50 55 55
1508056200 52 52 56 56
1508054400 45 45 52 52
1508052600 46 46 51 51
1508050800 47 47 53 53
1508049000 41 41 47 47
1508047200 35 35 39 39
1508045400 31 31 35 35
1508043600 30 30 33 33
1508041800 24 24 30 30
1508040000 22 22 25 25
1508038200 18 18 22 22
1508036400 18 18 22 22
1508034600 20 20 21 21
1508032800 20 20 22 22
1508031000 22 22 25 25
1508029200 22 22 28 28
1508027400 26 26 29 29
1508025600 27 27 29 29
1508023800 27 27 32 32
1508022000 30 30 35 35
1508020200 35 35 42 42
1508018400 44 44 52 52
1508016600 51 51 54 54
1508014800 50 50 54 54
1508013000 54 54 58 58
1508011200 58 58 63 63
1508009400 63 63 68 68
1508007600 70 70 82 82
1508005800 76 76 82 82
1508004000 67 67 76 76
1508002200 66 66 76 76
1508000400 62 62 65 65
1507998600 62 62 68 68
1507996800 53 53 60 60
1507995000 56 56 60 60
1507993200 52 52 60 60
1507991400 49 49 51 51
1507989600 47 47 50 50
1507987800 46 46 50 50
1507986000 53 53 58 58
1507984200 55 55 59 59
1507982400 54 54 57 57
1507980600 51 51 55 55
1507978800 46 46 53 53
1507977000 52 52 55 55
1507975200 48 48 55 55
1507973400 50 50 57 57
1507971600 46 46 52 52
1507969800 46 46 51 51
1507968000 46 46 50 50
1507966200 42 42 47 47
1507964400 42 42 46 46
1507962600 36 36 42 42
1507960800 37 37 42 42
1507959000 37 37 40 40
1507957200 39 39 44 44
1507955400 30 30 38 38
1507953600 25 25 31 31
1507951800 25 25 26 26
1507950000 23 23 25 25
1507948200 24 24 24 24
1507946400 22 22 24 24
1507944600 21 21 25 25
1507942800 24 24 27 27
1507941000 26 26 28 28
1507939200 28 28 32 32
1507937400 31 31 34 34
1507935600 35 35 40 40
1507933800 38 38 41 41
1507932000 39 39 50 50
1507930200 47 47 53 53
1507928400 49 49 53 53
1507926600 54 54 62 62
1507924800 61 61 64 64
1507923000 68 68 77 77
1507921200 71 71 75 75
1507919400 70 70 75 75
1507917600 69 69 73 73
1507915800 67 67 72 72
1507914000 69 69 72 72
1507912200 64 64 74 74
1507910400 59 59 63 63
1507908600 56 56 57 57
1507906800 56 56 61 61
1507905000 59 59 63 63
1507903200 60 60 64 64
1507901400 62 62 66 66
1507899600 57 57 64 64
1507897800 53 53 55 55
1507896000 51 51 54 54
1507894200 52 52 59 59
1507892400 50 50 55 55
1507890600 45 45 48 48
1507888800 46 46 48 48
1507887000 45 45 52 52
1507885200 49 49 52 52
1507883400 46 46 49 49
1507881600 44 44 47 47
1507879800 41 41 47 47
1507878000 44 44 49 49
1507876200 44 44 51 51
1507874400 39 39 43 43
1507872600 36 36 41 41
1507870800 35 35 39 39
1507869000 43 43 47 47
1507867200 29 29 43 43
1507865400 20 20 23 23
1507863600 20 20 22 22
1507861800 24 24 29 29
1507860000 29 29 33 33
1507858200 24 24 27 27
1507856400 23 23 26 26
1507854600 24 24 26 26
1507852800 24 24 28 28
1507851000 27 27 29 29
1507849200 29 29 31 31
1507847400 33 33 40 40
1507845600 38 38 45 45
1507843800 45 45 53 53
1507842000 59 59 71 71
1507840200 58 58 66 66
1507838400 63 63 65 65
1507836600 61 61 68 68
1507834800 68 68 70 70
1507833000 70 70 72 72
1507831200 67 67 70 70
1507829400 63 63 67 67
1507827600 58 58 63 63
1507825800 56 56 62 62
1507824000 56 56 60 60
1507822200 53 53 59 59
1507820400 51 51 57 57
1507818600 59 59 62 62
1507816800 62 62 70 70
1507815000 62 62 68 68
1507813200 51 51 58 58
1507811400 45 45 48 48
1507809600 47 47 52 52
1507807800 44 44 49 49
1507806000 47 47 51 51
1507804200 45 45 48 48
1507802400 42 42 47 47
1507800600 43 43 47 47
1507798800 40 40 44 44
1507797000 39 39 43 43
1507795200 37 37 41 41
1507793400 38 38 41 41
1507791600 38 38 40 40
1507789800 36 36 39 39
1507788000 32 32 36 36
1507786200 30 30 33 33
1507784400 27 27 32 32
1507782600 24 24 29 29
1507780800 20 20 23 23
1507779000 22 22 26 26
1507777200 25 25 28 28
1507775400 22 22 24 24
1507773600 21 21 23 23
1507771800 23 23 24 24
1507770000 22 22 24 24
1507768200 23 23 24 24
1507766400 23 23 27 27
1507764600 28 28 33 33
1507762800 28 28 33 33
1507761000 36 36 42 42
1507759200 42 42 47 47
1507757400 41 41 45 45
1507755600 44 44 48 48
1507753800 48 48 60 60
1507752000 53 53 60 60
1507750200 59 59 71 71
1507744800 62 62 71 71
1507737600 52 52 59 59
1507730400 47 47 53 53
1507723200 45 45 55 55
1507716000 41 41 53 53
1507708800 37 37 42 42
1507701600 28 28 40 40
1507694400 23 23 30 30
1507687200 26 26 34 34
1507680000 35 35 47 47
1507672800 48 48 62 62
1507665600 63 63 79 79
1507658400 61 61 73 73
1507651200 55 55 69 69
1507644000 51 51 64 64
1507636800 42 42 49 49
1507629600 42 42 50 50
1507622400 42 42 50 50
1507615200 30 30 39 39
1507608000 24 24 32 32
1507600800 23 23 29 29
1507593600 30 30 43 43
1507586400 53 53 68 68
1507579200 67 67 78 78
1507572000 71 71 77 77
1507564800 56 56 64 64
1507557600 51 51 61 61
1507550400 45 45 54 54
1507543200 47 47 56 56
1507536000 38 38 48 48
1507528800 28 28 39 39
1507521600 20 20 28 28
1507514400 19 19 29 29
1507507200 30 30 46 46
1507500000 48 48 60 60
1507492800 63 63 74 74
1507485600 68 68 79 79
1507478400 57 57 73 73
1507471200 51 51 62 62
1507464000 48 48 57 57
1507456800 47 47 56 56
1507449600 45 45 57 57
1507442400 28 28 42 42
1507435200 28 28 35 35
1507428000 29 29 37 37
1507420800 33 33 50 50
1507413600 55 55 71 71
1507406400 63 63 75 75
1507399200 70 70 78 78
1507392000 51 51 62 62
1507384800 48 48 53 53
1507377600 47 47 56 56
1507370400 49 49 57 57
1507363200 47 47 58 58
1507356000 33 33 42 42
1507348800 25 25 33 33
1507341600 26 26 34 34
1507334400 37 37 46 46
1507327200 53 53 70 70
1507320000 72 72 79 79
1507312800 64 64 76 76
1507305600 58 58 64 64
1507298400 51 51 58 58
1507291200 52 52 58 58
1507284000 52 52 62 62
1507276800 42 42 53 53
1507269600 34 34 42 42
1507262400 24 24 36 36
1507255200 22 22 30 30
1507248000 30 30 37 37
1507240800 54 54 73 73
1507233600 69 69 78 78
1507226400 64 64 72 72
1507219200 57 57 65 65
1507212000 51 51 61 61
1507204800 47 47 56 56
1507197600 48 48 56 56
1507190400 41 41 46 46
1507183200 32 32 45 45
1507176000 24 24 36 36
1507168800 26 26 31 31
1507161600 35 35 55 55
1507154400 61 61 74 74
1507147200 69 69 81 81
1507140000 72 72 83 83
1507132800 65 65 72 72
1507125600 53 53 63 63
1507118400 50 50 57 57
1507111200 43 43 50 50
1507104000 41 41 51 51
1507096800 35 35 54 54
1507089600 24 24 29 29
1507082400 25 25 33 33
1507075200 35 35 46 46
1507068000 53 53 70 70
1507060800 74 74 81 81
1507053600 75 75 80 80
1507046400 65 65 74 74
1507039200 54 54 63 63
1507032000 50 50 58 58
1507024800 46 46 51 51
1507017600 45 45 56 56
1507010400 35 35 43 43
1507003200 30 30 36 36
1506996000 28 28 34 34
1506988800 31 31 42 42
1506981600 51 51 72 72
1506974400 70 70 82 82
1506967200 72 72 78 78
1506960000 68 68 81 81
1506952800 64 64 70 70
1506945600 59 59 78 78
1506938400 53 53 62 62
1506931200 42 42 55 55
1506924000 27 27 36 36
1506916800 23 23 38 38
1506909600 21 21 27 27
1506902400 29 29 42 42
1506895200 47 47 69 69
1506888000 72 72 79 79
1506880800 67 67 77 77
1506873600 55 55 63 63
1506866400 58 58 71 71
1506859200 53 53 71 71
1506852000 48 48 61 61
1506844800 38 38 50 50
1506837600 30 30 48 48
1506830400 25 25 35 35
1506823200 23 23 38 38
1506816000 29 29 52 52
1506808800 52 52 68 68
1506801600 63 63 73 73
1506794400 62 62 68 68
1506787200 53 53 61 61
1506780000 56 56 64 64
1506772800 53 53 61 61
1506765600 48 48 54 54
1506758400 42 42 53 53
1506751200 28 28 39 39
1506744000 15 15 20 20
1506736800 16 16 24 24
1506729600 25 25 37 37
1506722400 46 46 65 65
1506715200 65 65 81 81
1506708000 68 68 78 78
1506700800 55 55 69 69
1506693600 50 50 62 62
1506686400 48 48 55 55
1506679200 47 47 58 58
1506672000 37 37 53 53
1506664800 26 26 38 38
1506657600 19 19 26 26
1506650400 16 16 23 23
1506643200 28 28 47 47
1506636000 52 52 67 67
1506628800 67 67 76 76
1506621600 69 69 78 78
1506614400 59 59 68 68
1506607200 49 49 57 57
1506600000 47 47 60 60
1506592800 49 49 59 59
1506585600 40 40 56 56
1506578400 25 25 38 38
1506571200 15 15 23 23
1506564000 16 16 22 22
1506556800 22 22 37 37
1506549600 48 48 75 75
1506542400 74 74 81 81
1506535200 75 75 85 85
1506528000 60 60 67 67
1506520800 48 48 60 60
1506513600 46 46 52 52
1506506400 46 46 57 57
1506499200 42 42 48 48
1506492000 32 32 42 42
1506484800 23 23 29 29
1506477600 24 24 32 32
1506470400 31 31 37 37
1506463200 50 50 67 67
1506456000 73 73 84 84
1506448800 73 73 84 84
1506441600 57 57 71 71
1506434400 47 47 56 56
1506427200 45 45 50 50
1506420000 47 47 55 55
1506412800 50 50 59 59
1506405600 40 40 48 48
1506398400 31 31 42 42
1506391200 32 32 39 39
1506384000 44 44 61 61
1506376800 59 59 65 65
1506369600 62 62 71 71
1506362400 61 61 69 69
1506355200 59 59 64 64
1506348000 52 52 64 64
1506340800 45 45 53 53
1506333600 42 42 52 52
1506326400 41 41 53 53
1506319200 35 35 50 50
1506312000 22 22 32 32
1506304800 20 20 25 25
1506297600 25 25 32 32
1506290400 45 45 70 70
1506283200 64 64 70 70
1506276000 56 56 67 67
1506268800 53 53 64 64
1506261600 42 42 52 52
1506254400 41 41 47 47
1506247200 43 43 55 55
1506240000 39 39 51 51
1506232800 29 29 39 39
1506225600 16 16 23 23
1506218400 21 21 26 26
1506211200 28 28 39 39
1506204000 47 47 62 62
1506196800 63 63 70 70
1506189600 61 61 69 69
1506182400 61 61 73 73
1506175200 51 51 58 58
1506168000 56 56 65 65
1506160800 48 48 59 59
1506153600 42 42 54 54
1506146400 27 27 37 37
1506139200 18 18 33 33
1506132000 22 22 32 32
1506124800 32 32 48 48
1506117600 48 48 64 64
1506110400 66 66 80 80
1506103200 67 67 77 77
1506096000 62 62 70 70
1506088800 64 64 72 72
1506081600 51 51 58 58
1506074400 48 48 58 58
1506067200 39 39 48 48
1506060000 31 31 43 43
1506052800 21 21 29 29
1506045600 21 21 28 28
1506038400 37 37 54 54
1506031200 55 55 73 73
1506024000 69 69 76 76
1506016800 66 66 79 79
1506009600 55 55 63 63
1506002400 51 51 67 67
1505995200 45 45 55 55
1505988000 49 49 58 58
1505980800 37 37 52 52
1505973600 26 26 32 32
1505966400 18 18 21 21
1505959200 18 18 24 24
1505952000 26 26 38 38
1505944800 48 48 60 60
1505937600 64 64 73 73
1505930400 62 62 71 71
1505923200 55 55 66 66
1505916000 48 48 62 62
1505908800 50 50 61 61
1505901600 46 46 55 55
1505894400 38 38 48 48
1505887200 28 28 37 37
1505880000 17 17 21 21
1505872800 21 21 25 25
1505865600 29 29 41 41
1505858400 45 45 58 58
1505851200 64 64 73 73
1505844000 61 61 71 71
1505836800 48 48 57 57
1505829600 47 47 53 53
1505822400 43 43 48 48
1505815200 39 39 47 47
1505808000 39 39 45 45
1505800800 24 24 37 37
1505793600 16 16 22 22
1505786400 16 16 22 22
1505779200 24 24 34 34
1505772000 44 44 63 63
1505764800 63 63 75 75
1505757600 62 62 71 71
1505750400 60 60 68 68
1505743200 52 52 63 63
1505736000 44 44 56 56
1505728800 39 39 44 44
1505721600 43 43 50 50
1505714400 32 32 50 50
1505707200 20 20 24 24
1505700000 19 19 26 26
1505692800 26 26 35 35
1505685600 45 45 56 56
1505678400 67 67 81 81
1505671200 60 60 75 75
1505664000 57 57 64 64
1505656800 52 52 64 64
1505649600 61 61 71 71
1505642400 60 60 66 66
1505635200 48 48 58 58
1505628000 35 35 45 45
1505620800 28 28 32 32
1505613600 26 26 32 32
1505606400 34 34 51 51
1505599200 58 58 74 74
1505592000 73 73 79 79
1505584800 67 67 75 75
1505577600 57 57 66 66
1505570400 48 48 53 53
1505563200 51 51 65 65
1505556000 53 53 63 63
1505548800 47 47 55 55
1505541600 35 35 45 45
1505534400 22 22 31 31
1505527200 24 24 32 32
1505520000 39 39 50 50
1505512800 61 61 74 74
1505505600 70 70 80 80
1505498400 66 66 81 81
1505491200 60 60 74 74
1505484000 47 47 58 58
1505476800 46 46 51 51
1505469600 46 46 52 52
1505462400 43 43 50 50
1505455200 32 32 41 41
1505448000 23 23 30 30
1505440800 23 23 34 34
1505433600 34 34 41 41
1505426400 52 52 66 66
1505419200 70 70 83 83
1505412000 68 68 79 79
1505404800 54 54 62 62
1505397600 51 51 60 60
1505390400 47 47 55 55
1505383200 44 44 52 52
1505376000 41 41 53 53
1505368800 32 32 42 42
1505361600 20 20 31 31
1505354400 22 22 29 29
1505347200 34 34 48 48
1505340000 53 53 73 73
1505332800 70 70 80 80
1505325600 63 63 72 72
1505318400 58 58 68 68
1505311200 54 54 61 61
1505304000 48 48 60 60
1505296800 45 45 56 56
1505289600 40 40 52 52
1505282400 29 29 42 42
1505275200 19 19 26 26
1505268000 19 19 28 28
1505260800 28 28 42 42
1505253600 47 47 69 69
1505246400 65 65 74 74
1505239200 61 61 74 74
1505232000 58 58 66 66
1505224800 45 45 52 52
1505217600 42 42 51 51
1505210400 37 37 51 51
1505203200 38 38 44 44
1505196000 27 27 36 36
1505188800 17 17 23 23
1505181600 18 18 24 24
1505174400 26 26 43 43
1505167200 47 47 60 60
1505160000 66 66 77 77
1505152800 64 64 75 75
1505145600 53 53 64 64
1505138400 43 43 50 50
1505131200 44 44 52 52
1505124000 41 41 45 45
1505116800 37 37 47 47
1505109600 26 26 39 39
1505102400 16 16 21 21
1505095200 16 16 20 20
1505088000 24 24 37 37
1505080800 46 46 69 69
1505073600 65 65 76 76
1505066400 62 62 74 74
1505059200 54 54 60 60
1505052000 56 56 67 67
1505044800 48 48 61 61
1505037600 51 51 60 60
1505030400 41 41 52 52
1505023200 29 29 41 41
1505016000 21 21 28 28
1505008800 24 24 33 33
1505001600 36 36 46 46
1504994400 52 52 76 76
1504987200 67 67 79 79
1504980000 56 56 69 69
1504972800 52 52 68 68
1504965600 46 46 55 55
1504958400 47 47 59 59
1504951200 44 44 52 52
1504944000 40 40 51 51
1504936800 31 31 44 44
1504929600 23 23 31 31
1504922400 23 23 28 28
1504915200 38 38 52 52
1504908000 58 58 70 70
1504900800 63 63 71 71
1504893600 64 64 79 79
1504886400 56 56 66 66
1504879200 53 53 63 63
1504872000 44 44 58 58
1504864800 38 38 54 54
1504857600 42 42 54 54
1504850400 37 37 53 53
1504843200 20 20 30 30
1504836000 19 19 23 23
1504828800 34 34 46 46
1504821600 53 53 69 69
1504814400 68 68 77 77
1504807200 55 55 64 64
1504800000 47 47 54 54
1504792800 47 47 53 53
1504785600 41 41 49 49
1504778400 40 40 51 51
1504771200 36 36 46 46
1504764000 31 31 42 42
1504756800 16 16 23 23
1504749600 26 26 37 37
1504742400 29 29 43 43
1504735200 44 44 60 60
1504728000 74 74 82 82
1504720800 65 65 76 76
1504713600 53 53 60 60
1504706400 49 49 58 58
1504699200 41 41 51 51
1504692000 40 40 46 46
1504684800 42 42 51 51
1504677600 30 30 44 44
1504670400 20 20 31 31
1504663200 24 24 35 35
1504656000 25 25 40 40
1504648800 50 50 68 68
1504641600 65 65 76 76
1504634400 60 60 75 75
1504627200 51 51 62 62
1504620000 45 45 58 58
1504612800 42 42 50 50
1504605600 43 43 55 55
1504598400 41 41 51 51
1504591200 29 29 51 51
1504584000 19 19 27 27
1504576800 21 21 33 33
1504569600 35 35 54 54
1504562400 56 56 73 73
1504555200 68 68 78 78
1504548000 63 63 74 74
1504540800 61 61 77 77
1504533600 62 62 75 75
1504526400 52 52 67 67
1504519200 52 52 65 65
1504512000 46 46 52 52
1504504800 33 33 47 47
1504497600 20 20 29 29
1504490400 25 25 33 33
1504483200 32 32 44 44
1504476000 57 57 72 72
1504468800 74 74 81 81
1504461600 68 68 77 77
1504454400 60 60 70 70
1504447200 56 56 62 62
1504440000 47 47 56 56
1504432800 51 51 58 58
1504425600 45 45 54 54
1504418400 28 28 36 36
1504411200 19 19 25 25
1504404000 20 20 24 24
1504396800 29 29 43 43
1504389600 52 52 68 68
1504382400 73 73 80 80
1504375200 72 72 90 90
1504368000 66 66 77 77
1504360800 64 64 72 72
1504353600 57 57 64 64
1504346400 48 48 56 56
1504339200 47 47 56 56
1504332000 31 31 41 41
1504324800 20 20 30 30
1504317600 20 20 29 29
1504310400 32 32 53 53
1504303200 46 46 68 68
1504296000 69 69 79 79
1504288800 58 58 67 67
1504281600 51 51 63 63
1504274400 51 51 57 57
1504267200 45 45 54 54
1504260000 40 40 49 49
1504252800 41 41 51 51
1504245600 31 31 38 38
1504238400 23 23 29 29
1504231200 23 23 29 29
1504224000 35 35 54 54
1504216800 57 57 65 65
1504209600 75 75 86 86
1504202400 71 71 81 81
1504195200 71 71 78 78
1504188000 54 54 68 68
1504180800 46 46 52 52
1504173600 55 55 64 64
1504166400 52 52 59 59
1504159200 35 35 48 48
1504152000 26 26 32 32
1504144800 23 23 33 33
1504137600 34 34 51 51
1504130400 60 60 75 75
1504123200 79 79 89 89
1504116000 75 75 84 84
1504108800 70 70 79 79
1504101600 66 66 77 77
1504094400 61 61 69 69
1504087200 57 57 65 65
1504080000 48 48 60 60
1504072800 34 34 43 43
1504065600 24 24 32 32
1504058400 24 24 31 31
1504051200 37 37 54 54
1504044000 60 60 74 74
1504036800 71 71 79 79
1504029600 72 72 80 80
1504022400 71 71 81 81
1504015200 66 66 74 74
1504008000 55 55 61 61
1504000800 57 57 68 68
1503993600 49 49 57 57
1503986400 34 34 46 46
1503979200 23 23 28 28
1503972000 24 24 36 36
1503964800 34 34 48 48
1503957600 52 52 63 63
1503950400 68 68 81 81
1503943200 66 66 78 78
1503936000 60 60 67 67
1503928800 63 63 71 71
1503921600 61 61 72 72
1503914400 54 54 67 67
1503907200 46 46 59 59
1503900000 31 31 42 42
1503892800 20 20 24 24
1503885600 23 23 30 30
1503878400 33 33 45 45
1503871200 57 57 78 78
1503864000 71 71 78 78
1503856800 72 72 79 79
1503849600 62 62 72 72
1503842400 55 55 67 67
1503835200 60 60 68 68
1503828000 63 63 75 75
1503820800 45 45 54 54
1503813600 32 32 45 45
1503806400 26 26 33 33
1503799200 23 23 29 29
1503792000 34 34 43 43
1503784800 51 51 61 61
1503777600 61 61 73 73
1503770400 69 69 78 78
1503763200 60 60 69 69
1503756000 58 58 69 69
1503748800 59 59 69 69
1503741600 54 54 61 61
1503734400 45 45 54 54
1503727200 35 35 44 44
1503720000 22 22 31 31
1503712800 23 23 34 34
1503705600 36 36 46 46
1503698400 50 50 68 68
1503691200 65 65 73 73
1503684000 62 62 70 70
1503676800 58 58 64 64
1503669600 59 59 65 65
1503662400 54 54 61 61
1503655200 51 51 58 58
1503648000 48 48 60 60
1503640800 34 34 47 47
1503633600 23 23 31 31
1503626400 33 33 37 37
1503619200 44 44 54 54
1503612000 54 54 67 67
1503604800 75 75 85 85
1503597600 66 66 79 79
1503590400 56 56 62 62
1503583200 60 60 69 69
1503576000 58 58 68 68
1503568800 59 59 66 66
1503561600 56 56 70 70
1503554400 37 37 48 48
1503547200 26 26 32 32
1503540000 26 26 32 32
1503532800 33 33 52 52
1503525600 52 52 72 72
1503518400 76 76 87 87
1503511200 67 67 76 76
1503504000 68 68 79 79
1503496800 68 68 78 78
1503489600 61 61 73 73
1503482400 64 64 74 74
1503475200 61 61 71 71
1503468000 43 43 55 55
1503460800 27 27 41 41
1503453600 26 26 31 31
1503446400 35 35 51 51
1503439200 57 57 69 69
1503432000 66 66 75 75
1503424800 50 50 79 79
1503360000 49 49 83 83
1503273600 47 47 85 85
1503187200 43 43 78 78
1503100800 48 48 87 87
1503014400 50 50 86 86
1502928000 45 45 82 82
1502841600 48 48 80 80
1502755200 46 46 80 80
1502668800 44 44 74 74
1502582400 40 40 72 72
1502496000 43 43 81 81
1502409600 41 41 82 82
1502323200 43 43 79 79
1502236800 39 39 65 65
1502150400 44 44 81 81
1502064000 42 42 73 73
1501977600 45 45 78 78
1501891200 43 43 76 76
1501804800 47 47 82 82
1501718400 47 47 83 83
1501632000 46 46 79 79
1501545600 43 43 85 85
1501459200 38 38 72 72
1501372800 49 49 82 82
1501286400 38 38 82 82
1501200000 44 44 79 79
1501113600 43 43 90 90
1501027200 40 40 84 84
1500940800 45 45 77 77
1500854400 38 38 72 72
1500768000 48 48 86 86
1500681600 42 42 76 76
1500595200 43 43 75 75
1500508800 47 47 80 80
1500422400 44 44 81 81
1500336000 45 45 83 83
1500249600 42 42 71 71
1500163200 41 41 71 71
1500076800 40 40 76 76
1499990400 44 44 78 78
1499904000 43 43 71 71
1499817600 44 44 77 77
1499731200 44 44 87 87
1499644800 45 45 84 84
1499558400 44 44 76 76
1499472000 47 47 83 83
1499385600 44 44 82 82
1499299200 43 43 75 75
1499212800 46 46 81 81
1499126400 42 42 70 70
1499040000 39 39 73 73
1498953600 35 35 69 69
1498867200 40 40 78 78
1498780800 38 38 72 72
1498694400 38 38 76 76
1498608000 37 37 70 70
1498521600 41 41 79 79
1498435200 43 43 75 75
1498348800 41 41 81 81
1498262400 44 44 79 79
1498176000 42 42 82 82
1498089600 38 38 76 76
1498003200 41 41 75 75
1497916800 45 45 84 84
1497830400 43 43 76 76
1497744000 44 44 75 75
1497657600 41 41 73 73
1497571200 42 42 86 86
1497484800 43 43 78 78
1497398400 45 45 92 92
1497312000 42 42 76 76
1497225600 37 37 71 71
1497139200 44 44 75 75
1497052800 41 41 80 80
1496966400 41 41 77 77
1496880000 39 39 72 72
1496793600 40 40 81 81
1496707200 40 40 77 77
1496620800 40 40 75 75
1496534400 41 41 79 79
1496448000 37 37 72 72
1496361600 42 42 93 93
1496275200 40 40 83 83
1496188800 43 43 79 79
1496102400 41 41 79 79
1496016000 43 43 88 88
1495929600 38 38 78 78
1495843200 45 45 88 88
1495756800 47 47 84 84
1495670400 47 47 91 91
1495584000 44 44 93 93
1495497600 41 41 89 89
1495411200 48 48 93 93
1495324800 38 38 78 78
1495238400 39 39 74 74
1495152000 40 40 78 78
1495065600 45 45 84 84
1494979200 43 43 89 89
1494892800 41 41 90 90
1494806400 44 44 81 81
1494720000 42 42 83 83
1494633600 41 41 89 89
1494547200 42 42 84 84
1494460800 38 38 83 83
1494374400 32 32 69 69
1494288000 39 39 87 87
1494201600 40 40 72 72
1494115200 39 39 73 73
1494028800 36 36 78 78
1493942400 34 34 71 71
1493856000 33 33 77 77
1493769600 30 30 70 70
1493683200 27 27 57 57
1493596800 39 39 78 78
1493510400 42 42 83 83
1493424000 40 40 77 77
1493337600 44 44 90 90
1493251200 40 40 81 81
1493164800 39 39 86 86
1493078400 44 44 84 84
1492992000 51 51 94 94
1492905600 45 45 82 82
1492819200 43 43 86 86
1492732800 45 45 91 91
1492646400 41 41 94 94
1492560000 39 39 81 81
1492473600 41 41 79 79
1492387200 41 41 75 75
1492300800 41 41 84 84
1492214400 37 37 81 81
1492128000 36 36 74 74
1492041600 42 42 90 90
1491955200 36 36 80 80
1491868800 37 37 83 83
1491782400 47 47 82 82
1491696000 49 49 83 83
1491609600 40 40 84 84
1491523200 36 36 83 83
1491436800 40 40 79 79
1491350400 46 46 93 93
1491264000 42 42 82 82
1491177600 42 42 78 78
1491091200 44 44 85 85
1491004800 47 47 92 92
1490918400 50 50 92 92
1490832000 48 48 92 92
1490745600 47 47 97 97
1490659200 49 49 93 93
1490572800 51 51 97 97
1490486400 45 45 91 91
1490400000 44 44 87 87
1490313600 44 44 84 84
1490227200 46 46 90 90
1490140800 42 42 80 80
1490054400 43 43 75 75
1489968000 43 43 78 78
1489881600 47 47 81 81
1489795200 45 45 84 84
1489708800 45 45 96 96
1489622400 47 47 93 93
1489536000 47 47 90 90
1489449600 46 46 89 89
1489363200 54 54 97 97
1489276800 54 54 96 96
1489190400 47 47 89 89
1489104000 42 42 77 77
1489017600 42 42 85 85
1488931200 43 43 87 87
1488844800 42 42 92 92
1488758400 47 47 83 83
1488672000 45 45 81 81
1488585600 41 41 90 90
1488499200 40 40 88 88
1488412800 39 39 80 80
1488326400 40 40 85 85
1488240000 42 42 84 84
1488153600 46 46 84 84
1488067200 50 50 90 90
1487980800 47 47 84 84
1487894400 49 49 83 83
1487808000 47 47 91 91
1487721600 48 48 93 93
1487635200 46 46 97 97
1487548800 47 47 94 94
1487462400 50 50 91 91
1487376000 45 45 86 86
1487289600 44 44 89 89
1487203200 47 47 84 84
1487116800 43 43 87 87
1487030400 33 33 75 75
1486944000 41 41 89 89
1486857600 40 40 77 77
1486771200 47 47 95 95
1486684800 41 41 87 87
1486598400 45 45 87 87
1486512000 48 48 93 93
1486425600 48 48 81 81
1486339200 50 50 82 82
1486252800 53 53 93 93
1486166400 52 52 91 91
1486080000 48 48 92 92
1485993600 46 46 82 82
1485907200 45 45 84 84
1485820800 48 48 95 95
1485734400 57 57 93 93
1485648000 53 53 88 88
1485561600 50 50 90 90
1485475200 53 53 92 92
1485388800 48 48 94 94
1485302400 50 50 90 90
1485216000 51 51 85 85
1485129600 61 61 95 95
1485043200 55 55 94 94
1484956800 52 52 98 98
1484870400 48 48 85 85
1484784000 52 52 93 93
1484697600 50 50 95 95
1484611200 52 52 93 93
1484524800 53 53 93 93
1484438400 49 49 86 86
1484352000 49 49 84 84
1484265600 52 52 87 87
1484179200 53 53 92 92
1484092800 46 46 85 85
1484006400 51 51 98 98
1483920000 53 53 99 99
1483833600 52 52 94 94
1483747200 50 50 91 91
1483660800 55 55 86 86
1483574400 45 45 86 86
1483488000 52 52 90 90
1483401600 49 49 82 82
1483315200 45 45 79 79
1483228800 43 43 69 69
1483142400 45 45 88 88
1483056000 49 49 87 87
1482969600 48 48 85 85
1482883200 45 45 85 85
1482796800 47 47 91 91
1482710400 49 49 83 83
1482624000 47 47 83 83
1482537600 50 50 92 92
1482451200 46 46 90 90
1482364800 65 65 99 99
1482278400 52 52 96 96
1482192000 44 44 81 81
1482105600 46 46 80 80
1482019200 47 47 78 78
1481932800 44 44 82 82
1481846400 43 43 82 82
1481760000 45 45 86 86
1481673600 44 44 79 79
1481587200 45 45 83 83
1481500800 43 43 90 90
1481414400 50 50 88 88
1481328000 47 47 80 80
1481241600 49 49 85 85
1481155200 51 51 91 91
1481068800 46 46 83 83
1480982400 45 45 84 84
1480896000 52 52 79 79
1480809600 49 49 88 88
1480723200 46 46 92 92
1480636800 46 46 74 74
1480550400 49 49 88 88
1480464000 50 50 93 93
1480377600 47 47 90 90
1480291200 49 49 86 86
1480204800 48 48 82 82
1480118400 46 46 93 93
1480032000 45 45 75 75
1479945600 54 54 94 94
1479859200 57 57 98 98
1479772800 51 51 97 97
1479686400 52 52 98 98
1479600000 54 54 81 81
1479513600 42 42 62 62
1479427200 47 47 83 83
1479340800 52 52 87 87
1479254400 38 38 91 91
1479168000 24 24 24 24
1479081600 24 24 24 24
1478995200 24 24 24 24
1478908800 24 24 24 24
1478822400 24 24 24 24
1478736000 24 24 24 24
1478649600 24 24 24 24
1478563200 24 24 24 24
1478476800 24 24 24 24
1478390400 24 24 24 24
1478304000 24 24 24 24
1478217600 24 24 24 24
1478131200 24 24 24 24
1478044800 24 24 24 24
1477958400 24 24 24 24
1477872000 24 24 24 24
1477785600 24 24 24 24
1477699200 24 24 24 24
1477612800 24 24 24 24
1477526400 24 24 24 24
1477440000 24 24 24 24
1477353600 24 24 24 24
1477267200 24 24 24 24
1477180800 24 24 24 24
1477094400 24 24 24 24
1477008000 24 24 24 24
1476921600 24 24 24 24
1476835200 24 24 24 24
1476748800 24 24 24 24
1476662400 24 24 24 24
1476576000 24 24 24 24
1476489600 24 24 24 24
1476403200 24 24 24 24
1476316800 24 24 24 24
1476230400 24 24 24 24
1476144000 24 24 24 24
1476057600 24 24 24 24
1475971200 24 24 24 24
1475884800 24 24 24 24
1475798400 24 24 24 24
1475712000 24 24 24 24
1475625600 24 24 24 24
1475539200 24 24 24 24
1475452800 24 24 24 24
1475366400 24 24 24 24
1475280000 24 24 24 24
1475193600 24 24 24 24
1475107200 24 24 24 24
1475020800 24 24 24 24
1474934400 24 24 24 24
1474848000 24 24 24 24
1474761600 24 24 24 24
1474675200 24 24 24 24
1474588800 24 24 24 24
1474502400 24 24 24 24
1474416000 24 24 24 24
1474329600 24 24 24 24
1474243200 24 24 24 24
1474156800 24 24 24 24
1474070400 24 24 24 24
1473984000 24 24 24 24
1473897600 24 24 24 24
1473811200 24 24 24 24
1473724800 24 24 24 24
1473638400 24 24 24 24
1473552000 24 24 24 24
1473465600 24 24 24 24
1473379200 24 24 24 24
1473292800 24 24 24 24
1473206400 24 24 24 24
1473120000 24 24 24 24
1473033600 24 24 24 24
1472947200 24 24 24 24
1472860800 24 24 24 24
1472774400 24 24 24 24
1472688000 24 24 24 24
1472601600 24 24 24 24
1472515200 24 24 24 24
1472428800 24 24 24 24
1472342400 24 24 24 24
1472256000 24 24 24 24
1472169600 24 24 24 24
1472083200 24 24 24 24
1471996800 24 24 24 24
1471910400 24 24 24 24
1471824000 24 24 24 24
1471737600 24 24 24 24
1471651200 24 24 24 24
1471564800 24 24 24 24
1471478400 24 24 24 24
1471392000 24 24 24 24
1471305600 24 24 24 24
1471219200 24 24 24 24
1471132800 24 24 24 24
1471046400 24 24 24 24
1470960000 24 24 24 24
1470873600 24 24 24 24
1470787200 24 24 24 24
1470700800 24 24 24 24
1470614400 24 24 24 24
1470528000 24 24 24 24
1470441600 24 24 24 24
1470355200 24 24 24 24
1470268800 24 24 24 24
1470182400 24 24 24 24
1470096000 24 24 24 24
1470009600 24 24 24 24
1469923200 24 24 24 24
1469836800 24 24 24 24
1469750400 24 24 24 24
1469664000 24 24 24 24
1469577600 24 24 24 24
1469491200 24 24 24 24
1469404800 24 24 24 24
1469318400 24 24 24 24
1469232000 24 24 24 24
1469145600 24 24 24 24
1469059200 24 24 24 24
1468972800 24 24 24 24
1468886400 24 24 24 24
1468800000 24 24 24 24
1468713600 24 24 24 24
1468627200 24 24 24 24
1468540800 24 24 24 24
1468454400 24 24 24 24
1468368000 24 24 24 24
1468281600 24 24 24 24
1468195200 24 24 24 24
1468108800 24 24 24 24
1468022400 24 24 24 24
1467936000 24 24 24 24
1467849600 24 24 24 24
1467763200 24 24 24 24
1467676800 24 24 24 24
1467590400 24 24 24 24
1467504000 24 24 24 24
1467417600 24 24 24 24
1467331200 24 24 24 24
1467244800 24 24 24 24
1467158400 24 24 24 24
1467072000 24 24 24 24
1466985600 24 24 24 24
1466899200 24 24 24 24
1466812800 24 24 24 24
1466726400 24 24 24 24
1466640000 24 24 24 24
1466553600 24 24 24 24
1466467200 24 24 24 24
1466380800 24 24 24 24
1466294400 24 24 24 24
1466208000 24 24 24 24
1466121600 24 24 24 24
1466035200 24 24 24 24
1465948800 24 24 24 24
1465862400 24 24 24 24
1465776000 24 24 24 24
1465689600 24 24 24 24
1465603200 24 24 24 24
1465516800 24 24 24 24
1465430400 24 24 24 24
1465344000 24 24 24 24
1465257600 24 24 24 24
1465171200 24 24 24 24
1465084800 24 24 24 24
1464998400 24 24 24 24
1464912000 24 24 24 24
1464825600 24 24 24 24
1464739200 24 24 24 24
1464652800 24 24 24 24
1464566400 24 24 24 24
1464480000 24 24 24 24
1464393600 24 24 24 24
1464307200 24 24 24 24
1464220800 24 24 24 24
1464134400 24 24 24 24
1464048000 24 24 24 24
1463961600 24 24 24 24
1463875200 24 24 24 24
1463788800 24 24 24 24
1463702400 24 24 24 24
1463616000 24 24 24 24
1463529600 24 24 24 24
1463443200 24 24 24 24
1463356800 24 24 24 24
1463270400 24 24 24 24
1463184000 24 24 24 24
1463097600 24 24 24 24
1463011200 24 24 24 24
1462924800 24 24 24 24
1462838400 24 24 24 24
1462752000 24 24 24 24
1462665600 24 24 24 24
1462579200 24 24 24 24
1462492800 24 24 24 24
1462406400 24 24 24 24
1462320000 24 24 24 24
1462233600 24 24 24 24
1462147200 24 24 24 24
1462060800 24 24 24 24
1461974400 24 24 24 24
1461888000 24 24 24 24
1461801600 24 24 24 24
1461715200 24 24 24 24
1461628800 24 24 24 24
1461542400 24 24 24 24
1461456000 24 24 24 24
1461369600 24 24 24 24
1461283200 24 24 24 24
1461196800 24 24 24 24
1461110400 24 24 24 24
1461024000 24 24 24 24
1460937600 24 24 24 24
1460851200 24 24 24 24
1460764800 24 24 24 24
1460678400 24 24 24 24
1460592000 24 24 24 24
1460505600 24 24 24 24
1460419200 24 24 24 24
1460332800 24 24 24 24
1460246400 24 24 24 24
1460160000 24 24 24 24
1460073600 19 19 27 27
1459987200 19 19 52 52
1459900800 23 23 44 44
1459814400 21 21 45 45
1459728000 27 27 57 57
1459641600 29 29 60 60
1459555200 22 22 49 49
1459468800 22 22 66 66
1459382400 22 22 53 53
1459296000 15 15 38 38
1459209600 12 12 39 39
1459123200 23 23 63 63
1459036800 26 26 63 63
1458950400 12 12 33 33
1458864000 17 17 33 33
1458777600 19 19 45 45
1458691200 17 17 35 35
1458604800 16 16 42 42
1458518400 19 19 60 60
1458432000 12 12 33 33
1458345600 28 28 64 64
1458259200 20 20 52 52
1458172800 22 22 46 46
1458086400 19 19 41 41
1458000000 10 10 39 39
1457913600 6 6 23 23
1457827200 5 5 22 22
1457740800 5 5 18 18
1457654400 6 6 17 17
1457568000 6 6 20 20
1457481600 7 7 17 17
1457395200 7 7 16 16
1457308800 7 7 20 20
1457222400 6 6 19 19
1457136000 6 6 17 17
1457049600 7 7 19 19
1456963200 6 6 16 16
1456876800 7 7 18 18
1456790400 5 5 21 21
1456704000 6 6 19 19
1456617600 7 7 19 19
1456531200 5 5 20 20
1456444800 6 6 21 21
1456358400 6 6 21 21
1456272000 7 7 25 25
1456185600 6 6 19 19
1456099200 5 5 18 18
1456012800 5 5 20 20
1455926400 7 7 16 16
1455840000 6 6 16 16
1455753600 6 6 20 20
1455667200 7 7 23 23
1455580800 7 7 19 19
1455494400 7 7 25 25
1455408000 6 6 21 21
1455321600 6 6 18 18
1455235200 7 7 23 23
1455148800 6 6 23 23
1455062400 7 7 21 21
1454976000 6 6 30 30
1454889600 7 7 24 24
1454803200 6 6 20 20
1454716800 7 7 23 23
1454630400 10 10 26 26
1454544000 8 8 20 20
1454457600 5 5 25 25
1454371200 4 4 23 23
1454284800 6 6 25 25
1454198400 5 5 25 25
1454112000 6 6 25 25
1454025600 5 5 25 25
1453939200 4 4 27 27
1453852800 2 2 2 2
1453766400 2 2 19 19
1453680000 4 4 21 21
1453593600 7 7 35 35
1453507200 14 14 36 36
1453420800 12 12 43 43
1453334400 15 15 37 37
1453248000 17 17 44 44
1453161600 19 19 49 49
1453075200 27 27 59 59
1452988800 24 24 66 66
1452902400 22 22 46 46
1452816000 16 16 43 43
1452729600 18 18 46 46
1452643200 19 19 41 41
1452556800 17 17 60 60
1452470400 19 19 52 52
1452384000 21 21 56 56
1452297600 20 20 53 53
1452211200 24 24 57 57
1452124800 19 19 57 57
1452038400 18 18 48 48
1451952000 12 12 42 42
1451865600 13 13 42 42
1451779200 15 15 43 43
1451692800 21 21 50 50
1451606400 8 8 39 39
1451520000 24 24 54 54
1451433600 30 30 60 60
1451347200 26 26 50 50
1451260800 24 24 50 50
1451174400 27 27 61 61
1451088000 21 21 55 55
1451001600 20 20 52 52
1450915200 8 8 32 32
1450828800 21 21 64 64
1450742400 19 19 45 45
1450656000 26 26 61 61
1450569600 21 21 60 60
1450483200 14 14 42 42
1450396800 18 18 47 47
1450310400 19 19 55 55
1450224000 13 13 40 40
1450137600 20 20 48 48
1450051200 20 20 57 57
1449964800 10 10 51 51
1449878400 10 10 32 32
1449792000 9 9 42 42
1449705600 12 12 37 37
1449619200 11 11 32 32
1449532800 9 9 35 35
1449446400 4 4 29 29
1449360000 4 4 38 38
1449273600 2 2 18 18
1449187200 2 2 19 19
1449100800 2 2 15 15
1449014400 2 2 20 20
1448928000 2 2 20 20
1448841600 2 2 34 34
1448755200 2 2 28 28
1448668800 4 4 28 28
1448582400 15 15 46 46
1448496000 5 5 20 20
1448409600 7 7 31 31
1448323200 5 5 18 18
1448236800 7 7 30 30
1448150400 29 29 65 65
1448064000 28 28 65 65
1447977600 24 24 55 55
1447891200 26 26 55 55
1447804800 25 25 54 54
1447718400 25 25 58 58
1447632000 27 27 55 55
1447545600 27 27 64 64
1447459200 28 28 65 65
1447372800 29 29 57 57
1447286400 35 35 70 70
1447200000 30 30 56 56
1447113600 32 32 72 72
1447027200 28 28 67 67
1446940800 29 29 66 66
1446854400 25 25 64 64
1446768000 25 25 56 56
1446681600 27 27 66 66
1446595200 28 28 57 57
1446508800 23 23 58 58
1446422400 24 24 55 55
1446336000 28 28 69 69
1446249600 29 29 58 58
1446163200 28 28 60 60
1446076800 25 25 59 59
1445990400 24 24 52 52
1445904000 29 29 61 61
1445817600 31 31 69 69
1445731200 31 31 71 71
1445644800 25 25 65 65
1445558400 26 26 53 53
1445472000 29 29 69 69
1445385600 25 25 66 66
1445299200 22 22 53 53
1445212800 26 26 63 63
1445126400 23 23 52 52
1445040000 25 25 59 59
1444953600 22 22 51 51
1444867200 24 24 54 54
1444780800 30 30 64 64
1444694400 27 27 64 64
1444608000 25 25 59 59
1444521600 26 26 51 51
1444435200 23 23 60 60
1444348800 23 23 50 50
1444262400 26 26 58 58
1444176000 25 25 61 61
1444089600 13 13 58 58
1444003200 0 0 0 0
1443916800 0 0 0 0
1443830400 0 0 0 0
1443744000 0 0 0 0
1443657600 0 0 0 0
1443571200 0 0 0 0
1443484800 0 0 0 0
1443398400 0 0 0 0
1443312000 0 0 0 0
1443225600 0 0 0 0
1443139200 0 0 0 0
1443052800 0 0 0 0
1442966400 0 0 0 0
1442880000 0 0 0 0
1442793600 0 0 0 0
1442707200 0 0 0 0
1442620800 0 0 0 0
1442534400 0 0 0 0
1442448000 0 0 0 0
1442361600 0 0 0 0
1442275200 0 0 0 0
1442188800 0 0 0 0
1442102400 0 0 0 0
1442016000 0 0 0 0
1441929600 0 0 0 0
1441843200 0 0 0 0
1441756800 0 0 0 0
1441670400 0 0 0 0
1441584000 0 0 0 0
1441497600 0 0 0 0
1441411200 0 0 0 0
1441324800 0 0 0 0
1441238400 0 0 0 0
1441152000 0 0 0 0
1441065600 0 0 0 0
1440979200 0 0 0 0
1440892800 0 0 0 0
1440806400 0 0 0 0
1440720000 0 0 0 0
1440633600 0 0 0 0
1440547200 0 0 0 0
1440460800 0 0 0 0
1440374400 0 0 0 0
1440288000 0 0 0 0
1440201600 0 0 0 0
