1509011702 54 54
1509011702 54 54 54 54
1509011402 51 51 51 51
1509011400 50 50 51 51
1509011100 45 45 46 46
1509010800 44 44 45 45
1509010500 45 45 47 47
1509010200 47 47 48 48
1509009900 48 48 48 48
1509009600 47 47 48 48
1509009300 46 46 47 47
1509009000 44 44 45 45
1509008700 44 44 45 45
1509008400 45 45 45 45
1509008100 44 44 45 45
1509007800 44 44 44 44
1509007500 44 44 46 46
1509007200 46 46 47 47
1509006900 47 47 47 47
1509006600 46 46 47 47
1509006300 44 44 45 45
1509006000 44 44 45 45
1509005700 45 45 50 50
1509005400 50 50 53 53
1509005100 53 53 53 53
1509004800 52 52 53 53
1509004500 48 48 49 49
1509004200 47 47 48 48
1509003900 48 48 48 48
1509003600 48 48 48 48
1509003300 48 48 49 49
1509003000 49 49 49 49
1509002700 48 48 49 49
1509002400 46 46 47 47
1509002100 43 43 44 44
1509001800 44 44 46 46
1509001500 45 45 46 46
1509001200 41 41 42 42
1509000900 40 40 41 41
1509000600 40 40 41 41
1509000300 40 40 41 41
1509000000 41 41 42 42
1508999700 42 42 47 47
1508999400 47 47 47 47
1508999100 46 46 47 47
1508998800 45 45 46 46
1508998500 46 46 46 46
1508998200 45 45 46 46
1508997900 44 44 45 45
1508997600 41 41 42 42
1508997300 39 39 39 39
1508997000 39 39 40 40
1508996700 39 39 40 40
1508996400 39 39 39 39
1508996100 39 39 39 39
1508995800 39 39 40 40
1508995500 40 40 40 40
1508995200 39 39 40 40
1508994900 38 38 38 38
1508994600 38 38 38 38
1508994300 38 38 38 38
1508994000 38 38 39 39
1508993700 39 39 39 39
1508993400 38 38 39 39
1508993100 37 37 37 37
1508992800 37 37 37 37
1508992500 37 37 38 38
1508992200 38 38 39 39
1508991900 39 39 40 40
1508991600 39 39 40 40
1508991300 38 38 38 38
1508991000 36 36 37 37
1508990700 35 35 36 36
1508990400 34 34 35 35
1508990100 33 33 34 34
1508989800 33 33 33 33
1508989500 33 33 36 36
1508989200 36 36 38 38
1508988900 38 38 38 38
1508988600 37 37 38 38
1508988300 34 34 35 35
1508988000 33 33 33 33
1508987700 32 32 33 33
1508987400 32 32 32 32
1508987100 31 31 32 32
1508986800 31 31 32 32
1508986500 31 31 32 32
1508986200 31 31 32 32
1508985900 32 32 32 32
1508985600 32 32 32 32
1508985300 32 32 32 32
1508985000 32 32 32 32
1508984700 31 31 32 32
1508984400 31 31 32 32
1508984100 32 32 34 34
1508983800 33 33 34 34
1508983500 32 32 33 33
1508983200 32 32 33 33
1508982900 33 33 36 36
1508982600 36 36 37 37
1508982300 36 36 37 37
1508982000 33 33 33 33
1508981700 33 33 33 33
1508981400 32 32 33 33
1508981100 30 30 31 31
1508980800 30 30 31 31
1508980500 30 30 31 31
1508980200 30 30 30 30
1508979900 30 30 32 32
1508979600 32 32 32 32
1508979300 32 32 33 33
1508979000 33 33 33 33
1508978700 33 33 34 34
1508978400 34 34 35 35
1508978100 34 34 35 35
1508977800 34 34 34 34
1508977500 34 34 36 36
1508977200 36 36 37 37
1508976900 37 37 38 38
1508976600 37 37 38 38
1508976300 37 37 38 38
1508976000 38 38 38 38
1508975700 38 38 39 39
1508975400 39 39 40 40
1508975100 39 39 40 40
1508974800 39 39 42 42
1508974500 42 42 46 46
1508974200 46 46 48 48
1508973900 48 48 50 50
1508973600 49 49 50 50
1508973300 46 46 47 47
1508973000 44 44 45 45
1508972700 45 45 45 45
1508972400 45 45 46 46
1508972100 46 46 46 46
1508971800 46 46 46 46
1508971500 46 46 47 47
1508971200 46 46 47 47
1508970900 44 44 45 45
1508970600 44 44 49 49
1508970300 49 49 52 52
1508970000 52 52 54 54
1508969700 53 53 54 54
1508969400 51 51 52 52
1508969100 51 51 51 51
1508968800 50 50 51 51
1508968500 49 49 50 50
1508968200 49 49 50 50
1508967900 49 49 51 51
1508967600 51 51 53 53
1508967300 53 53 55 55
1508967000 54 54 55 55
1508966700 54 54 54 54
1508966400 54 54 56 56
1508966100 56 56 56 56
1508965800 56 56 59 59
1508965500 58 58 59 59
1508965200 57 57 61 61
1508964900 61 61 61 61
1508964600 61 61 63 63
1508964300 62 62 63 63
1508964000 59 59 60 60
1508963700 60 60 62 62
1508963400 62 62 64 64
1508963100 64 64 66 66
1508962800 66 66 66 66
1508962500 66 66 70 70
1508962200 70 70 72 72
1508961900 72 72 72 72
1508961600 72 72 73 73
1508961300 73 73 74 74
1508961000 73 73 74 74
1508960700 71 71 72 72
1508960400 72 72 73 73
1508960100 73 73 74 74
1508959800 73 73 74 74
1508959500 73 73 76 76
1508959200 76 76 79 79
1508958900 78 78 79 79
1508958600 75 75 76 76
1508958300 71 71 71 71
1508958000 71 71 73 73
1508957700 73 73 75 75
1508957400 75 75 76 76
1508957100 76 76 79 79
1508956800 79 79 81 81
1508956500 81 81 84 84
1508956200 84 84 84 84
1508955900 83 83 84 84
1508955600 82 82 83 83
1508955300 79 79 80 80
1508955000 78 78 78 78
1508954700 77 77 78 78
1508954400 74 74 74 74
1508954100 74 74 75 75
1508953800 74 74 75 75
1508953500 73 73 74 74
1508953200 72 72 73 73
1508952900 72 72 73 73
1508952600 72 72 73 73
1508952300 72 72 73 73
1508952000 72 72 73 73
1508951700 73 73 76 76
1508951400 76 76 76 76
1508951100 75 75 76 76
1508950800 72 72 73 73
1508950500 69 69 70 70
1508950200 68 68 69 69
1508949900 67 67 68 68
1508949600 65 65 66 66
1508949300 62 62 62 62
1508949000 62 62 62 62
1508948700 61 61 62 62
1508948400 60 60 61 61
1508948100 59 59 60 60
1508947800 57 57 58 58
1508947500 58 58 63 63
1508947200 62 62 63 63
1508946900 60 60 61 61
1508946600 59 59 60 60
1508946300 60 60 60 60
1508946000 60 60 61 61
1508945700 60 60 61 61
1508945400 57 57 58 58
1508945100 56 56 57 57
1508944800 55 55 55 55
1508944500 55 55 57 57
1508944200 57 57 59 59
1508943900 59 59 59 59
1508943600 59 59 62 62
1508943300 61 61 62 62
1508943000 61 61 63 63
1508942700 62 62 63 63
1508942400 62 62 63 63
1508942100 63 63 65 65
1508941800 64 64 65 65
1508941500 63 63 64 64
1508941200 63 63 64 64
1508940900 62 62 62 62
1508940600 62 62 64 64
1508940300 64 64 65 65
1508940000 64 64 65 65
1508939700 62 62 63 63
1508939400 61 61 62 62
1508939100 61 61 62 62
1508938800 59 59 60 60
1508938500 58 58 59 59
1508938200 57 57 57 57
1508937900 57 57 59 59
1508937600 58 58 59 59
1508937300 58 58 60 60
1508937000 60 60 60 60
1508936700 59 59 60 60
1508936400 57 57 58 58
1508936100 56 56 59 59
1508935800 59 59 60 60
1508935500 60 60 60 60
1508935200 60 60 61 61
1508934900 61 61 63 63
1508934600 62 62 63 63
1508934300 61 61 62 62
1508934000 59 59 60 60
1508933700 59 59 60 60
1508933400 57 57 58 58
1508933100 55 55 56 56
1508932800 53 53 54 54
1508932500 53 53 56 56
1508932200 56 56 59 59
1508931900 59 59 60 60
1508931600 59 59 60 60
1508931300 57 57 58 58
1508931000 54 54 55 55
1508930700 53 53 55 55
1508930400 55 55 55 55
1508930100 54 54 55 55
1508929800 51 51 52 52
1508929500 50 50 51 51
1508929200 50 50 51 51
1508928900 51 51 52 52
1508928600 51 51 52 52
1508928300 50 50 51 51
1508928000 49 49 50 50
1508927700 50 50 52 52
1508927400 51 51 52 52
1508927100 51 51 53 53
1508926800 53 53 54 54
1508926500 54 54 54 54
1508926200 54 54 56 56
1508925900 56 56 56 56
1508925600 56 56 57 57
1508925300 56 56 57 57
1508925000 55 55 56 56
1508924700 53 53 54 54
1508924400 49 49 50 50
1508924100 48 48 48 48
1508923800 48 48 48 48
1508923500 48 48 48 48
1508923200 47 47 48 48
1508922900 47 47 49 49
1508922600 48 48 49 49
1508922300 48 48 48 48
1508922000 48 48 48 48
1508921700 47 47 48 48
1508921400 46 46 47 47
1508921100 46 46 46 46
1508920800 46 46 48 48
1508920500 48 48 48 48
1508920200 48 48 48 48
1508919900 48 48 49 49
1508919600 49 49 50 50
1508919300 49 49 50 50
1508919000 48 48 49 49
1508918700 48 48 48 48
1508918400 47 47 48 48
1508918100 47 47 48 48
1508917800 47 47 48 48
1508917500 46 46 47 47
1508917200 44 44 45 45
1508916900 42 42 43 43
1508916600 41 41 41 41
1508916300 41 41 42 42
1508916000 42 42 42 42
1508915700 42 42 42 42
1508915400 41 41 42 42
1508915100 41 41 41 41
1508914800 41 41 42 42
1508914500 42 42 42 42
1508914200 41 41 42 42
1508913900 40 40 40 40
1508913600 40 40 41 41
1508913300 40 40 41 41
1508913000 40 40 41 41
1508912700 40 40 41 41
1508912400 35 35 36 36
1508912100 34 34 35 35
1508911800 35 35 35 35
1508911500 34 34 35 35
1508911200 33 33 34 34
1508910900 33 33 35 35
1508910600 35 35 36 36
1508910300 35 35 36 36
1508910000 34 34 36 36
1508909700 35 35 36 36
1508909400 33 33 34 34
1508909100 27 27 28 28
1508908800 28 28 29 29
1508908500 29 29 31 31
1508908200 31 31 35 35
1508907900 35 35 35 35
1508907600 35 35 37 37
1508907300 37 37 38 38
1508907000 38 38 38 38
1508906700 37 37 38 38
1508906400 29 29 30 30
1508906100 28 28 29 29
1508905800 26 26 27 27
1508905500 25 25 25 25
1508905200 25 25 25 25
1508904900 25 25 25 25
1508904600 24 24 25 25
1508904300 24 24 24 24
1508904000 24 24 25 25
1508903700 25 25 26 26
1508903400 25 25 26 26
1508903100 24 24 24 24
1508902800 23 23 24 24
1508902500 22 22 23 23
1508902200 21 21 22 22
1508901900 21 21 22 22
1508901600 22 22 22 22
1508901300 22 22 22 22
1508901000 22 22 22 22
1508900700 22 22 22 22
1508900400 22 22 22 22
1508900100 21 21 22 22
1508899800 20 20 21 21
1508899500 20 20 20 20
1508899200 20 20 20 20
1508898900 20 20 20 20
1508898600 20 20 20 20
1508898300 19 19 20 20
1508898000 19 19 19 19
1508897700 18 18 19 19
1508897400 18 18 18 18
1508897100 18 18 19 19
1508896800 19 19 20 20
1508896500 20 20 22 22
1508896200 22 22 25 25
1508895900 24 24 25 25
1508895600 18 18 19 19
1508895300 18 18 18 18
1508895000 18 18 20 20
1508894700 20 20 21 21
1508894400 21 21 22 22
1508894100 22 22 22 22
1508893800 21 21 22 22
1508893500 21 21 21 21
1508893200 21 21 23 23
1508892900 22 22 23 23
1508892600 22 22 22 22
1508892300 22 22 22 22
1508892000 22 22 23 23
1508891700 23 23 23 23
1508891400 23 23 23 23
1508891100 23 23 23 23
1508890800 22 22 23 23
1508890500 22 22 22 22
1508890200 22 22 23 23
1508889900 23 23 25 25
1508889600 25 25 27 27
1508889300 27 27 27 27
1508889000 26 26 27 27
1508888700 26 26 26 26
1508888400 26 26 28 28
1508888100 28 28 29 29
1508887800 29 29 30 30
1508887500 30 30 30 30
1508887200 30 30 31 31
1508886900 30 30 31 31
1508886600 30 30 31 31
1508886300 31 31 32 32
1508886000 32 32 34 34
1508885700 34 34 34 34
1508885400 34 34 34 34
1508885100 34 34 35 35
1508884800 35 35 37 37
1508884500 37 37 41 41
1508884200 41 41 41 41
1508883900 40 40 41 41
1508883600 39 39 40 40
1508883300 38 38 39 39
1508883000 37 37 40 40
1508882700 40 40 43 43
1508882400 43 43 43 43
1508882100 43 43 44 44
1508881800 44 44 45 45
1508881500 45 45 47 47
1508881200 47 47 48 48
1508880900 48 48 48 48
1508880600 48 48 49 49
1508880300 49 49 54 54
1508880000 54 54 54 54
1508879700 54 54 57 57
1508879400 57 57 60 60
1508879100 60 60 60 60
1508878800 60 60 61 61
1508878500 61 61 61 61
1508878200 60 60 61 61
1508877900 60 60 63 63
1508877600 63 63 64 64
1508877300 63 63 64 64
1508877000 63 63 63 63
1508876700 63 63 63 63
1508876400 63 63 64 64
1508876100 63 63 64 64
1508875800 62 62 64 64
1508875500 63 63 64 64
1508875200 63 63 65 65
1508874900 65 65 65 65
1508874600 64 64 65 65
1508874300 62 62 63 63
1508874000 62 62 66 66
1508873700 66 66 66 66
1508873400 66 66 66 66
1508873100 66 66 71 71
1508872800 71 71 71 71
1508872500 71 71 71 71
1508872200 71 71 73 73
1508871900 73 73 75 75
1508871600 75 75 75 75
1508871300 75 75 76 76
1508871000 76 76 77 77
1508870700 77 77 77 77
1508870400 77 77 77 77
1508870100 76 76 77 77
1508869800 76 76 76 76
1508869500 75 75 76 76
1508869200 75 75 77 77
1508868900 76 76 77 77
1508868600 76 76 76 76
1508868300 76 76 76 76
1508868000 76 76 76 76
1508867700 75 75 76 76
1508867400 75 75 76 76
1508867100 75 75 76 76
1508866800 75 75 75 75
1508866500 75 75 78 78
1508866200 77 77 78 78
1508865900 74 74 75 75
1508865600 72 72 73 73
1508865300 71 71 71 71
1508865000 71 71 74 74
1508864700 73 73 74 74
1508864400 71 71 72 72
1508864100 70 70 72 72
1508863800 72 72 73 73
1508863500 72 72 73 73
1508863200 72 72 72 72
1508862900 71 71 72 72
1508862600 70 70 70 70
1508862300 69 69 70 70
1508862000 64 64 65 65
1508861700 61 61 62 62
1508861400 61 61 61 61
1508861100 60 60 61 61
1508860800 60 60 60 60
1508860500 60 60 62 62
1508860200 61 61 62 62
1508859900 60 60 61 61
1508859600 61 61 62 62
1508859300 62 62 62 62
1508859000 61 61 62 62
1508858700 57 57 59 59
1508858400 59 59 62 62
1508858100 61 61 62 62
1508857800 59 59 60 60
1508857500 59 59 60 60
1508857200 59 59 62 62
1508856900 62 62 63 63
1508856600 63 63 63 63
1508856300 63 63 64 64
1508856000 64 64 64 64
1508855700 63 63 64 64
1508855400 62 62 63 63
1508855100 62 62 63 63
1508854800 62 62 63 63
1508854500 59 59 60 60
1508854200 56 56 58 58
1508853900 57 57 58 58
1508853600 55 55 56 56
1508853300 52 52 53 53
1508853000 52 52 55 55
1508852700 54 54 55 55
1508852400 51 51 52 52
1508852100 49 49 50 50
1508851800 48 48 49 49
1508851500 47 47 48 48
1508851200 47 47 48 48
1508850900 46 46 46 46
1508850600 46 46 48 48
1508850300 48 48 51 51
1508850000 51 51 56 56
1508849700 56 56 56 56
1508849400 55 55 56 56
1508849100 55 55 55 55
1508848800 55 55 56 56
1508848500 56 56 57 57
1508848200 57 57 58 58
1508847900 58 58 58 58
1508847600 57 57 58 58
1508847300 57 57 59 59
1508847000 59 59 59 59
1508846700 58 58 59 59
1508846400 57 57 58 58
1508846100 54 54 55 55
1508845800 52 52 53 53
1508845500 51 51 52 52
1508845200 50 50 51 51
1508844900 48 48 48 48
1508844600 47 47 48 48
1508844300 47 47 49 49
1508844000 49 49 49 49
1508843700 48 48 49 49
1508843400 47 47 48 48
1508843100 45 45 46 46
1508842800 46 46 46 46
1508842500 46 46 48 48
1508842200 48 48 50 50
1508841900 49 49 50 50
1508841600 46 46 47 47
1508841300 45 45 46 46
1508841000 44 44 45 45
1508840700 44 44 47 47
1508840400 47 47 50 50
1508840100 50 50 51 51
1508839800 50 50 51 51
1508839500 47 47 48 48
1508839200 47 47 48 48
1508838900 46 46 47 47
1508838600 42 42 43 43
1508838300 41 41 41 41
1508838000 41 41 43 43
1508837700 43 43 44 44
1508837400 43 43 44 44
1508837100 40 40 41 41
1508836800 38 38 39 39
1508836500 38 38 38 38
1508836200 37 37 38 38
1508835900 36 36 38 38
1508835600 37 37 38 38
1508835300 36 36 37 37
1508835000 36 36 38 38
1508834700 38 38 43 43
1508834400 43 43 50 50
1508834100 50 50 52 52
1508833800 51 51 52 52
1508833500 49 49 50 50
1508833200 49 49 49 49
1508832900 48 48 49 49
1508832600 45 45 46 46
1508832300 42 42 43 43
1508832000 43 43 46 46
1508831700 50 50 54 54
1508830200 47 47 52 52
1508828400 46 46 51 51
1508826600 42 42 48 48
1508824800 33 33 38 38
1508823000 35 35 38 38
1508821200 33 33 38 38
1508819400 29 29 32 32
1508817600 26 26 32 32
1508815800 21 21 24 24
1508814000 21 21 22 22
1508812200 21 21 25 25
1508810400 25 25 30 30
1508808600 25 25 29 29
1508806800 25 25 29 29
1508805000 29 29 31 31
1508803200 30 30 35 35
1508801400 33 33 39 39
1508799600 42 42 46 46
1508797800 48 48 51 51
1508796000 54 54 59 59
1508794200 61 61 66 66
1508792400 64 64 67 67
1508790600 63 63 67 67
1508788800 67 67 70 70
1508787000 68 68 70 70
1508785200 72 72 78 78
1508783400 74 74 79 79
1508781600 68 68 71 71
1508779800 62 62 67 67
1508778000 64 64 74 74
1508776200 67 67 74 74
1508774400 61 61 65 65
1508772600 53 53 59 59
1508770800 36 36 51 51
1508769000 56 56 64 64
1508767200 54 54 60 60
1508765400 53 53 55 55
1508763600 56 56 61 61
1508761800 49 49 57 57
1508760000 45 45 48 48
1508758200 44 44 48 48
1508756400 44 44 49 49
1508754600 48 48 51 51
1508752800 51 51 55 55
1508751000 50 50 52 52
1508749200 44 44 46 46
1508747400 43 43 46 46
1508745600 41 41 44 44
1508743800 38 38 42 42
1508742000 38 38 43 43
1508740200 44 44 48 48
1508738400 42 42 44 44
1508736600 33 33 41 41
1508734800 28 28 31 31
1508733000 22 22 27 27
1508731200 22 22 24 24
1508729400 21 21 23 23
1508727600 21 21 26 26
1508725800 21 21 23 23
1508724000 22 22 25 25
1508722200 24 24 25 25
1508720400 25 25 27 27
1508718600 26 26 27 27
1508716800 26 26 31 31
1508715000 31 31 34 34
1508713200 34 34 37 37
1508711400 37 37 41 41
1508709600 43 43 50 50
1508707800 48 48 52 52
1508706000 52 52 55 55
1508704200 61 61 73 73
1508702400 72 72 75 75
1508700600 73 73 78 78
1508698800 74 74 77 77
1508697000 74 74 78 78
1508695200 80 80 85 85
1508693400 78 78 83 83
1508691600 72 72 75 75
1508689800 78 78 83 83
1508688000 79 79 82 82
1508686200 69 69 77 77
1508684400 70 70 79 79
1508682600 66 66 74 74
1508680800 66 66 73 73
1508679000 63 63 68 68
1508677200 60 60 64 64
1508675400 64 64 68 68
1508673600 60 60 66 66
1508671800 60 60 62 62
1508670000 58 58 64 64
1508668200 58 58 63 63
1508666400 55 55 58 58
1508664600 52 52 58 58
1508662800 58 58 63 63
1508661000 58 58 64 64
1508659200 56 56 64 64
1508657400 50 50 54 54
1508655600 42 42 48 48
1508653800 37 37 39 39
1508652000 33 33 37 37
1508650200 32 32 37 37
1508648400 28 28 34 34
1508646600 29 29 33 33
1508644800 29 29 32 32
1508643000 26 26 32 32
1508641200 29 29 33 33
1508639400 24 24 28 28
1508637600 25 25 31 31
1508635800 25 25 26 26
1508634000 26 26 33 33
1508632200 30 30 35 35
1508630400 30 30 34 34
1508628600 33 33 38 38
1508626800 38 38 48 48
1508625000 48 48 51 51
1508623200 47 47 53 53
1508621400 52 52 65 65
1508619600 63 63 67 67
1508617800 65 65 70 70
1508616000 69 69 72 72
1508614200 70 70 76 76
1508612400 77 77 83 83
1508610600 74 74 77 77
1508608800 81 81 86 86
1508607000 79 79 86 86
1508605200 66 66 69 69
1508603400 71 71 77 77
1508601600 68 68 72 72
1508599800 72 72 75 75
1508598000 67 67 70 70
1508596200 66 66 70 70
1508594400 61 61 68 68
1508592600 59 59 61 61
1508590800 54 54 61 61
1508589000 50 50 55 55
1508587200 49 49 55 55
1508585400 56 56 67 67
1508583600 61 61 68 68
1508581800 48 48 54 54
1508580000 40 40 44 44
1508578200 44 44 48 48
1508576400 48 48 51 51
1508574600 44 44 51 51
1508572800 48 48 52 52
1508571000 46 46 50 50
1508569200 50 50 53 53
1508567400 45 45 50 50
1508565600 37 37 40 40
1508563800 42 42 49 49
1508562000 38 38 47 47
1508560200 33 33 36 36
1508558400 30 30 36 36
1508556600 27 27 29 29
1508554800 26 26 28 28
1508553000 28 28 31 31
1508551200 30 30 35 35
1508549400 32 32 34 34
1508547600 35 35 40 40
1508545800 34 34 40 40
1508544000 34 34 36 36
1508542200 40 40 47 47
1508540400 41 41 46 46
1508538600 45 45 49 49
1508536800 49 49 58 58
1508535000 57 57 62 62
1508533200 62 62 64 64
1508531400 64 64 72 72
1508529600 72 72 76 76
1508527800 73 73 76 76
1508526000 70 70 74 74
1508524200 72 72 76 76
1508522400 74 74 78 78
1508520600 69 69 73 73
1508518800 70 70 75 75
1508517000 65 65 72 72
1508515200 59 59 61 61
1508513400 57 57 60 60
1508511600 55 55 61 61
1508509800 54 54 56 56
1508508000 51 51 53 53
1508506200 53 53 59 59
1508504400 53 53 59 59
1508502600 52 52 54 54
1508500800 50 50 54 54
1508499000 51 51 56 56
1508497200 49 49 54 54
1508495400 48 48 51 51
1508493600 48 48 51 51
1508491800 44 44 47 47
1508490000 44 44 47 47
1508488200 47 47 49 49
1508486400 42 42 48 48
1508484600 40 40 45 45
1508482800 40 40 43 43
1508481000 40 40 41 41
1508479200 36 36 41 41
1508477400 34 34 36 36
1508475600 30 30 36 36
1508473800 29 29 33 33
1508472000 34 34 40 40
1508470200 27 27 33 33
1508468400 26 26 28 28
1508466600 24 24 29 29
1508464800 29 29 36 36
1508463000 27 27 36 36
1508461200 27 27 32 32
1508459400 29 29 32 32
1508457600 27 27 32 32
1508455800 32 32 37 37
1508454000 38 38 41 41
1508452200 41 41 45 45
1508450400 45 45 49 49
1508448600 54 54 62 62
1508446800 62 62 65 65
1508445000 65 65 68 68
1508443200 68 68 72 72
1508441400 70 70 75 75
1508439600 74 74 77 77
1508437800 70 70 74 74
1508436000 72 72 77 77
1508434200 74 74 79 79
1508432400 74 74 77 77
1508430600 62 62 71 71
1508428800 58 58 61 61
1508427000 54 54 60 60
1508425200 54 54 57 57
1508423400 53 53 57 57
1508421600 52 52 55 55
1508419800 51 51 53 53
1508418000 50 50 54 54
1508416200 50 50 53 53
1508414400 47 47 51 51
1508412600 45 45 49 49
1508410800 49 49 52 52
1508409000 48 48 52 52
1508407200 51 51 56 56
1508405400 48 48 53 53
1508403600 44 44 46 46
1508401800 42 42 44 44
1508400000 43 43 49 49
1508398200 41 41 47 47
1508396400 39 39 42 42
1508394600 40 40 43 43
1508392800 43 43 48 48
1508391000 38 38 41 41
1508389200 35 35 38 38
1508387400 32 32 36 36
1508385600 25 25 29 29
1508383800 26 26 28 28
1508382000 26 26 30 30
1508380200 23 23 29 29
1508378400 23 23 28 28
1508376600 28 28 32 32
1508374800 31 31 34 34
1508373000 32 32 35 35
1508371200 34 34 36 36
1508369400 35 35 38 38
1508367600 38 38 41 41
1508365800 40 40 46 46
1508364000 50 50 54 54
1508362200 53 53 55 55
1508360400 60 60 66 66
1508358600 61 61 66 66
1508356800 65 65 72 72
1508355000 71 71 74 74
1508353200 69 69 75 75
1508351400 77 77 83 83
1508349600 81 81 87 87
1508347800 76 76 79 79
1508346000 79 79 82 82
1508344200 76 76 81 81
1508342400 76 76 79 79
1508340600 67 67 78 78
1508338800 61 61 67 67
1508337000 62 62 67 67
1508335200 61 61 68 68
1508333400 69 69 72 72
1508331600 62 62 72 72
1508329800 61 61 63 63
1508328000 56 56 60 60
1508326200 56 56 60 60
1508324400 53 53 60 60
1508322600 55 55 57 57
1508320800 50 50 55 55
1508319000 47 47 49 49
1508317200 50 50 54 54
1508315400 44 44 49 49
1508313600 48 48 51 51
1508311800 46 46 49 49
1508310000 53 53 58 58
1508308200 45 45 55 55
1508306400 36 36 40 40
1508304600 33 33 35 35
1508302800 31 31 33 33
1508301000 27 27 32 32
1508299200 25 25 27 27
1508297400 25 25 28 28
1508295600 28 28 34 34
1508293800 24 24 26 26
1508292000 25 25 30 30
1508290200 25 25 26 26
1508288400 25 25 26 26
1508286600 25 25 29 29
1508284800 25 25 29 29
1508283000 23 23 26 26
1508281200 26 26 30 30
1508279400 33 33 41 41
1508277600 41 41 44 44
1508275800 45 45 54 54
1508274000 54 54 60 60
1508272200 57 57 65 65
1508270400 63 63 67 67
1508268600 67 67 73 73
1508266800 71 71 75 75
1508265000 69 69 73 73
1508263200 69 69 75 75
1508261400 74 74 78 78
1508259600 70 70 77 77
1508257800 68 68 77 77
1508256000 60 60 63 63
1508254200 60 60 63 63
1508252400 56 56 59 59
1508250600 52 52 56 56
1508248800 50 50 53 53
1508247000 50 50 58 58
1508245200 54 54 59 59
1508243400 54 54 57 57
1508241600 55 55 63 63
1508239800 50 50 56 56
1508238000 56 56 60 60
1508236200 50 50 56 56
1508234400 47 47 51 51
1508232600 45 45 48 48
1508230800 44 44 48 48
1508229000 43 43 45 45
1508227200 38 38 42 42
1508225400 36 36 39 39
1508223600 37 37 42 42
1508221800 38 38 43 43
1508220000 36 36 39 39
1508218200 32 32 36 36
1508216400 31 31 34 34
1508214600 26 26 30 30
1508212800 25 25 27 27
1508211000 23 23 25 25
1508209200 25 25 29 29
1508207400 23 23 28 28
1508205600 21 21 28 28
1508203800 22 22 24 24
1508202000 24 24 26 26
1508200200 26 26 32 32
1508198400 27 27 32 32
1508196600 29 29 37 37
1508194800 34 34 37 37
1508193000 36 36 45 45
1508191200 44 44 46 46
1508189400 47 47 52 52
1508187600 49 49 54 54
1508185800 59 59 66 66
1508184000 67 67 70 70
1508182200 71 71 80 80
1508180400 77 77 80 80
1508178600 80 80 88 88
1508176800 82 82 88 88
1508175000 74 74 80 80
1508173200 76 76 81 81
1508171400 72 72 80 80
1508169600 67 67 76 76
1508167800 64 64 72 72
1508166000 67 67 74 74
1508164200 59 59 66 66
1508162400 53 53 57 57
1508160600 54 54 62 62
1508158800 60 60 62 62
1508157000 58 58 63 63
1508155200 49 49 55 55
1508153400 48 48 53 53
1508151600 52 52 56 56
1508149800 45 45 50 50
1508148000 44 44 46 46
1508146200 43 43 50 50
1508144400 53 53 61 61
1508142600 47 47 49 49
1508140800 48 48 50 50
1508139000 45 45 49 49
1508137200 41 41 45 45
1508135400 39 39 41 41
1508133600 35 35 40 40
1508131800 32 32 40 40
1508130000 27 27 32 32
1508128200 24 24 27 27
1508126400 26 26 31 31
1508124600 19 19 21 21
1508122800 18 18 19 19
1508121000 19 19 22 22
1508119200 22 22 29 29
1508117400 22 22 24 24
1508115600 22 22 25 25
1508113800 21 21 24 24
1508112000 28 28 33 33
1508110200 33 33 39 39
1508108400 28 28 32 32
1508106600 31 31 35 35
1508104800 39 39 47 47
1508103000 49 49 53 53
1508101200 53 53 59 59
1508099400 59 59 66 66
1508097600 61 61 67 67
1508095800 68 68 75 75
1508094000 69 69 79 79
1508092200 81 81 86 86
1508090400 75 75 78 78
1508088600 75 75 78 78
1508086800 72 72 76 76
1508085000 67 67 71 71
1508083200 69 69 70 70
1508081400 64 64 69 69
1508079600 66 66 70 70
1508077800 72 72 75 75
1508076000 68 68 74 74
1508074200 60 60 64 64
1508072400 67 67 73 73
1508070600 66 66 71 71
1508068800 64 64 66 66
1508067000 62 62 65 65
1508065200 55 55 60 60
1508063400 50 50 55 55
1508061600 50 50 58 58
1508059800 54 54 59 59
1508058000 58 58 62 62
1508056200 54 54 59 59
1508054400 53 53 60 60
1508052600 50 50 53 53
1508050800 45 45 51 51
1508049000 37 37 42 42
1508047200 31 31 39 39
1508045400 30 30 36 36
1508043600 27 27 36 36
1508041800 21 21 25 25
1508040000 20 20 24 24
1508038200 19 19 24 24
1508036400 20 20 23 23
1508034600 23 23 29 29
1508032800 22 22 28 28
1508031000 20 20 21 21
1508029200 21 21 26 26
1508027400 26 26 29 29
1508025600 27 27 35 35
1508023800 31 31 37 37
1508022000 30 30 34 34
1508020200 33 33 37 37
1508018400 39 39 46 46
1508016600 47 47 58 58
1508014800 53 53 58 58
1508013000 61 61 66 66
1508011200 73 73 81 81
1508009400 81 81 84 84
1508007600 84 84 88 88
1508005800 80 80 84 84
1508004000 74 74 82 82
1508002200 69 69 72 72
1508000400 72 72 80 80
1507998600 74 74 80 80
1507996800 69 69 77 77
1507995000 64 64 77 77
1507993200 59 59 62 62
1507991400 51 51 61 61
1507989600 49 49 53 53
1507987800 47 47 53 53
1507986000 53 53 56 56
1507984200 57 57 65 65
1507982400 52 52 56 56
1507980600 50 50 56 56
1507978800 52 52 58 58
1507977000 48 48 53 53
1507975200 51 51 57 57
1507973400 49 49 55 55
1507971600 54 54 57 57
1507969800 58 58 64 64
1507968000 50 50 57 57
1507966200 48 48 53 53
1507964400 53 53 57 57
1507962600 48 48 54 54
1507960800 36 36 40 40
1507959000 30 30 34 34
1507957200 29 29 33 33
1507955400 26 26 33 33
1507953600 20 20 23 23
1507951800 21 21 25 25
1507950000 19 19 22 22
1507948200 25 25 31 31
1507946400 31 31 38 38
1507944600 22 22 24 24
1507942800 22 22 24 24
1507941000 22 22 24 24
1507939200 23 23 27 27
1507937400 27 27 30 30
1507935600 37 37 43 43
1507933800 40 40 45 45
1507932000 43 43 46 46
1507930200 40 40 46 46
1507928400 46 46 53 53
1507926600 53 53 57 57
1507924800 58 58 62 62
1507923000 63 63 67 67
1507921200 63 63 68 68
1507919400 68 68 74 74
1507917600 72 72 78 78
1507915800 72 72 78 78
1507914000 64 64 68 68
1507912200 63 63 68 68
1507910400 58 58 67 67
1507908600 53 53 54 54
1507906800 54 54 60 60
1507905000 50 50 56 56
1507903200 52 52 62 62
1507901400 69 69 78 78
1507899600 57 57 76 76
1507897800 49 49 52 52
1507896000 48 48 53 53
1507894200 50 50 55 55
1507892400 51 51 56 56
1507890600 48 48 53 53
1507888800 44 44 50 50
1507887000 38 38 43 43
1507885200 40 40 42 42
1507883400 41 41 44 44
1507881600 40 40 43 43
1507879800 37 37 42 42
1507878000 35 35 38 38
1507876200 37 37 39 39
1507874400 30 30 37 37
1507872600 28 28 30 30
1507870800 25 25 30 30
1507869000 22 22 25 25
1507867200 20 20 22 22
1507865400 19 19 20 20
1507863600 19 19 20 20
1507861800 19 19 22 22
1507860000 24 24 31 31
1507858200 22 22 29 29
1507856400 21 21 23 23
1507854600 21 21 24 24
1507852800 22 22 26 26
1507851000 27 27 37 37
1507849200 34 34 41 41
1507847400 38 38 41 41
1507845600 42 42 47 47
1507843800 44 44 47 47
1507842000 44 44 50 50
1507840200 59 59 68 68
1507838400 69 69 78 78
1507836600 69 69 78 78
1507834800 68 68 73 73
1507833000 69 69 72 72
1507831200 70 70 75 75
1507829400 59 59 65 65
1507827600 58 58 62 62
1507825800 56 56 60 60
1507824000 52 52 57 57
1507822200 49 49 54 54
1507820400 52 52 54 54
1507818600 50 50 53 53
1507816800 49 49 54 54
1507815000 49 49 59 59
1507813200 44 44 48 48
1507811400 45 45 48 48
1507809600 52 52 56 56
1507807800 46 46 56 56
1507806000 43 43 49 49
1507804200 42 42 43 43
1507802400 41 41 46 46
1507800600 48 48 53 53
1507798800 47 47 53 53
1507797000 44 44 47 47
1507795200 44 44 47 47
1507793400 44 44 47 47
1507791600 39 39 43 43
1507789800 41 41 46 46
1507788000 42 42 46 46
1507786200 49 49 55 55
1507784400 40 40 48 48
1507782600 30 30 32 32
1507780800 28 28 32 32
1507779000 27 27 31 31
1507777200 27 27 31 31
1507775400 27 27 31 31
1507773600 33 33 40 40
1507771800 33 33 39 39
1507770000 35 35 39 39
1507768200 38 38 39 39
1507766400 38 38 41 41
1507764600 39 39 44 44
1507762800 42 42 45 45
1507761000 45 45 47 47
1507759200 47 47 52 52
1507757400 56 56 60 60
1507755600 57 57 62 62
1507753800 58 58 66 66
1507752000 66 66 72 72
1507750200 69 69 78 78
1507744800 61 61 71 71
1507737600 53 53 61 61
1507730400 50 50 59 59
1507723200 48 48 65 65
1507716000 44 44 53 53
1507708800 43 43 54 54
1507701600 32 32 40 40
1507694400 26 26 33 33
1507687200 26 26 32 32
1507680000 32 32 42 42
1507672800 50 50 68 68
1507665600 67 67 81 81
1507658400 62 62 82 82
1507651200 56 56 82 82
1507644000 56 56 67 67
1507636800 51 51 57 57
1507629600 41 41 51 51
1507622400 33 33 40 40
1507615200 28 28 38 38
1507608000 21 21 29 29
1507600800 28 28 37 37
1507593600 40 40 56 56
1507586400 61 61 72 72
1507579200 70 70 79 79
1507572000 73 73 86 86
1507564800 59 59 76 76
1507557600 56 56 64 64
1507550400 46 46 59 59
1507543200 51 51 63 63
1507536000 38 38 49 49
1507528800 29 29 37 37
1507521600 20 20 24 24
1507514400 23 23 31 31
1507507200 37 37 58 58
1507500000 51 51 67 67
1507492800 71 71 83 83
1507485600 73 73 83 83
1507478400 63 63 78 78
1507471200 59 59 69 69
1507464000 50 50 66 66
1507456800 51 51 62 62
1507449600 51 51 60 60
1507442400 38 38 55 55
1507435200 24 24 28 28
1507428000 25 25 44 44
1507420800 39 39 53 53
1507413600 52 52 62 62
1507406400 60 60 69 69
1507399200 65 65 77 77
1507392000 63 63 76 76
1507384800 55 55 62 62
1507377600 51 51 60 60
1507370400 50 50 59 59
1507363200 48 48 57 57
1507356000 34 34 44 44
1507348800 22 22 30 30
1507341600 24 24 33 33
1507334400 32 32 43 43
1507327200 53 53 76 76
1507320000 66 66 79 79
1507312800 69 69 75 75
1507305600 60 60 68 68
1507298400 60 60 72 72
1507291200 59 59 71 71
1507284000 48 48 59 59
1507276800 44 44 51 51
1507269600 34 34 46 46
1507262400 26 26 31 31
1507255200 30 30 37 37
1507248000 37 37 50 50
1507240800 60 60 81 81
1507233600 71 71 81 81
1507226400 74 74 81 81
1507219200 62 62 75 75
1507212000 65 65 77 77
1507204800 53 53 59 59
1507197600 52 52 64 64
1507190400 51 51 61 61
1507183200 36 36 55 55
1507176000 27 27 38 38
1507168800 31 31 45 45
1507161600 37 37 46 46
1507154400 55 55 76 76
1507147200 69 69 76 76
1507140000 72 72 78 78
1507132800 61 61 71 71
1507125600 51 51 59 59
1507118400 46 46 53 53
1507111200 45 45 53 53
1507104000 40 40 46 46
1507096800 29 29 40 40
1507089600 22 22 26 26
1507082400 30 30 45 45
1507075200 35 35 45 45
1507068000 50 50 69 69
1507060800 66 66 83 83
1507053600 72 72 87 87
1507046400 63 63 74 74
1507039200 58 58 69 69
1507032000 49 49 59 59
1507024800 42 42 47 47
1507017600 40 40 53 53
1507010400 32 32 39 39
1507003200 23 23 30 30
1506996000 24 24 44 44
1506988800 41 41 46 46
1506981600 54 54 71 71
1506974400 75 75 85 85
1506967200 79 79 89 89
1506960000 73 73 82 82
1506952800 70 70 83 83
1506945600 70 70 80 80
1506938400 65 65 73 73
1506931200 58 58 69 69
1506924000 39 39 57 57
1506916800 30 30 35 35
1506909600 33 33 37 37
1506902400 42 42 59 59
1506895200 62 62 76 76
1506888000 78 78 88 88
1506880800 81 81 92 92
1506873600 77 77 84 84
1506866400 73 73 81 81
1506859200 68 68 80 80
1506852000 65 65 73 73
1506844800 62 62 74 74
1506837600 44 44 60 60
1506830400 39 39 47 47
1506823200 40 40 46 46
1506816000 47 47 55 55
1506808800 51 51 68 68
1506801600 67 67 75 75
1506794400 63 63 71 71
1506787200 61 61 67 67
1506780000 64 64 75 75
1506772800 55 55 64 64
1506765600 48 48 55 55
1506758400 46 46 54 54
1506751200 36 36 52 52
1506744000 25 25 32 32
1506736800 28 28 36 36
1506729600 34 34 49 49
1506722400 54 54 71 71
1506715200 63 63 72 72
1506708000 62 62 70 70
1506700800 67 67 79 79
1506693600 56 56 72 72
1506686400 59 59 68 68
1506679200 59 59 68 68
1506672000 51 51 61 61
1506664800 35 35 49 49
1506657600 25 25 33 33
1506650400 23 23 29 29
1506643200 31 31 50 50
1506636000 49 49 62 62
1506628800 64 64 71 71
1506621600 70 70 76 76
1506614400 64 64 73 73
1506607200 59 59 70 70
1506600000 55 55 63 63
1506592800 55 55 68 68
1506585600 50 50 58 58
1506578400 41 41 51 51
1506571200 25 25 34 34
1506564000 26 26 32 32
1506556800 38 38 53 53
1506549600 50 50 63 63
1506542400 63 63 70 70
1506535200 68 68 82 82
1506528000 54 54 65 65
1506520800 48 48 55 55
1506513600 48 48 67 67
1506506400 54 54 69 69
1506499200 49 49 61 61
1506492000 33 33 43 43
1506484800 28 28 38 38
1506477600 24 24 31 31
1506470400 31 31 43 43
1506463200 54 54 68 68
1506456000 71 71 80 80
1506448800 75 75 84 84
1506441600 62 62 76 76
1506434400 53 53 62 62
1506427200 52 52 60 60
1506420000 53 53 64 64
1506412800 46 46 56 56
1506405600 35 35 45 45
1506398400 22 22 29 29
1506391200 23 23 30 30
1506384000 35 35 49 49
1506376800 58 58 66 66
1506369600 67 67 73 73
1506362400 66 66 75 75
1506355200 64 64 72 72
1506348000 60 60 73 73
1506340800 50 50 61 61
1506333600 48 48 61 61
1506326400 53 53 62 62
1506319200 36 36 46 46
1506312000 28 28 35 35
1506304800 28 28 40 40
1506297600 37 37 48 48
1506290400 59 59 81 81
1506283200 80 80 94 94
1506276000 73 73 87 87
1506268800 64 64 77 77
1506261600 54 54 61 61
1506254400 55 55 70 70
1506247200 55 55 61 61
1506240000 48 48 59 59
1506232800 30 30 43 43
1506225600 19 19 26 26
1506218400 28 28 37 37
1506211200 34 34 46 46
1506204000 51 51 63 63
1506196800 63 63 75 75
1506189600 62 62 78 78
1506182400 54 54 66 66
1506175200 57 57 68 68
1506168000 57 57 65 65
1506160800 54 54 68 68
1506153600 43 43 49 49
1506146400 31 31 47 47
1506139200 20 20 24 24
1506132000 23 23 33 33
1506124800 32 32 48 48
1506117600 48 48 64 64
1506110400 72 72 87 87
1506103200 59 59 73 73
1506096000 59 59 72 72
1506088800 60 60 69 69
1506081600 55 55 65 65
1506074400 48 48 59 59
1506067200 44 44 50 50
1506060000 30 30 44 44
1506052800 18 18 25 25
1506045600 20 20 27 27
1506038400 36 36 52 52
1506031200 46 46 61 61
1506024000 60 60 68 68
1506016800 54 54 65 65
1506009600 50 50 55 55
1506002400 48 48 53 53
1505995200 42 42 48 48
1505988000 41 41 50 50
1505980800 39 39 46 46
1505973600 28 28 36 36
1505966400 19 19 25 25
1505959200 21 21 33 33
1505952000 29 29 42 42
1505944800 51 51 61 61
1505937600 61 61 69 69
1505930400 64 64 72 72
1505923200 56 56 69 69
1505916000 50 50 67 67
1505908800 45 45 52 52
1505901600 41 41 49 49
1505894400 40 40 46 46
1505887200 35 35 43 43
1505880000 23 23 30 30
1505872800 21 21 27 27
1505865600 29 29 46 46
1505858400 50 50 61 61
1505851200 64 64 75 75
1505844000 64 64 72 72
1505836800 59 59 67 67
1505829600 53 53 60 60
1505822400 49 49 56 56
1505815200 47 47 53 53
1505808000 42 42 51 51
1505800800 30 30 39 39
1505793600 19 19 26 26
1505786400 21 21 30 30
1505779200 26 26 39 39
1505772000 46 46 61 61
1505764800 71 71 84 84
1505757600 69 69 84 84
1505750400 62 62 68 68
1505743200 57 57 65 65
1505736000 41 41 53 53
1505728800 40 40 47 47
1505721600 45 45 53 53
1505714400 31 31 42 42
1505707200 23 23 32 32
1505700000 21 21 28 28
1505692800 30 30 40 40
1505685600 52 52 62 62
1505678400 64 64 80 80
1505671200 65 65 72 72
1505664000 65 65 80 80
1505656800 60 60 68 68
1505649600 57 57 69 69
1505642400 50 50 60 60
1505635200 45 45 52 52
1505628000 32 32 43 43
1505620800 26 26 32 32
1505613600 25 25 34 34
1505606400 38 38 48 48
1505599200 51 51 59 59
1505592000 60 60 69 69
1505584800 54 54 64 64
1505577600 56 56 66 66
1505570400 52 52 61 61
1505563200 51 51 58 58
1505556000 56 56 69 69
1505548800 50 50 62 62
1505541600 34 34 43 43
1505534400 22 22 33 33
1505527200 24 24 33 33
1505520000 37 37 53 53
1505512800 57 57 73 73
1505505600 79 79 91 91
1505498400 67 67 84 84
1505491200 67 67 77 77
1505484000 58 58 72 72
1505476800 58 58 66 66
1505469600 45 45 57 57
1505462400 40 40 51 51
1505455200 30 30 37 37
1505448000 19 19 26 26
1505440800 27 27 47 47
1505433600 45 45 52 52
1505426400 52 52 64 64
1505419200 67 67 77 77
1505412000 69 69 85 85
1505404800 56 56 66 66
1505397600 53 53 65 65
1505390400 45 45 54 54
1505383200 43 43 55 55
1505376000 41 41 54 54
1505368800 37 37 47 47
1505361600 31 31 38 38
1505354400 28 28 36 36
1505347200 35 35 46 46
1505340000 49 49 60 60
1505332800 70 70 80 80
1505325600 71 71 84 84
1505318400 55 55 80 80
1505311200 53 53 62 62
1505304000 45 45 55 55
1505296800 48 48 64 64
1505289600 44 44 53 53
1505282400 37 37 43 43
1505275200 31 31 42 42
1505268000 28 28 34 34
1505260800 34 34 51 51
1505253600 53 53 65 65
1505246400 67 67 75 75
1505239200 61 61 73 73
1505232000 50 50 62 62
1505224800 54 54 68 68
1505217600 49 49 62 62
1505210400 43 43 54 54
1505203200 50 50 61 61
1505196000 34 34 48 48
1505188800 24 24 29 29
1505181600 20 20 29 29
1505174400 32 32 52 52
1505167200 53 53 65 65
1505160000 67 67 76 76
1505152800 67 67 80 80
1505145600 59 59 68 68
1505138400 57 57 63 63
1505131200 47 47 54 54
1505124000 41 41 48 48
1505116800 43 43 51 51
1505109600 35 35 43 43
1505102400 26 26 33 33
1505095200 32 32 40 40
1505088000 36 36 44 44
1505080800 49 49 61 61
1505073600 68 68 77 77
1505066400 68 68 78 78
1505059200 64 64 72 72
1505052000 61 61 68 68
1505044800 58 58 69 69
1505037600 59 59 70 70
1505030400 45 45 54 54
1505023200 32 32 42 42
1505016000 24 24 30 30
1505008800 28 28 38 38
1505001600 30 30 42 42
1504994400 48 48 59 59
1504987200 59 59 69 69
1504980000 60 60 66 66
1504972800 61 61 65 65
1504965600 55 55 64 64
1504958400 52 52 59 59
1504951200 50 50 56 56
1504944000 46 46 57 57
1504936800 37 37 52 52
1504929600 22 22 30 30
1504922400 25 25 31 31
1504915200 32 32 44 44
1504908000 59 59 77 77
1504900800 68 68 75 75
1504893600 63 63 85 85
1504886400 49 49 56 56
1504879200 51 51 57 57
1504872000 44 44 58 58
1504864800 46 46 53 53
1504857600 43 43 49 49
1504850400 32 32 37 37
1504843200 23 23 27 27
1504836000 22 22 25 25
1504828800 28 28 44 44
1504821600 49 49 68 68
1504814400 68 68 79 79
1504807200 61 61 71 71
1504800000 55 55 66 66
1504792800 48 48 55 55
1504785600 47 47 52 52
1504778400 42 42 51 51
1504771200 42 42 53 53
1504764000 29 29 37 37
1504756800 20 20 30 30
1504749600 22 22 25 25
1504742400 29 29 40 40
1504735200 46 46 57 57
1504728000 69 69 84 84
1504720800 65 65 73 73
1504713600 62 62 72 72
1504706400 58 58 66 66
1504699200 49 49 60 60
1504692000 40 40 49 49
1504684800 40 40 45 45
1504677600 30 30 39 39
1504670400 23 23 29 29
1504663200 21 21 26 26
1504656000 30 30 41 41
1504648800 49 49 68 68
1504641600 65 65 75 75
1504634400 60 60 75 75
1504627200 51 51 60 60
1504620000 43 43 50 50
1504612800 42 42 51 51
1504605600 41 41 49 49
1504598400 41 41 51 51
1504591200 31 31 42 42
1504584000 24 24 29 29
1504576800 23 23 29 29
1504569600 32 32 47 47
1504562400 53 53 74 74
1504555200 71 71 80 80
1504548000 65 65 72 72
1504540800 55 55 62 62
1504533600 54 54 62 62
1504526400 51 51 59 59
1504519200 48 48 54 54
1504512000 46 46 54 54
1504504800 32 32 45 45
1504497600 22 22 27 27
1504490400 23 23 28 28
1504483200 35 35 46 46
1504476000 53 53 63 63
1504468800 69 69 79 79
1504461600 66 66 82 82
1504454400 63 63 82 82
1504447200 54 54 62 62
1504440000 52 52 58 58
1504432800 54 54 62 62
1504425600 48 48 60 60
1504418400 32 32 44 44
1504411200 20 20 24 24
1504404000 22 22 25 25
1504396800 32 32 47 47
1504389600 52 52 65 65
1504382400 63 63 70 70
1504375200 64 64 74 74
1504368000 60 60 70 70
1504360800 58 58 68 68
1504353600 57 57 68 68
1504346400 48 48 58 58
1504339200 45 45 53 53
1504332000 30 30 42 42
1504324800 19 19 26 26
1504317600 22 22 27 27
1504310400 33 33 49 49
1504303200 47 47 61 61
1504296000 65 65 74 74
1504288800 60 60 67 67
1504281600 58 58 68 68
1504274400 49 49 60 60
1504267200 48 48 57 57
1504260000 45 45 57 57
1504252800 44 44 55 55
1504245600 32 32 42 42
1504238400 24 24 30 30
1504231200 22 22 27 27
1504224000 33 33 46 46
1504216800 56 56 79 79
1504209600 76 76 84 84
1504202400 71 71 81 81
1504195200 59 59 73 73
1504188000 56 56 66 66
1504180800 52 52 60 60
1504173600 54 54 68 68
1504166400 45 45 57 57
1504159200 33 33 52 52
1504152000 23 23 27 27
1504144800 24 24 29 29
1504137600 36 36 49 49
1504130400 58 58 70 70
1504123200 80 80 89 89
1504116000 76 76 88 88
1504108800 67 67 79 79
1504101600 63 63 79 79
1504094400 70 70 79 79
1504087200 64 64 76 76
1504080000 56 56 66 66
1504072800 37 37 55 55
1504065600 23 23 29 29
1504058400 26 26 31 31
1504051200 40 40 55 55
1504044000 63 63 75 75
1504036800 77 77 84 84
1504029600 75 75 87 87
1504022400 71 71 80 80
1504015200 64 64 70 70
1504008000 61 61 72 72
1504000800 51 51 61 61
1503993600 52 52 60 60
1503986400 36 36 50 50
1503979200 20 20 26 26
1503972000 18 18 23 23
1503964800 31 31 48 48
1503957600 56 56 73 73
1503950400 75 75 84 84
1503943200 71 71 81 81
1503936000 62 62 72 72
1503928800 61 61 71 71
1503921600 59 59 68 68
1503914400 59 59 74 74
1503907200 49 49 64 64
1503900000 30 30 47 47
1503892800 20 20 27 27
1503885600 19 19 25 25
1503878400 34 34 50 50
1503871200 58 58 76 76
1503864000 77 77 88 88
1503856800 73 73 86 86
1503849600 63 63 76 76
1503842400 57 57 68 68
1503835200 59 59 76 76
1503828000 58 58 68 68
1503820800 46 46 59 59
1503813600 33 33 49 49
1503806400 20 20 25 25
1503799200 21 21 34 34
1503792000 33 33 45 45
1503784800 54 54 65 65
1503777600 62 62 71 71
1503770400 63 63 74 74
1503763200 58 58 71 71
1503756000 51 51 61 61
1503748800 51 51 65 65
1503741600 55 55 67 67
1503734400 51 51 60 60
1503727200 37 37 48 48
1503720000 24 24 31 31
1503712800 27 27 40 40
1503705600 41 41 60 60
1503698400 63 63 75 75
1503691200 79 79 87 87
1503684000 68 68 80 80
1503676800 65 65 77 77
1503669600 60 60 68 68
1503662400 55 55 61 61
1503655200 53 53 63 63
1503648000 50 50 60 60
1503640800 37 37 51 51
1503633600 25 25 34 34
1503626400 29 29 46 46
1503619200 42 42 53 53
1503612000 61 61 73 73
1503604800 75 75 82 82
1503597600 69 69 75 75
1503590400 58 58 66 66
1503583200 57 57 64 64
1503576000 55 55 65 65
1503568800 55 55 67 67
1503561600 49 49 62 62
1503554400 30 30 43 43
1503547200 21 21 27 27
1503540000 23 23 30 30
1503532800 32 32 42 42
1503525600 59 59 77 77
1503518400 75 75 86 86
1503511200 69 69 84 84
1503504000 61 61 70 70
1503496800 56 56 61 61
1503489600 57 57 68 68
1503482400 54 54 66 66
1503475200 49 49 60 60
1503468000 32 32 47 47
1503460800 20 20 37 37
1503453600 20 20 26 26
1503446400 30 30 42 42
1503439200 55 55 71 71
1503432000 76 76 83 83
1503424800 45 45 82 82
1503360000 46 46 87 87
1503273600 46 46 84 84
1503187200 43 43 75 75
1503100800 48 48 85 85
1503014400 49 49 91 91
1502928000 46 46 84 84
1502841600 48 48 90 90
1502755200 48 48 89 89
1502668800 46 46 76 76
1502582400 45 45 77 77
1502496000 45 45 80 80
1502409600 47 47 91 91
1502323200 47 47 80 80
1502236800 41 41 80 80
1502150400 46 46 76 76
1502064000 47 47 81 81
1501977600 41 41 77 77
1501891200 44 44 71 71
1501804800 45 45 82 82
1501718400 46 46 78 78
1501632000 43 43 70 70
1501545600 49 49 89 89
1501459200 45 45 82 82
1501372800 45 45 77 77
1501286400 41 41 88 88
1501200000 45 45 72 72
1501113600 43 43 77 77
1501027200 41 41 72 72
1500940800 46 46 82 82
1500854400 41 41 70 70
1500768000 48 48 84 84
1500681600 42 42 79 79
1500595200 48 48 86 86
1500508800 47 47 86 86
1500422400 46 46 78 78
1500336000 43 43 77 77
1500249600 46 46 77 77
1500163200 47 47 86 86
1500076800 43 43 75 75
1499990400 44 44 79 79
1499904000 47 47 80 80
1499817600 46 46 77 77
1499731200 45 45 79 79
1499644800 51 51 87 87
1499558400 46 46 83 83
1499472000 45 45 78 78
1499385600 44 44 72 72
1499299200 45 45 81 81
1499212800 48 48 90 90
1499126400 45 45 78 78
1499040000 41 41 85 85
1498953600 32 32 71 71
1498867200 40 40 71 71
1498780800 46 46 82 82
1498694400 46 46 80 80
1498608000 49 49 79 79
1498521600 46 46 81 81
1498435200 45 45 82 82
1498348800 49 49 81 81
1498262400 46 46 77 77
1498176000 48 48 84 84
1498089600 40 40 80 80
1498003200 45 45 81 81
1497916800 49 49 90 90
1497830400 48 48 80 80
1497744000 45 45 81 81
1497657600 45 45 86 86
1497571200 46 46 90 90
1497484800 46 46 91 91
1497398400 40 40 79 79
1497312000 36 36 67 67
1497225600 43 43 90 90
1497139200 47 47 93 93
1497052800 42 42 82 82
1496966400 40 40 74 74
1496880000 46 46 86 86
1496793600 44 44 82 82
1496707200 43 43 81 81
1496620800 42 42 77 77
1496534400 41 41 79 79
1496448000 42 42 71 71
1496361600 44 44 80 80
1496275200 43 43 78 78
1496188800 43 43 87 87
1496102400 43 43 77 77
1496016000 43 43 76 76
1495929600 40 40 86 86
1495843200 45 45 89 89
1495756800 44 44 89 89
1495670400 39 39 82 82
1495584000 43 43 90 90
1495497600 44 44 89 89
1495411200 50 50 90 90
1495324800 44 44 78 78
1495238400 43 43 87 87
1495152000 41 41 76 76
1495065600 43 43 88 88
1494979200 45 45 87 87
1494892800 46 46 90 90
1494806400 48 48 82 82
1494720000 48 48 90 90
1494633600 43 43 89 89
1494547200 48 48 94 94
1494460800 46 46 93 93
1494374400 42 42 75 75
1494288000 49 49 92 92
1494201600 46 46 83 83
1494115200 44 44 84 84
1494028800 45 45 85 85
1493942400 44 44 86 86
1493856000 49 49 86 86
1493769600 49 49 96 96
1493683200 50 50 91 91
1493596800 40 40 91 91
1493510400 43 43 82 82
1493424000 45 45 85 85
1493337600 46 46 94 94
1493251200 43 43 92 92
1493164800 41 41 87 87
1493078400 43 43 86 86
1492992000 51 51 93 93
1492905600 45 45 87 87
1492819200 43 43 81 81
1492732800 45 45 90 90
1492646400 43 43 90 90
1492560000 45 45 93 93
1492473600 47 47 88 88
1492387200 42 42 82 82
1492300800 42 42 78 78
1492214400 43 43 78 78
1492128000 40 40 75 75
1492041600 43 43 80 80
1491955200 40 40 83 83
1491868800 41 41 83 83
1491782400 47 47 84 84
1491696000 48 48 91 91
1491609600 39 39 96 96
1491523200 39 39 83 83
1491436800 40 40 81 81
1491350400 44 44 84 84
1491264000 44 44 90 90
1491177600 47 47 85 85
1491091200 44 44 81 81
1491004800 50 50 95 95
1490918400 47 47 87 87
1490832000 45 45 91 91
1490745600 47 47 86 86
1490659200 49 49 92 92
1490572800 53 53 93 93
1490486400 50 50 85 85
1490400000 45 45 95 95
1490313600 46 46 91 91
1490227200 48 48 96 96
1490140800 42 42 88 88
1490054400 46 46 86 86
1489968000 49 49 94 94
1489881600 47 47 83 83
1489795200 41 41 84 84
1489708800 47 47 85 85
1489622400 47 47 93 93
1489536000 48 48 91 91
1489449600 47 47 91 91
1489363200 55 55 96 96
1489276800 58 58 97 97
1489190400 52 52 96 96
1489104000 48 48 90 90
1489017600 43 43 79 79
1488931200 44 44 88 88
1488844800 44 44 84 84
1488758400 44 44 82 82
1488672000 43 43 79 79
1488585600 43 43 81 81
1488499200 37 37 80 80
1488412800 39 39 78 78
1488326400 40 40 84 84
1488240000 40 40 87 87
1488153600 46 46 85 85
1488067200 52 52 90 90
1487980800 48 48 85 85
1487894400 48 48 85 85
1487808000 45 45 91 91
1487721600 45 45 89 89
1487635200 47 47 90 90
1487548800 49 49 87 87
1487462400 51 51 92 92
1487376000 49 49 93 93
1487289600 44 44 96 96
1487203200 49 49 88 88
1487116800 47 47 91 91
1487030400 43 43 78 78
1486944000 48 48 94 94
1486857600 38 38 90 90
1486771200 44 44 88 88
1486684800 48 48 96 96
1486598400 47 47 95 95
1486512000 50 50 96 96
1486425600 46 46 82 82
1486339200 53 53 94 94
1486252800 52 52 88 88
1486166400 54 54 92 92
1486080000 49 49 92 92
1485993600 47 47 77 77
1485907200 48 48 93 93
1485820800 51 51 95 95
1485734400 54 54 98 98
1485648000 47 47 85 85
1485561600 47 47 91 91
1485475200 52 52 88 88
1485388800 50 50 94 94
1485302400 54 54 89 89
1485216000 58 58 90 90
1485129600 63 63 99 99
1485043200 59 59 95 95
1484956800 57 57 96 96
1484870400 51 51 95 95
1484784000 56 56 94 94
1484697600 53 53 86 86
1484611200 53 53 94 94
1484524800 60 60 98 98
1484438400 53 53 89 89
1484352000 53 53 98 98
1484265600 59 59 98 98
1484179200 54 54 98 98
1484092800 46 46 98 98
1484006400 52 52 94 94
1483920000 48 48 83 83
1483833600 56 56 86 86
1483747200 50 50 91 91
1483660800 56 56 91 91
1483574400 45 45 96 96
1483488000 51 51 83 83
1483401600 47 47 88 88
1483315200 43 43 81 81
1483228800 45 45 70 70
1483142400 51 51 99 99
1483056000 48 48 92 92
1482969600 50 50 88 88
1482883200 48 48 86 86
1482796800 49 49 87 87
1482710400 52 52 94 94
1482624000 48 48 88 88
1482537600 53 53 96 96
1482451200 50 50 94 94
1482364800 56 56 99 99
1482278400 53 53 98 98
1482192000 43 43 82 82
1482105600 45 45 89 89
1482019200 47 47 96 96
1481932800 44 44 80 80
1481846400 43 43 86 86
1481760000 43 43 82 82
1481673600 48 48 86 86
1481587200 44 44 83 83
1481500800 47 47 87 87
1481414400 52 52 94 94
1481328000 44 44 85 85
1481241600 43 43 89 89
1481155200 49 49 88 88
1481068800 42 42 80 80
1480982400 46 46 88 88
1480896000 48 48 95 95
1480809600 49 49 79 79
1480723200 49 49 90 90
1480636800 44 44 76 76
1480550400 42 42 79 79
1480464000 48 48 86 86
1480377600 51 51 82 82
1480291200 51 51 89 89
1480204800 54 54 91 91
1480118400 52 52 96 96
1480032000 49 49 88 88
1479945600 56 56 88 88
1479859200 52 52 92 92
1479772800 52 52 99 99
1479686400 50 50 96 96
1479600000 59 59 83 83
1479513600 46 46 64 64
1479427200 46 46 92 92
1479340800 46 46 81 81
1479254400 26 26 87 87
1479168000 8 8 8 8
1479081600 8 8 8 8
1478995200 8 8 8 8
1478908800 8 8 8 8
1478822400 8 8 8 8
1478736000 8 8 8 8
1478649600 8 8 8 8
1478563200 8 8 8 8
1478476800 8 8 8 8
1478390400 8 8 8 8
1478304000 8 8 8 8
1478217600 8 8 8 8
1478131200 8 8 8 8
1478044800 8 8 8 8
1477958400 8 8 8 8
1477872000 8 8 8 8
1477785600 8 8 8 8
1477699200 8 8 8 8
1477612800 8 8 8 8
1477526400 8 8 8 8
1477440000 8 8 8 8
1477353600 8 8 8 8
1477267200 8 8 8 8
1477180800 8 8 8 8
1477094400 8 8 8 8
1477008000 8 8 8 8
1476921600 8 8 8 8
1476835200 8 8 8 8
1476748800 8 8 8 8
1476662400 8 8 8 8
1476576000 8 8 8 8
1476489600 8 8 8 8
1476403200 8 8 8 8
1476316800 8 8 8 8
1476230400 8 8 8 8
1476144000 8 8 8 8
1476057600 8 8 8 8
1475971200 8 8 8 8
1475884800 8 8 8 8
1475798400 8 8 8 8
1475712000 8 8 8 8
1475625600 8 8 8 8
1475539200 8 8 8 8
1475452800 8 8 8 8
1475366400 8 8 8 8
1475280000 8 8 8 8
1475193600 8 8 8 8
1475107200 8 8 8 8
1475020800 8 8 8 8
1474934400 8 8 8 8
1474848000 8 8 8 8
1474761600 8 8 8 8
1474675200 8 8 8 8
1474588800 8 8 8 8
1474502400 8 8 8 8
1474416000 8 8 8 8
1474329600 8 8 8 8
1474243200 8 8 8 8
1474156800 8 8 8 8
1474070400 8 8 8 8
1473984000 8 8 8 8
1473897600 8 8 8 8
1473811200 8 8 8 8
1473724800 8 8 8 8
1473638400 8 8 8 8
1473552000 8 8 8 8
1473465600 8 8 8 8
1473379200 8 8 8 8
1473292800 8 8 8 8
1473206400 8 8 8 8
1473120000 8 8 8 8
1473033600 8 8 8 8
1472947200 8 8 8 8
1472860800 8 8 8 8
1472774400 8 8 8 8
1472688000 8 8 8 8
1472601600 8 8 8 8
1472515200 8 8 8 8
1472428800 8 8 8 8
1472342400 8 8 8 8
1472256000 8 8 8 8
1472169600 8 8 8 8
1472083200 8 8 8 8
1471996800 8 8 8 8
1471910400 8 8 8 8
1471824000 8 8 8 8
1471737600 8 8 8 8
1471651200 8 8 8 8
1471564800 8 8 8 8
1471478400 8 8 8 8
1471392000 8 8 8 8
1471305600 8 8 8 8
1471219200 8 8 8 8
1471132800 8 8 8 8
1471046400 8 8 8 8
1470960000 8 8 8 8
1470873600 8 8 8 8
1470787200 8 8 8 8
1470700800 8 8 8 8
1470614400 8 8 8 8
1470528000 8 8 8 8
1470441600 8 8 8 8
1470355200 8 8 8 8
1470268800 8 8 8 8
1470182400 8 8 8 8
1470096000 8 8 8 8
1470009600 8 8 8 8
1469923200 8 8 8 8
1469836800 8 8 8 8
1469750400 8 8 8 8
1469664000 8 8 8 8
1469577600 8 8 8 8
1469491200 8 8 8 8
1469404800 8 8 8 8
1469318400 8 8 8 8
1469232000 8 8 8 8
1469145600 8 8 8 8
1469059200 8 8 8 8
1468972800 8 8 8 8
1468886400 8 8 8 8
1468800000 8 8 8 8
1468713600 8 8 8 8
1468627200 8 8 8 8
1468540800 8 8 8 8
1468454400 8 8 8 8
1468368000 8 8 8 8
1468281600 8 8 8 8
1468195200 8 8 8 8
1468108800 8 8 8 8
1468022400 8 8 8 8
1467936000 8 8 8 8
1467849600 8 8 8 8
1467763200 8 8 8 8
1467676800 8 8 8 8
1467590400 8 8 8 8
1467504000 8 8 8 8
1467417600 8 8 8 8
1467331200 8 8 8 8
1467244800 8 8 8 8
1467158400 8 8 8 8
1467072000 8 8 8 8
1466985600 8 8 8 8
1466899200 8 8 8 8
1466812800 8 8 8 8
1466726400 8 8 8 8
1466640000 8 8 8 8
1466553600 8 8 8 8
1466467200 8 8 8 8
1466380800 8 8 8 8
1466294400 8 8 8 8
1466208000 8 8 8 8
1466121600 8 8 8 8
1466035200 8 8 8 8
1465948800 8 8 8 8
1465862400 8 8 8 8
1465776000 8 8 8 8
1465689600 8 8 8 8
1465603200 8 8 8 8
1465516800 8 8 8 8
1465430400 8 8 8 8
1465344000 8 8 8 8
1465257600 8 8 8 8
1465171200 8 8 8 8
1465084800 8 8 8 8
1464998400 8 8 8 8
1464912000 8 8 8 8
1464825600 8 8 8 8
1464739200 8 8 8 8
1464652800 8 8 8 8
1464566400 8 8 8 8
1464480000 8 8 8 8
1464393600 8 8 8 8
1464307200 8 8 8 8
1464220800 8 8 8 8
1464134400 8 8 8 8
1464048000 8 8 8 8
1463961600 8 8 8 8
1463875200 8 8 8 8
1463788800 8 8 8 8
1463702400 8 8 8 8
1463616000 8 8 8 8
1463529600 8 8 8 8
1463443200 8 8 8 8
1463356800 8 8 8 8
1463270400 8 8 8 8
1463184000 8 8 8 8
1463097600 8 8 8 8
1463011200 8 8 8 8
1462924800 8 8 8 8
1462838400 8 8 8 8
1462752000 8 8 8 8
1462665600 8 8 8 8
1462579200 8 8 8 8
1462492800 8 8 8 8
1462406400 8 8 8 8
1462320000 8 8 8 8
1462233600 8 8 8 8
1462147200 8 8 8 8
1462060800 8 8 8 8
1461974400 8 8 8 8
1461888000 8 8 8 8
1461801600 8 8 8 8
1461715200 8 8 8 8
1461628800 8 8 8 8
1461542400 8 8 8 8
1461456000 8 8 8 8
1461369600 8 8 8 8
1461283200 8 8 8 8
1461196800 8 8 8 8
1461110400 8 8 8 8
1461024000 8 8 8 8
1460937600 8 8 8 8
1460851200 8 8 8 8
1460764800 8 8 8 8
1460678400 8 8 8 8
1460592000 8 8 8 8
1460505600 8 8 8 8
1460419200 8 8 8 8
1460332800 8 8 8 8
1460246400 8 8 8 8
1460160000 8 8 8 8
1460073600 7 7 9 9
1459987200 7 7 17 17
1459900800 7 7 14 14
1459814400 8 8 21 21
1459728000 9 9 28 28
1459641600 9 9 22 22
1459555200 8 8 22 22
1459468800 10 10 26 26
1459382400 10 10 24 24
1459296000 7 7 19 19
1459209600 5 5 17 17
1459123200 8 8 22 22
1459036800 11 11 24 24
1458950400 7 7 20 20
1458864000 8 8 17 17
1458777600 7 7 19 19
1458691200 8 8 21 21
1458604800 7 7 25 25
1458518400 6 6 21 21
1458432000 4 4 18 18
1458345600 10 10 23 23
1458259200 10 10 25 25
1458172800 6 6 22 22
1458086400 7 7 18 18
1458000000 6 6 6 6
1457913600 6 6 6 6
1457827200 6 6 6 6
1457740800 6 6 6 6
1457654400 6 6 6 6
1457568000 6 6 6 6
1457481600 6 6 6 6
1457395200 6 6 6 6
1457308800 6 6 6 6
1457222400 6 6 6 6
1457136000 6 6 6 6
1457049600 6 6 6 6
1456963200 6 6 6 6
1456876800 6 6 6 6
1456790400 6 6 6 6
1456704000 6 6 6 6
1456617600 6 6 6 6
1456531200 6 6 6 6
1456444800 6 6 6 6
1456358400 6 6 6 6
1456272000 6 6 6 6
1456185600 6 6 6 6
1456099200 6 6 6 6
1456012800 6 6 6 6
1455926400 6 6 6 6
1455840000 6 6 6 6
1455753600 6 6 6 6
1455667200 6 6 6 6
1455580800 6 6 6 6
1455494400 6 6 6 6
1455408000 6 6 6 6
1455321600 6 6 6 6
1455235200 6 6 6 6
1455148800 6 6 6 6
1455062400 6 6 6 6
1454976000 6 6 6 6
1454889600 6 6 6 6
1454803200 6 6 6 6
1454716800 6 6 6 6
1454630400 6 6 6 6
1454544000 6 6 6 6
1454457600 6 6 6 6
1454371200 6 6 6 6
1454284800 6 6 6 6
1454198400 6 6 6 6
1454112000 6 6 6 6
1454025600 6 6 6 6
1453939200 6 6 6 6
1453852800 6 6 6 6
1453766400 5 5 18 18
1453680000 6 6 31 31
1453593600 12 12 44 44
1453507200 20 20 45 45
1453420800 16 16 53 53
1453334400 18 18 42 42
1453248000 19 19 51 51
1453161600 23 23 50 50
1453075200 25 25 55 55
1452988800 28 28 58 58
1452902400 26 26 62 62
1452816000 18 18 45 45
1452729600 19 19 45 45
1452643200 19 19 53 53
1452556800 17 17 57 57
1452470400 20 20 47 47
1452384000 19 19 46 46
1452297600 21 21 51 51
1452211200 25 25 63 63
1452124800 19 19 57 57
1452038400 19 19 53 53
1451952000 16 16 53 53
1451865600 18 18 60 60
1451779200 19 19 49 49
1451692800 22 22 50 50
1451606400 10 10 46 46
1451520000 22 22 43 43
1451433600 29 29 60 60
1451347200 25 25 66 66
1451260800 26 26 53 53
1451174400 26 26 51 51
1451088000 28 28 52 52
1451001600 24 24 52 52
1450915200 8 8 34 34
1450828800 21 21 55 55
1450742400 25 25 56 56
1450656000 29 29 61 61
1450569600 25 25 61 61
1450483200 16 16 43 43
1450396800 20 20 47 47
1450310400 18 18 40 40
1450224000 19 19 43 43
1450137600 17 17 46 46
1450051200 20 20 51 51
1449964800 13 13 53 53
1449878400 10 10 31 31
1449792000 14 14 62 62
1449705600 13 13 52 52
1449619200 13 13 39 39
1449532800 10 10 38 38
1449446400 5 5 38 38
1449360000 6 6 34 34
1449273600 2 2 21 21
1449187200 3 3 21 21
1449100800 2 2 16 16
1449014400 2 2 25 25
1448928000 3 3 24 24
1448841600 4 4 50 50
1448755200 3 3 28 28
1448668800 5 5 32 32
1448582400 22 22 60 60
1448496000 8 8 28 28
1448409600 9 9 37 37
1448323200 6 6 31 31
1448236800 7 7 32 32
1448150400 30 30 63 63
1448064000 25 25 54 54
1447977600 27 27 56 56
1447891200 27 27 53 53
1447804800 22 22 50 50
1447718400 25 25 53 53
1447632000 32 32 69 69
1447545600 28 28 58 58
1447459200 30 30 69 69
1447372800 28 28 66 66
1447286400 32 32 68 68
1447200000 31 31 66 66
1447113600 31 31 73 73
1447027200 27 27 59 59
1446940800 30 30 62 62
1446854400 30 30 61 61
1446768000 29 29 64 64
1446681600 30 30 68 68
1446595200 27 27 60 60
1446508800 26 26 52 52
1446422400 25 25 60 60
1446336000 30 30 71 71
1446249600 26 26 58 58
1446163200 27 27 59 59
1446076800 29 29 71 71
1445990400 27 27 59 59
1445904000 28 28 65 65
1445817600 25 25 53 53
1445731200 29 29 64 64
1445644800 26 26 68 68
1445558400 23 23 58 58
1445472000 24 24 52 52
1445385600 25 25 66 66
1445299200 23 23 46 46
1445212800 27 27 70 70
1445126400 29 29 67 67
1445040000 25 25 66 66
1444953600 23 23 54 54
1444867200 28 28 60 60
1444780800 29 29 67 67
1444694400 29 29 59 59
1444608000 29 29 61 61
1444521600 29 29 60 60
1444435200 24 24 49 49
1444348800 25 25 51 51
1444262400 26 26 65 65
1444176000 24 24 57 57
1444089600 15 15 61 61
1444003200 0 0 0 0
1443916800 0 0 0 0
1443830400 0 0 0 0
1443744000 0 0 0 0
1443657600 0 0 0 0
1443571200 0 0 0 0
1443484800 0 0 0 0
1443398400 0 0 0 0
1443312000 0 0 0 0
1443225600 0 0 0 0
1443139200 0 0 0 0
1443052800 0 0 0 0
1442966400 0 0 0 0
1442880000 0 0 0 0
1442793600 0 0 0 0
1442707200 0 0 0 0
1442620800 0 0 0 0
1442534400 0 0 0 0
1442448000 0 0 0 0
1442361600 0 0 0 0
1442275200 0 0 0 0
1442188800 0 0 0 0
1442102400 0 0 0 0
1442016000 0 0 0 0
1441929600 0 0 0 0
1441843200 0 0 0 0
1441756800 0 0 0 0
1441670400 0 0 0 0
1441584000 0 0 0 0
1441497600 0 0 0 0
1441411200 0 0 0 0
1441324800 0 0 0 0
1441238400 0 0 0 0
1441152000 0 0 0 0
1441065600 0 0 0 0
1440979200 0 0 0 0
1440892800 0 0 0 0
1440806400 0 0 0 0
1440720000 0 0 0 0
1440633600 0 0 0 0
1440547200 0 0 0 0
1440460800 0 0 0 0
1440374400 0 0 0 0
1440288000 0 0 0 0
1440201600 0 0 0 0
