1509011702 -1 -1
1509011702 379 379 379 379
1509011405 379 379 379 379
1509011400 379 379 379 379
1509011100 379 379 379 379
1509010800 379 379 379 379
1509010500 379 379 379 379
1509010200 379 379 379 379
1509009900 379 379 379 379
1509009600 379 379 379 379
1509009300 379 379 379 379
1509009000 379 379 379 379
1509008700 379 379 379 379
1509008400 379 379 379 379
1509008100 379 379 379 379
1509007800 379 379 379 379
1509007500 379 379 379 379
1509007200 379 379 379 379
1509006900 379 379 379 379
1509006600 379 379 379 379
1509006300 379 379 379 379
1509006000 379 379 379 379
1509005700 379 379 379 379
1509005400 379 379 379 379
1509005100 379 379 379 379
1509004800 379 379 379 379
1509004500 379 379 379 379
1509004200 379 379 379 379
1509003900 379 379 379 379
1509003600 379 379 379 379
1509003300 379 379 379 379
1509003000 379 379 379 379
1509002700 379 379 379 379
1509002400 379 379 379 379
1509002100 379 379 379 379
1509001800 379 379 379 379
1509001500 379 379 379 379
1509001200 379 379 379 379
1509000900 379 379 379 379
1509000600 379 379 379 379
1509000300 379 379 379 379
1509000000 379 379 379 379
1508999700 379 379 379 379
1508999400 379 379 379 379
1508999100 379 379 379 379
1508998800 379 379 379 379
1508998500 379 379 379 379
1508998200 379 379 379 379
1508997900 379 379 379 379
1508997600 379 379 379 379
1508997300 379 379 379 379
1508997000 379 379 379 379
1508996700 379 379 379 379
1508996400 379 379 379 379
1508996100 379 379 379 379
1508995800 379 379 379 379
1508995500 379 379 379 379
1508995200 379 379 379 379
1508994900 379 379 379 379
1508994600 379 379 379 379
1508994300 379 379 379 379
1508994000 379 379 379 379
1508993700 379 379 379 379
1508993400 379 379 379 379
1508993100 379 379 379 379
1508992800 379 379 379 379
1508992500 379 379 379 379
1508992200 379 379 379 379
1508991900 379 379 379 379
1508991600 379 379 379 379
1508991300 379 379 379 379
1508991000 379 379 379 379
1508990700 379 379 379 379
1508990400 379 379 379 379
1508990100 379 379 379 379
1508989800 379 379 379 379
1508989500 379 379 379 379
1508989200 379 379 379 379
1508988900 379 379 379 379
1508988600 379 379 379 379
1508988300 379 379 379 379
1508988000 379 379 379 379
1508987700 379 379 379 379
1508987400 379 379 379 379
1508987100 379 379 379 379
1508986800 379 379 379 379
1508986500 379 379 379 379
1508986200 379 379 379 379
1508985900 379 379 379 379
1508985600 379 379 379 379
1508985300 379 379 379 379
1508985000 379 379 379 379
1508984700 379 379 379 379
1508984400 379 379 379 379
1508984100 379 379 379 379
1508983800 379 379 379 379
1508983500 379 379 379 379
1508983200 379 379 379 379
1508982900 379 379 379 379
1508982600 379 379 379 379
1508982300 379 379 379 379
1508982000 379 379 379 379
1508981700 379 379 379 379
1508981400 379 379 379 379
1508981100 379 379 379 379
1508980800 379 379 379 379
1508980500 379 379 379 379
1508980200 379 379 379 379
1508979900 379 379 379 379
1508979600 379 379 379 379
1508979300 379 379 379 379
1508979000 379 379 379 379
1508978700 379 379 379 379
1508978400 379 379 379 379
1508978100 379 379 379 379
1508977800 379 379 379 379
1508977500 379 379 379 379
1508977200 379 379 379 379
1508976900 379 379 379 379
1508976600 379 379 379 379
1508976300 379 379 379 379
1508976000 379 379 379 379
1508975700 379 379 379 379
1508975400 379 379 379 379
1508975100 379 379 379 379
1508974800 379 379 379 379
1508974500 379 379 379 379
1508974200 379 379 379 379
1508973900 379 379 379 379
1508973600 379 379 379 379
1508973300 379 379 379 379
1508973000 379 379 379 379
1508972700 379 379 379 379
1508972400 379 379 379 379
1508972100 379 379 379 379
1508971800 379 379 379 379
1508971500 379 379 379 379
1508971200 379 379 379 379
1508970900 379 379 379 379
1508970600 379 379 379 379
1508970300 379 379 379 379
1508970000 379 379 379 379
1508969700 379 379 379 379
1508969400 379 379 379 379
1508969100 379 379 379 379
1508968800 379 379 379 379
1508968500 379 379 379 379
1508968200 379 379 379 379
1508967900 379 379 379 379
1508967600 379 379 379 379
1508967300 379 379 379 379
1508967000 379 379 379 379
1508966700 379 379 379 379
1508966400 379 379 379 379
1508966100 379 379 379 379
1508965800 379 379 379 379
1508965500 379 379 379 379
1508965200 379 379 379 379
1508964900 379 379 379 379
1508964600 379 379 379 379
1508964300 379 379 379 379
1508964000 379 379 379 379
1508963700 379 379 379 379
1508963400 379 379 379 379
1508963100 379 379 379 379
1508962800 379 379 379 379
1508962500 379 379 379 379
1508962200 379 379 379 379
1508961900 379 379 379 379
1508961600 379 379 379 379
1508961300 379 379 379 379
1508961000 379 379 379 379
1508960700 379 379 379 379
1508960400 379 379 379 379
1508960100 379 379 379 379
1508959800 379 379 379 379
1508959500 379 379 379 379
1508959200 379 379 379 379
1508958900 379 379 379 379
1508958600 379 379 379 379
1508958300 379 379 379 379
1508958000 379 379 379 379
1508957700 379 379 379 379
1508957400 379 379 379 379
1508957100 379 379 379 379
1508956800 379 379 379 379
1508956500 379 379 379 379
1508956200 379 379 379 379
1508955900 379 379 379 379
1508955600 379 379 379 379
1508955300 379 379 379 379
1508955000 379 379 379 379
1508954700 379 379 379 379
1508954400 379 379 379 379
1508954100 379 379 379 379
1508953800 379 379 379 379
1508953500 379 379 379 379
1508953200 379 379 379 379
1508952900 379 379 379 379
1508952600 379 379 379 379
1508952300 379 379 379 379
1508952000 379 379 379 379
1508951700 379 379 379 379
1508951400 379 379 379 379
1508951100 379 379 379 379
1508950800 379 379 379 379
1508950500 379 379 379 379
1508950200 379 379 379 379
1508949900 379 379 379 379
1508949600 379 379 379 379
1508949300 379 379 379 379
1508949000 379 379 379 379
1508948700 379 379 379 379
1508948400 379 379 379 379
1508948100 379 379 379 379
1508947800 379 379 379 379
1508947500 379 379 379 379
1508947200 379 379 379 379
1508946900 379 379 379 379
1508946600 379 379 379 379
1508946300 379 379 379 379
1508946000 379 379 379 379
1508945700 379 379 379 379
1508945400 379 379 379 379
1508945100 379 379 379 379
1508944800 379 379 379 379
1508944500 379 379 379 379
1508944200 379 379 379 379
1508943900 379 379 379 379
1508943600 379 379 379 379
1508943300 379 379 379 379
1508943000 379 379 379 379
1508942700 379 379 379 379
1508942400 379 379 379 379
1508942100 379 379 379 379
1508941800 379 379 379 379
1508941500 379 379 379 379
1508941200 379 379 379 379
1508940900 379 379 379 379
1508940600 379 379 379 379
1508940300 379 379 379 379
1508940000 379 379 379 379
1508939700 379 379 379 379
1508939400 379 379 379 379
1508939100 379 379 379 379
1508938800 379 379 379 379
1508938500 379 379 379 379
1508938200 379 379 379 379
1508937900 379 379 379 379
1508937600 379 379 379 379
1508937300 379 379 379 379
1508937000 379 379 379 379
1508936700 379 379 379 379
1508936400 379 379 379 379
1508936100 379 379 379 379
1508935800 379 379 379 379
1508935500 379 379 379 379
1508935200 379 379 379 379
1508934900 379 379 379 379
1508934600 379 379 379 379
1508934300 379 379 379 379
1508934000 379 379 379 379
1508933700 379 379 379 379
1508933400 379 379 379 379
1508933100 379 379 379 379
1508932800 379 379 379 379
1508932500 379 379 379 379
1508932200 379 379 379 379
1508931900 379 379 379 379
1508931600 379 379 379 379
1508931300 379 379 379 379
1508931000 379 379 379 379
1508930700 379 379 379 379
1508930400 379 379 379 379
1508930100 379 379 379 379
1508929800 379 379 379 379
1508929500 379 379 379 379
1508929200 379 379 379 379
1508928900 379 379 379 379
1508928600 379 379 379 379
1508928300 379 379 379 379
1508928000 379 379 379 379
1508927700 379 379 379 379
1508927400 379 379 379 379
1508927100 379 379 379 379
1508926800 379 379 379 379
1508926500 379 379 379 379
1508926200 379 379 379 379
1508925900 379 379 379 379
1508925600 379 379 379 379
1508925300 379 379 379 379
1508925000 379 379 379 379
1508924700 379 379 379 379
1508924400 379 379 379 379
1508924100 379 379 379 379
1508923800 379 379 379 379
1508923500 379 379 379 379
1508923200 379 379 379 379
1508922900 379 379 379 379
1508922600 379 379 379 379
1508922300 379 379 379 379
1508922000 379 379 379 379
1508921700 379 379 379 379
1508921400 379 379 379 379
1508921100 379 379 379 379
1508920800 379 379 379 379
1508920500 379 379 379 379
1508920200 379 379 379 379
1508919900 379 379 379 379
1508919600 379 379 379 379
1508919300 379 379 379 379
1508919000 379 379 379 379
1508918700 379 379 379 379
1508918400 379 379 379 379
1508918100 379 379 379 379
1508917800 379 379 379 379
1508917500 379 379 379 379
1508917200 379 379 379 379
1508916900 379 379 379 379
1508916600 379 379 379 379
1508916300 379 379 379 379
1508916000 379 379 379 379
1508915700 379 379 379 379
1508915400 379 379 379 379
1508915100 379 379 379 379
1508914800 379 379 379 379
1508914500 379 379 379 379
1508914200 379 379 379 379
1508913900 379 379 379 379
1508913600 379 379 379 379
1508913300 379 379 379 379
1508913000 379 379 379 379
1508912700 379 379 379 379
1508912400 379 379 379 379
1508912100 379 379 379 379
1508911800 379 379 379 379
1508911500 379 379 379 379
1508911200 379 379 379 379
1508910900 379 379 379 379
1508910600 379 379 379 379
1508910300 379 379 379 379
1508910000 379 379 379 379
1508909700 379 379 379 379
1508909400 379 379 379 379
1508909100 379 379 379 379
1508908800 379 379 379 379
1508908500 379 379 379 379
1508908200 379 379 379 379
1508907900 379 379 379 379
1508907600 379 379 379 379
1508907300 379 379 379 379
1508907000 379 379 379 379
1508906700 379 379 379 379
1508906400 379 379 379 379
1508906100 379 379 379 379
1508905800 379 379 379 379
1508905500 379 379 379 379
1508905200 379 379 379 379
1508904900 379 379 379 379
1508904600 379 379 379 379
1508904300 379 379 379 379
1508904000 379 379 379 379
1508903700 379 379 379 379
1508903400 379 379 379 379
1508903100 379 379 379 379
1508902800 379 379 379 379
1508902500 379 379 379 379
1508902200 379 379 379 379
1508901900 379 379 379 379
1508901600 379 379 379 379
1508901300 379 379 379 379
1508901000 379 379 379 379
1508900700 379 379 379 379
1508900400 379 379 379 379
1508900100 379 379 379 379
1508899800 379 379 379 379
1508899500 379 379 379 379
1508899200 379 379 379 379
1508898900 379 379 379 379
1508898600 379 379 379 379
1508898300 379 379 379 379
1508898000 379 379 379 379
1508897700 379 379 379 379
1508897400 379 379 379 379
1508897100 379 379 379 379
1508896800 379 379 379 379
1508896500 379 379 379 379
1508896200 379 379 379 379
1508895900 379 379 379 379
1508895600 379 379 379 379
1508895300 379 379 379 379
1508895000 379 379 379 379
1508894700 379 379 379 379
1508894400 379 379 379 379
1508894100 379 379 379 379
1508893800 379 379 379 379
1508893500 379 379 379 379
1508893200 379 379 379 379
1508892900 379 379 379 379
1508892600 379 379 379 379
1508892300 379 379 379 379
1508892000 379 379 379 379
1508891700 379 379 379 379
1508891400 379 379 379 379
1508891100 379 379 379 379
1508890800 379 379 379 379
1508890500 379 379 379 379
1508890200 379 379 379 379
1508889900 379 379 379 379
1508889600 379 379 379 379
1508889300 379 379 379 379
1508889000 379 379 379 379
1508888700 379 379 379 379
1508888400 379 379 379 379
1508888100 379 379 379 379
1508887800 379 379 379 379
1508887500 379 379 379 379
1508887200 379 379 379 379
1508886900 379 379 379 379
1508886600 379 379 379 379
1508886300 379 379 379 379
1508886000 379 379 379 379
1508885700 379 379 379 379
1508885400 379 379 379 379
1508885100 379 379 379 379
1508884800 379 379 379 379
1508884500 379 379 379 379
1508884200 379 379 379 379
1508883900 379 379 379 379
1508883600 379 379 379 379
1508883300 379 379 379 379
1508883000 379 379 379 379
1508882700 379 379 379 379
1508882400 379 379 379 379
1508882100 379 379 379 379
1508881800 379 379 379 379
1508881500 379 379 379 379
1508881200 379 379 379 379
1508880900 379 379 379 379
1508880600 379 379 379 379
1508880300 379 379 379 379
1508880000 379 379 379 379
1508879700 379 379 379 379
1508879400 379 379 379 379
1508879100 379 379 379 379
1508878800 379 379 379 379
1508878500 379 379 379 379
1508878200 379 379 379 379
1508877900 379 379 379 379
1508877600 379 379 379 379
1508877300 379 379 379 379
1508877000 379 379 379 379
1508876700 379 379 379 379
1508876400 379 379 379 379
1508876100 379 379 379 379
1508875800 379 379 379 379
1508875500 379 379 379 379
1508875200 379 379 379 379
1508874900 379 379 379 379
1508874600 379 379 379 379
1508874300 379 379 379 379
1508874000 379 379 379 379
1508873700 379 379 379 379
1508873400 379 379 379 379
1508873100 379 379 379 379
1508872800 379 379 379 379
1508872500 379 379 379 379
1508872200 379 379 379 379
1508871900 379 379 379 379
1508871600 379 379 379 379
1508871300 379 379 379 379
1508871000 379 379 379 379
1508870700 379 379 379 379
1508870400 379 379 379 379
1508870100 379 379 379 379
1508869800 379 379 379 379
1508869500 379 379 379 379
1508869200 379 379 379 379
1508868900 379 379 379 379
1508868600 379 379 379 379
1508868300 379 379 379 379
1508868000 379 379 379 379
1508867700 379 379 379 379
1508867400 379 379 379 379
1508867100 379 379 379 379
1508866800 379 379 379 379
1508866500 379 379 379 379
1508866200 379 379 379 379
1508865900 379 379 379 379
1508865600 379 379 379 379
1508865300 379 379 379 379
1508865000 379 379 379 379
1508864700 379 379 379 379
1508864400 379 379 379 379
1508864100 379 379 379 379
1508863800 379 379 379 379
1508863500 379 379 379 379
1508863200 379 379 379 379
1508862900 379 379 379 379
1508862600 379 379 379 379
1508862300 379 379 379 379
1508862000 379 379 379 379
1508861700 379 379 379 379
1508861400 379 379 379 379
1508861100 379 379 379 379
1508860800 379 379 379 379
1508860500 379 379 379 379
1508860200 379 379 379 379
1508859900 379 379 379 379
1508859600 379 379 379 379
1508859300 379 379 379 379
1508859000 379 379 379 379
1508858700 379 379 379 379
1508858400 379 379 379 379
1508858100 379 379 379 379
1508857800 379 379 379 379
1508857500 379 379 379 379
1508857200 379 379 379 379
1508856900 379 379 379 379
1508856600 379 379 379 379
1508856300 379 379 379 379
1508856000 379 379 379 379
1508855700 379 379 379 379
1508855400 379 379 379 379
1508855100 379 379 379 379
1508854800 379 379 379 379
1508854500 379 379 379 379
1508854200 379 379 379 379
1508853900 379 379 379 379
1508853600 379 379 379 379
1508853300 379 379 379 379
1508853000 379 379 379 379
1508852700 379 379 379 379
1508852400 379 379 379 379
1508852100 379 379 379 379
1508851800 379 379 379 379
1508851500 379 379 379 379
1508851200 379 379 379 379
1508850900 379 379 379 379
1508850600 379 379 379 379
1508850300 379 379 379 379
1508850000 379 379 379 379
1508849700 379 379 379 379
1508849400 379 379 379 379
1508849100 379 379 379 379
1508848800 379 379 379 379
1508848500 379 379 379 379
1508848200 379 379 379 379
1508847900 379 379 379 379
1508847600 379 379 379 379
1508847300 379 379 379 379
1508847000 379 379 379 379
1508846700 379 379 379 379
1508846400 379 379 379 379
1508846100 379 379 379 379
1508845800 379 379 379 379
1508845500 379 379 379 379
1508845200 379 379 379 379
1508844900 379 379 379 379
1508844600 379 379 379 379
1508844300 379 379 379 379
1508844000 379 379 379 379
1508843700 379 379 379 379
1508843400 379 379 379 379
1508843100 379 379 379 379
1508842800 379 379 379 379
1508842500 379 379 379 379
1508842200 379 379 379 379
1508841900 379 379 379 379
1508841600 379 379 379 379
1508841300 379 379 379 379
1508841000 379 379 379 379
1508840700 379 379 379 379
1508840400 379 379 379 379
1508840100 379 379 379 379
1508839800 379 379 379 379
1508839500 379 379 379 379
1508839200 379 379 379 379
1508838900 379 379 379 379
1508838600 379 379 379 379
1508838300 379 379 379 379
1508838000 379 379 379 379
1508837700 379 379 379 379
1508837400 379 379 379 379
1508837100 379 379 379 379
1508836800 379 379 379 379
1508836500 379 379 379 379
1508836200 379 379 379 379
1508835900 379 379 379 379
1508835600 379 379 379 379
1508835300 379 379 379 379
1508835000 379 379 379 379
1508834700 379 379 379 379
1508834400 379 379 379 379
1508834100 379 379 379 379
1508833800 379 379 379 379
1508833500 379 379 379 379
1508833200 379 379 379 379
1508832900 379 379 379 379
1508832600 379 379 379 379
1508832300 379 379 379 379
1508832000 379 379 379 379
1508831700 379 379 379 379
1508830200 379 379 379 379
1508828400 379 379 379 379
1508826600 379 379 379 379
1508824800 379 379 379 379
1508823000 379 379 379 379
1508821200 379 379 379 379
1508819400 379 379 379 379
1508817600 379 379 379 379
1508815800 379 379 379 379
1508814000 379 379 379 379
1508812200 379 379 379 379
1508810400 379 379 379 379
1508808600 379 379 379 379
1508806800 379 379 379 379
1508805000 379 379 379 379
1508803200 379 379 379 379
1508801400 379 379 379 379
1508799600 379 379 379 379
1508797800 379 379 379 379
1508796000 379 379 379 379
1508794200 379 379 379 379
1508792400 379 379 379 379
1508790600 379 379 379 379
1508788800 379 379 379 379
1508787000 379 379 379 379
1508785200 379 379 379 379
1508783400 379 379 379 379
1508781600 379 379 379 379
1508779800 379 379 379 379
1508778000 379 379 379 379
1508776200 379 379 379 379
1508774400 379 379 379 379
1508772600 379 379 379 379
1508770800 379 379 379 379
1508769000 379 379 379 379
1508767200 379 379 379 379
1508765400 379 379 379 379
1508763600 379 379 379 379
1508761800 379 379 379 379
1508760000 379 379 379 379
1508758200 379 379 379 379
1508756400 379 379 379 379
1508754600 379 379 379 379
1508752800 379 379 379 379
1508751000 379 379 379 379
1508749200 379 379 379 379
1508747400 379 379 379 379
1508745600 379 379 379 379
1508743800 379 379 379 379
1508742000 379 379 379 379
1508740200 379 379 379 379
1508738400 379 379 379 379
1508736600 379 379 379 379
1508734800 379 379 379 379
1508733000 379 379 379 379
1508731200 379 379 379 379
1508729400 379 379 379 379
1508727600 379 379 379 379
1508725800 379 379 379 379
1508724000 379 379 379 379
1508722200 379 379 379 379
1508720400 379 379 379 379
1508718600 379 379 379 379
1508716800 379 379 379 379
1508715000 379 379 379 379
1508713200 379 379 379 379
1508711400 379 379 379 379
1508709600 379 379 379 379
1508707800 379 379 379 379
1508706000 379 379 379 379
1508704200 379 379 379 379
1508702400 379 379 379 379
1508700600 379 379 379 379
1508698800 379 379 379 379
1508697000 379 379 379 379
1508695200 379 379 379 379
1508693400 379 379 379 379
1508691600 379 379 379 379
1508689800 379 379 379 379
1508688000 379 379 379 379
1508686200 379 379 379 379
1508684400 379 379 379 379
1508682600 379 379 379 379
1508680800 379 379 379 379
1508679000 379 379 379 379
1508677200 379 379 379 379
1508675400 379 379 379 379
1508673600 379 379 379 379
1508671800 379 379 379 379
1508670000 379 379 379 379
1508668200 379 379 379 379
1508666400 379 379 379 379
1508664600 379 379 379 379
1508662800 379 379 379 379
1508661000 379 379 379 379
1508659200 379 379 379 379
1508657400 379 379 379 379
1508655600 379 379 379 379
1508653800 379 379 379 379
1508652000 379 379 379 379
1508650200 379 379 379 379
1508648400 379 379 379 379
1508646600 379 379 379 379
1508644800 379 379 379 379
1508643000 379 379 379 379
1508641200 379 379 379 379
1508639400 379 379 379 379
1508637600 379 379 379 379
1508635800 379 379 379 379
1508634000 379 379 379 379
1508632200 379 379 379 379
1508630400 379 379 379 379
1508628600 379 379 379 379
1508626800 379 379 379 379
1508625000 379 379 379 379
1508623200 379 379 379 379
1508621400 379 379 379 379
1508619600 379 379 379 379
1508617800 379 379 379 379
1508616000 379 379 379 379
1508614200 379 379 379 379
1508612400 379 379 379 379
1508610600 379 379 379 379
1508608800 379 379 379 379
1508607000 379 379 379 379
1508605200 379 379 379 379
1508603400 379 379 379 379
1508601600 379 379 379 379
1508599800 379 379 379 379
1508598000 379 379 379 379
1508596200 379 379 379 379
1508594400 379 379 379 379
1508592600 379 379 379 379
1508590800 379 379 379 379
1508589000 379 379 379 379
1508587200 379 379 379 379
1508585400 379 379 379 379
1508583600 379 379 379 379
1508581800 379 379 379 379
1508580000 379 379 379 379
1508578200 379 379 379 379
1508576400 379 379 379 379
1508574600 379 379 379 379
1508572800 379 379 379 379
1508571000 379 379 379 379
1508569200 379 379 379 379
1508567400 379 379 379 379
1508565600 379 379 379 379
1508563800 379 379 379 379
1508562000 379 379 379 379
1508560200 379 379 379 379
1508558400 379 379 379 379
1508556600 379 379 379 379
1508554800 379 379 379 379
1508553000 379 379 379 379
1508551200 379 379 379 379
1508549400 379 379 379 379
1508547600 379 379 379 379
1508545800 379 379 379 379
1508544000 379 379 379 379
1508542200 379 379 379 379
1508540400 379 379 379 379
1508538600 379 379 379 379
1508536800 379 379 379 379
1508535000 379 379 379 379
1508533200 379 379 379 379
1508531400 379 379 379 379
1508529600 379 379 379 379
1508527800 379 379 379 379
1508526000 379 379 379 379
1508524200 379 379 379 379
1508522400 379 379 379 379
1508520600 379 379 379 379
1508518800 379 379 379 379
1508517000 379 379 379 379
1508515200 379 379 379 379
1508513400 379 379 379 379
1508511600 379 379 379 379
1508509800 379 379 379 379
1508508000 379 379 379 379
1508506200 379 379 379 379
1508504400 379 379 379 379
1508502600 379 379 379 379
1508500800 379 379 379 379
1508499000 379 379 379 379
1508497200 379 379 379 379
1508495400 379 379 379 379
1508493600 379 379 379 379
1508491800 379 379 379 379
1508490000 379 379 379 379
1508488200 379 379 379 379
1508486400 379 379 379 379
1508484600 379 379 379 379
1508482800 379 379 379 379
1508481000 379 379 379 379
1508479200 379 379 379 379
1508477400 379 379 379 379
1508475600 379 379 379 379
1508473800 379 379 379 379
1508472000 379 379 379 379
1508470200 379 379 379 379
1508468400 379 379 379 379
1508466600 379 379 379 379
1508464800 379 379 379 379
1508463000 379 379 379 379
1508461200 379 379 379 379
1508459400 379 379 379 379
1508457600 379 379 379 379
1508455800 379 379 379 379
1508454000 379 379 379 379
1508452200 379 379 379 379
1508450400 379 379 379 379
1508448600 379 379 379 379
1508446800 379 379 379 379
1508445000 379 379 379 379
1508443200 379 379 379 379
1508441400 379 379 379 379
1508439600 379 379 379 379
1508437800 379 379 379 379
1508436000 379 379 379 379
1508434200 379 379 379 379
1508432400 379 379 379 379
1508430600 379 379 379 379
1508428800 379 379 379 379
1508427000 379 379 379 379
1508425200 379 379 379 379
1508423400 379 379 379 379
1508421600 379 379 379 379
1508419800 379 379 379 379
1508418000 379 379 379 379
1508416200 379 379 379 379
1508414400 379 379 379 379
1508412600 379 379 379 379
1508410800 379 379 379 379
1508409000 379 379 379 379
1508407200 379 379 379 379
1508405400 379 379 379 379
1508403600 379 379 379 379
1508401800 379 379 379 379
1508400000 379 379 379 379
1508398200 379 379 379 379
1508396400 379 379 379 379
1508394600 379 379 379 379
1508392800 379 379 379 379
1508391000 379 379 379 379
1508389200 379 379 379 379
1508387400 379 379 379 379
1508385600 379 379 379 379
1508383800 379 379 379 379
1508382000 379 379 379 379
1508380200 379 379 379 379
1508378400 379 379 379 379
1508376600 379 379 379 379
1508374800 379 379 379 379
1508373000 379 379 379 379
1508371200 379 379 379 379
1508369400 379 379 379 379
1508367600 379 379 379 379
1508365800 379 379 379 379
1508364000 379 379 379 379
1508362200 379 379 379 379
1508360400 379 379 379 379
1508358600 379 379 379 379
1508356800 379 379 379 379
1508355000 379 379 379 379
1508353200 379 379 379 379
1508351400 379 379 379 379
1508349600 379 379 379 379
1508347800 379 379 379 379
1508346000 379 379 379 379
1508344200 379 379 379 379
1508342400 379 379 379 379
1508340600 379 379 379 379
1508338800 379 379 379 379
1508337000 379 379 379 379
1508335200 379 379 379 379
1508333400 379 379 379 379
1508331600 379 379 379 379
1508329800 379 379 379 379
1508328000 379 379 379 379
1508326200 379 379 379 379
1508324400 379 379 379 379
1508322600 379 379 379 379
1508320800 379 379 379 379
1508319000 379 379 379 379
1508317200 379 379 379 379
1508315400 379 379 379 379
1508313600 379 379 379 379
1508311800 379 379 379 379
1508310000 379 379 379 379
1508308200 379 379 379 379
1508306400 379 379 379 379
1508304600 379 379 379 379
1508302800 379 379 379 379
1508301000 379 379 379 379
1508299200 379 379 379 379
1508297400 379 379 379 379
1508295600 379 379 379 379
1508293800 379 379 379 379
1508292000 379 379 379 379
1508290200 379 379 379 379
1508288400 379 379 379 379
1508286600 379 379 379 379
1508284800 379 379 379 379
1508283000 379 379 379 379
1508281200 379 379 379 379
1508279400 379 379 379 379
1508277600 379 379 379 379
1508275800 379 379 379 379
1508274000 379 379 379 379
1508272200 379 379 379 379
1508270400 379 379 379 379
1508268600 379 379 379 379
1508266800 379 379 379 379
1508265000 379 379 379 379
1508263200 379 379 379 379
1508261400 379 379 379 379
1508259600 379 379 379 379
1508257800 379 379 379 379
1508256000 379 379 379 379
1508254200 379 379 379 379
1508252400 379 379 379 379
1508250600 379 379 379 379
1508248800 379 379 379 379
1508247000 379 379 379 379
1508245200 379 379 379 379
1508243400 379 379 379 379
1508241600 379 379 379 379
1508239800 379 379 379 379
1508238000 379 379 379 379
1508236200 379 379 379 379
1508234400 379 379 379 379
1508232600 379 379 379 379
1508230800 379 379 379 379
1508229000 379 379 379 379
1508227200 379 379 379 379
1508225400 379 379 379 379
1508223600 379 379 379 379
1508221800 379 379 379 379
1508220000 379 379 379 379
1508218200 379 379 379 379
1508216400 379 379 379 379
1508214600 379 379 379 379
1508212800 379 379 379 379
1508211000 379 379 379 379
1508209200 379 379 379 379
1508207400 379 379 379 379
1508205600 379 379 379 379
1508203800 379 379 379 379
1508202000 379 379 379 379
1508200200 379 379 379 379
1508198400 379 379 379 379
1508196600 379 379 379 379
1508194800 379 379 379 379
1508193000 379 379 379 379
1508191200 379 379 379 379
1508189400 379 379 379 379
1508187600 379 379 379 379
1508185800 379 379 379 379
1508184000 379 379 379 379
1508182200 379 379 379 379
1508180400 379 379 379 379
1508178600 379 379 379 379
1508176800 379 379 379 379
1508175000 379 379 379 379
1508173200 379 379 379 379
1508171400 379 379 379 379
1508169600 379 379 379 379
1508167800 379 379 379 379
1508166000 379 379 379 379
1508164200 379 379 379 379
1508162400 379 379 379 379
1508160600 379 379 379 379
1508158800 379 379 379 379
1508157000 379 379 379 379
1508155200 379 379 379 379
1508153400 379 379 379 379
1508151600 379 379 379 379
1508149800 379 379 379 379
1508148000 379 379 379 379
1508146200 379 379 379 379
1508144400 379 379 379 379
1508142600 379 379 379 379
1508140800 379 379 379 379
1508139000 379 379 379 379
1508137200 379 379 379 379
1508135400 379 379 379 379
1508133600 379 379 379 379
1508131800 379 379 379 379
1508130000 379 379 379 379
1508128200 379 379 379 379
1508126400 379 379 379 379
1508124600 379 379 379 379
1508122800 379 379 379 379
1508121000 379 379 379 379
1508119200 379 379 379 379
1508117400 379 379 379 379
1508115600 379 379 379 379
1508113800 379 379 379 379
1508112000 379 379 379 379
1508110200 379 379 379 379
1508108400 379 379 379 379
1508106600 379 379 379 379
1508104800 379 379 379 379
1508103000 379 379 379 379
1508101200 379 379 379 379
1508099400 379 379 379 379
1508097600 379 379 379 379
1508095800 379 379 379 379
1508094000 379 379 379 379
1508092200 379 379 379 379
1508090400 379 379 379 379
1508088600 379 379 379 379
1508086800 379 379 379 379
1508085000 379 379 379 379
1508083200 379 379 379 379
1508081400 379 379 379 379
1508079600 379 379 379 379
1508077800 379 379 379 379
1508076000 379 379 379 379
1508074200 379 379 379 379
1508072400 379 379 379 379
1508070600 379 379 379 379
1508068800 379 379 379 379
1508067000 379 379 379 379
1508065200 379 379 379 379
1508063400 379 379 379 379
1508061600 379 379 379 379
1508059800 379 379 379 379
1508058000 379 379 379 379
1508056200 379 379 379 379
1508054400 379 379 379 379
1508052600 379 379 379 379
1508050800 379 379 379 379
1508049000 379 379 379 379
1508047200 379 379 379 379
1508045400 379 379 379 379
1508043600 379 379 379 379
1508041800 379 379 379 379
1508040000 379 379 379 379
1508038200 379 379 379 379
1508036400 379 379 379 379
1508034600 379 379 379 379
1508032800 379 379 379 379
1508031000 379 379 379 379
1508029200 379 379 379 379
1508027400 379 379 379 379
1508025600 379 379 379 379
1508023800 379 379 379 379
1508022000 379 379 379 379
1508020200 379 379 379 379
1508018400 379 379 379 379
1508016600 379 379 379 379
1508014800 379 379 379 379
1508013000 379 379 379 379
1508011200 379 379 379 379
1508009400 379 379 379 379
1508007600 379 379 379 379
1508005800 379 379 379 379
1508004000 379 379 379 379
1508002200 379 379 379 379
1508000400 379 379 379 379
1507998600 379 379 379 379
1507996800 379 379 379 379
1507995000 379 379 379 379
1507993200 379 379 379 379
1507991400 379 379 379 379
1507989600 379 379 379 379
1507987800 379 379 379 379
1507986000 379 379 379 379
1507984200 379 379 379 379
1507982400 379 379 379 379
1507980600 379 379 379 379
1507978800 379 379 379 379
1507977000 379 379 379 379
1507975200 379 379 379 379
1507973400 379 379 379 379
1507971600 379 379 379 379
1507969800 379 379 379 379
1507968000 379 379 379 379
1507966200 379 379 379 379
1507964400 379 379 379 379
1507962600 379 379 379 379
1507960800 379 379 379 379
1507959000 379 379 379 379
1507957200 379 379 379 379
1507955400 379 379 379 379
1507953600 379 379 379 379
1507951800 379 379 379 379
1507950000 379 379 379 379
1507948200 379 379 379 379
1507946400 379 379 379 379
1507944600 379 379 379 379
1507942800 379 379 379 379
1507941000 379 379 379 379
1507939200 379 379 379 379
1507937400 379 379 379 379
1507935600 379 379 379 379
1507933800 379 379 379 379
1507932000 379 379 379 379
1507930200 379 379 379 379
1507928400 379 379 379 379
1507926600 379 379 379 379
1507924800 379 379 379 379
1507923000 379 379 379 379
1507921200 379 379 379 379
1507919400 379 379 379 379
1507917600 379 379 379 379
1507915800 379 379 379 379
1507914000 379 379 379 379
1507912200 379 379 379 379
1507910400 379 379 379 379
1507908600 379 379 379 379
1507906800 379 379 379 379
1507905000 379 379 379 379
1507903200 379 379 379 379
1507901400 379 379 379 379
1507899600 379 379 379 379
1507897800 379 379 379 379
1507896000 379 379 379 379
1507894200 379 379 379 379
1507892400 379 379 379 379
1507890600 379 379 379 379
1507888800 379 379 379 379
1507887000 379 379 379 379
1507885200 379 379 379 379
1507883400 379 379 379 379
1507881600 379 379 379 379
1507879800 379 379 379 379
1507878000 379 379 379 379
1507876200 379 379 379 379
1507874400 379 379 379 379
1507872600 379 379 379 379
1507870800 379 379 379 379
1507869000 379 379 379 379
1507867200 379 379 379 379
1507865400 379 379 379 379
1507863600 379 379 379 379
1507861800 379 379 379 379
1507860000 379 379 379 379
1507858200 379 379 379 379
1507856400 379 379 379 379
1507854600 379 379 379 379
1507852800 379 379 379 379
1507851000 379 379 379 379
1507849200 379 379 379 379
1507847400 379 379 379 379
1507845600 379 379 379 379
1507843800 379 379 379 379
1507842000 379 379 379 379
1507840200 379 379 379 379
1507838400 379 379 379 379
1507836600 379 379 379 379
1507834800 379 379 379 379
1507833000 379 379 379 379
1507831200 379 379 379 379
1507829400 379 379 379 379
1507827600 379 379 379 379
1507825800 379 379 379 379
1507824000 379 379 379 379
1507822200 379 379 379 379
1507820400 379 379 379 379
1507818600 379 379 379 379
1507816800 379 379 379 379
1507815000 379 379 379 379
1507813200 379 379 379 379
1507811400 379 379 379 379
1507809600 379 379 379 379
1507807800 379 379 379 379
1507806000 379 379 379 379
1507804200 379 379 379 379
1507802400 379 379 379 379
1507800600 379 379 379 379
1507798800 379 379 379 379
1507797000 379 379 379 379
1507795200 379 379 379 379
1507793400 379 379 379 379
1507791600 379 379 379 379
1507789800 379 379 379 379
1507788000 379 379 379 379
1507786200 379 379 379 379
1507784400 379 379 379 379
1507782600 379 379 379 379
1507780800 379 379 379 379
1507779000 379 379 379 379
1507777200 379 379 379 379
1507775400 379 379 379 379
1507773600 379 379 379 379
1507771800 379 379 379 379
1507770000 379 379 379 379
1507768200 379 379 379 379
1507766400 379 379 379 379
1507764600 379 379 379 379
1507762800 379 379 379 379
1507761000 379 379 379 379
1507759200 379 379 379 379
1507757400 379 379 379 379
1507755600 379 379 379 379
1507753800 379 379 379 379
1507752000 379 379 379 379
1507750200 379 379 379 379
1507744800 379 379 379 379
1507737600 379 379 379 379
1507730400 379 379 379 379
1507723200 379 379 379 379
1507716000 379 379 379 379
1507708800 379 379 379 379
1507701600 379 379 379 379
1507694400 379 379 379 379
1507687200 379 379 379 379
1507680000 379 379 379 379
1507672800 379 379 379 379
1507665600 379 379 379 379
1507658400 379 379 379 379
1507651200 379 379 379 379
1507644000 379 379 379 379
1507636800 379 379 379 379
1507629600 379 379 379 379
1507622400 379 379 379 379
1507615200 379 379 379 379
1507608000 379 379 379 379
1507600800 379 379 379 379
1507593600 379 379 379 379
1507586400 379 379 379 379
1507579200 379 379 379 379
1507572000 379 379 379 379
1507564800 379 379 379 379
1507557600 379 379 379 379
1507550400 379 379 379 379
1507543200 379 379 379 379
1507536000 379 379 379 379
1507528800 379 379 379 379
1507521600 379 379 379 379
1507514400 379 379 379 379
1507507200 379 379 379 379
1507500000 379 379 379 379
1507492800 379 379 379 379
1507485600 379 379 379 379
1507478400 379 379 379 379
1507471200 379 379 379 379
1507464000 379 379 379 379
1507456800 379 379 379 379
1507449600 379 379 379 379
1507442400 379 379 379 379
1507435200 379 379 379 379
1507428000 379 379 379 379
1507420800 379 379 379 379
1507413600 379 379 379 379
1507406400 379 379 379 379
1507399200 379 379 379 379
1507392000 379 379 379 379
1507384800 379 379 379 379
1507377600 379 379 379 379
1507370400 379 379 379 379
1507363200 379 379 379 379
1507356000 379 379 379 379
1507348800 379 379 379 379
1507341600 379 379 379 379
1507334400 379 379 379 379
1507327200 379 379 379 379
1507320000 379 379 379 379
1507312800 379 379 379 379
1507305600 379 379 379 379
1507298400 379 379 379 379
1507291200 379 379 379 379
1507284000 379 379 379 379
1507276800 379 379 379 379
1507269600 379 379 379 379
1507262400 379 379 379 379
1507255200 379 379 379 379
1507248000 379 379 379 379
1507240800 379 379 379 379
1507233600 379 379 379 379
1507226400 379 379 379 379
1507219200 379 379 379 379
1507212000 379 379 379 379
1507204800 379 379 379 379
1507197600 379 379 379 379
1507190400 379 379 379 379
1507183200 379 379 379 379
1507176000 379 379 379 379
1507168800 379 379 379 379
1507161600 379 379 379 379
1507154400 379 379 379 379
1507147200 379 379 379 379
1507140000 379 379 379 379
1507132800 379 379 379 379
1507125600 379 379 379 379
1507118400 379 379 379 379
1507111200 379 379 379 379
1507104000 379 379 379 379
1507096800 379 379 379 379
1507089600 379 379 379 379
1507082400 379 379 379 379
1507075200 379 379 379 379
1507068000 379 379 379 379
1507060800 379 379 379 379
1507053600 379 379 379 379
1507046400 379 379 379 379
1507039200 379 379 379 379
1507032000 379 379 379 379
1507024800 379 379 379 379
1507017600 379 379 379 379
1507010400 379 379 379 379
1507003200 379 379 379 379
1506996000 379 379 379 379
1506988800 379 379 379 379
1506981600 379 379 379 379
1506974400 379 379 379 379
1506967200 379 379 379 379
1506960000 379 379 379 379
1506952800 379 379 379 379
1506945600 379 379 379 379
1506938400 379 379 379 379
1506931200 379 379 379 379
1506924000 379 379 379 379
1506916800 379 379 379 379
1506909600 379 379 379 379
1506902400 379 379 379 379
1506895200 379 379 379 379
1506888000 379 379 379 379
1506880800 379 379 379 379
1506873600 379 379 379 379
1506866400 379 379 379 379
1506859200 379 379 379 379
1506852000 379 379 379 379
1506844800 379 379 379 379
1506837600 379 379 379 379
1506830400 379 379 379 379
1506823200 379 379 379 379
1506816000 379 379 379 379
1506808800 379 379 379 379
1506801600 379 379 379 379
1506794400 379 379 379 379
1506787200 379 379 379 379
1506780000 379 379 379 379
1506772800 379 379 379 379
1506765600 379 379 379 379
1506758400 379 379 379 379
1506751200 379 379 379 379
1506744000 379 379 379 379
1506736800 379 379 379 379
1506729600 379 379 379 379
1506722400 379 379 379 379
1506715200 379 379 379 379
1506708000 379 379 379 379
1506700800 379 379 379 379
1506693600 379 379 379 379
1506686400 379 379 379 379
1506679200 379 379 379 379
1506672000 379 379 379 379
1506664800 379 379 379 379
1506657600 379 379 379 379
1506650400 379 379 379 379
1506643200 379 379 379 379
1506636000 379 379 379 379
1506628800 379 379 379 379
1506621600 379 379 379 379
1506614400 379 379 379 379
1506607200 379 379 379 379
1506600000 379 379 379 379
1506592800 379 379 379 379
1506585600 379 379 379 379
1506578400 379 379 379 379
1506571200 379 379 379 379
1506564000 379 379 379 379
1506556800 379 379 379 379
1506549600 379 379 379 379
1506542400 379 379 379 379
1506535200 379 379 379 379
1506528000 379 379 379 379
1506520800 379 379 379 379
1506513600 379 379 379 379
1506506400 379 379 379 379
1506499200 379 379 379 379
1506492000 379 379 379 379
1506484800 379 379 379 379
1506477600 379 379 379 379
1506470400 379 379 379 379
1506463200 379 379 379 379
1506456000 379 379 379 379
1506448800 379 379 379 379
1506441600 379 379 379 379
1506434400 379 379 379 379
1506427200 379 379 379 379
1506420000 379 379 379 379
1506412800 379 379 379 379
1506405600 379 379 379 379
1506398400 379 379 379 379
1506391200 379 379 379 379
1506384000 379 379 379 379
1506376800 379 379 379 379
1506369600 379 379 379 379
1506362400 379 379 379 379
1506355200 379 379 379 379
1506348000 379 379 379 379
1506340800 379 379 379 379
1506333600 379 379 379 379
1506326400 379 379 379 379
1506319200 379 379 379 379
1506312000 379 379 379 379
1506304800 379 379 379 379
1506297600 379 379 379 379
1506290400 379 379 379 379
1506283200 379 379 379 379
1506276000 379 379 379 379
1506268800 379 379 379 379
1506261600 379 379 379 379
1506254400 379 379 379 379
1506247200 379 379 379 379
1506240000 379 379 379 379
1506232800 379 379 379 379
1506225600 379 379 379 379
1506218400 379 379 379 379
1506211200 379 379 379 379
1506204000 379 379 379 379
1506196800 379 379 379 379
1506189600 379 379 379 379
1506182400 379 379 379 379
1506175200 379 379 379 379
1506168000 379 379 379 379
1506160800 379 379 379 379
1506153600 379 379 379 379
1506146400 379 379 379 379
1506139200 379 379 379 379
1506132000 379 379 379 379
1506124800 379 379 379 379
1506117600 379 379 379 379
1506110400 379 379 379 379
1506103200 379 379 379 379
1506096000 379 379 379 379
1506088800 379 379 379 379
1506081600 379 379 379 379
1506074400 379 379 379 379
1506067200 379 379 379 379
1506060000 379 379 379 379
1506052800 379 379 379 379
1506045600 379 379 379 379
1506038400 379 379 379 379
1506031200 379 379 379 379
1506024000 379 379 379 379
1506016800 379 379 379 379
1506009600 379 379 379 379
1506002400 379 379 379 379
1505995200 379 379 379 379
1505988000 379 379 379 379
1505980800 379 379 379 379
1505973600 379 379 379 379
1505966400 379 379 379 379
1505959200 379 379 379 379
1505952000 379 379 379 379
1505944800 379 379 379 379
1505937600 379 379 379 379
1505930400 379 379 379 379
1505923200 379 379 379 379
1505916000 379 379 379 379
1505908800 379 379 379 379
1505901600 379 379 379 379
1505894400 379 379 379 379
1505887200 379 379 379 379
1505880000 379 379 379 379
1505872800 379 379 379 379
1505865600 379 379 379 379
1505858400 379 379 379 379
1505851200 379 379 379 379
1505844000 379 379 379 379
1505836800 379 379 379 379
1505829600 379 379 379 379
1505822400 379 379 379 379
1505815200 379 379 379 379
1505808000 379 379 379 379
1505800800 379 379 379 379
1505793600 379 379 379 379
1505786400 379 379 379 379
1505779200 379 379 379 379
1505772000 379 379 379 379
1505764800 379 379 379 379
1505757600 379 379 379 379
1505750400 379 379 379 379
1505743200 379 379 379 379
1505736000 379 379 379 379
1505728800 379 379 379 379
1505721600 379 379 379 379
1505714400 379 379 379 379
1505707200 379 379 379 379
1505700000 379 379 379 379
1505692800 379 379 379 379
1505685600 379 379 379 379
1505678400 379 379 379 379
1505671200 379 379 379 379
1505664000 379 379 379 379
1505656800 379 379 379 379
1505649600 379 379 379 379
1505642400 379 379 379 379
1505635200 379 379 379 379
1505628000 379 379 379 379
1505620800 379 379 379 379
1505613600 379 379 379 379
1505606400 379 379 379 379
1505599200 379 379 379 379
1505592000 379 379 379 379
1505584800 379 379 379 379
1505577600 379 379 379 379
1505570400 379 379 379 379
1505563200 379 379 379 379
1505556000 379 379 379 379
1505548800 379 379 379 379
1505541600 379 379 379 379
1505534400 379 379 379 379
1505527200 379 379 379 379
1505520000 379 379 379 379
1505512800 379 379 379 379
1505505600 379 379 379 379
1505498400 379 379 379 379
1505491200 379 379 379 379
1505484000 379 379 379 379
1505476800 379 379 379 379
1505469600 379 379 379 379
1505462400 379 379 379 379
1505455200 379 379 379 379
1505448000 379 379 379 379
1505440800 379 379 379 379
1505433600 379 379 379 379
1505426400 379 379 379 379
1505419200 379 379 379 379
1505412000 379 379 379 379
1505404800 379 379 379 379
1505397600 379 379 379 379
1505390400 379 379 379 379
1505383200 379 379 379 379
1505376000 379 379 379 379
1505368800 379 379 379 379
1505361600 379 379 379 379
1505354400 379 379 379 379
1505347200 379 379 379 379
1505340000 379 379 379 379
1505332800 379 379 379 379
1505325600 379 379 379 379
1505318400 379 379 379 379
1505311200 379 379 379 379
1505304000 379 379 379 379
1505296800 379 379 379 379
1505289600 379 379 379 379
1505282400 379 379 379 379
1505275200 379 379 379 379
1505268000 379 379 379 379
1505260800 379 379 379 379
1505253600 379 379 379 379
1505246400 379 379 379 379
1505239200 379 379 379 379
1505232000 379 379 379 379
1505224800 379 379 379 379
1505217600 379 379 379 379
1505210400 379 379 379 379
1505203200 379 379 379 379
1505196000 379 379 379 379
1505188800 379 379 379 379
1505181600 379 379 379 379
1505174400 379 379 379 379
1505167200 379 379 379 379
1505160000 379 379 379 379
1505152800 379 379 379 379
1505145600 379 379 379 379
1505138400 379 379 379 379
1505131200 379 379 379 379
1505124000 379 379 379 379
1505116800 379 379 379 379
1505109600 379 379 379 379
1505102400 379 379 379 379
1505095200 379 379 379 379
1505088000 379 379 379 379
1505080800 379 379 379 379
1505073600 379 379 379 379
1505066400 379 379 379 379
1505059200 379 379 379 379
1505052000 379 379 379 379
1505044800 379 379 379 379
1505037600 379 379 379 379
1505030400 379 379 379 379
1505023200 379 379 379 379
1505016000 379 379 379 379
1505008800 379 379 379 379
1505001600 379 379 379 379
1504994400 379 379 379 379
1504987200 379 379 379 379
1504980000 379 379 379 379
1504972800 379 379 379 379
1504965600 379 379 379 379
1504958400 379 379 379 379
1504951200 379 379 379 379
1504944000 379 379 379 379
1504936800 379 379 379 379
1504929600 379 379 379 379
1504922400 379 379 379 379
1504915200 379 379 379 379
1504908000 379 379 379 379
1504900800 379 379 379 379
1504893600 379 379 379 379
1504886400 379 379 379 379
1504879200 379 379 379 379
1504872000 379 379 379 379
1504864800 379 379 379 379
1504857600 379 379 379 379
1504850400 379 379 379 379
1504843200 379 379 379 379
1504836000 379 379 379 379
1504828800 379 379 379 379
1504821600 379 379 379 379
1504814400 379 379 379 379
1504807200 379 379 379 379
1504800000 379 379 379 379
1504792800 379 379 379 379
1504785600 379 379 379 379
1504778400 379 379 379 379
1504771200 379 379 379 379
1504764000 379 379 379 379
1504756800 379 379 379 379
1504749600 379 379 379 379
1504742400 379 379 379 379
1504735200 379 379 379 379
1504728000 379 379 379 379
1504720800 379 379 379 379
1504713600 379 379 379 379
1504706400 379 379 379 379
1504699200 379 379 379 379
1504692000 379 379 379 379
1504684800 379 379 379 379
1504677600 379 379 379 379
1504670400 379 379 379 379
1504663200 379 379 379 379
1504656000 379 379 379 379
1504648800 379 379 379 379
1504641600 379 379 379 379
1504634400 379 379 379 379
1504627200 379 379 379 379
1504620000 379 379 379 379
1504612800 379 379 379 379
1504605600 379 379 379 379
1504598400 379 379 379 379
1504591200 379 379 379 379
1504584000 379 379 379 379
1504576800 379 379 379 379
1504569600 379 379 379 379
1504562400 379 379 379 379
1504555200 379 379 379 379
1504548000 379 379 379 379
1504540800 379 379 379 379
1504533600 379 379 379 379
1504526400 379 379 379 379
1504519200 379 379 379 379
1504512000 379 379 379 379
1504504800 379 379 379 379
1504497600 379 379 379 379
1504490400 379 379 379 379
1504483200 379 379 379 379
1504476000 379 379 379 379
1504468800 379 379 379 379
1504461600 379 379 379 379
1504454400 379 379 379 379
1504447200 379 379 379 379
1504440000 379 379 379 379
1504432800 379 379 379 379
1504425600 379 379 379 379
1504418400 379 379 379 379
1504411200 379 379 379 379
1504404000 379 379 379 379
1504396800 379 379 379 379
1504389600 379 379 379 379
1504382400 379 379 379 379
1504375200 379 379 379 379
1504368000 379 379 379 379
1504360800 379 379 379 379
1504353600 379 379 379 379
1504346400 379 379 379 379
1504339200 379 379 379 379
1504332000 379 379 379 379
1504324800 379 379 379 379
1504317600 379 379 379 379
1504310400 379 379 379 379
1504303200 379 379 379 379
1504296000 379 379 379 379
1504288800 379 379 379 379
1504281600 379 379 379 379
1504274400 379 379 379 379
1504267200 379 379 379 379
1504260000 379 379 379 379
1504252800 379 379 379 379
1504245600 379 379 379 379
1504238400 379 379 379 379
1504231200 379 379 379 379
1504224000 379 379 379 379
1504216800 379 379 379 379
1504209600 379 379 379 379
1504202400 379 379 379 379
1504195200 379 379 379 379
1504188000 379 379 379 379
1504180800 379 379 379 379
1504173600 379 379 379 379
1504166400 379 379 379 379
1504159200 379 379 379 379
1504152000 379 379 379 379
1504144800 379 379 379 379
1504137600 379 379 379 379
1504130400 379 379 379 379
1504123200 379 379 379 379
1504116000 379 379 379 379
1504108800 379 379 379 379
1504101600 379 379 379 379
1504094400 379 379 379 379
1504087200 379 379 379 379
1504080000 379 379 379 379
1504072800 379 379 379 379
1504065600 379 379 379 379
1504058400 379 379 379 379
1504051200 379 379 379 379
1504044000 379 379 379 379
1504036800 379 379 379 379
1504029600 379 379 379 379
1504022400 379 379 379 379
1504015200 379 379 379 379
1504008000 379 379 379 379
1504000800 379 379 379 379
1503993600 379 379 379 379
1503986400 379 379 379 379
1503979200 379 379 379 379
1503972000 379 379 379 379
1503964800 379 379 379 379
1503957600 379 379 379 379
1503950400 379 379 379 379
1503943200 379 379 379 379
1503936000 379 379 379 379
1503928800 379 379 379 379
1503921600 379 379 379 379
1503914400 379 379 379 379
1503907200 379 379 379 379
1503900000 379 379 379 379
1503892800 379 379 379 379
1503885600 379 379 379 379
1503878400 379 379 379 379
1503871200 379 379 379 379
1503864000 379 379 379 379
1503856800 379 379 379 379
1503849600 379 379 379 379
1503842400 379 379 379 379
1503835200 379 379 379 379
1503828000 379 379 379 379
1503820800 379 379 379 379
1503813600 379 379 379 379
1503806400 379 379 379 379
1503799200 379 379 379 379
1503792000 379 379 379 379
1503784800 379 379 379 379
1503777600 379 379 379 379
1503770400 379 379 379 379
1503763200 379 379 379 379
1503756000 379 379 379 379
1503748800 379 379 379 379
1503741600 379 379 379 379
1503734400 379 379 379 379
1503727200 379 379 379 379
1503720000 379 379 379 379
1503712800 379 379 379 379
1503705600 379 379 379 379
1503698400 379 379 379 379
1503691200 379 379 379 379
1503684000 379 379 379 379
1503676800 379 379 379 379
1503669600 379 379 379 379
1503662400 379 379 379 379
1503655200 379 379 379 379
1503648000 379 379 379 379
1503640800 379 379 379 379
1503633600 379 379 379 379
1503626400 379 379 379 379
1503619200 379 379 379 379
1503612000 379 379 379 379
1503604800 379 379 379 379
1503597600 379 379 379 379
1503590400 379 379 379 379
1503583200 379 379 379 379
1503576000 379 379 379 379
1503568800 379 379 379 379
1503561600 379 379 379 379
1503554400 379 379 379 379
1503547200 379 379 379 379
1503540000 379 379 379 379
1503532800 379 379 379 379
1503525600 379 379 379 379
1503518400 379 379 379 379
1503511200 379 379 379 379
1503504000 379 379 379 379
1503496800 379 379 379 379
1503489600 379 379 379 379
1503482400 379 379 379 379
1503475200 379 379 379 379
1503468000 379 379 379 379
1503460800 379 379 379 379
1503453600 379 379 379 379
1503446400 379 379 379 379
1503439200 379 379 379 379
1503432000 379 379 379 379
1503424800 379 379 379 379
1503360000 379 379 379 379
1503273600 379 379 379 379
1503187200 379 379 379 379
1503100800 379 379 379 379
1503014400 379 379 379 379
1502928000 379 379 379 379
1502841600 379 379 379 379
1502755200 379 379 379 379
1502668800 379 379 379 379
1502582400 379 379 379 379
1502496000 379 379 379 379
1502409600 379 379 379 379
1502323200 379 379 379 379
1502236800 379 379 379 379
1502150400 379 379 379 379
1502064000 379 379 379 379
1501977600 379 379 379 379
1501891200 379 379 379 379
1501804800 379 379 379 379
1501718400 379 379 379 379
1501632000 379 379 379 379
1501545600 379 379 379 379
1501459200 379 379 379 379
1501372800 379 379 379 379
1501286400 379 379 379 379
1501200000 379 379 379 379
1501113600 379 379 379 379
1501027200 379 379 379 379
1500940800 379 379 379 379
1500854400 379 379 379 379
1500768000 379 379 379 379
1500681600 379 379 379 379
1500595200 379 379 379 379
1500508800 379 379 379 379
1500422400 379 379 379 379
1500336000 379 379 379 379
1500249600 379 379 379 379
1500163200 379 379 379 379
1500076800 379 379 379 379
1499990400 379 379 379 379
1499904000 379 379 379 379
1499817600 379 379 379 379
1499731200 379 379 379 379
1499644800 379 379 379 379
1499558400 379 379 379 379
1499472000 379 379 379 379
1499385600 379 379 379 379
1499299200 379 379 379 379
1499212800 379 379 379 379
1499126400 379 379 379 379
1499040000 379 379 379 379
1498953600 379 379 379 379
1498867200 379 379 379 379
1498780800 379 379 379 379
1498694400 379 379 379 379
1498608000 379 379 379 379
1498521600 379 379 379 379
1498435200 379 379 379 379
1498348800 379 379 379 379
1498262400 379 379 379 379
1498176000 379 379 379 379
1498089600 379 379 379 379
1498003200 379 379 379 379
1497916800 379 379 379 379
1497830400 379 379 379 379
1497744000 379 379 379 379
1497657600 379 379 379 379
1497571200 379 379 379 379
1497484800 379 379 379 379
1497398400 379 379 379 379
1497312000 379 379 379 379
1497225600 379 379 379 379
1497139200 379 379 379 379
1497052800 379 379 379 379
1496966400 379 379 379 379
1496880000 379 379 379 379
1496793600 379 379 379 379
1496707200 379 379 379 379
1496620800 379 379 379 379
1496534400 379 379 379 379
1496448000 379 379 379 379
1496361600 379 379 379 379
1496275200 379 379 379 379
1496188800 379 379 379 379
1496102400 379 379 379 379
1496016000 379 379 379 379
1495929600 379 379 379 379
1495843200 379 379 379 379
1495756800 379 379 379 379
1495670400 379 379 379 379
1495584000 379 379 379 379
1495497600 379 379 379 379
1495411200 379 379 379 379
1495324800 379 379 379 379
1495238400 379 379 379 379
1495152000 379 379 379 379
1495065600 379 379 379 379
1494979200 379 379 379 379
1494892800 379 379 379 379
1494806400 379 379 379 379
1494720000 379 379 379 379
1494633600 379 379 379 379
1494547200 379 379 379 379
1494460800 379 379 379 379
1494374400 379 379 379 379
1494288000 379 379 379 379
1494201600 379 379 379 379
1494115200 379 379 379 379
1494028800 379 379 379 379
1493942400 379 379 379 379
1493856000 379 379 379 379
1493769600 379 379 379 379
1493683200 379 379 379 379
1493596800 379 379 379 379
1493510400 379 379 379 379
1493424000 379 379 379 379
1493337600 379 379 379 379
1493251200 379 379 379 379
1493164800 379 379 379 379
1493078400 379 379 379 379
1492992000 379 379 379 379
1492905600 379 379 379 379
1492819200 379 379 379 379
1492732800 379 379 379 379
1492646400 379 379 379 379
1492560000 379 379 379 379
1492473600 379 379 379 379
1492387200 379 379 379 379
1492300800 379 379 379 379
1492214400 379 379 379 379
1492128000 379 379 379 379
1492041600 379 379 379 379
1491955200 379 379 379 379
1491868800 379 379 379 379
1491782400 379 379 379 379
1491696000 379 379 379 379
1491609600 379 379 379 379
1491523200 379 379 379 379
1491436800 379 379 379 379
1491350400 379 379 379 379
1491264000 379 379 379 379
1491177600 379 379 379 379
1491091200 379 379 379 379
1491004800 379 379 379 379
1490918400 379 379 379 379
1490832000 379 379 379 379
1490745600 379 379 379 379
1490659200 379 379 379 379
1490572800 379 379 379 379
1490486400 379 379 379 379
1490400000 379 379 379 379
1490313600 379 379 379 379
1490227200 379 379 379 379
1490140800 379 379 379 379
1490054400 379 379 379 379
1489968000 379 379 379 379
1489881600 379 379 379 379
1489795200 379 379 379 379
1489708800 379 379 379 379
1489622400 379 379 379 379
1489536000 379 379 379 379
1489449600 379 379 379 379
1489363200 379 379 379 379
1489276800 379 379 379 379
1489190400 379 379 379 379
1489104000 379 379 379 379
1489017600 379 379 379 379
1488931200 379 379 379 379
1488844800 379 379 379 379
1488758400 379 379 379 379
1488672000 379 379 379 379
1488585600 379 379 379 379
1488499200 379 379 379 379
1488412800 379 379 379 379
1488326400 379 379 379 379
1488240000 379 379 379 379
1488153600 379 379 379 379
1488067200 379 379 379 379
1487980800 379 379 379 379
1487894400 379 379 379 379
1487808000 379 379 379 379
1487721600 379 379 379 379
1487635200 379 379 379 379
1487548800 379 379 379 379
1487462400 379 379 379 379
1487376000 379 379 379 379
1487289600 379 379 379 379
1487203200 379 379 379 379
1487116800 379 379 379 379
1487030400 379 379 379 379
1486944000 379 379 379 379
1486857600 379 379 379 379
1486771200 379 379 379 379
1486684800 379 379 379 379
1486598400 379 379 379 379
1486512000 379 379 379 379
1486425600 372 372 382 382
1486339200 363 363 385 385
1486252800 375 375 932 932
1486166400 362 362 385 385
1486080000 340 340 381 381
1485993600 300 300 367 367
1485907200 383 383 447 447
1485820800 397 397 723 723
1485734400 389 389 418 418
1485648000 385 385 412 412
1485561600 389 389 426 426
1485475200 404 404 435 435
1485388800 394 394 429 429
1485302400 396 396 428 428
1485216000 400 400 435 435
1485129600 388 388 419 419
1485043200 396 396 431 431
1484956800 401 401 429 429
1484870400 408 408 426 426
1484784000 396 396 448 448
1484697600 385 385 418 418
1484611200 389 389 422 422
1484524800 383 383 410 410
1484438400 381 381 406 406
1484352000 377 377 397 397
1484265600 392 392 412 412
1484179200 395 395 419 419
1484092800 385 385 417 417
1484006400 395 395 442 442
1483920000 379 379 405 405
1483833600 380 380 406 406
1483747200 382 382 418 418
1483660800 368 368 389 389
1483574400 319 319 390 390
1483488000 392 392 426 426
1483401600 401 401 440 440
1483315200 387 387 408 408
1483228800 412 412 436 436
1483142400 427 427 460 460
1483056000 416 416 470 470
1482969600 408 408 436 436
1482883200 431 431 452 452
1482796800 431 431 459 459
1482710400 440 440 469 469
1482624000 453 453 473 473
1482537600 465 465 487 487
1482451200 487 487 509 509
1482364800 480 480 535 535
1482278400 443 443 512 512
1482192000 418 418 441 441
1482105600 426 426 457 457
1482019200 421 421 444 444
1481932800 423 423 443 443
1481846400 440 440 459 459
1481760000 443 443 475 475
1481673600 436 436 468 468
1481587200 427 427 449 449
1481500800 417 417 473 473
1481414400 397 397 428 428
1481328000 399 399 426 426
1481241600 397 397 421 421
1481155200 391 391 416 416
1481068800 395 395 418 418
1480982400 386 386 422 422
1480896000 349 349 415 415
1480809600 328 328 385 385
1480723200 379 379 412 412
1480636800 382 382 428 428
1480550400 401 401 505 505
1480464000 376 376 413 413
1480377600 381 381 406 406
1480291200 393 393 417 417
1480204800 394 394 416 416
1480118400 392 392 415 415
1480032000 408 408 432 432
1479945600 390 390 426 426
1479859200 388 388 409 409
1479772800 393 393 415 415
1479686400 399 399 426 426
1479600000 405 405 420 420
1479513600 401 401 413 413
1479427200 399 399 420 420
1479340800 395 395 434 434
1479254400 200 200 394 394
1479168000 76 76 76 76
1479081600 76 76 76 76
1478995200 76 76 76 76
1478908800 76 76 76 76
1478822400 76 76 76 76
1478736000 76 76 76 76
1478649600 76 76 76 76
1478563200 76 76 76 76
1478476800 76 76 76 76
1478390400 76 76 76 76
1478304000 76 76 76 76
1478217600 76 76 76 76
1478131200 76 76 76 76
1478044800 76 76 76 76
1477958400 76 76 76 76
1477872000 76 76 76 76
1477785600 76 76 76 76
1477699200 76 76 76 76
1477612800 76 76 76 76
1477526400 76 76 76 76
1477440000 76 76 76 76
1477353600 76 76 76 76
1477267200 76 76 76 76
1477180800 76 76 76 76
1477094400 76 76 76 76
1477008000 76 76 76 76
1476921600 76 76 76 76
1476835200 76 76 76 76
1476748800 76 76 76 76
1476662400 76 76 76 76
1476576000 76 76 76 76
1476489600 76 76 76 76
1476403200 76 76 76 76
1476316800 76 76 76 76
1476230400 76 76 76 76
1476144000 76 76 76 76
1476057600 76 76 76 76
1475971200 76 76 76 76
1475884800 76 76 76 76
1475798400 76 76 76 76
1475712000 76 76 76 76
1475625600 76 76 76 76
1475539200 76 76 76 76
1475452800 76 76 76 76
1475366400 76 76 76 76
1475280000 76 76 76 76
1475193600 76 76 76 76
1475107200 76 76 76 76
1475020800 76 76 76 76
1474934400 76 76 76 76
1474848000 76 76 76 76
1474761600 76 76 76 76
1474675200 76 76 76 76
1474588800 76 76 76 76
1474502400 76 76 76 76
1474416000 76 76 76 76
1474329600 76 76 76 76
1474243200 76 76 76 76
1474156800 76 76 76 76
1474070400 76 76 76 76
1473984000 76 76 76 76
1473897600 76 76 76 76
1473811200 76 76 76 76
1473724800 76 76 76 76
1473638400 76 76 76 76
1473552000 76 76 76 76
1473465600 76 76 76 76
1473379200 76 76 76 76
1473292800 76 76 76 76
1473206400 76 76 76 76
1473120000 76 76 76 76
1473033600 76 76 76 76
1472947200 76 76 76 76
1472860800 76 76 76 76
1472774400 76 76 76 76
1472688000 76 76 76 76
1472601600 76 76 76 76
1472515200 76 76 76 76
1472428800 76 76 76 76
1472342400 76 76 76 76
1472256000 76 76 76 76
1472169600 76 76 76 76
1472083200 76 76 76 76
1471996800 76 76 76 76
1471910400 76 76 76 76
1471824000 76 76 76 76
1471737600 76 76 76 76
1471651200 76 76 76 76
1471564800 76 76 76 76
1471478400 76 76 76 76
1471392000 76 76 76 76
1471305600 76 76 76 76
1471219200 76 76 76 76
1471132800 76 76 76 76
1471046400 76 76 76 76
1470960000 76 76 76 76
1470873600 76 76 76 76
1470787200 76 76 76 76
1470700800 76 76 76 76
1470614400 76 76 76 76
1470528000 76 76 76 76
1470441600 76 76 76 76
1470355200 76 76 76 76
1470268800 76 76 76 76
1470182400 76 76 76 76
1470096000 76 76 76 76
1470009600 76 76 76 76
1469923200 76 76 76 76
1469836800 76 76 76 76
1469750400 76 76 76 76
1469664000 76 76 76 76
1469577600 76 76 76 76
1469491200 76 76 76 76
1469404800 76 76 76 76
1469318400 76 76 76 76
1469232000 76 76 76 76
1469145600 76 76 76 76
1469059200 76 76 76 76
1468972800 76 76 76 76
1468886400 76 76 76 76
1468800000 76 76 76 76
1468713600 76 76 76 76
1468627200 76 76 76 76
1468540800 76 76 76 76
1468454400 76 76 76 76
1468368000 76 76 76 76
1468281600 76 76 76 76
1468195200 76 76 76 76
1468108800 76 76 76 76
1468022400 76 76 76 76
1467936000 76 76 76 76
1467849600 76 76 76 76
1467763200 76 76 76 76
1467676800 76 76 76 76
1467590400 76 76 76 76
1467504000 76 76 76 76
1467417600 76 76 76 76
1467331200 76 76 76 76
1467244800 76 76 76 76
1467158400 76 76 76 76
1467072000 76 76 76 76
1466985600 76 76 76 76
1466899200 76 76 76 76
1466812800 76 76 76 76
1466726400 76 76 76 76
1466640000 76 76 76 76
1466553600 76 76 76 76
1466467200 76 76 76 76
1466380800 76 76 76 76
1466294400 76 76 76 76
1466208000 76 76 76 76
1466121600 76 76 76 76
1466035200 76 76 76 76
1465948800 76 76 76 76
1465862400 76 76 76 76
1465776000 76 76 76 76
1465689600 76 76 76 76
1465603200 76 76 76 76
1465516800 76 76 76 76
1465430400 76 76 76 76
1465344000 76 76 76 76
1465257600 76 76 76 76
1465171200 76 76 76 76
1465084800 76 76 76 76
1464998400 76 76 76 76
1464912000 76 76 76 76
1464825600 76 76 76 76
1464739200 76 76 76 76
1464652800 76 76 76 76
1464566400 76 76 76 76
1464480000 76 76 76 76
1464393600 76 76 76 76
1464307200 76 76 76 76
1464220800 76 76 76 76
1464134400 76 76 76 76
1464048000 76 76 76 76
1463961600 76 76 76 76
1463875200 76 76 76 76
1463788800 76 76 76 76
1463702400 76 76 76 76
1463616000 76 76 76 76
1463529600 76 76 76 76
1463443200 76 76 76 76
1463356800 76 76 76 76
1463270400 76 76 76 76
1463184000 76 76 76 76
1463097600 76 76 76 76
1463011200 76 76 76 76
1462924800 76 76 76 76
1462838400 76 76 76 76
1462752000 76 76 76 76
1462665600 76 76 76 76
1462579200 76 76 76 76
1462492800 76 76 76 76
1462406400 76 76 76 76
1462320000 76 76 76 76
1462233600 76 76 76 76
1462147200 76 76 76 76
1462060800 76 76 76 76
1461974400 76 76 76 76
1461888000 76 76 76 76
1461801600 76 76 76 76
1461715200 76 76 76 76
1461628800 76 76 76 76
1461542400 76 76 76 76
1461456000 76 76 76 76
1461369600 76 76 76 76
1461283200 76 76 76 76
1461196800 76 76 76 76
1461110400 76 76 76 76
1461024000 76 76 76 76
1460937600 76 76 76 76
1460851200 76 76 76 76
1460764800 76 76 76 76
1460678400 76 76 76 76
1460592000 76 76 76 76
1460505600 76 76 76 76
1460419200 76 76 76 76
1460332800 76 76 76 76
1460246400 76 76 76 76
1460160000 76 76 76 76
1460073600 74 74 76 76
1459987200 68 68 83 83
1459900800 72 72 84 84
1459814400 72 72 81 81
1459728000 68 68 79 79
1459641600 72 72 83 83
1459555200 64 64 79 79
1459468800 65 65 85 85
1459382400 57 57 80 80
1459296000 58 58 84 84
1459209600 45 45 90 90
1459123200 56 56 86 86
1459036800 68 68 85 85
1458950400 58 58 83 83
1458864000 63 63 83 83
1458777600 62 62 79 79
1458691200 66 66 85 85
1458604800 63 63 87 87
1458518400 43 43 80 80
1458432000 35 35 74 74
1458345600 67 67 83 83
1458259200 60 60 79 79
1458172800 48 48 79 79
1458086400 33 33 71 71
1458000000 0 0 0 0
1457913600 0 0 0 0
1457827200 0 0 1 1
1457740800 0 0 0 0
1457654400 0 0 0 0
1457568000 0 0 0 0
1457481600 0 0 0 0
1457395200 0 0 0 0
1457308800 0 0 0 0
1457222400 0 0 0 0
1457136000 0 0 0 0
1457049600 0 0 0 0
1456963200 0 0 0 0
1456876800 0 0 0 0
1456790400 0 0 0 0
1456704000 0 0 0 0
1456617600 0 0 0 0
1456531200 0 0 0 0
1456444800 0 0 0 0
1456358400 0 0 0 0
1456272000 0 0 0 0
1456185600 0 0 0 0
1456099200 0 0 0 0
1456012800 0 0 0 0
1455926400 0 0 0 0
1455840000 0 0 0 0
1455753600 0 0 0 0
1455667200 0 0 0 0
1455580800 0 0 0 0
1455494400 0 0 0 0
1455408000 0 0 0 0
1455321600 0 0 0 0
1455235200 0 0 0 0
1455148800 0 0 0 0
1455062400 0 0 0 0
1454976000 0 0 1 1
1454889600 0 0 0 0
1454803200 0 0 0 0
1454716800 0 0 0 0
1454630400 0 0 0 0
1454544000 0 0 0 0
1454457600 0 0 0 0
1454371200 0 0 0 0
1454284800 0 0 0 0
1454198400 0 0 0 0
1454112000 0 0 0 0
1454025600 0 0 0 0
1453939200 0 0 0 0
1453852800 0 0 0 0
1453766400 27 27 83 83
1453680000 45 45 95 95
1453593600 100 100 213 213
1453507200 192 192 237 237
1453420800 181 181 239 239
1453334400 169 169 227 227
1453248000 209 209 344 344
1453161600 231 231 310 310
1453075200 230 230 256 256
1452988800 215 215 289 289
1452902400 232 232 298 298
1452816000 203 203 277 277
1452729600 193 193 277 277
1452643200 195 195 256 256
1452556800 174 174 256 256
1452470400 181 181 260 260
1452384000 183 183 257 257
1452297600 182 182 247 247
1452211200 182 182 273 273
1452124800 144 144 365 365
1452038400 149 149 265 265
1451952000 182 182 555 555
1451865600 236 236 656 656
1451779200 232 232 656 656
1451692800 271 271 642 642
1451606400 123 123 253 253
1451520000 176 176 280 280
1451433600 234 234 278 278
1451347200 235 235 263 263
1451260800 225 225 244 244
1451174400 229 229 245 245
1451088000 229 229 249 249
1451001600 220 220 303 303
1450915200 208 208 280 280
1450828800 258 258 300 300
1450742400 245 245 277 277
1450656000 264 264 352 352
1450569600 212 212 291 291
1450483200 192 192 367 367
1450396800 206 206 289 289
1450310400 203 203 353 353
1450224000 188 188 255 255
1450137600 186 186 493 493
1450051200 159 159 255 255
1449964800 85 85 212 212
1449878400 137 137 262 262
1449792000 154 154 257 257
1449705600 175 175 245 245
1449619200 143 143 239 239
1449532800 124 124 272 272
1449446400 57 57 155 155
1449360000 72 72 193 193
1449273600 43 43 155 155
1449187200 29 29 165 165
1449100800 23 23 80 80
1449014400 30 30 112 112
1448928000 28 28 127 127
1448841600 26 26 91 91
1448755200 30 30 236 236
1448668800 43 43 232 232
1448582400 91 91 229 229
1448496000 106 106 213 213
1448409600 79 79 163 163
1448323200 74 74 195 195
1448236800 93 93 217 217
1448150400 274 274 323 323
1448064000 292 292 322 322
1447977600 309 309 337 337
1447891200 317 317 353 353
1447804800 304 304 353 353
1447718400 291 291 310 310
1447632000 306 306 330 330
1447545600 307 307 330 330
1447459200 307 307 546 546
1447372800 293 293 321 321
1447286400 300 300 329 329
1447200000 297 297 350 350
1447113600 312 312 338 338
1447027200 310 310 333 333
1446940800 310 310 337 337
1446854400 293 293 326 326
1446768000 288 288 327 327
1446681600 303 303 332 332
1446595200 311 311 343 343
1446508800 284 284 336 336
1446422400 274 274 303 303
1446336000 281 281 366 366
1446249600 279 279 302 302
1446163200 280 280 319 319
1446076800 292 292 318 318
1445990400 300 300 325 325
1445904000 315 315 351 351
1445817600 312 312 334 334
1445731200 302 302 340 340
1445644800 257 257 333 333
1445558400 296 296 338 338
1445472000 287 287 322 322
1445385600 289 289 321 321
1445299200 281 281 371 371
1445212800 299 299 327 327
1445126400 303 303 326 326
1445040000 310 310 339 339
1444953600 312 312 364 364
1444867200 310 310 331 331
1444780800 306 306 339 339
1444694400 293 293 336 336
1444608000 281 281 386 386
1444521600 283 283 307 307
1444435200 279 279 313 313
1444348800 278 278 312 312
1444262400 290 290 321 321
1444176000 311 311 350 350
1444089600 155 155 374 374
1444003200 0 0 0 0
1443916800 0 0 0 0
1443830400 0 0 0 0
1443744000 0 0 0 0
1443657600 0 0 0 0
1443571200 0 0 0 0
1443484800 0 0 0 0
1443398400 0 0 0 0
1443312000 0 0 0 0
1443225600 0 0 0 0
1443139200 0 0 0 0
1443052800 0 0 0 0
1442966400 0 0 0 0
1442880000 0 0 0 0
1442793600 0 0 0 0
1442707200 0 0 0 0
1442620800 0 0 0 0
1442534400 0 0 0 0
1442448000 0 0 0 0
1442361600 0 0 0 0
1442275200 0 0 0 0
1442188800 0 0 0 0
1442102400 0 0 0 0
1442016000 0 0 0 0
1441929600 0 0 0 0
1441843200 0 0 0 0
1441756800 0 0 0 0
1441670400 0 0 0 0
1441584000 0 0 0 0
1441497600 0 0 0 0
1441411200 0 0 0 0
1441324800 0 0 0 0
1441238400 0 0 0 0
1441152000 0 0 0 0
1441065600 0 0 0 0
1440979200 0 0 0 0
1440892800 0 0 0 0
1440806400 0 0 0 0
1440720000 0 0 0 0
1440633600 0 0 0 0
1440547200 0 0 0 0
1440460800 0 0 0 0
1440374400 0 0 0 0
1440288000 0 0 0 0
1440201600 0 0 0 0
