1391709901 465 465  
1391709901 465 465  465 465
1391709781 455 455  455 455
1391709600 455 455  455 455
1391709300 455 455  455 455
1391709000 455 455  455 455
1391708700 455 455  455 455
1391708400 455 455  455 455
1391708100 455 455  455 455
1391707800 455 455  455 455
1391707500 455 455  455 455
1391707200 455 455  455 455
1391706900 455 455  455 455
1391706600 455 455  455 455
1391706300 455 455  455 455
1391706000 455 455  455 455
1391705700 455 455  455 455
1391705400 455 455  455 455
1391705100 455 455  455 455
1391704800 455 455  455 455
1391704500 455 455  455 455
1391704200 455 455  455 455
1391703900 455 455  455 455
1391703600 455 455  455 455
1391703300 455 455  455 455
1391703000 455 455  455 455
1391702700 455 455  455 455
1391702400 455 455  455 455
1391702100 455 455  455 455
1391701800 455 455  455 455
1391701500 455 455  455 455
1391701200 455 455  455 455
1391700900 455 455  455 455
1391700600 454 454  455 455
1391700300 451 451  452 452
1391700000 448 448  448 448
1391699700 442 442  442 442
1391699400 438 438  438 438
1391699100 436 436  436 436
1391698800 435 435  436 436
1391698500 434 434  434 434
1391698200 435 435  435 435
1391697900 435 435  435 435
1391697600 434 434  434 434
1391697300 435 435  436 436
1391697000 436 436  436 436
1391696700 435 435  437 437
1391696400 437 437  437 437
1391696100 436 436  436 436
1391695800 440 440  440 440
1391695500 437 437  438 438
1391695200 438 438  438 438
1391694900 443 443  443 443
1391694600 443 443  443 443
1391694300 446 446  446 446
1391694000 446 446  446 446
1391693700 448 448  448 448
1391693400 444 444  445 445
1391693100 443 443  443 443
1391692800 441 441  441 441
1391692500 437 437  437 437
1391692200 437 437  437 437
1391691900 434 434  435 435
1391691600 432 432  432 432
1391691300 424 424  424 424
1391691000 430 430  430 430
1391690700 427 427  427 427
1391690400 431 431  431 431
1391690100 427 427  427 427
1391689800 425 425  425 425
1391689500 433 433  433 433
1391689200 430 430  430 430
1391688900 432 432  433 433
1391688600 432 432  432 432
1391688300 433 433  433 433
1391688000 426 426  426 426
1391687700 424 424  424 424
1391687400 424 424  424 424
1391687100 419 419  420 420
1391686800 417 417  417 417
1391686500 417 417  431 431
1391686200 431 431  431 431
1391685900 427 427  427 427
1391685600 429 429  429 429
1391685300 428 428  428 428
1391685000 427 427  427 427
1391684700 428 428  429 429
1391684400 425 425  429 429
1391684100 429 429  429 429
1391683800 429 429  429 429
1391683500 428 428  428 428
1391683200 425 425  425 425
1391682900 422 422  422 422
1391682600 420 420  420 420
1391682300 422 422  422 422
1391682000 418 418  418 418
1391681700 419 419  419 419
1391681400 420 420  420 420
1391681100 421 421  421 421
1391680800 418 418  419 419
1391680500 418 418  419 419
1391680200 414 414  415 415
1391679900 415 415  415 415
1391679600 415 415  417 417
1391679300 417 417  417 417
1391679000 413 413  413 413
1391678700 414 414  414 414
1391678400 414 414  414 414
1391678100 414 414  414 414
1391677800 414 414  415 415
1391677500 412 412  412 412
1391677200 412 412  412 412
1391676900 412 412  412 412
1391676600 410 410  410 410
1391676300 410 410  410 410
1391676000 408 408  408 408
1391675700 409 409  409 409
1391675400 407 407  407 407
1391675100 402 402  403 403
1391674800 397 397  397 397
1391674500 398 398  399 399
1391674200 398 398  398 398
1391673900 395 395  395 395
1391673600 392 392  392 392
1391673300 388 388  388 388
1391673000 383 383  383 383
1391672700 380 380  380 380
1391672400 372 372  373 373
1391672100 366 366  366 366
1391671800 366 366  366 366
1391671500 362 362  362 362
1391671200 358 358  358 358
1391670900 356 356  356 356
1391670600 350 350  350 350
1391670300 350 350  350 350
1391670000 347 347  347 347
1391669700 343 343  343 343
1391669400 337 337  337 337
1391669100 331 331  331 331
1391668800 332 332  333 333
1391668500 333 333  333 333
1391668200 328 328  328 328
1391667900 328 328  328 328
1391667600 324 324  324 324
1391667300 322 322  322 322
1391667000 318 318  318 318
1391666700 316 316  316 316
1391666400 315 315  316 316
1391666100 314 314  314 314
1391665800 310 310  310 310
1391665500 310 310  310 310
1391665200 311 311  311 311
1391664900 310 310  311 311
1391664600 309 309  309 309
1391664300 311 311  311 311
1391664000 311 311  311 311
1391663700 304 304  305 305
1391663400 299 299  299 299
1391663100 301 301  301 301
1391662800 301 301  301 301
1391662500 297 297  297 297
1391662200 289 289  290 290
1391661900 290 290  290 290
1391661600 288 288  288 288
1391661300 287 287  287 287
1391661000 282 282  285 285
1391660700 285 285  285 285
1391660400 283 283  284 284
1391660100 283 283  283 283
1391659800 282 282  285 285
1391659500 285 285  285 285
1391659200 285 285  285 285
1391658900 286 286  286 286
1391658600 288 288  288 288
1391658300 288 288  288 288
1391658000 285 285  287 287
1391657700 287 287  287 287
1391657400 288 288  288 288
1391657100 285 285  285 285
1391656800 285 285  285 285
1391656500 284 284  284 284
1391656200 283 283  283 283
1391655900 289 289  289 289
1391655600 287 287  287 287
1391655300 287 287  287 287
1391655000 289 289  289 289
1391654700 288 288  288 288
1391654400 289 289  291 291
1391654100 291 291  291 291
1391653800 286 286  286 286
1391653500 291 291  291 291
1391653200 291 291  291 291
1391652900 290 290  290 290
1391652600 290 290  290 290
1391652300 293 293  294 294
1391652000 291 291  291 291
1391651700 292 292  292 292
1391651400 293 293  293 293
1391651100 293 293  293 293
1391650800 293 293  294 294
1391650500 294 294  294 294
1391650200 294 294  294 294
1391649900 294 294  295 295
1391649600 294 294  295 295
1391649300 295 295  295 295
1391649000 294 294  296 296
1391648700 295 295  296 296
1391648400 292 292  297 297
1391648100 297 297  297 297
1391647800 297 297  297 297
1391647500 298 298  301 301
1391647200 301 301  305 305
1391646900 304 304  305 305
1391646600 303 303  303 303
1391646300 308 308  308 308
1391646000 306 306  306 306
1391645700 306 306  306 306
1391645400 308 308  310 310
1391645100 310 310  310 310
1391644800 310 310  310 310
1391644500 313 313  313 313
1391644200 312 312  312 312
1391643900 314 314  314 314
1391643600 315 315  315 315
1391643300 315 315  316 316
1391643000 315 315  315 315
1391642700 316 316  316 316
1391642400 317 317  318 318
1391642100 318 318  318 318
1391641800 320 320  320 320
1391641500 321 321  323 323
1391641200 323 323  323 323
1391640900 326 326  328 328
1391640600 328 328  328 328
1391640300 330 330  333 333
1391640000 333 333  333 333
1391639700 337 337  341 341
1391639400 341 341  341 341
1391639100 346 346  346 346
1391638800 345 345  345 345
1391638500 351 351  351 351
1391638200 349 349  349 349
1391637900 353 353  353 353
1391637600 355 355  355 355
1391637300 356 356  356 356
1391637000 362 362  362 362
1391636700 368 368  368 368
1391636400 375 375  375 375
1391636100 379 379  379 379
1391635800 378 378  378 378
1391635500 382 382  382 382
1391635200 382 382  382 382
1391634900 392 392  392 392
1391634600 389 389  389 389
1391634300 391 391  391 391
1391634000 398 398  405 405
1391633700 405 405  405 405
1391633400 409 409  409 409
1391633100 414 414  414 414
1391632800 415 415  415 415
1391632500 424 424  424 424
1391632200 429 429  429 429
1391631900 430 430  430 430
1391631600 433 433  433 433
1391631300 436 436  436 436
1391631000 439 439  439 439
1391630700 438 438  442 442
1391630400 442 442  442 442
1391630100 443 443  445 445
1391629800 445 445  453 453
1391629500 453 453  453 453
1391629200 453 453  458 458
1391628900 458 458  460 460
1391628600 460 460  466 466
1391628300 466 466  466 466
1391628000 469 469  469 469
1391627700 468 468  468 468
1391627400 472 472  473 473
1391627100 472 472  472 472
1391626800 472 472  472 472
1391626500 470 470  470 470
1391626200 470 470  470 470
1391625900 473 473  473 473
1391625600 474 474  474 474
1391625300 475 475  475 475
1391625000 474 474  474 474
1391624700 473 473  473 473
1391624400 470 470  470 470
1391624100 468 468  468 468
1391623800 471 471  472 472
1391623500 470 470  470 470
1391623200 473 473  473 473
1391622900 471 471  472 472
1391622600 472 472  472 472
1391622300 473 473  473 473
1391622000 476 476  476 476
1391621700 475 475  475 475
1391621400 478 478  478 478
1391621100 476 476  476 476
1391620800 476 476  476 476
1391620500 473 473  473 473
1391620200 472 472  472 472
1391619900 473 473  473 473
1391619600 472 472  473 473
1391619300 470 470  470 470
1391619000 472 472  472 472
1391618700 471 471  471 471
1391618400 470 470  470 470
1391618100 461 461  461 461
1391617800 457 457  458 458
1391617500 457 457  457 457
1391617200 456 456  456 456
1391616900 455 455  455 455
1391616600 458 458  458 458
1391616300 454 454  454 454
1391616000 454 454  454 454
1391615700 455 455  455 455
1391615400 450 450  451 451
1391615100 448 448  448 448
1391614800 446 446  446 446
1391614500 441 441  441 441
1391614200 438 438  439 439
1391613900 438 438  438 438
1391613600 438 438  438 438
1391613300 434 434  434 434
1391613000 433 433  435 435
1391612700 435 435  435 435
1391612400 435 435  435 435
1391612100 436 436  436 436
1391611800 431 431  431 431
1391611500 426 426  426 426
1391611200 426 426  426 426
1391610900 427 427  428 428
1391610600 428 428  428 428
1391610300 430 430  430 430
1391610000 433 433  433 433
1391609700 435 435  435 435
1391609400 433 433  433 433
1391609100 428 428  428 428
1391608800 424 424  424 424
1391608500 426 426  426 426
1391608200 423 423  424 424
1391607900 392 392  392 392
1391607600 392 392  392 392
1391607300 388 388  389 389
1391607000 384 384  384 384
1391606700 379 379  379 379
1391606400 382 382  382 382
1391606100 386 386  387 387
1391605800 385 385  385 385
1391605500 354 354  354 354
1391605200 354 354  354 354
1391604900 348 348  349 349
1391604600 346 346  347 347
1391604300 346 346  347 347
1391604000 345 345  427 427
1391603700 427 427  431 431
1391603400 431 431  431 431
1391603100 424 424  424 424
1391602800 425 425  425 425
1391602500 429 429  429 429
1391602200 427 427  428 428
1391601900 427 427  427 427
1391601600 426 426  426 426
1391601300 421 421  421 421
1391601000 419 419  421 421
1391600700 421 421  421 421
1391600400 423 423  423 423
1391600100 424 424  424 424
1391599800 423 423  424 424
1391599500 422 422  422 422
1391599200 418 418  419 419
1391598900 417 417  417 417
1391598600 420 420  420 420
1391598300 419 419  419 419
1391598000 417 417  417 417
1391597700 417 417  417 417
1391597400 417 417  417 417
1391597100 417 417  417 417
1391596800 413 413  413 413
1391596500 412 412  413 413
1391596200 410 410  410 410
1391595900 410 410  410 410
1391595600 408 408  409 409
1391595300 408 408  408 408
1391595000 405 405  406 406
1391594700 402 402  402 402
1391594400 403 403  406 406
1391594100 406 406  406 406
1391593800 404 404  405 405
1391593500 404 404  404 404
1391593200 403 403  403 403
1391592900 404 404  404 404
1391592600 403 403  403 403
1391592300 404 404  404 404
1391592000 403 403  403 403
1391591700 400 400  400 400
1391591400 401 401  401 401
1391591100 400 400  401 401
1391590800 400 400  400 400
1391590500 395 395  395 395
1391590200 395 395  395 395
1391589900 396 396  396 396
1391589600 395 395  395 395
1391589300 397 397  398 398
1391589000 392 392  393 393
1391588700 391 391  392 392
1391588400 391 391  391 391
1391588100 388 388  388 388
1391587800 383 383  383 383
1391587500 381 381  382 382
1391587200 379 379  379 379
1391586900 375 375  375 375
1391586600 375 375  376 376
1391586300 374 374  374 374
1391586000 369 369  369 369
1391585700 368 368  368 368
1391585400 368 368  368 368
1391585100 364 364  364 364
1391584800 363 363  364 364
1391584500 357 357  357 357
1391584200 350 350  350 350
1391583900 347 347  348 348
1391583600 343 343  344 344
1391583300 341 341  341 341
1391583000 336 336  336 336
1391582700 334 334  334 334
1391582400 333 333  333 333
1391582100 333 333  333 333
1391581800 330 330  330 330
1391581500 330 330  330 330
1391581200 327 327  327 327
1391580900 323 323  324 324
1391580600 322 322  323 323
1391580300 321 321  321 321
1391580000 320 320  321 321
1391579700 317 317  317 317
1391579400 320 320  320 320
1391579100 316 316  317 317
1391578800 315 315  315 315
1391578500 313 313  314 314
1391578200 312 312  312 312
1391577900 313 313  313 313
1391577600 313 313  313 313
1391577300 315 315  315 315
1391577000 308 308  308 308
1391576700 306 306  306 306
1391576400 298 298  298 298
1391576100 299 299  299 299
1391575800 298 298  298 298
1391575500 301 301  301 301
1391575200 298 298  298 298
1391574900 300 300  300 300
1391574600 300 300  300 300
1391574300 298 298  298 298
1391574000 297 297  297 297
1391573700 297 297  297 297
1391573400 296 296  297 297
1391573100 297 297  297 297
1391572800 294 294  294 294
1391572500 295 295  295 295
1391572200 294 294  294 294
1391571900 294 294  294 294
1391571600 294 294  294 294
1391571300 295 295  296 296
1391571000 293 293  293 293
1391570700 291 291  292 292
1391570400 291 291  291 291
1391570100 291 291  292 292
1391569800 291 291  291 291
1391569500 291 291  291 291
1391569200 289 289  289 289
1391568900 289 289  289 289
1391568600 292 292  292 292
1391568300 292 292  292 292
1391568000 292 292  292 292
1391567700 297 297  297 297
1391567400 295 295  295 295
1391567100 292 292  292 292
1391566800 291 291  292 292
1391566500 291 291  292 292
1391566200 291 291  291 291
1391565900 293 293  294 294
1391565600 292 292  292 292
1391565300 295 295  296 296
1391565000 293 293  293 293
1391564700 295 295  295 295
1391564400 295 295  295 295
1391564100 295 295  295 295
1391563800 295 295  295 295
1391563500 295 295  295 295
1391563200 294 294  294 294
1391562900 295 295  295 295
1391562600 298 298  298 298
1391562300 298 298  298 298
1391562000 297 297  297 297
1391561700 298 298  299 299
1391561400 298 298  298 298
1391561100 299 299  299 299
1391560800 299 299  299 299
1391560500 300 300  300 300
1391560200 299 299  301 301
1391559900 300 300  303 303
1391559600 303 303  303 303
1391559300 304 304  304 304
1391559000 304 304  304 304
1391558700 310 310  311 311
1391558400 308 308  308 308
1391558100 312 312  312 312
1391557800 311 311  311 311
1391557500 315 315  315 315
1391557200 317 317  320 320
1391556900 320 320  320 320
1391556600 320 320  322 322
1391556300 322 322  322 322
1391556000 324 324  324 324
1391555700 325 325  325 325
1391555400 327 327  327 327
1391555100 330 330  330 330
1391554800 331 331  334 334
1391554500 334 334  334 334
1391554200 335 335  335 335
1391553900 338 338  338 338
1391553600 339 339  339 339
1391553300 340 340  343 343
1391553000 343 343  343 343
1391552700 345 345  349 349
1391552400 349 349  349 349
1391552100 351 351  351 351
1391551800 348 348  358 358
1391551500 358 358  358 358
1391551200 360 360  360 360
1391550900 366 366  367 367
1391550600 367 367  367 367
1391550300 369 369  369 369
1391550000 376 376  376 376
1391549700 379 379  384 384
1391549400 384 384  384 384
1391549100 390 390  392 392
1391548800 392 392  392 392
1391548500 396 396  396 396
1391548200 396 396  396 396
1391547900 400 400  400 400
1391547600 406 406  406 406
1391547300 410 410  410 410
1391547000 416 416  417 417
1391546700 417 417  417 417
1391546400 418 418  418 418
1391546100 419 419  419 419
1391545800 425 425  425 425
1391545500 431 431  431 431
1391545200 434 434  435 435
1391544900 435 435  435 435
1391544600 435 435  435 435
1391544300 440 440  440 440
1391544000 446 446  446 446
1391543700 449 449  449 449
1391543400 452 452  452 452
1391543100 455 455  455 455
1391542800 456 456  456 456
1391542500 458 458  458 458
1391542200 459 459  463 463
1391541900 463 463  463 463
1391541600 460 460  461 461
1391541300 457 457  457 457
1391541000 458 458  458 458
1391540700 459 459  459 459
1391540400 461 461  461 461
1391540100 461 461  461 461
1391539800 461 461  461 461
1391539500 464 464  464 464
1391539200 468 468  468 468
1391538900 468 468  468 468
1391538600 463 463  463 463
1391538300 467 467  467 467
1391538000 466 466  466 466
1391537700 463 463  463 463
1391537400 463 463  463 463
1391537100 459 459  459 459
1391536800 459 459  459 459
1391536500 461 461  461 461
1391536200 462 462  462 462
1391535900 461 461  461 461
1391535600 457 457  457 457
1391535300 457 457  459 459
1391535000 459 459  459 459
1391534700 456 456  456 456
1391534400 456 456  456 456
1391534100 456 456  456 456
1391533800 455 455  456 456
1391533500 455 455  455 455
1391533200 451 451  453 453
1391532900 452 452  452 452
1391532600 451 451  452 452
1391532300 448 448  449 449
1391532000 447 447  447 447
1391531700 442 442  442 442
1391531400 442 442  442 442
1391531100 445 445  445 445
1391530800 438 438  438 438
1391530500 434 434  436 436
1391530200 436 436  436 436
1391529900 433 433  434 434
1391529600 431 431  433 433
1391527800 428 428  429 429
1391526000 422 422  426 426
1391524200 422 422  426 426
1391522400 422 422  426 426
1391520600 423 423  427 427
1391518800 410 410  421 421
1391517000 375 375  400 400
1391515200 378 378  405 405
1391513400 398 398  402 402
1391511600 390 390  394 394
1391509800 392 392  394 394
1391508000 388 388  391 391
1391506200 381 381  387 387
1391504400 374 374  378 378
1391502600 370 370  379 379
1391500800 350 350  360 360
1391499000 333 333  340 340
1391497200 320 320  330 330
1391495400 311 311  317 317
1391493600 303 303  311 311
1391491800 298 298  301 301
1391490000 287 287  294 294
1391488200 284 284  287 287
1391486400 281 281  284 284
1391484600 280 280  283 283
1391482800 282 282  288 288
1391481000 284 284  288 288
1391479200 277 277  294 294
1391477400 289 289  295 295
1391475600 295 295  300 300
1391473800 300 300  304 304
1391472000 306 306  310 310
1391470200 314 314  320 320
1391468400 326 326  342 342
1391466600 345 345  349 349
1391464800 360 360  370 370
1391463000 383 383  395 395
1391461200 402 402  410 410
1391459400 422 422  430 430
1391457600 435 435  445 445
1391455800 449 449  456 456
1391454000 455 455  459 459
1391452200 461 461  465 465
1391450400 459 459  463 463
1391448600 454 454  458 458
1391446800 453 453  458 458
1391445000 446 446  453 453
1391443200 439 439  444 444
1391441400 433 433  439 439
1391439600 419 419  427 427
1391437800 419 419  421 421
1391436000 416 416  422 422
1391434200 424 424  428 428
1391432400 422 422  429 429
1391430600 410 410  414 414
1391428800 401 401  409 409
1391427000 392 392  397 397
1391425200 383 383  388 388
1391423400 382 382  388 388
1391421600 378 378  383 383
1391419800 357 357  379 379
1391418000 353 353  370 370
1391416200 357 357  362 362
1391414400 348 348  355 355
1391412600 343 343  349 349
1391410800 325 325  331 331
1391409000 314 314  318 318
1391407200 307 307  312 312
1391405400 300 300  305 305
1391403600 291 291  296 296
1391401800 286 286  290 290
1391400000 288 288  291 291
1391398200 288 288  290 290
1391396400 288 288  292 292
1391394600 288 288  290 290
1391392800 290 290  292 292
1391391000 291 291  295 295
1391389200 297 297  304 304
1391387400 301 301  306 306
1391385600 307 307  311 311
1391383800 315 315  321 321
1391382000 331 331  341 341
1391380200 342 342  352 352
1391378400 350 350  378 378
1391376600 383 383  391 391
1391374800 395 395  404 404
1391373000 414 414  419 419
1391371200 432 432  441 441
1391369400 440 440  445 445
1391367600 446 446  450 450
1391365800 449 449  453 453
1391364000 446 446  451 451
1391362200 445 445  448 448
1391360400 441 441  445 445
1391358600 444 444  447 447
1391356800 445 445  449 449
1391355000 442 442  447 447
1391353200 437 437  442 442
1391351400 437 437  442 442
1391349600 431 431  434 434
1391347800 425 425  429 429
1391346000 421 421  426 426
1391344200 421 421  425 425
1391342400 422 422  425 425
1391340600 421 421  424 424
1391338800 419 419  423 423
1391337000 414 414  417 417
1391335200 411 411  415 415
1391333400 397 397  409 409
1391331600 381 381  388 388
1391329800 363 363  372 372
1391328000 343 343  350 350
1391326200 316 316  337 337
1391324400 286 286  291 291
1391322600 284 284  287 287
1391320800 281 281  283 283
1391319000 280 280  282 282
1391317200 279 279  281 281
1391315400 279 279  282 282
1391313600 279 279  283 283
1391311800 282 282  286 286
1391310000 287 287  291 291
1391308200 290 290  293 293
1391306400 292 292  293 293
1391304600 294 294  296 296
1391302800 299 299  304 304
1391301000 306 306  313 313
1391299200 315 315  319 319
1391297400 323 323  329 329
1391295600 333 333  342 342
1391293800 352 352  361 361
1391292000 370 370  376 376
1391290200 387 387  398 398
1391288400 401 401  409 409
1391286600 412 412  420 420
1391284800 429 429  434 434
1391283000 442 442  446 446
1391281200 448 448  453 453
1391279400 449 449  451 451
1391277600 449 449  451 451
1391275800 450 450  452 452
1391274000 446 446  454 454
1391272200 439 439  443 443
1391270400 435 435  440 440
1391268600 428 428  435 435
1391266800 419 419  428 428
1391265000 416 416  421 421
1391263200 413 413  417 417
1391261400 417 417  423 423
1391259600 416 416  419 419
1391257800 416 416  420 420
1391256000 416 416  418 418
1391254200 413 413  417 417
1391252400 416 416  420 420
1391250600 411 411  418 418
1391248800 409 409  414 414
1391247000 400 400  405 405
1391245200 395 395  400 400
1391243400 376 376  386 386
1391241600 356 356  367 367
1391239800 328 328  337 337
1391238000 311 311  317 317
1391236200 297 297  304 304
1391234400 285 285  292 292
1391232600 279 279  285 285
1391230800 269 269  273 273
1391229000 263 263  267 267
1391227200 263 263  267 267
1391225400 263 263  267 267
1391223600 269 269  271 271
1391221800 270 270  273 273
1391220000 272 272  276 276
1391218200 276 276  279 279
1391216400 283 283  288 288
1391214600 286 286  289 289
1391212800 295 295  302 302
1391211000 309 309  320 320
1391209200 325 325  331 331
1391207400 341 341  350 350
1391205600 358 358  367 367
1391203800 372 372  379 379
1391202000 380 380  390 390
1391200200 396 396  402 402
1391198400 409 409  421 421
1391196600 424 424  429 429
1391194800 429 429  431 431
1391193000 428 428  431 431
1391191200 425 425  429 429
1391189400 424 424  428 428
1391187600 420 420  426 426
1391185800 421 421  426 426
1391184000 416 416  421 421
1391182200 407 407  411 411
1391180400 399 399  404 404
1391178600 403 403  406 406
1391176800 404 404  410 410
1391175000 400 400  407 407
1391173200 399 399  402 402
1391171400 399 399  405 405
1391169600 403 403  407 407
1391167800 400 400  404 404
1391166000 397 397  401 401
1391164200 389 389  395 395
1391162400 388 388  392 392
1391160600 374 374  385 385
1391158800 333 333  372 372
1391157000 308 308  316 316
1391155200 320 320  335 335
1391153400 317 317  324 324
1391151600 296 296  306 306
1391149800 281 281  291 291
1391148000 269 269  276 276
1391146200 260 260  266 266
1391144400 256 256  260 260
1391142600 251 251  258 258
1391140800 242 242  253 253
1391139000 254 254  256 256
1391137200 255 255  256 256
1391135400 256 256  260 260
1391133600 257 257  260 260
1391131800 260 260  264 264
1391130000 265 265  268 268
1391128200 269 269  275 275
1391126400 281 281  288 288
1391124600 291 291  294 294
1391122800 298 298  307 307
1391121000 312 312  320 320
1391119200 315 315  321 321
1391117400 325 325  334 334
1391115600 342 342  352 352
1391113800 356 356  362 362
1391112000 366 366  370 370
1391110200 371 371  374 374
1391108400 373 373  378 378
1391106600 382 382  412 412
1391104800 411 411  414 414
1391103000 412 412  413 413
1391101200 410 410  412 412
1391099400 407 407  410 410
1391097600 400 400  406 406
1391095800 387 387  395 395
1391094000 381 381  385 385
1391092200 376 376  377 377
1391090400 375 375  377 377
1391088600 357 357  393 393
1391086800 392 392  396 396
1391085000 389 389  396 396
1391083200 392 392  396 396
1391081400 378 378  394 394
1391079600 385 385  390 390
1391077800 386 386  390 390
1391076000 381 381  387 387
1391074200 375 375  380 380
1391072400 362 362  367 367
1391070600 346 346  355 355
1391068800 328 328  333 333
1391067000 308 308  317 317
1391065200 295 295  303 303
1391063400 282 282  288 288
1391061600 266 266  277 277
1391059800 254 254  260 260
1391058000 251 251  252 252
1391056200 249 249  251 251
1391054400 250 250  252 252
1391052600 250 250  254 254
1391050800 251 251  254 254
1391049000 254 254  257 257
1391047200 255 255  258 258
1391045400 260 260  265 265
1391043600 266 266  269 269
1391041800 269 269  274 274
1391040000 274 274  278 278
1391038200 282 282  289 289
1391036400 293 293  306 306
1391034600 312 312  322 322
1391032800 326 326  335 335
1391031000 339 339  346 346
1391029200 350 350  366 366
1391027400 366 366  387 387
1391025600 391 391  399 399
1391023800 400 400  403 403
1391022000 406 406  409 409
1391020200 414 414  422 422
1391018400 419 419  421 421
1391016600 413 413  417 417
1391014800 410 410  414 414
1391013000 404 404  408 408
1391011200 402 402  407 407
1391009400 392 392  399 399
1391007600 380 380  387 387
1391005800 364 364  379 379
1391004000 323 323  351 351
1391002200 307 307  309 309
1391000400 304 304  308 308
1390998600 303 303  305 305
1390996800 302 302  304 304
1390995000 314 314  387 387
1390993200 381 381  385 385
1390991400 377 377  382 382
1390989600 377 377  380 380
1390987800 364 364  369 369
1390986000 367 367  373 373
1390984200 360 360  365 365
1390982400 353 353  357 357
1390980600 337 337  348 348
1390978800 319 319  327 327
1390977000 305 305  309 309
1390975200 290 290  298 298
1390973400 276 276  282 282
1390971600 263 263  271 271
1390969800 256 256  261 261
1390968000 256 256  258 258
1390966200 253 253  257 257
1390964400 254 254  256 256
1390962600 254 254  256 256
1390960800 256 256  260 260
1390959000 257 257  262 262
1390957200 259 259  262 262
1390955400 264 264  267 267
1390953600 270 270  274 274
1390951800 284 284  293 293
1390950000 296 296  306 306
1390948200 312 312  318 318
1390946400 327 327  330 330
1390944600 338 338  344 344
1390942800 347 347  355 355
1390941000 354 354  358 358
1390939200 305 305  353 353
1390937400 352 352  357 357
1390935600 351 351  355 355
1390933800 350 350  353 353
1390932000 345 345  348 348
1390930200 338 338  346 346
1390928400 327 327  332 332
1390926600 337 337  379 379
1390924800 376 376  397 397
1390923000 388 388  396 396
1390921200 380 380  385 385
1390919400 374 374  379 379
1390917600 374 374  378 378
1390915800 371 371  375 375
1390914000 367 367  376 376
1390912200 368 368  374 374
1390910400 362 362  364 364
1390908600 359 359  361 361
1390906800 357 357  360 360
1390905000 349 349  354 354
1390903200 345 345  346 346
1390901400 342 342  346 346
1390899600 337 337  343 343
1390897800 328 328  333 333
1390896000 314 314  321 321
1390894200 306 306  311 311
1390892400 292 292  298 298
1390890600 285 285  290 290
1390888800 273 273  281 281
1390887000 263 263  269 269
1390885200 259 259  261 261
1390883400 257 257  259 259
1390881600 255 255  259 259
1390879800 253 253  257 257
1390878000 254 254  256 256
1390876200 259 259  262 262
1390874400 261 261  265 265
1390872600 262 262  265 265
1390870800 265 265  266 266
1390869000 267 267  272 272
1390867200 272 272  278 278
1390865400 282 282  289 289
1390863600 295 295  304 304
1390861800 312 312  320 320
1390860000 331 331  340 340
1390858200 348 348  356 356
1390856400 368 368  383 383
1390854600 390 390  395 395
1390852800 398 398  403 403
1390851000 411 411  416 416
1390849200 411 411  414 414
1390847400 413 413  418 418
1390845600 413 413  419 419
1390843800 413 413  416 416
1390842000 407 407  410 410
1390840200 398 398  403 403
1390838400 392 392  395 395
1390836600 389 389  393 393
1390834800 383 383  387 387
1390833000 374 374  380 380
1390831200 374 374  378 378
1390829400 376 376  378 378
1390827600 367 367  372 372
1390825800 361 361  365 365
1390824000 356 356  360 360
1390822200 350 350  357 357
1390820400 345 345  349 349
1390818600 339 339  342 342
1390816800 335 335  338 338
1390815000 329 329  333 333
1390813200 325 325  327 327
1390811400 325 325  327 327
1390809600 313 313  320 320
1390807800 301 301  310 310
1390806000 287 287  296 296
1390804200 272 272  276 276
1390802400 265 265  269 269
1390800600 252 252  257 257
1390798800 248 248  252 252
1390797000 246 246  248 248
1390795200 246 246  249 249
1390793400 245 245  249 249
1390791600 248 248  249 249
1390789800 248 248  249 249
1390788000 248 248  250 250
1390786200 251 251  255 255
1390784400 257 257  260 260
1390782600 260 260  263 263
1390780800 267 267  274 274
1390779000 277 277  283 283
1390777200 288 288  300 300
1390775400 308 308  321 321
1390773600 325 325  332 332
1390771800 333 333  341 341
1390770000 350 350  363 363
1390768200 368 368  378 378
1390766400 384 384  391 391
1390764600 394 394  404 404
1390762800 405 405  411 411
1390761000 405 405  411 411
1390759200 402 402  406 406
1390757400 403 403  408 408
1390755600 398 398  404 404
1390753800 396 396  400 400
1390752000 396 396  400 400
1390750200 390 390  393 393
1390748400 389 389  392 392
1390746600 388 388  391 391
1390744800 384 384  388 388
1390743000 380 380  384 384
1390741200 379 379  381 381
1390739400 372 372  379 379
1390737600 370 370  376 376
1390735800 366 366  371 371
1390734000 361 361  365 365
1390732200 356 356  360 360
1390730400 354 354  358 358
1390728600 343 343  352 352
1390726800 326 326  333 333
1390725000 317 317  324 324
1390723200 307 307  311 311
1390721400 296 296  302 302
1390719600 284 284  291 291
1390717800 273 273  278 278
1390716000 266 266  269 269
1390714200 255 255  260 260
1390712400 246 246  250 250
1390710600 242 242  244 244
1390708800 241 241  244 244
1390707000 245 245  249 249
1390705200 249 249  251 251
1390703400 251 251  253 253
1390701600 255 255  258 258
1390699800 260 260  263 263
1390698000 264 264  269 269
1390696200 270 270  274 274
1390694400 279 279  285 285
1390692600 286 286  291 291
1390690800 302 302  311 311
1390689000 319 319  323 323
1390687200 329 329  335 335
1390685400 344 344  350 350
1390683600 356 356  363 363
1390681800 367 367  373 373
1390680000 379 379  387 387
1390678200 386 386  391 391
1390676400 390 390  394 394
1390674600 388 388  392 392
1390672800 392 392  396 396
1390671000 387 387  391 391
1390669200 382 382  388 388
1390667400 380 380  384 384
1390665600 378 378  384 384
1390663800 367 367  376 376
1390662000 362 362  363 363
1390660200 359 359  362 362
1390658400 355 355  358 358
1390656600 351 351  353 353
1390654800 346 346  351 351
1390653000 342 342  349 349
1390651200 343 343  348 348
1390649400 337 337  342 342
1390647600 333 333  336 336
1390645800 327 327  331 331
1390644000 324 324  328 328
1390642200 322 322  325 325
1390640400 318 318  323 323
1390638600 312 312  320 320
1390636800 295 295  305 305
1390635000 289 289  295 295
1390633200 276 276  287 287
1390631400 267 267  272 272
1390629600 257 257  260 260
1390627800 250 250  256 256
1390626000 243 243  247 247
1390624200 240 240  242 242
1390622400 239 239  241 241
1390620600 240 240  241 241
1390618800 240 240  242 242
1390617000 240 240  240 240
1390615200 241 241  244 244
1390613400 243 243  248 248
1390611600 249 249  251 251
1390609800 255 255  259 259
1390608000 263 263  267 267
1390606200 273 273  286 286
1390604400 289 289  299 299
1390602600 302 302  310 310
1390600800 318 318  327 327
1390599000 336 336  342 342
1390597200 349 349  359 359
1390595400 359 359  365 365
1390593600 366 366  370 370
1390591800 369 369  373 373
1390590000 375 375  378 378
1390588200 372 372  376 376
1390586400 363 363  369 369
1390584600 362 362  363 363
1390582800 357 357  360 360
1390581000 357 357  360 360
1390579200 357 357  361 361
1390577400 350 350  352 352
1390575600 348 348  352 352
1390573800 346 346  350 350
1390572000 342 342  344 344
1390570200 343 343  347 347
1390568400 341 341  345 345
1390566600 341 341  345 345
1390564800 330 330  334 334
1390563000 326 326  330 330
1390561200 325 325  327 327
1390559400 319 319  325 325
1390557600 319 319  329 329
1390555800 314 314  320 320
1390554000 304 304  308 308
1390552200 295 295  300 300
1390550400 285 285  291 291
1390548600 275 275  278 278
1390546800 262 262  269 269
1390545000 257 257  262 262
1390543200 244 244  250 250
1390541400 241 241  246 246
1390539600 239 239  242 242
1390537800 237 237  240 240
1390536000 236 236  239 239
1390534200 237 237  240 240
1390532400 239 239  240 240
1390530600 239 239  240 240
1390528800 240 240  246 246
1390527000 245 245  248 248
1390525200 251 251  257 257
1390523400 257 257  260 260
1390521600 262 262  268 268
1390519800 269 269  275 275
1390518000 279 279  286 286
1390516200 289 289  296 296
1390514400 303 303  311 311
1390512600 319 319  329 329
1390510800 337 337  344 344
1390509000 351 351  359 359
1390507200 361 361  366 366
1390505400 365 365  367 367
1390503600 367 367  372 372
1390501800 374 374  379 379
1390500000 371 371  374 374
1390498200 370 370  372 372
1390496400 365 365  369 369
1390494600 363 363  368 368
1390492800 358 358  365 365
1390491000 354 354  356 356
1390489200 345 345  352 352
1390487400 339 339  342 342
1390485600 340 340  342 342
1390483800 338 338  342 342
1390482000 338 338  341 341
1390480200 334 334  337 337
1390478400 331 331  335 335
1390476600 329 329  333 333
1390474800 328 328  332 332
1390473000 320 320  325 325
1390471200 313 313  316 316
1390469400 307 307  312 312
1390467600 300 300  305 305
1390465800 292 292  298 298
1390464000 292 292  296 296
1390462200 277 277  287 287
1390460400 262 262  271 271
1390458600 255 255  260 260
1390456800 248 248  254 254
1390455000 244 244  247 247
1390453200 236 236  242 242
1390451400 233 233  235 235
1390449600 233 233  237 237
1390442400 242 242  255 255
1390435200 272 272  305 305
1390428000 328 328  359 359
1390420800 367 367  375 375
1390413600 366 366  372 372
1390406400 347 347  358 358
1390399200 330 330  342 342
1390392000 310 310  328 328
1390384800 277 277  304 304
1390377600 259 259  286 286
1390370400 228 228  239 239
1390363200 223 223  228 228
1390356000 232 232  244 244
1390348800 258 258  280 280
1390341600 307 307  344 344
1390334400 358 358  366 366
1390327200 356 356  362 362
1390320000 347 347  360 360
1390312800 331 331  342 342
1390305600 313 313  320 320
1390298400 292 292  306 306
1390291200 258 258  278 278
1390284000 225 225  237 237
1390276800 221 221  224 224
1390269600 230 230  239 239
1390262400 251 251  278 278
1390255200 306 306  337 337
1390248000 348 348  361 361
1390240800 354 354  361 361
1390233600 335 335  349 349
1390226400 302 302  320 320
1390219200 301 301  312 312
1390212000 286 286  296 296
1390204800 255 255  277 277
1390197600 223 223  236 236
1390190400 218 218  221 221
1390183200 222 222  236 236
1390176000 246 246  274 274
1390168800 306 306  336 336
1390161600 351 351  361 361
1390154400 346 346  359 359
1390147200 339 339  344 344
1390140000 327 327  333 333
1390132800 317 317  327 327
1390125600 289 289  305 305
1390118400 250 250  276 276
1390111200 222 222  232 232
1390104000 219 219  225 225
1390096800 230 230  242 242
1390089600 266 266  302 302
1390082400 316 316  340 340
1390075200 339 339  348 348
1390068000 337 337  346 346
1390060800 326 326  332 332
1390053600 323 323  328 328
1390046400 318 318  326 326
1390039200 297 297  316 316
1390032000 252 252  273 273
1390024800 220 220  236 236
1390017600 214 214  218 218
1390010400 223 223  236 236
1390003200 255 255  279 279
1389996000 312 312  337 337
1389988800 341 341  345 345
1389981600 329 329  341 341
1389974400 310 310  333 333
1389967200 277 277  284 284
1389960000 267 267  277 277
1389952800 250 250  258 258
1389945600 232 232  245 245
1389938400 215 215  223 223
1389931200 208 208  212 212
1389924000 217 217  227 227
1389916800 245 245  270 270
1389909600 291 291  316 316
1389902400 325 325  332 332
1389895200 323 323  330 330
1389888000 310 310  322 322
1389880800 288 288  305 305
1389873600 277 277  287 287
1389866400 261 261  271 271
1389859200 235 235  247 247
1389852000 213 213  223 223
1389844800 205 205  210 210
1389837600 208 208  219 219
1389830400 234 234  264 264
1389823200 289 289  311 311
1389816000 327 327  333 333
1389808800 319 319  328 328
1389801600 303 303  315 315
1389794400 289 289  303 303
1389787200 278 278  287 287
1389780000 264 264  271 271
1389772800 233 233  254 254
1389765600 212 212  225 225
1389758400 203 203  208 208
1389751200 213 213  224 224
1389744000 237 237  258 258
1389736800 282 282  305 305
1389729600 318 318  325 325
1389722400 321 321  328 328
1389715200 307 307  320 320
1389708000 288 288  296 296
1389700800 270 270  279 279
1389693600 255 255  265 265
1389686400 225 225  246 246
1389679200 200 200  213 213
1389672000 192 192  196 196
1389664800 193 193  209 209
1389657600 223 223  248 248
1389650400 273 273  298 298
1389643200 311 311  325 325
1389636000 317 317  326 326
1389628800 294 294  308 308
1389621600 276 276  284 284
1389614400 262 262  268 268
1389607200 229 229  255 255
1389600000 224 224  243 243
1389592800 200 200  212 212
1389585600 196 196  200 200
1389578400 202 202  210 210
1389571200 225 225  248 248
1389564000 269 269  286 286
1389556800 304 304  316 316
1389549600 313 313  319 319
1389542400 305 305  314 314
1389535200 294 294  299 299
1389528000 278 278  291 291
1389520800 253 253  268 268
1389513600 208 208  238 238
1389506400 193 193  206 206
1389499200 190 190  193 193
1389492000 200 200  210 210
1389484800 230 230  260 260
1389477600 283 283  307 307
1389470400 312 312  316 316
1389463200 305 305  311 311
1389456000 295 295  305 305
1389448800 281 281  288 288
1389441600 271 271  277 277
1389434400 250 250  261 261
1389427200 200 200  234 234
1389420000 161 161  169 169
1389412800 154 154  157 157
1389405600 195 195  212 212
1389398400 229 229  257 257
1389391200 276 276  300 300
1389384000 308 308  314 314
1389376800 298 298  309 309
1389369600 285 285  295 295
1389362400 275 275  281 281
1389355200 263 263  271 271
1389348000 250 250  260 260
1389340800 219 219  237 237
1389333600 193 193  203 203
1389326400 189 189  193 193
1389319200 198 198  209 209
1389312000 223 223  247 247
1389304800 278 278  298 298
1389297600 305 305  311 311
1389290400 299 299  310 310
1389283200 289 289  299 299
1389276000 280 280  283 283
1389268800 265 265  279 279
1389261600 244 244  256 256
1389254400 214 214  233 233
1389247200 191 191  199 199
1389240000 187 187  188 188
1389232800 195 195  207 207
1389225600 219 219  240 240
1389218400 263 263  294 294
1389211200 300 300  305 305
1389204000 298 298  306 306
1389196800 285 285  294 294
1389189600 274 274  281 281
1389182400 238 238  268 268
1389175200 227 227  256 256
1389168000 212 212  231 231
1389160800 190 190  199 199
1389153600 189 189  192 192
1389146400 196 196  207 207
1389139200 225 225  246 246
1389132000 266 266  284 284
1389124800 290 290  296 296
1389117600 293 293  298 298
1389110400 281 281  289 289
1389103200 275 275  279 279
1389096000 269 269  277 277
1389088800 237 237  253 253
1389081600 207 207  220 220
1389074400 184 184  193 193
1389067200 183 183  189 189
1389060000 194 194  207 207
1389052800 219 219  234 234
1389045600 240 240  259 259
1389038400 272 272  286 286
1389031200 276 276  280 280
1389024000 273 273  277 277
1389016800 272 272  276 276
1389009600 259 259  270 270
1389002400 240 240  252 252
1388995200 205 205  225 225
1388988000 178 178  186 186
1388980800 175 175  180 180
1388973600 188 188  197 197
1388966400 215 215  240 240
1388959200 263 263  280 280
1388952000 283 283  289 289
1388944800 281 281  287 287
1388937600 270 270  280 280
1388930400 263 263  268 268
1388923200 248 248  256 256
1388916000 230 230  244 244
1388908800 200 200  216 216
1388901600 178 178  185 185
1388894400 177 177  183 183
1388887200 187 187  198 198
1388880000 218 218  246 246
1388872800 258 258  265 265
1388865600 269 269  276 276
1388858400 265 265  271 271
1388851200 259 259  265 265
1388844000 258 258  265 265
1388836800 250 250  257 257
1388829600 229 229  242 242
1388822400 197 197  215 215
1388815200 177 177  185 185
1388808000 178 178  184 184
1388800800 187 187  196 196
1388793600 213 213  236 236
1388786400 248 248  267 267
1388779200 270 270  273 273
1388772000 261 261  268 268
1388764800 252 252  258 258
1388757600 251 251  257 257
1388750400 250 250  255 255
1388743200 232 232  241 241
1388736000 194 194  214 214
1388728800 172 172  178 178
1388721600 170 170  172 172
1388714400 180 180  193 193
1388707200 194 194  230 230
1388700000 241 241  262 262
1388692800 266 266  270 270
1388685600 262 262  265 265
1388678400 257 257  262 262
1388671200 253 253  255 255
1388664000 249 249  256 256
1388656800 228 228  240 240
1388649600 189 189  208 208
1388642400 171 171  178 178
1388635200 169 169  174 174
1388628000 176 176  185 185
1388620800 197 197  215 215
1388613600 232 232  248 248
1388606400 249 249  254 254
1388599200 249 249  254 254
1388592000 238 238  245 245
1388584800 233 233  237 237
1388577600 224 224  228 228
1388570400 203 203  218 218
1388563200 177 177  191 191
1388556000 167 167  170 170
1388548800 171 171  177 177
1388541600 184 184  194 194
1388534400 209 209  227 227
1388527200 234 234  240 240
1388520000 241 241  246 246
1388512800 241 241  246 246
1388505600 242 242  247 247
1388498400 231 231  241 241
1388491200 225 225  231 231
1388484000 211 211  221 221
1388476800 183 183  198 198
1388469600 163 163  173 173
1388462400 161 161  164 164
1388455200 164 164  171 171
1388448000 188 188  212 212
1388440800 228 228  250 250
1388433600 251 251  256 256
1388426400 244 244  250 250
1388419200 238 238  244 244
1388412000 229 229  237 237
1388404800 220 220  224 224
1388397600 206 206  216 216
1388390400 181 181  193 193
1388383200 159 159  170 170
1388376000 157 157  159 159
1388368800 162 162  170 170
1388361600 182 182  201 201
1388354400 226 226  247 247
1388347200 251 251  256 256
1388340000 246 246  253 253
1388332800 237 237  243 243
1388325600 229 229  234 234
1388318400 224 224  230 230
1388311200 211 211  222 222
1388304000 181 181  200 200
1388296800 157 157  168 168
1388289600 157 157  162 162
1388282400 166 166  174 174
1388275200 188 188  211 211
1388268000 226 226  240 240
1388260800 250 250  254 254
1388253600 247 247  252 252
1388246400 231 231  246 246
1388239200 221 221  226 226
1388232000 218 218  223 223
1388224800 203 203  212 212
1388217600 178 178  197 197
1388210400 158 158  165 165
1388203200 155 155  160 160
1388196000 164 164  174 174
1388188800 186 186  203 203
1388181600 219 219  237 237
1388174400 239 239  243 243
1388167200 234 234  239 239
1388160000 229 229  233 233
1388152800 220 220  228 228
1388145600 212 212  219 219
1388138400 202 202  208 208
1388131200 181 181  195 195
1388124000 160 160  167 167
1388116800 156 156  158 158
1388109600 160 160  167 167
1388102400 180 180  199 199
1388095200 215 215  235 235
1388088000 247 247  252 252
1388080800 242 242  251 251
1388073600 230 230  240 240
1388066400 213 213  222 222
1388059200 206 206  213 213
1388052000 196 196  205 205
1388044800 172 172  189 189
1388037600 153 153  161 161
1388030400 149 149  151 151
1388023200 152 152  162 162
1388016000 173 173  191 191
1388008800 210 210  230 230
1388001600 236 236  241 241
1387994400 232 232  237 237
1387987200 219 219  233 233
1387980000 200 200  213 213
1387972800 196 196  200 200
1387965600 186 186  193 193
1387958400 170 170  185 185
1387951200 154 154  160 160
1387944000 150 150  153 153
1387936800 156 156  163 163
1387929600 170 170  187 187
1387922400 209 209  232 232
1387915200 234 234  239 239
1387908000 231 231  237 237
1387900800 219 219  229 229
1387893600 206 206  212 212
1387886400 195 195  201 201
1387879200 190 190  196 196
1387872000 169 169  185 185
1387864800 152 152  157 157
1387857600 148 148  150 150
1387850400 151 151  157 157
1387843200 166 166  182 182
1387836000 207 207  231 231
1387828800 235 235  240 240
1387821600 229 229  239 239
1387814400 215 215  224 224
1387807200 204 204  210 210
1387800000 199 199  205 205
1387792800 187 187  196 196
1387785600 166 166  178 178
1387778400 145 145  154 154
1387771200 138 138  140 140
1387764000 142 142  148 148
1387756800 158 158  177 177
1387749600 196 196  220 220
1387742400 225 225  230 230
1387735200 223 223  230 230
1387728000 217 217  223 223
1387720800 209 209  212 212
1387713600 203 203  207 207
1387706400 187 187  202 202
1387699200 164 164  176 176
1387692000 141 141  149 149
1387684800 140 140  143 143
1387677600 147 147  154 154
1387670400 164 164  184 184
1387663200 204 204  222 222
1387656000 228 228  233 233
1387648800 222 222  229 229
1387641600 214 214  222 222
1387634400 207 207  211 211
1387627200 204 204  211 211
1387620000 188 188  198 198
1387612800 162 162  178 178
1387605600 141 141  152 152
1387598400 140 140  142 142
1387591200 146 146  155 155
1387584000 164 164  182 182
1387576800 199 199  215 215
1387569600 219 219  222 222
1387562400 211 211  218 218
1387555200 206 206  213 213
1387548000 197 197  201 201
1387540800 187 187  196 196
1387533600 175 175  186 186
1387526400 133 133  162 162
1387519200 111 111  115 115
1387512000 107 107  109 109
1387504800 110 110  114 114
1387497600 121 121  132 132
1387490400 176 176  212 212
1387483200 218 218  222 222
1387476000 209 209  216 216
1387468800 203 203  208 208
1387461600 191 191  197 197
1387454400 179 179  185 185
1387447200 173 173  178 178
1387440000 156 156  168 168
1387432800 131 131  141 141
1387425600 123 123  128 128
1387418400 128 128  139 139
1387411200 146 146  164 164
1387404000 181 181  200 200
1387396800 208 208  214 214
1387389600 227 227  243 243
1387382400 216 216  238 238
1387375200 167 167  213 213
1387368000 185 185  202 202
1387360800 143 143  160 160
1387353600 130 130  144 144
1387346400 124 124  132 132
1387339200 118 118  122 122
1387332000 124 124  130 130
1387324800 143 143  161 161
1387317600 183 183  206 206
1387310400 205 205  209 209
1387303200 147 147  203 203
1387296000 193 193  207 207
1387288800 192 192  200 200
1387281600 181 181  185 185
1387274400 177 177  181 181
1387267200 157 157  169 169
1387260000 135 135  143 143
1387252800 131 131  134 134
1387245600 135 135  139 139
1387238400 149 149  166 166
1387231200 182 182  203 203
1387224000 209 209  213 213
1387216800 209 209  211 211
1387209600 204 204  209 209
1387202400 190 190  195 195
1387195200 182 182  189 189
1387188000 169 169  177 177
1387180800 151 151  161 161
1387173600 133 133  142 142
1387166400 129 129  133 133
1387159200 134 134  141 141
1387152000 147 147  160 160
1387144800 176 176  194 194
1387137600 207 207  213 213
1387130400 204 204  212 212
1387123200 202 202  207 207
1387116000 195 195  200 200
1387108800 187 187  192 192
1387101600 173 173  183 183
1387094400 151 151  166 166
1387087200 132 132  140 140
1387080000 132 132  138 138
1387072800 137 137  140 140
1387065600 153 153  174 174
1387058400 189 189  203 203
1387051200 206 206  211 211
1387044000 201 201  208 208
1387036800 195 195  203 203
1387029600 190 190  195 195
1387022400 186 186  189 189
1387015200 175 175  184 184
1387008000 154 154  169 169
1387000800 132 132  141 141
1386993600 128 128  130 130
1386986400 133 133  140 140
1386979200 149 149  164 164
1386972000 180 180  196 196
1386964800 201 201  206 206
1386957600 194 194  199 199
1386950400 189 189  194 194
1386943200 180 180  184 184
1386936000 175 175  180 180
1386928800 166 166  171 171
1386921600 143 143  156 156
1386914400 127 127  133 133
1386907200 124 124  125 125
1386900000 127 127  134 134
1386892800 140 140  152 152
1386885600 167 167  187 187
1386878400 194 194  201 201
1386871200 195 195  199 199
1386864000 189 189  195 195
1386856800 181 181  186 186
1386849600 172 172  181 181
1386842400 163 163  170 170
1386835200 142 142  154 154
1386828000 124 124  132 132
1386820800 120 120  122 122
1386813600 123 123  129 129
1386806400 135 135  150 150
1386799200 165 165  188 188
1386792000 195 195  200 200
1386784800 192 192  196 196
1386777600 186 186  190 190
1386770400 179 179  185 185
1386763200 167 167  172 172
1386756000 159 159  165 165
1386748800 141 141  152 152
1386741600 123 123  130 130
1386734400 118 118  121 121
1386727200 122 122  126 126
1386720000 135 135  151 151
1386712800 167 167  188 188
1386705600 193 193  198 198
1386698400 192 192  195 195
1386691200 185 185  192 192
1386684000 168 168  175 175
1386676800 160 160  162 162
1386669600 154 154  162 162
1386662400 136 136  145 145
1386655200 121 121  129 129
1386648000 117 117  119 119
1386640800 119 119  122 122
1386633600 131 131  149 149
1386626400 168 168  189 189
1386619200 195 195  199 199
1386612000 194 194  197 197
1386604800 186 186  191 191
1386597600 169 169  179 179
1386590400 162 162  166 166
1386583200 155 155  158 158
1386576000 137 137  149 149
1386568800 118 118  126 126
1386561600 117 117  118 118
1386554400 118 118  124 124
1386547200 133 133  150 150
1386540000 167 167  184 184
1386532800 191 191  197 197
1386525600 191 191  194 194
1386518400 187 187  191 191
1386511200 182 182  186 186
1386504000 177 177  180 180
1386496800 163 163  173 173
1386489600 141 141  155 155
1386482400 120 120  125 125
1386475200 118 118  121 121
1386468000 123 123  130 130
1386460800 138 138  153 153
1386453600 168 168  181 181
1386446400 190 190  197 197
1386439200 188 188  193 193
1386432000 180 180  187 187
1386424800 176 176  179 179
1386417600 171 171  176 176
1386410400 161 161  166 166
1386403200 138 138  151 151
1386396000 118 118  127 127
1386388800 115 115  118 118
1386381600 119 119  124 124
1386374400 131 131  145 145
1386367200 164 164  181 181
1386360000 188 188  193 193
1386352800 188 188  193 193
1386345600 177 177  183 183
1386338400 163 163  169 169
1386331200 157 157  161 161
1386324000 150 150  157 157
1386316800 134 134  145 145
1386309600 118 118  126 126
1386302400 113 113  115 115
1386295200 114 114  117 117
1386288000 125 125  141 141
1386280800 159 159  178 178
1386273600 184 184  190 190
1386266400 186 186  191 191
1386259200 179 179  183 183
1386252000 166 166  172 172
1386244800 159 159  163 163
1386237600 150 150  156 156
1386230400 132 132  141 141
1386223200 114 114  122 122
1386216000 110 110  111 111
1386208800 113 113  116 116
1386201600 124 124  137 137
1386194400 155 155  172 172
1386187200 179 179  184 184
1386180000 177 177  182 182
1386172800 174 174  177 177
1386165600 165 165  171 171
1386158400 154 154  160 160
1386151200 145 145  151 151
1386144000 131 131  142 142
1386136800 115 115  123 123
1386129600 113 113  119 119
1386115200 144 144  185 185
1386028800 143 143  180 180
1385942400 144 144  178 178
1385856000 142 142  171 171
1385769600 136 136  167 167
1385683200 134 134  171 171
1385596800 130 130  168 168
1385510400 129 129  164 164
1385424000 126 126  164 164
1385337600 129 129  161 161
1385251200 128 128  159 159
1385164800 125 125  159 159
1385078400 122 122  157 157
1384992000 120 120  155 155
1384905600 119 119  153 153
1384819200 119 119  154 154
1384732800 120 120  151 151
1384646400 117 117  144 144
1384560000 114 114  145 145
1384473600 109 109  137 137
1384387200 110 110  143 143
1384300800 109 109  140 140
1384214400 108 108  139 139
1384128000 109 109  138 138
1384041600 107 107  133 133
1383955200 104 104  135 135
1383868800 104 104  133 133
1383782400 102 102  130 130
1383696000 97 97  131 131
1383609600 95 95  132 132
1383523200 103 103  133 133
1383436800 101 101  126 126
1383350400 96 96  126 126
1383264000 98 98  122 122
1383177600 98 98  122 122
1383091200 99 99  125 125
1383004800 0 0 0 0
1382918400 0 0 0 0
1382832000 0 0 0 0
1382745600 0 0 0 0
1382659200 0 0 0 0
1382572800 0 0 0 0
1382486400 0 0 0 0
1382400000 0 0 0 0
1382313600 0 0 0 0
1382227200 0 0 0 0
1382140800 0 0 0 0
1382054400 0 0 0 0
1381968000 0 0 0 0
1381881600 0 0 0 0
1381795200 0 0 0 0
1381708800 0 0 0 0
1381622400 0 0 0 0
1381536000 0 0 0 0
1381449600 0 0 0 0
1381363200 0 0 0 0
1381276800 0 0 0 0
1381190400 0 0 0 0
1381104000 0 0 0 0
1381017600 0 0 0 0
1380931200 0 0 0 0
1380844800 0 0 0 0
1380758400 0 0 0 0
1380672000 0 0 0 0
1380585600 0 0 0 0
1380499200 0 0 0 0
1380412800 0 0 0 0
1380326400 0 0 0 0
1380240000 0 0 0 0
1380153600 0 0 0 0
1380067200 0 0 0 0
1379980800 0 0 0 0
1379894400 0 0 0 0
1379808000 0 0 0 0
1379721600 0 0 0 0
1379635200 0 0 0 0
1379548800 0 0 0 0
1379462400 0 0 0 0
1379376000 0 0 0 0
1379289600 0 0 0 0
1379203200 0 0 0 0
1379116800 0 0 0 0
1379030400 0 0 0 0
1378944000 0 0 0 0
1378857600 0 0 0 0
1378771200 0 0 0 0
1378684800 0 0 0 0
1378598400 0 0 0 0
1378512000 0 0 0 0
1378425600 0 0 0 0
1378339200 0 0 0 0
1378252800 0 0 0 0
1378166400 0 0 0 0
1378080000 0 0 0 0
1377993600 0 0 0 0
1377907200 0 0 0 0
1377820800 0 0 0 0
1377734400 0 0 0 0
1377648000 0 0 0 0
1377561600 0 0 0 0
1377475200 0 0 0 0
1377388800 0 0 0 0
1377302400 0 0 0 0
1377216000 0 0 0 0
1377129600 0 0 0 0
1377043200 0 0 0 0
1376956800 0 0 0 0
1376870400 0 0 0 0
1376784000 0 0 0 0
1376697600 0 0 0 0
1376611200 0 0 0 0
1376524800 0 0 0 0
1376438400 0 0 0 0
1376352000 0 0 0 0
1376265600 0 0 0 0
1376179200 0 0 0 0
1376092800 0 0 0 0
1376006400 0 0 0 0
1375920000 0 0 0 0
1375833600 0 0 0 0
1375747200 0 0 0 0
1375660800 0 0 0 0
1375574400 0 0 0 0
1375488000 0 0 0 0
1375401600 0 0 0 0
1375315200 0 0 0 0
1375228800 0 0 0 0
1375142400 0 0 0 0
1375056000 0 0 0 0
1374969600 0 0 0 0
1374883200 0 0 0 0
1374796800 0 0 0 0
1374710400 0 0 0 0
1374624000 0 0 0 0
1374537600 0 0 0 0
1374451200 0 0 0 0
1374364800 0 0 0 0
1374278400 0 0 0 0
1374192000 0 0 0 0
1374105600 0 0 0 0
1374019200 0 0 0 0
1373932800 0 0 0 0
1373846400 0 0 0 0
1373760000 0 0 0 0
1373673600 0 0 0 0
1373587200 0 0 0 0
1373500800 0 0 0 0
1373414400 0 0 0 0
1373328000 0 0 0 0
1373241600 0 0 0 0
1373155200 0 0 0 0
1373068800 0 0 0 0
1372982400 0 0 0 0
1372896000 0 0 0 0
1372809600 0 0 0 0
1372723200 0 0 0 0
1372636800 0 0 0 0
1372550400 0 0 0 0
1372464000 0 0 0 0
1372377600 0 0 0 0
1372291200 0 0 0 0
1372204800 0 0 0 0
1372118400 0 0 0 0
1372032000 0 0 0 0
1371945600 0 0 0 0
1371859200 0 0 0 0
1371772800 0 0 0 0
1371686400 0 0 0 0
1371600000 0 0 0 0
1371513600 0 0 0 0
1371427200 0 0 0 0
1371340800 0 0 0 0
1371254400 0 0 0 0
1371168000 0 0 0 0
1371081600 0 0 0 0
1370995200 0 0 0 0
1370908800 0 0 0 0
1370822400 0 0 0 0
1370736000 0 0 0 0
1370649600 0 0 0 0
1370563200 0 0 0 0
1370476800 0 0 0 0
1370390400 0 0 0 0
1370304000 0 0 0 0
1370217600 0 0 0 0
1370131200 0 0 0 0
1370044800 0 0 0 0
1369958400 0 0 0 0
1369872000 0 0 0 0
1369785600 0 0 0 0
1369699200 0 0 0 0
1369612800 0 0 0 0
1369526400 0 0 0 0
1369440000 0 0 0 0
1369353600 0 0 0 0
1369267200 0 0 0 0
1369180800 0 0 0 0
1369094400 0 0 0 0
1369008000 0 0 0 0
1368921600 0 0 0 0
1368835200 0 0 0 0
1368748800 0 0 0 0
1368662400 0 0 0 0
1368576000 0 0 0 0
1368489600 0 0 0 0
1368403200 0 0 0 0
1368316800 0 0 0 0
1368230400 0 0 0 0
1368144000 0 0 0 0
1368057600 0 0 0 0
1367971200 0 0 0 0
1367884800 0 0 0 0
1367798400 0 0 0 0
1367712000 0 0 0 0
1367625600 0 0 0 0
1367539200 0 0 0 0
1367452800 0 0 0 0
1367366400 0 0 0 0
1367280000 0 0 0 0
1367193600 0 0 0 0
1367107200 0 0 0 0
1367020800 0 0 0 0
1366934400 0 0 0 0
1366848000 0 0 0 0
1366761600 0 0 0 0
1366675200 0 0 0 0
1366588800 0 0 0 0
1366502400 0 0 0 0
1366416000 0 0 0 0
1366329600 0 0 0 0
1366243200 0 0 0 0
1366156800 0 0 0 0
1366070400 0 0 0 0
1365984000 0 0 0 0
1365897600 0 0 0 0
1365811200 0 0 0 0
1365724800 0 0 0 0
1365638400 0 0 0 0
1365552000 0 0 0 0
1365465600 0 0 0 0
1365379200 0 0 0 0
1365292800 0 0 0 0
1365206400 0 0 0 0
1365120000 0 0 0 0
1365033600 0 0 0 0
1364947200 0 0 0 0
1364860800 0 0 0 0
1364774400 0 0 0 0
1364688000 0 0 0 0
1364601600 0 0 0 0
1364515200 0 0 0 0
1364428800 0 0 0 0
1364342400 0 0 0 0
1364256000 0 0 0 0
1364169600 0 0 0 0
1364083200 0 0 0 0
1363996800 0 0 0 0
1363910400 0 0 0 0
1363824000 0 0 0 0
1363737600 0 0 0 0
1363651200 0 0 0 0
1363564800 0 0 0 0
1363478400 0 0 0 0
1363392000 0 0 0 0
1363305600 0 0 0 0
1363219200 0 0 0 0
1363132800 0 0 0 0
1363046400 0 0 0 0
1362960000 0 0 0 0
1362873600 0 0 0 0
1362787200 0 0 0 0
1362700800 0 0 0 0
1362614400 0 0 0 0
1362528000 0 0 0 0
1362441600 0 0 0 0
1362355200 0 0 0 0
1362268800 0 0 0 0
1362182400 0 0 0 0
1362096000 0 0 0 0
1362009600 0 0 0 0
1361923200 0 0 0 0
1361836800 0 0 0 0
1361750400 0 0 0 0
1361664000 0 0 0 0
1361577600 0 0 0 0
1361491200 0 0 0 0
1361404800 0 0 0 0
1361318400 0 0 0 0
1361232000 0 0 0 0
1361145600 0 0 0 0
1361059200 0 0 0 0
1360972800 0 0 0 0
1360886400 0 0 0 0
1360800000 0 0 0 0
1360713600 0 0 0 0
1360627200 0 0 0 0
1360540800 0 0 0 0
1360454400 0 0 0 0
1360368000 0 0 0 0
1360281600 0 0 0 0
1360195200 0 0 0 0
1360108800 0 0 0 0
1360022400 0 0 0 0
1359936000 0 0 0 0
1359849600 0 0 0 0
1359763200 0 0 0 0
1359676800 0 0 0 0
1359590400 0 0 0 0
1359504000 0 0 0 0
1359417600 0 0 0 0
1359331200 0 0 0 0
1359244800 0 0 0 0
1359158400 0 0 0 0
1359072000 0 0 0 0
1358985600 0 0 0 0
1358899200 0 0 0 0
1358812800 0 0 0 0
1358726400 0 0 0 0
1358640000 0 0 0 0
1358553600 0 0 0 0
1358467200 0 0 0 0
1358380800 0 0 0 0
1358294400 0 0 0 0
1358208000 0 0 0 0
1358121600 0 0 0 0
1358035200 0 0 0 0
1357948800 0 0 0 0
1357862400 0 0 0 0
1357776000 0 0 0 0
1357689600 0 0 0 0
1357603200 0 0 0 0
1357516800 0 0 0 0
1357430400 0 0 0 0
1357344000 0 0 0 0
1357257600 0 0 0 0
1357171200 0 0 0 0
1357084800 0 0 0 0
1356998400 0 0 0 0
1356912000 0 0 0 0
1356825600 0 0 0 0
1356739200 0 0 0 0
1356652800 0 0 0 0
1356566400 0 0 0 0
1356480000 0 0 0 0
1356393600 0 0 0 0
1356307200 0 0 0 0
1356220800 0 0 0 0
1356134400 0 0 0 0
1356048000 0 0 0 0
1355961600 0 0 0 0
1355875200 0 0 0 0
1355788800 0 0 0 0
1355702400 0 0 0 0
1355616000 0 0 0 0
1355529600 0 0 0 0
1355443200 0 0 0 0
1355356800 0 0 0 0
1355270400 0 0 0 0
1355184000 0 0 0 0
1355097600 0 0 0 0
1355011200 0 0 0 0
1354924800 0 0 0 0
1354838400 0 0 0 0
1354752000 0 0 0 0
1354665600 0 0 0 0
1354579200 0 0 0 0
1354492800 0 0 0 0
1354406400 0 0 0 0
1354320000 0 0 0 0
1354233600 0 0 0 0
1354147200 0 0 0 0
1354060800 0 0 0 0
1353974400 0 0 0 0
1353888000 0 0 0 0
1353801600 0 0 0 0
1353715200 0 0 0 0
1353628800 0 0 0 0
1353542400 0 0 0 0
1353456000 0 0 0 0
1353369600 0 0 0 0
1353283200 0 0 0 0
1353196800 0 0 0 0
1353110400 0 0 0 0
1353024000 0 0 0 0
1352937600 0 0 0 0
1352851200 0 0 0 0
1352764800 0 0 0 0
1352678400 0 0 0 0
1352592000 0 0 0 0
1352505600 0 0 0 0
1352419200 0 0 0 0
1352332800 0 0 0 0
1352246400 0 0 0 0
1352160000 0 0 0 0
1352073600 0 0 0 0
1351987200 0 0 0 0
1351900800 0 0 0 0
1351814400 0 0 0 0
1351728000 0 0 0 0
1351641600 0 0 0 0
1351555200 0 0 0 0
1351468800 0 0 0 0
1351382400 0 0 0 0
1351296000 0 0 0 0
1351209600 0 0 0 0
1351123200 0 0 0 0
1351036800 0 0 0 0
1350950400 0 0 0 0
1350864000 0 0 0 0
1350777600 0 0 0 0
1350691200 0 0 0 0
1350604800 0 0 0 0
1350518400 0 0 0 0
1350432000 0 0 0 0
1350345600 0 0 0 0
1350259200 0 0 0 0
1350172800 0 0 0 0
1350086400 0 0 0 0
1350000000 0 0 0 0
1349913600 0 0 0 0
1349827200 0 0 0 0
1349740800 0 0 0 0
1349654400 0 0 0 0
1349568000 0 0 0 0
1349481600 0 0 0 0
1349395200 0 0 0 0
1349308800 0 0 0 0
1349222400 0 0 0 0
1349136000 0 0 0 0
1349049600 0 0 0 0
1348963200 0 0 0 0
1348876800 0 0 0 0
1348790400 0 0 0 0
1348704000 0 0 0 0
1348617600 0 0 0 0
1348531200 0 0 0 0
1348444800 0 0 0 0
1348358400 0 0 0 0
1348272000 0 0 0 0
1348185600 0 0 0 0
1348099200 0 0 0 0
1348012800 0 0 0 0
1347926400 0 0 0 0
1347840000 0 0 0 0
1347753600 0 0 0 0
1347667200 0 0 0 0
1347580800 0 0 0 0
1347494400 0 0 0 0
1347408000 0 0 0 0
1347321600 0 0 0 0
1347235200 0 0 0 0
1347148800 0 0 0 0
1347062400 0 0 0 0
1346976000 0 0 0 0
1346889600 0 0 0 0
1346803200 0 0 0 0
1346716800 0 0 0 0
1346630400 0 0 0 0
1346544000 0 0 0 0
1346457600 0 0 0 0
1346371200 0 0 0 0
1346284800 0 0 0 0
1346198400 0 0 0 0
1346112000 0 0 0 0
1346025600 0 0 0 0
1345939200 0 0 0 0
1345852800 0 0 0 0
1345766400 0 0 0 0
1345680000 0 0 0 0
1345593600 0 0 0 0
1345507200 0 0 0 0
1345420800 0 0 0 0
1345334400 0 0 0 0
1345248000 0 0 0 0
1345161600 0 0 0 0
1345075200 0 0 0 0
1344988800 0 0 0 0
1344902400 0 0 0 0
1344816000 0 0 0 0
1344729600 0 0 0 0
1344643200 0 0 0 0
1344556800 0 0 0 0
1344470400 0 0 0 0
1344384000 0 0 0 0
1344297600 0 0 0 0
1344211200 0 0 0 0
1344124800 0 0 0 0
1344038400 0 0 0 0
1343952000 0 0 0 0
1343865600 0 0 0 0
1343779200 0 0 0 0
1343692800 0 0 0 0
1343606400 0 0 0 0
1343520000 0 0 0 0
1343433600 0 0 0 0
1343347200 0 0 0 0
1343260800 0 0 0 0
1343174400 0 0 0 0
1343088000 0 0 0 0
1343001600 0 0 0 0
1342915200 0 0 0 0
1342828800 0 0 0 0
1342742400 0 0 0 0
1342656000 0 0 0 0
1342569600 0 0 0 0
1342483200 0 0 0 0
1342396800 0 0 0 0
1342310400 0 0 0 0
1342224000 0 0 0 0
1342137600 0 0 0 0
1342051200 0 0 0 0
1341964800 0 0 0 0
1341878400 0 0 0 0
1341792000 0 0 0 0
1341705600 0 0 0 0
1341619200 0 0 0 0
1341532800 0 0 0 0
1341446400 0 0 0 0
1341360000 0 0 0 0
1341273600 0 0 0 0
1341187200 0 0 0 0
1341100800 0 0 0 0
1341014400 0 0 0 0
1340928000 0 0 0 0
1340841600 0 0 0 0
1340755200 0 0 0 0
1340668800 0 0 0 0
1340582400 0 0 0 0
1340496000 0 0 0 0
1340409600 0 0 0 0
1340323200 0 0 0 0
1340236800 0 0 0 0
1340150400 0 0 0 0
1340064000 0 0 0 0
1339977600 0 0 0 0
1339891200 0 0 0 0
1339804800 0 0 0 0
1339718400 0 0 0 0
1339632000 0 0 0 0
1339545600 0 0 0 0
1339459200 0 0 0 0
1339372800 0 0 0 0
1339286400 0 0 0 0
1339200000 0 0 0 0
1339113600 0 0 0 0
1339027200 0 0 0 0
1338940800 0 0 0 0
1338854400 0 0 0 0
1338768000 0 0 0 0
1338681600 0 0 0 0
1338595200 0 0 0 0
1338508800 0 0 0 0
1338422400 0 0 0 0
1338336000 0 0 0 0
1338249600 0 0 0 0
1338163200 0 0 0 0
1338076800 0 0 0 0
1337990400 0 0 0 0
1337904000 0 0 0 0
1337817600 0 0 0 0
1337731200 0 0 0 0
1337644800 0 0 0 0
1337558400 0 0 0 0
1337472000 0 0 0 0
1337385600 0 0 0 0
1337299200 0 0 0 0
1337212800 0 0 0 0
1337126400 0 0 0 0
1337040000 0 0 0 0
1336953600 0 0 0 0
1336867200 0 0 0 0
1336780800 0 0 0 0
1336694400 0 0 0 0
1336608000 0 0 0 0
1336521600 0 0 0 0
1336435200 0 0 0 0
1336348800 0 0 0 0
1336262400 0 0 0 0
1336176000 0 0 0 0
1336089600 0 0 0 0
1336003200 0 0 0 0
1335916800 0 0 0 0
1335830400 0 0 0 0
1335744000 0 0 0 0
1335657600 0 0 0 0
1335571200 0 0 0 0
1335484800 0 0 0 0
1335398400 0 0 0 0
1335312000 0 0 0 0
1335225600 0 0 0 0
1335139200 0 0 0 0
1335052800 0 0 0 0
1334966400 0 0 0 0
1334880000 0 0 0 0
1334793600 0 0 0 0
1334707200 0 0 0 0
1334620800 0 0 0 0
1334534400 0 0 0 0
1334448000 0 0 0 0
1334361600 0 0 0 0
1334275200 0 0 0 0
1334188800 0 0 0 0
1334102400 0 0 0 0
1334016000 0 0 0 0
1333929600 0 0 0 0
1333843200 0 0 0 0
1333756800 0 0 0 0
1333670400 0 0 0 0
1333584000 0 0 0 0
1333497600 0 0 0 0
1333411200 0 0 0 0
1333324800 0 0 0 0
1333238400 0 0 0 0
1333152000 0 0 0 0
1333065600 0 0 0 0
1332979200 0 0 0 0
1332892800 0 0 0 0
1332806400 0 0 0 0
1332720000 0 0 0 0
1332633600 0 0 0 0
1332547200 0 0 0 0
1332460800 0 0 0 0
1332374400 0 0 0 0
1332288000 0 0 0 0
1332201600 0 0 0 0
1332115200 0 0 0 0
1332028800 0 0 0 0
1331942400 0 0 0 0
1331856000 0 0 0 0
1331769600 0 0 0 0
1331683200 0 0 0 0
1331596800 0 0 0 0
1331510400 0 0 0 0
1331424000 0 0 0 0
1331337600 0 0 0 0
1331251200 0 0 0 0
1331164800 0 0 0 0
1331078400 0 0 0 0
1330992000 0 0 0 0
1330905600 0 0 0 0
1330819200 0 0 0 0
1330732800 0 0 0 0
1330646400 0 0 0 0
1330560000 0 0 0 0
1330473600 0 0 0 0
1330387200 0 0 0 0
1330300800 0 0 0 0
1330214400 0 0 0 0
1330128000 0 0 0 0
1330041600 0 0 0 0
1329955200 0 0 0 0
1329868800 0 0 0 0
1329782400 0 0 0 0
1329696000 0 0 0 0
1329609600 0 0 0 0
1329523200 0 0 0 0
1329436800 0 0 0 0
1329350400 0 0 0 0
1329264000 0 0 0 0
1329177600 0 0 0 0
1329091200 0 0 0 0
1329004800 0 0 0 0
1328918400 0 0 0 0
1328832000 0 0 0 0
1328745600 0 0 0 0
1328659200 0 0 0 0
1328572800 0 0 0 0
1328486400 0 0 0 0
1328400000 0 0 0 0
1328313600 0 0 0 0
1328227200 0 0 0 0
1328140800 0 0 0 0
1328054400 0 0 0 0
1327968000 0 0 0 0
1327881600 0 0 0 0
1327795200 0 0 0 0
1327708800 0 0 0 0
1327622400 0 0 0 0
1327536000 0 0 0 0
1327449600 0 0 0 0
1327363200 0 0 0 0
1327276800 0 0 0 0
1327190400 0 0 0 0
1327104000 0 0 0 0
1327017600 0 0 0 0
1326931200 0 0 0 0
1326844800 0 0 0 0
1326758400 0 0 0 0
1326672000 0 0 0 0
1326585600 0 0 0 0
1326499200 0 0 0 0
1326412800 0 0 0 0
1326326400 0 0 0 0
1326240000 0 0 0 0
1326153600 0 0 0 0
1326067200 0 0 0 0
1325980800 0 0 0 0
1325894400 0 0 0 0
1325808000 0 0 0 0
1325721600 0 0 0 0
1325635200 0 0 0 0
1325548800 0 0 0 0
1325462400 0 0 0 0
1325376000 0 0 0 0
1325289600 0 0 0 0
1325203200 0 0 0 0
1325116800 0 0 0 0
1325030400 0 0 0 0
1324944000 0 0 0 0
1324857600 0 0 0 0
1324771200 0 0 0 0
1324684800 0 0 0 0
1324598400 0 0 0 0
1324512000 0 0 0 0
1324425600 0 0 0 0
1324339200 0 0 0 0
1324252800 0 0 0 0
1324166400 0 0 0 0
1324080000 0 0 0 0
1323993600 0 0 0 0
1323907200 0 0 0 0
1323820800 0 0 0 0
1323734400 0 0 0 0
1323648000 0 0 0 0
1323561600 0 0 0 0
1323475200 0 0 0 0
1323388800 0 0 0 0
1323302400 0 0 0 0
1323216000 0 0 0 0
1323129600 0 0 0 0
1323043200 0 0 0 0
1322956800 0 0 0 0
