1391709901 465 465
1391709901 465 465 465 465
1391709781 456 456 456 456
1391709600 456 456 456 456
1391709300 456 456 456 456
1391709000 456 456 456 456
1391708700 456 456 456 456
1391708400 456 456 456 456
1391708100 456 456 456 456
1391707800 456 456 456 456
1391707500 456 456 456 456
1391707200 456 456 456 456
1391706900 456 456 456 456
1391706600 456 456 456 456
1391706300 456 456 456 456
1391706000 456 456 456 456
1391705700 456 456 456 456
1391705400 456 456 456 456
1391705100 456 456 456 456
1391704800 456 456 456 456
1391704500 456 456 456 456
1391704200 456 456 456 456
1391703900 456 456 456 456
1391703600 456 456 456 456
1391703300 456 456 456 456
1391703000 456 456 456 456
1391702700 456 456 456 456
1391702400 456 456 456 456
1391702100 456 456 456 456
1391701800 456 456 456 456
1391701500 456 456 456 456
1391701200 456 456 456 456
1391700900 456 456 456 456
1391700600 455 455 456 456
1391700300 452 452 453 453
1391700000 449 449 449 449
1391699700 443 443 443 443
1391699400 439 439 439 439
1391699100 437 437 437 437
1391698800 436 436 437 437
1391698500 435 435 435 435
1391698200 436 436 436 436
1391697900 436 436 436 436
1391697600 435 435 435 435
1391697300 436 436 437 437
1391697000 437 437 437 437
1391696700 436 436 438 438
1391696400 438 438 438 438
1391696100 437 437 437 437
1391695800 441 441 441 441
1391695500 438 438 439 439
1391695200 439 439 439 439
1391694900 444 444 444 444
1391694600 444 444 444 444
1391694300 447 447 447 447
1391694000 447 447 447 447
1391693700 449 449 449 449
1391693400 445 445 446 446
1391693100 444 444 444 444
1391692800 442 442 442 442
1391692500 438 438 438 438
1391692200 438 438 438 438
1391691900 435 435 436 436
1391691600 433 433 433 433
1391691300 425 425 425 425
1391691000 431 431 431 431
1391690700 428 428 428 428
1391690400 432 432 432 432
1391690100 428 428 428 428
1391689800 426 426 426 426
1391689500 435 435 435 435
1391689200 432 432 432 432
1391688900 434 434 435 435
1391688600 434 434 434 434
1391688300 435 435 435 435
1391688000 428 428 428 428
1391687700 426 426 426 426
1391687400 426 426 426 426
1391687100 421 421 422 422
1391686800 419 419 419 419
1391686500 419 419 433 433
1391686200 433 433 433 433
1391685900 429 429 429 429
1391685600 431 431 431 431
1391685300 430 430 430 430
1391685000 429 429 429 429
1391684700 430 430 431 431
1391684400 427 427 431 431
1391684100 431 431 431 431
1391683800 431 431 431 431
1391683500 430 430 430 430
1391683200 427 427 427 427
1391682900 424 424 424 424
1391682600 422 422 422 422
1391682300 424 424 424 424
1391682000 420 420 420 420
1391681700 421 421 421 421
1391681400 422 422 422 422
1391681100 423 423 423 423
1391680800 420 420 421 421
1391680500 420 420 421 421
1391680200 416 416 417 417
1391679900 417 417 417 417
1391679600 417 417 419 419
1391679300 419 419 419 419
1391679000 415 415 415 415
1391678700 416 416 416 416
1391678400 416 416 416 416
1391678100 416 416 416 416
1391677800 416 416 417 417
1391677500 414 414 414 414
1391677200 414 414 414 414
1391676900 414 414 414 414
1391676600 412 412 412 412
1391676300 412 412 412 412
1391676000 410 410 410 410
1391675700 411 411 411 411
1391675400 409 409 409 409
1391675100 404 404 405 405
1391674800 399 399 399 399
1391674500 400 400 401 401
1391674200 400 400 400 400
1391673900 397 397 397 397
1391673600 394 394 394 394
1391673300 390 390 390 390
1391673000 385 385 385 385
1391672700 382 382 382 382
1391672400 374 374 375 375
1391672100 368 368 368 368
1391671800 368 368 368 368
1391671500 364 364 364 364
1391671200 360 360 360 360
1391670900 358 358 358 358
1391670600 352 352 352 352
1391670300 352 352 352 352
1391670000 349 349 349 349
1391669700 345 345 345 345
1391669400 339 339 339 339
1391669100 333 333 333 333
1391668800 334 334 335 335
1391668500 335 335 335 335
1391668200 330 330 330 330
1391667900 330 330 330 330
1391667600 326 326 326 326
1391667300 324 324 324 324
1391667000 320 320 320 320
1391666700 318 318 318 318
1391666400 317 317 318 318
1391666100 316 316 316 316
1391665800 312 312 312 312
1391665500 312 312 312 312
1391665200 313 313 313 313
1391664900 312 312 313 313
1391664600 311 311 311 311
1391664300 313 313 313 313
1391664000 313 313 313 313
1391663700 306 306 307 307
1391663400 301 301 301 301
1391663100 303 303 303 303
1391662800 303 303 303 303
1391662500 299 299 299 299
1391662200 291 291 292 292
1391661900 292 292 292 292
1391661600 290 290 290 290
1391661300 289 289 289 289
1391661000 284 284 287 287
1391660700 287 287 287 287
1391660400 285 285 286 286
1391660100 285 285 285 285
1391659800 284 284 287 287
1391659500 287 287 287 287
1391659200 287 287 287 287
1391658900 288 288 288 288
1391658600 290 290 290 290
1391658300 290 290 290 290
1391658000 287 287 289 289
1391657700 289 289 289 289
1391657400 290 290 290 290
1391657100 287 287 287 287
1391656800 287 287 287 287
1391656500 286 286 286 286
1391656200 285 285 285 285
1391655900 291 291 291 291
1391655600 289 289 289 289
1391655300 289 289 289 289
1391655000 291 291 291 291
1391654700 290 290 290 290
1391654400 291 291 293 293
1391654100 293 293 293 293
1391653800 288 288 288 288
1391653500 293 293 293 293
1391653200 293 293 293 293
1391652900 292 292 292 292
1391652600 292 292 292 292
1391652300 295 295 296 296
1391652000 293 293 293 293
1391651700 294 294 294 294
1391651400 295 295 295 295
1391651100 295 295 295 295
1391650800 296 296 297 297
1391650500 297 297 297 297
1391650200 297 297 297 297
1391649900 297 297 298 298
1391649600 297 297 298 298
1391649300 298 298 298 298
1391649000 297 297 299 299
1391648700 298 298 299 299
1391648400 295 295 300 300
1391648100 300 300 300 300
1391647800 300 300 300 300
1391647500 301 301 304 304
1391647200 304 304 308 308
1391646900 307 307 308 308
1391646600 306 306 306 306
1391646300 311 311 311 311
1391646000 309 309 309 309
1391645700 309 309 309 309
1391645400 311 311 313 313
1391645100 313 313 313 313
1391644800 313 313 313 313
1391644500 316 316 316 316
1391644200 315 315 315 315
1391643900 317 317 317 317
1391643600 318 318 318 318
1391643300 318 318 319 319
1391643000 318 318 318 318
1391642700 319 319 319 319
1391642400 320 320 321 321
1391642100 321 321 321 321
1391641800 323 323 323 323
1391641500 324 324 326 326
1391641200 326 326 326 326
1391640900 329 329 331 331
1391640600 331 331 331 331
1391640300 333 333 336 336
1391640000 336 336 336 336
1391639700 340 340 344 344
1391639400 344 344 344 344
1391639100 349 349 349 349
1391638800 348 348 348 348
1391638500 354 354 354 354
1391638200 352 352 352 352
1391637900 356 356 356 356
1391637600 358 358 358 358
1391637300 359 359 359 359
1391637000 366 366 366 366
1391636700 372 372 372 372
1391636400 379 379 379 379
1391636100 383 383 383 383
1391635800 382 382 382 382
1391635500 386 386 386 386
1391635200 386 386 386 386
1391634900 396 396 396 396
1391634600 393 393 393 393
1391634300 395 395 395 395
1391634000 402 402 409 409
1391633700 409 409 409 409
1391633400 413 413 413 413
1391633100 418 418 418 418
1391632800 419 419 419 419
1391632500 428 428 428 428
1391632200 433 433 433 433
1391631900 434 434 434 434
1391631600 437 437 437 437
1391631300 440 440 440 440
1391631000 444 444 444 444
1391630700 443 443 447 447
1391630400 447 447 447 447
1391630100 448 448 450 450
1391629800 450 450 458 458
1391629500 458 458 458 458
1391629200 458 458 463 463
1391628900 463 463 465 465
1391628600 465 465 471 471
1391628300 471 471 471 471
1391628000 474 474 474 474
1391627700 473 473 473 473
1391627400 477 477 478 478
1391627100 477 477 477 477
1391626800 477 477 477 477
1391626500 475 475 475 475
1391626200 475 475 475 475
1391625900 478 478 478 478
1391625600 479 479 479 479
1391625300 480 480 480 480
1391625000 479 479 479 479
1391624700 478 478 478 478
1391624400 475 475 475 475
1391624100 473 473 473 473
1391623800 476 476 477 477
1391623500 475 475 475 475
1391623200 478 478 478 478
1391622900 476 476 477 477
1391622600 477 477 477 477
1391622300 478 478 478 478
1391622000 481 481 481 481
1391621700 480 480 480 480
1391621400 483 483 483 483
1391621100 481 481 481 481
1391620800 481 481 481 481
1391620500 478 478 478 478
1391620200 477 477 477 477
1391619900 478 478 478 478
1391619600 477 477 478 478
1391619300 475 475 475 475
1391619000 477 477 477 477
1391618700 476 476 476 476
1391618400 475 475 475 475
1391618100 466 466 466 466
1391617800 462 462 463 463
1391617500 462 462 462 462
1391617200 461 461 461 461
1391616900 460 460 460 460
1391616600 463 463 463 463
1391616300 459 459 459 459
1391616000 459 459 459 459
1391615700 460 460 460 460
1391615400 455 455 456 456
1391615100 453 453 453 453
1391614800 451 451 451 451
1391614500 446 446 446 446
1391614200 443 443 444 444
1391613900 443 443 443 443
1391613600 443 443 443 443
1391613300 439 439 439 439
1391613000 438 438 440 440
1391612700 440 440 440 440
1391612400 440 440 440 440
1391612100 441 441 441 441
1391611800 436 436 436 436
1391611500 431 431 431 431
1391611200 431 431 431 431
1391610900 432 432 433 433
1391610600 433 433 433 433
1391610300 435 435 435 435
1391610000 439 439 439 439
1391609700 441 441 441 441
1391609400 439 439 439 439
1391609100 433 433 433 433
1391608800 429 429 429 429
1391608500 432 432 432 432
1391608200 428 428 429 429
1391607900 397 397 397 397
1391607600 397 397 397 397
1391607300 393 393 394 394
1391607000 389 389 389 389
1391606700 384 384 384 384
1391606400 387 387 387 387
1391606100 391 391 392 392
1391605800 390 390 390 390
1391605500 359 359 359 359
1391605200 359 359 359 359
1391604900 353 353 354 354
1391604600 351 351 352 352
1391604300 351 351 352 352
1391604000 350 350 433 433
1391603700 433 433 437 437
1391603400 437 437 437 437
1391603100 430 430 430 430
1391602800 431 431 431 431
1391602500 435 435 435 435
1391602200 433 433 434 434
1391601900 433 433 433 433
1391601600 432 432 432 432
1391601300 427 427 427 427
1391601000 425 425 427 427
1391600700 427 427 427 427
1391600400 429 429 429 429
1391600100 430 430 430 430
1391599800 429 429 430 430
1391599500 428 428 428 428
1391599200 424 424 425 425
1391598900 423 423 423 423
1391598600 426 426 426 426
1391598300 425 425 425 425
1391598000 423 423 423 423
1391597700 423 423 423 423
1391597400 423 423 423 423
1391597100 423 423 423 423
1391596800 419 419 419 419
1391596500 418 418 419 419
1391596200 416 416 416 416
1391595900 416 416 416 416
1391595600 414 414 415 415
1391595300 414 414 414 414
1391595000 411 411 412 412
1391594700 408 408 408 408
1391594400 409 409 412 412
1391594100 412 412 412 412
1391593800 410 410 411 411
1391593500 410 410 410 410
1391593200 409 409 409 409
1391592900 410 410 410 410
1391592600 409 409 409 409
1391592300 410 410 410 410
1391592000 409 409 409 409
1391591700 406 406 406 406
1391591400 407 407 407 407
1391591100 406 406 407 407
1391590800 406 406 406 406
1391590500 401 401 401 401
1391590200 401 401 401 401
1391589900 402 402 402 402
1391589600 401 401 401 401
1391589300 403 403 404 404
1391589000 398 398 399 399
1391588700 397 397 398 398
1391588400 397 397 397 397
1391588100 394 394 394 394
1391587800 389 389 389 389
1391587500 387 387 388 388
1391587200 385 385 385 385
1391586900 381 381 381 381
1391586600 381 381 382 382
1391586300 380 380 380 380
1391586000 375 375 375 375
1391585700 374 374 374 374
1391585400 374 374 374 374
1391585100 370 370 370 370
1391584800 369 369 370 370
1391584500 363 363 363 363
1391584200 356 356 356 356
1391583900 353 353 354 354
1391583600 349 349 350 350
1391583300 347 347 347 347
1391583000 341 341 341 341
1391582700 339 339 339 339
1391582400 338 338 338 338
1391582100 338 338 338 338
1391581800 335 335 335 335
1391581500 335 335 335 335
1391581200 332 332 332 332
1391580900 328 328 329 329
1391580600 327 327 328 328
1391580300 326 326 326 326
1391580000 325 325 326 326
1391579700 322 322 322 322
1391579400 325 325 325 325
1391579100 321 321 322 322
1391578800 320 320 320 320
1391578500 318 318 319 319
1391578200 317 317 317 317
1391577900 318 318 318 318
1391577600 318 318 318 318
1391577300 320 320 320 320
1391577000 313 313 313 313
1391576700 311 311 311 311
1391576400 303 303 303 303
1391576100 304 304 304 304
1391575800 303 303 303 303
1391575500 306 306 306 306
1391575200 303 303 303 303
1391574900 305 305 305 305
1391574600 305 305 305 305
1391574300 303 303 303 303
1391574000 302 302 302 302
1391573700 302 302 302 302
1391573400 301 301 302 302
1391573100 302 302 302 302
1391572800 299 299 299 299
1391572500 300 300 300 300
1391572200 299 299 299 299
1391571900 299 299 299 299
1391571600 299 299 299 299
1391571300 300 300 301 301
1391571000 298 298 298 298
1391570700 296 296 297 297
1391570400 296 296 296 296
1391570100 296 296 297 297
1391569800 296 296 296 296
1391569500 296 296 296 296
1391569200 294 294 294 294
1391568900 294 294 294 294
1391568600 297 297 297 297
1391568300 297 297 297 297
1391568000 297 297 297 297
1391567700 302 302 302 302
1391567400 300 300 300 300
1391567100 297 297 297 297
1391566800 296 296 297 297
1391566500 296 296 297 297
1391566200 296 296 296 296
1391565900 298 298 299 299
1391565600 297 297 297 297
1391565300 300 300 301 301
1391565000 298 298 298 298
1391564700 300 300 300 300
1391564400 300 300 300 300
1391564100 300 300 300 300
1391563800 301 301 301 301
1391563500 300 300 300 300
1391563200 299 299 299 299
1391562900 301 301 301 301
1391562600 304 304 304 304
1391562300 304 304 304 304
1391562000 303 303 303 303
1391561700 304 304 305 305
1391561400 304 304 304 304
1391561100 305 305 305 305
1391560800 305 305 305 305
1391560500 306 306 306 306
1391560200 305 305 307 307
1391559900 306 306 309 309
1391559600 309 309 309 309
1391559300 310 310 310 310
1391559000 310 310 310 310
1391558700 316 316 317 317
1391558400 314 314 314 314
1391558100 318 318 318 318
1391557800 317 317 317 317
1391557500 321 321 321 321
1391557200 323 323 326 326
1391556900 326 326 326 326
1391556600 326 326 328 328
1391556300 328 328 328 328
1391556000 330 330 330 330
1391555700 331 331 331 331
1391555400 333 333 333 333
1391555100 336 336 336 336
1391554800 337 337 341 341
1391554500 341 341 341 341
1391554200 342 342 342 342
1391553900 345 345 345 345
1391553600 346 346 346 346
1391553300 347 347 350 350
1391553000 350 350 350 350
1391552700 352 352 356 356
1391552400 356 356 356 356
1391552100 358 358 358 358
1391551800 355 355 365 365
1391551500 365 365 365 365
1391551200 367 367 367 367
1391550900 373 373 374 374
1391550600 374 374 374 374
1391550300 376 376 376 376
1391550000 383 383 383 383
1391549700 387 387 392 392
1391549400 392 392 392 392
1391549100 398 398 400 400
1391548800 400 400 400 400
1391548500 404 404 404 404
1391548200 404 404 404 404
1391547900 408 408 408 408
1391547600 414 414 414 414
1391547300 418 418 418 418
1391547000 424 424 425 425
1391546700 425 425 425 425
1391546400 426 426 426 426
1391546100 427 427 427 427
1391545800 434 434 434 434
1391545500 440 440 440 440
1391545200 443 443 444 444
1391544900 444 444 444 444
1391544600 444 444 444 444
1391544300 449 449 449 449
1391544000 455 455 455 455
1391543700 458 458 458 458
1391543400 461 461 461 461
1391543100 464 464 464 464
1391542800 465 465 465 465
1391542500 467 467 467 467
1391542200 468 468 473 473
1391541900 473 473 473 473
1391541600 469 469 470 470
1391541300 466 466 466 466
1391541000 467 467 467 467
1391540700 468 468 468 468
1391540400 471 471 471 471
1391540100 471 471 471 471
1391539800 471 471 471 471
1391539500 474 474 474 474
1391539200 478 478 478 478
1391538900 478 478 478 478
1391538600 473 473 473 473
1391538300 477 477 477 477
1391538000 476 476 476 476
1391537700 473 473 473 473
1391537400 473 473 473 473
1391537100 469 469 469 469
1391536800 469 469 469 469
1391536500 471 471 471 471
1391536200 472 472 472 472
1391535900 471 471 471 471
1391535600 467 467 467 467
1391535300 467 467 469 469
1391535000 469 469 469 469
1391534700 466 466 466 466
1391534400 466 466 466 466
1391534100 466 466 466 466
1391533800 465 465 466 466
1391533500 465 465 465 465
1391533200 461 461 463 463
1391532900 462 462 462 462
1391532600 461 461 462 462
1391532300 458 458 459 459
1391532000 457 457 457 457
1391531700 452 452 452 452
1391531400 452 452 452 452
1391531100 455 455 455 455
1391530800 448 448 448 448
1391530500 444 444 446 446
1391530200 446 446 446 446
1391529900 443 443 444 444
1391529600 440 440 443 443
1391527800 438 438 439 439
1391526000 431 431 436 436
1391524200 432 432 436 436
1391522400 432 432 436 436
1391520600 433 433 437 437
1391518800 420 420 431 431
1391517000 384 384 409 409
1391515200 387 387 415 415
1391513400 408 408 412 412
1391511600 399 399 404 404
1391509800 402 402 404 404
1391508000 398 398 401 401
1391506200 391 391 397 397
1391504400 383 383 387 387
1391502600 379 379 389 389
1391500800 359 359 369 369
1391499000 342 342 349 349
1391497200 328 328 339 339
1391495400 319 319 325 325
1391493600 311 311 319 319
1391491800 306 306 309 309
1391490000 295 295 302 302
1391488200 292 292 295 295
1391486400 289 289 292 292
1391484600 288 288 291 291
1391482800 290 290 296 296
1391481000 292 292 296 296
1391479200 285 285 302 302
1391477400 297 297 303 303
1391475600 304 304 309 309
1391473800 309 309 313 313
1391472000 315 315 319 319
1391470200 323 323 329 329
1391468400 336 336 352 352
1391466600 355 355 359 359
1391464800 371 371 381 381
1391463000 394 394 407 407
1391461200 414 414 422 422
1391459400 435 435 443 443
1391457600 448 448 459 459
1391455800 463 463 470 470
1391454000 469 469 473 473
1391452200 475 475 479 479
1391450400 473 473 477 477
1391448600 468 468 472 472
1391446800 467 467 472 472
1391445000 460 460 467 467
1391443200 453 453 458 458
1391441400 447 447 453 453
1391439600 433 433 441 441
1391437800 433 433 435 435
1391436000 430 430 436 436
1391434200 438 438 442 442
1391432400 436 436 443 443
1391430600 424 424 428 428
1391428800 415 415 423 423
1391427000 405 405 410 410
1391425200 396 396 401 401
1391423400 395 395 401 401
1391421600 391 391 396 396
1391419800 369 369 392 392
1391418000 365 365 383 383
1391416200 370 370 375 375
1391414400 360 360 368 368
1391412600 355 355 362 362
1391410800 337 337 343 343
1391409000 325 325 330 330
1391407200 318 318 323 323
1391405400 311 311 316 316
1391403600 302 302 307 307
1391401800 297 297 301 301
1391400000 299 299 302 302
1391398200 299 299 301 301
1391396400 299 299 303 303
1391394600 299 299 301 301
1391392800 301 301 303 303
1391391000 302 302 306 306
1391389200 309 309 316 316
1391387400 313 313 318 318
1391385600 319 319 323 323
1391383800 327 327 334 334
1391382000 344 344 354 354
1391380200 356 356 366 366
1391378400 364 364 393 393
1391376600 398 398 407 407
1391374800 411 411 420 420
1391373000 431 431 436 436
1391371200 449 449 459 459
1391369400 458 458 463 463
1391367600 464 464 468 468
1391365800 467 467 472 472
1391364000 464 464 470 470
1391362200 463 463 467 467
1391360400 459 459 464 464
1391358600 463 463 466 466
1391356800 464 464 468 468
1391355000 461 461 466 466
1391353200 456 456 461 461
1391351400 456 456 461 461
1391349600 450 450 453 453
1391347800 443 443 448 448
1391346000 439 439 444 444
1391344200 439 439 443 443
1391342400 440 440 444 444
1391340600 439 439 443 443
1391338800 438 438 442 442
1391337000 432 432 435 435
1391335200 429 429 433 433
1391333400 415 415 427 427
1391331600 398 398 406 406
1391329800 379 379 389 389
1391328000 359 359 366 366
1391326200 331 331 353 353
1391324400 299 299 304 304
1391322600 297 297 300 300
1391320800 294 294 296 296
1391319000 293 293 295 295
1391317200 292 292 294 294
1391315400 292 292 295 295
1391313600 292 292 296 296
1391311800 295 295 300 300
1391310000 301 301 305 305
1391308200 304 304 307 307
1391306400 306 306 307 307
1391304600 308 308 310 310
1391302800 314 314 319 319
1391301000 321 321 328 328
1391299200 330 330 335 335
1391297400 339 339 345 345
1391295600 350 350 359 359
1391293800 369 369 379 379
1391292000 388 388 395 395
1391290200 406 406 418 418
1391288400 421 421 429 429
1391286600 433 433 441 441
1391284800 451 451 456 456
1391283000 464 464 469 469
1391281200 471 471 476 476
1391279400 472 472 474 474
1391277600 472 472 474 474
1391275800 473 473 475 475
1391274000 469 469 477 477
1391272200 462 462 466 466
1391270400 458 458 463 463
1391268600 450 450 458 458
1391266800 441 441 450 450
1391265000 438 438 443 443
1391263200 435 435 439 439
1391261400 439 439 446 446
1391259600 438 438 441 441
1391257800 438 438 443 443
1391256000 438 438 441 441
1391254200 435 435 440 440
1391252400 439 439 443 443
1391250600 433 433 441 441
1391248800 431 431 437 437
1391247000 422 422 427 427
1391245200 417 417 422 422
1391243400 397 397 407 407
1391241600 376 376 387 387
1391239800 346 346 356 356
1391238000 328 328 335 335
1391236200 314 314 321 321
1391234400 301 301 309 309
1391232600 295 295 301 301
1391230800 284 284 289 289
1391229000 278 278 282 282
1391227200 278 278 282 282
1391225400 278 278 282 282
1391223600 285 285 287 287
1391221800 286 286 289 289
1391220000 288 288 292 292
1391218200 292 292 295 295
1391216400 300 300 305 305
1391214600 303 303 306 306
1391212800 312 312 320 320
1391211000 327 327 339 339
1391209200 344 344 351 351
1391207400 361 361 371 371
1391205600 379 379 389 389
1391203800 394 394 402 402
1391202000 403 403 413 413
1391200200 420 420 426 426
1391198400 434 434 446 446
1391196600 450 450 455 455
1391194800 455 455 457 457
1391193000 454 454 457 457
1391191200 451 451 455 455
1391189400 450 450 454 454
1391187600 446 446 452 452
1391185800 447 447 452 452
1391184000 442 442 447 447
1391182200 432 432 437 437
1391180400 424 424 429 429
1391178600 428 428 431 431
1391176800 429 429 436 436
1391175000 425 425 433 433
1391173200 424 424 427 427
1391171400 424 424 431 431
1391169600 429 429 433 433
1391167800 426 426 430 430
1391166000 423 423 427 427
1391164200 414 414 420 420
1391162400 413 413 417 417
1391160600 398 398 410 410
1391158800 355 355 396 396
1391157000 328 328 337 337
1391155200 341 341 357 357
1391153400 338 338 345 345
1391151600 316 316 326 326
1391149800 300 300 310 310
1391148000 287 287 295 295
1391146200 278 278 284 284
1391144400 273 273 278 278
1391142600 268 268 275 275
1391140800 259 259 270 270
1391139000 271 271 273 273
1391137200 272 272 274 274
1391135400 274 274 278 278
1391133600 275 275 278 278
1391131800 278 278 282 282
1391130000 283 283 287 287
1391128200 288 288 294 294
1391126400 300 300 308 308
1391124600 311 311 314 314
1391122800 319 319 328 328
1391121000 334 334 342 342
1391119200 337 337 343 343
1391117400 348 348 357 357
1391115600 366 366 377 377
1391113800 381 381 388 388
1391112000 392 392 396 396
1391110200 397 397 400 400
1391108400 400 400 405 405
1391106600 409 409 441 441
1391104800 440 440 444 444
1391103000 441 441 443 443
1391101200 439 439 442 442
1391099400 436 436 439 439
1391097600 429 429 435 435
1391095800 415 415 424 424
1391094000 409 409 413 413
1391092200 403 403 405 405
1391090400 402 402 405 405
1391088600 383 383 422 422
1391086800 421 421 425 425
1391085000 418 418 425 425
1391083200 421 421 425 425
1391081400 406 406 423 423
1391079600 414 414 419 419
1391077800 415 415 419 419
1391076000 410 410 416 416
1391074200 403 403 408 408
1391072400 389 389 395 395
1391070600 372 372 382 382
1391068800 353 353 358 358
1391067000 331 331 341 341
1391065200 318 318 326 326
1391063400 304 304 310 310
1391061600 287 287 298 298
1391059800 274 274 280 280
1391058000 270 270 272 272
1391056200 268 268 271 271
1391054400 270 270 272 272
1391052600 270 270 274 274
1391050800 271 271 274 274
1391049000 274 274 277 277
1391047200 275 275 278 278
1391045400 280 280 286 286
1391043600 287 287 290 290
1391041800 290 290 296 296
1391040000 296 296 300 300
1391038200 305 305 312 312
1391036400 316 316 330 330
1391034600 337 337 348 348
1391032800 352 352 362 362
1391031000 366 366 374 374
1391029200 378 378 395 395
1391027400 395 395 418 418
1391025600 422 422 431 431
1391023800 432 432 436 436
1391022000 439 439 442 442
1391020200 448 448 456 456
1391018400 453 453 455 455
1391016600 447 447 451 451
1391014800 443 443 448 448
1391013000 437 437 441 441
1391011200 435 435 440 440
1391009400 424 424 432 432
1391007600 411 411 419 419
1391005800 394 394 410 410
1391004000 350 350 380 380
1391002200 333 333 335 335
1391000400 330 330 334 334
1390998600 328 328 331 331
1390996800 327 327 330 330
1390995000 341 341 420 420
1390993200 413 413 418 418
1390991400 409 409 414 414
1390989600 409 409 412 412
1390987800 395 395 400 400
1390986000 398 398 405 405
1390984200 391 391 396 396
1390982400 383 383 388 388
1390980600 366 366 378 378
1390978800 346 346 355 355
1390977000 331 331 336 336
1390975200 315 315 324 324
1390973400 300 300 307 307
1390971600 286 286 295 295
1390969800 279 279 284 284
1390968000 278 278 281 281
1390966200 275 275 280 280
1390964400 276 276 279 279
1390962600 277 277 279 279
1390960800 279 279 283 283
1390959000 280 280 285 285
1390957200 282 282 285 285
1390955400 288 288 291 291
1390953600 294 294 299 299
1390951800 309 309 319 319
1390950000 323 323 333 333
1390948200 340 340 347 347
1390946400 356 356 360 360
1390944600 368 368 375 375
1390942800 378 378 387 387
1390941000 386 386 390 390
1390939200 333 333 385 385
1390937400 384 384 390 390
1390935600 383 383 387 387
1390933800 382 382 385 385
1390932000 377 377 380 380
1390930200 369 369 378 378
1390928400 357 357 363 363
1390926600 368 368 414 414
1390924800 411 411 434 434
1390923000 424 424 433 433
1390921200 415 415 421 421
1390919400 409 409 414 414
1390917600 409 409 413 413
1390915800 406 406 410 410
1390914000 401 401 411 411
1390912200 402 402 409 409
1390910400 396 396 398 398
1390908600 393 393 395 395
1390906800 391 391 394 394
1390905000 382 382 388 388
1390903200 378 378 379 379
1390901400 375 375 379 379
1390899600 369 369 376 376
1390897800 359 359 365 365
1390896000 344 344 352 352
1390894200 335 335 341 341
1390892400 320 320 327 327
1390890600 313 313 318 318
1390888800 299 299 308 308
1390887000 289 289 295 295
1390885200 284 284 286 286
1390883400 282 282 284 284
1390881600 280 280 284 284
1390879800 278 278 282 282
1390878000 279 279 281 281
1390876200 284 284 288 288
1390874400 287 287 291 291
1390872600 288 288 291 291
1390870800 291 291 292 292
1390869000 293 293 299 299
1390867200 299 299 306 306
1390865400 310 310 318 318
1390863600 324 324 334 334
1390861800 343 343 352 352
1390860000 364 364 374 374
1390858200 383 383 392 392
1390856400 405 405 421 421
1390854600 429 429 435 435
1390852800 438 438 443 443
1390851000 452 452 458 458
1390849200 453 453 456 456
1390847400 455 455 460 460
1390845600 455 455 461 461
1390843800 455 455 458 458
1390842000 448 448 452 452
1390840200 439 439 444 444
1390838400 432 432 435 435
1390836600 429 429 433 433
1390834800 422 422 427 427
1390833000 413 413 419 419
1390831200 413 413 417 417
1390829400 415 415 417 417
1390827600 405 405 411 411
1390825800 399 399 403 403
1390824000 393 393 398 398
1390822200 387 387 394 394
1390820400 381 381 385 385
1390818600 374 374 378 378
1390816800 370 370 374 374
1390815000 364 364 368 368
1390813200 359 359 362 362
1390811400 359 359 362 362
1390809600 346 346 354 354
1390807800 333 333 343 343
1390806000 318 318 328 328
1390804200 301 301 306 306
1390802400 293 293 298 298
1390800600 279 279 285 285
1390798800 275 275 279 279
1390797000 272 272 275 275
1390795200 273 273 276 276
1390793400 272 272 276 276
1390791600 275 275 276 276
1390789800 275 275 276 276
1390788000 275 275 277 277
1390786200 278 278 283 283
1390784400 285 285 288 288
1390782600 289 289 292 292
1390780800 296 296 304 304
1390779000 307 307 314 314
1390777200 320 320 333 333
1390775400 342 342 356 356
1390773600 361 361 368 368
1390771800 370 370 379 379
1390770000 389 389 403 403
1390768200 409 409 420 420
1390766400 427 427 434 434
1390764600 438 438 449 449
1390762800 450 450 457 457
1390761000 450 450 457 457
1390759200 447 447 451 451
1390757400 448 448 454 454
1390755600 443 443 449 449
1390753800 440 440 445 445
1390752000 440 440 445 445
1390750200 434 434 437 437
1390748400 433 433 436 436
1390746600 432 432 435 435
1390744800 428 428 432 432
1390743000 423 423 428 428
1390741200 422 422 424 424
1390739400 414 414 422 422
1390737600 412 412 419 419
1390735800 408 408 413 413
1390734000 402 402 407 407
1390732200 397 397 401 401
1390730400 395 395 399 399
1390728600 382 382 393 393
1390726800 364 364 371 371
1390725000 354 354 362 362
1390723200 343 343 347 347
1390721400 330 330 337 337
1390719600 317 317 325 325
1390717800 305 305 310 310
1390716000 297 297 301 301
1390714200 285 285 291 291
1390712400 275 275 279 279
1390710600 270 270 273 273
1390708800 270 270 273 273
1390707000 274 274 278 278
1390705200 278 278 281 281
1390703400 281 281 283 283
1390701600 285 285 289 289
1390699800 291 291 294 294
1390698000 296 296 301 301
1390696200 302 302 307 307
1390694400 312 312 319 319
1390692600 320 320 326 326
1390690800 338 338 348 348
1390689000 357 357 362 362
1390687200 369 369 375 375
1390685400 385 385 392 392
1390683600 399 399 407 407
1390681800 411 411 418 418
1390680000 425 425 434 434
1390678200 433 433 438 438
1390676400 437 437 442 442
1390674600 435 435 439 439
1390672800 440 440 444 444
1390671000 434 434 439 439
1390669200 429 429 435 435
1390667400 426 426 431 431
1390665600 424 424 431 431
1390663800 412 412 422 422
1390662000 406 406 408 408
1390660200 403 403 406 406
1390658400 399 399 402 402
1390656600 394 394 397 397
1390654800 389 389 394 394
1390653000 384 384 392 392
1390651200 386 386 391 391
1390649400 379 379 384 384
1390647600 374 374 378 378
1390645800 368 368 372 372
1390644000 365 365 369 369
1390642200 362 362 366 366
1390640400 358 358 363 363
1390638600 351 351 360 360
1390636800 332 332 343 343
1390635000 325 325 332 332
1390633200 311 311 323 323
1390631400 301 301 307 307
1390629600 290 290 293 293
1390627800 282 282 289 289
1390626000 274 274 278 278
1390624200 271 271 273 273
1390622400 270 270 272 272
1390620600 271 271 272 272
1390618800 271 271 273 273
1390617000 271 271 271 271
1390615200 272 272 275 275
1390613400 274 274 280 280
1390611600 281 281 284 284
1390609800 288 288 293 293
1390608000 297 297 302 302
1390606200 309 309 323 323
1390604400 327 327 338 338
1390602600 341 341 350 350
1390600800 359 359 369 369
1390599000 380 380 386 386
1390597200 394 394 406 406
1390595400 406 406 413 413
1390593600 414 414 418 418
1390591800 417 417 422 422
1390590000 424 424 427 427
1390588200 421 421 425 425
1390586400 411 411 418 418
1390584600 410 410 411 411
1390582800 404 404 408 408
1390581000 404 404 408 408
1390579200 404 404 409 409
1390577400 396 396 399 399
1390575600 394 394 399 399
1390573800 392 392 397 397
1390572000 388 388 390 390
1390570200 389 389 393 393
1390568400 387 387 391 391
1390566600 387 387 391 391
1390564800 374 374 379 379
1390563000 370 370 374 374
1390561200 369 369 371 371
1390559400 362 362 369 369
1390557600 362 362 373 373
1390555800 357 357 363 363
1390554000 345 345 350 350
1390552200 335 335 341 341
1390550400 324 324 331 331
1390548600 312 312 316 316
1390546800 298 298 306 306
1390545000 292 292 298 298
1390543200 278 278 284 284
1390541400 274 274 280 280
1390539600 272 272 275 275
1390537800 270 270 273 273
1390536000 269 269 272 272
1390534200 270 270 273 273
1390532400 272 272 273 273
1390530600 272 272 273 273
1390528800 273 273 280 280
1390527000 279 279 282 282
1390525200 286 286 293 293
1390523400 293 293 296 296
1390521600 299 299 305 305
1390519800 307 307 314 314
1390518000 318 318 326 326
1390516200 329 329 338 338
1390514400 346 346 355 355
1390512600 364 364 375 375
1390510800 384 384 392 392
1390509000 400 400 409 409
1390507200 412 412 418 418
1390505400 417 417 419 419
1390503600 419 419 425 425
1390501800 427 427 432 432
1390500000 423 423 427 427
1390498200 422 422 425 425
1390496400 417 417 421 421
1390494600 415 415 420 420
1390492800 409 409 417 417
1390491000 404 404 407 407
1390489200 394 394 402 402
1390487400 388 388 391 391
1390485600 389 389 391 391
1390483800 387 387 391 391
1390482000 387 387 390 390
1390480200 382 382 385 385
1390478400 379 379 383 383
1390476600 377 377 381 381
1390474800 375 375 380 380
1390473000 366 366 372 372
1390471200 358 358 362 362
1390469400 352 352 357 357
1390467600 344 344 349 349
1390465800 335 335 342 342
1390464000 335 335 339 339
1390462200 318 318 329 329
1390460400 300 300 311 311
1390458600 292 292 298 298
1390456800 285 285 291 291
1390455000 280 280 284 284
1390453200 271 271 278 278
1390451400 267 267 270 270
1390449600 268 268 272 272
1390442400 278 278 293 293
1390435200 313 313 351 351
1390428000 377 377 413 413
1390420800 422 422 432 432
1390413600 421 421 428 428
1390406400 400 400 413 413
1390399200 381 381 394 394
1390392000 358 358 379 379
1390384800 320 320 351 351
1390377600 300 300 331 331
1390370400 264 264 277 277
1390363200 258 258 264 264
1390356000 269 269 283 283
1390348800 299 299 325 325
1390341600 356 356 399 399
1390334400 415 415 425 425
1390327200 414 414 421 421
1390320000 403 403 419 419
1390312800 385 385 398 398
1390305600 364 364 373 373
1390298400 340 340 357 357
1390291200 301 301 324 324
1390284000 263 263 277 277
1390276800 258 258 262 262
1390269600 269 269 279 279
1390262400 294 294 325 325
1390255200 358 358 394 394
1390248000 408 408 423 423
1390240800 415 415 423 423
1390233600 393 393 409 409
1390226400 354 354 376 376
1390219200 353 353 367 367
1390212000 336 336 348 348
1390204800 300 300 326 326
1390197600 263 263 278 278
1390190400 257 257 261 261
1390183200 262 262 278 278
1390176000 290 290 323 323
1390168800 361 361 396 396
1390161600 415 415 426 426
1390154400 409 409 424 424
1390147200 401 401 407 407
1390140000 387 387 394 394
1390132800 376 376 387 387
1390125600 342 342 361 361
1390118400 297 297 327 327
1390111200 264 264 275 275
1390104000 260 260 267 267
1390096800 274 274 288 288
1390089600 316 316 359 359
1390082400 376 376 405 405
1390075200 404 404 414 414
1390068000 402 402 412 412
1390060800 389 389 396 396
1390053600 386 386 391 391
1390046400 380 380 389 389
1390039200 355 355 378 378
1390032000 301 301 327 327
1390024800 263 263 283 283
1390017600 256 256 261 261
1390010400 267 267 283 283
1390003200 306 306 335 335
1389996000 374 374 405 405
1389988800 409 409 414 414
1389981600 396 396 410 410
1389974400 373 373 400 400
1389967200 334 334 342 342
1389960000 322 322 334 334
1389952800 301 301 311 311
1389945600 280 280 296 296
1389938400 260 260 269 269
1389931200 251 251 256 256
1389924000 262 262 274 274
1389916800 296 296 327 327
1389909600 352 352 382 382
1389902400 393 393 402 402
1389895200 392 392 400 400
1389888000 376 376 390 390
1389880800 349 349 370 370
1389873600 337 337 348 348
1389866400 317 317 330 330
1389859200 286 286 301 301
1389852000 260 260 272 272
1389844800 250 250 256 256
1389837600 254 254 267 267
1389830400 286 286 322 322
1389823200 353 353 380 380
1389816000 399 399 406 406
1389808800 390 390 401 401
1389801600 371 371 385 385
1389794400 354 354 371 371
1389787200 340 340 352 352
1389780000 323 323 332 332
1389772800 286 286 312 312
1389765600 260 260 276 276
1389758400 249 249 256 256
1389751200 262 262 275 275
1389744000 292 292 317 317
1389736800 347 347 375 375
1389729600 391 391 400 400
1389722400 395 395 404 404
1389715200 378 378 394 394
1389708000 355 355 365 365
1389700800 333 333 345 345
1389693600 315 315 328 328
1389686400 278 278 304 304
1389679200 248 248 264 264
1389672000 238 238 243 243
1389664800 239 239 259 259
1389657600 277 277 307 307
1389650400 339 339 370 370
1389643200 386 386 403 403
1389636000 394 394 405 405
1389628800 366 366 383 383
1389621600 343 343 353 353
1389614400 326 326 334 334
1389607200 285 285 318 318
1389600000 279 279 303 303
1389592800 250 250 264 264
1389585600 245 245 250 250
1389578400 253 253 262 262
1389571200 281 281 310 310
1389564000 337 337 358 358
1389556800 380 380 395 395
1389549600 392 392 399 399
1389542400 382 382 393 393
1389535200 369 369 375 375
1389528000 349 349 365 365
1389520800 318 318 336 336
1389513600 261 261 299 299
1389506400 243 243 259 259
1389499200 239 239 243 243
1389492000 252 252 265 265
1389484800 290 290 327 327
1389477600 357 357 387 387
1389470400 394 394 399 399
1389463200 385 385 393 393
1389456000 372 372 385 385
1389448800 355 355 364 364
1389441600 343 343 350 350
1389434400 316 316 331 331
1389427200 253 253 296 296
1389420000 204 204 215 215
1389412800 195 195 200 200
1389405600 248 248 269 269
1389398400 291 291 326 326
1389391200 351 351 381 381
1389384000 391 391 399 399
1389376800 379 379 393 393
1389369600 363 363 375 375
1389362400 350 350 358 358
1389355200 335 335 345 345
1389348000 319 319 332 332
1389340800 280 280 302 302
1389333600 247 247 260 260
1389326400 242 242 247 247
1389319200 253 253 268 268
1389312000 285 285 316 316
1389304800 356 356 382 382
1389297600 391 391 398 398
1389290400 384 384 397 397
1389283200 371 371 384 384
1389276000 359 359 364 364
1389268800 341 341 358 358
1389261600 314 314 329 329
1389254400 275 275 300 300
1389247200 246 246 257 257
1389240000 241 241 243 243
1389232800 252 252 267 267
1389225600 282 282 310 310
1389218400 340 340 379 379
1389211200 387 387 394 394
1389204000 385 385 395 395
1389196800 369 369 380 380
1389189600 354 354 364 364
1389182400 308 308 347 347
1389175200 294 294 332 332
1389168000 275 275 300 300
1389160800 247 247 258 258
1389153600 245 245 250 250
1389146400 255 255 269 269
1389139200 293 293 320 320
1389132000 346 346 369 369
1389124800 378 378 385 385
1389117600 381 381 388 388
1389110400 366 366 376 376
1389103200 359 359 364 364
1389096000 351 351 361 361
1389088800 310 310 331 331
1389081600 271 271 288 288
1389074400 241 241 253 253
1389067200 239 239 247 247
1389060000 254 254 271 271
1389052800 287 287 306 306
1389045600 315 315 339 339
1389038400 357 357 375 375
1389031200 362 362 367 367
1389024000 358 358 364 364
1389016800 357 357 363 363
1389009600 341 341 355 355
1389002400 316 316 332 332
1388995200 270 270 297 297
1388988000 235 235 245 245
1388980800 231 231 238 238
1388973600 248 248 260 260
1388966400 284 284 317 317
1388959200 348 348 370 370
1388952000 374 374 382 382
1388944800 372 372 380 380
1388937600 357 357 370 370
1388930400 348 348 355 355
1388923200 329 329 339 339
1388916000 305 305 323 323
1388908800 265 265 287 287
1388901600 237 237 246 246
1388894400 236 236 243 243
1388887200 249 249 264 264
1388880000 290 290 327 327
1388872800 344 344 353 353
1388865600 358 358 368 368
1388858400 353 353 361 361
1388851200 346 346 354 354
1388844000 344 344 353 353
1388836800 334 334 343 343
1388829600 306 306 324 324
1388822400 263 263 287 287
1388815200 237 237 248 248
1388808000 239 239 247 247
1388800800 250 250 262 262
1388793600 285 285 316 316
1388786400 333 333 358 358
1388779200 362 362 366 366
1388772000 351 351 360 360
1388764800 339 339 346 346
1388757600 337 337 346 346
1388750400 336 336 343 343
1388743200 312 312 325 325
1388736000 262 262 288 288
1388728800 232 232 240 240
1388721600 229 229 232 232
1388714400 243 243 260 260
1388707200 262 262 310 310
1388700000 326 326 354 354
1388692800 360 360 365 365
1388685600 354 354 359 359
1388678400 348 348 354 354
1388671200 342 342 346 346
1388664000 338 338 347 347
1388656800 309 309 326 326
1388649600 256 256 282 282
1388642400 232 232 242 242
1388635200 230 230 236 236
1388628000 239 239 251 251
1388620800 268 268 293 293
1388613600 316 316 338 338
1388606400 339 339 346 346
1388599200 339 339 346 346
1388592000 325 325 334 334
1388584800 318 318 324 324
1388577600 306 306 312 312
1388570400 278 278 298 298
1388563200 242 242 261 261
1388556000 229 229 233 233
1388548800 234 234 243 243
1388541600 252 252 266 266
1388534400 286 286 311 311
1388527200 321 321 329 329
1388520000 331 331 337 337
1388512800 331 331 338 338
1388505600 332 332 339 339
1388498400 318 318 331 331
1388491200 310 310 318 318
1388484000 290 290 304 304
1388476800 252 252 273 273
1388469600 225 225 238 238
1388462400 222 222 226 226
1388455200 226 226 236 236
1388448000 260 260 293 293
1388440800 315 315 345 345
1388433600 347 347 354 354
1388426400 337 337 346 346
1388419200 329 329 337 337
1388412000 317 317 328 328
1388404800 305 305 311 311
1388397600 285 285 300 300
1388390400 251 251 268 268
1388383200 221 221 236 236
1388376000 218 218 221 221
1388368800 225 225 236 236
1388361600 253 253 279 279
1388354400 314 314 343 343
1388347200 349 349 356 356
1388340000 343 343 352 352
1388332800 330 330 338 338
1388325600 319 319 327 327
1388318400 313 313 321 321
1388311200 295 295 310 310
1388304000 253 253 279 279
1388296800 220 220 235 235
1388289600 220 220 227 227
1388282400 233 233 244 244
1388275200 264 264 295 295
1388268000 317 317 337 337
1388260800 350 350 356 356
1388253600 347 347 353 353
1388246400 325 325 346 346
1388239200 311 311 317 317
1388232000 306 306 313 313
1388224800 286 286 298 298
1388217600 250 250 277 277
1388210400 223 223 233 233
1388203200 219 219 225 225
1388196000 231 231 246 246
1388188800 262 262 286 286
1388181600 309 309 335 335
1388174400 337 337 343 343
1388167200 331 331 338 338
1388160000 324 324 330 330
1388152800 311 311 322 322
1388145600 300 300 310 310
1388138400 286 286 295 295
1388131200 256 256 277 277
1388124000 227 227 237 237
1388116800 221 221 224 224
1388109600 228 228 238 238
1388102400 256 256 283 283
1388095200 306 306 334 334
1388088000 351 351 358 358
1388080800 344 344 357 357
1388073600 328 328 342 342
1388066400 304 304 317 317
1388059200 294 294 303 303
1388052000 280 280 293 293
1388044800 246 246 270 270
1388037600 219 219 230 230
1388030400 213 213 216 216
1388023200 218 218 232 232
1388016000 248 248 274 274
1388008800 301 301 329 329
1388001600 338 338 345 345
1387994400 333 333 340 340
1387987200 314 314 334 334
1387980000 287 287 306 306
1387972800 282 282 287 287
1387965600 268 268 277 277
1387958400 244 244 266 266
1387951200 221 221 230 230
1387944000 216 216 221 221
1387936800 225 225 235 235
1387929600 245 245 270 270
1387922400 301 301 334 334
1387915200 338 338 345 345
1387908000 333 333 342 342
1387900800 316 316 331 331
1387893600 298 298 307 307
1387886400 282 282 290 290
1387879200 275 275 284 284
1387872000 245 245 268 268
1387864800 220 220 227 227
1387857600 215 215 218 218
1387850400 219 219 228 228
1387843200 241 241 264 264
1387836000 300 300 335 335
1387828800 342 342 349 349
1387821600 333 333 347 347
1387814400 313 313 325 325
1387807200 297 297 306 306
1387800000 290 290 299 299
1387792800 273 273 285 285
1387785600 242 242 259 259
1387778400 212 212 225 225
1387771200 201 201 204 204
1387764000 208 208 217 217
1387756800 231 231 259 259
1387749600 287 287 321 321
1387742400 329 329 336 336
1387735200 326 326 336 336
1387728000 318 318 326 326
1387720800 306 306 310 310
1387713600 297 297 303 303
1387706400 275 275 297 297
1387699200 241 241 259 259
1387692000 207 207 219 219
1387684800 206 206 211 211
1387677600 217 217 226 226
1387670400 242 242 271 271
1387663200 301 301 327 327
1387656000 335 335 343 343
1387648800 327 327 337 337
1387641600 315 315 327 327
1387634400 306 306 312 312
1387627200 301 301 311 311
1387620000 277 277 292 292
1387612800 239 239 263 263
1387605600 208 208 225 225
1387598400 207 207 210 210
1387591200 217 217 229 229
1387584000 243 243 269 269
1387576800 295 295 319 319
1387569600 324 324 329 329
1387562400 313 313 323 323
1387555200 306 306 316 316
1387548000 293 293 299 299
1387540800 278 278 291 291
1387533600 261 261 277 277
1387526400 198 198 241 241
1387519200 165 165 171 171
1387512000 160 160 163 163
1387504800 164 164 170 170
1387497600 180 180 197 197
1387490400 262 262 316 316
1387483200 325 325 331 331
1387476000 312 312 323 323
1387468800 303 303 311 311
1387461600 285 285 295 295
1387454400 268 268 277 277
1387447200 259 259 266 266
1387440000 234 234 252 252
1387432800 196 196 211 211
1387425600 185 185 192 192
1387418400 192 192 209 209
1387411200 219 219 246 246
1387404000 272 272 301 301
1387396800 313 313 321 321
1387389600 342 342 366 366
1387382400 325 325 358 358
1387375200 252 252 320 320
1387368000 279 279 305 305
1387360800 216 216 241 241
1387353600 196 196 218 218
1387346400 188 188 200 200
1387339200 179 179 184 184
1387332000 187 187 197 197
1387324800 217 217 244 244
1387317600 277 277 311 311
1387310400 310 310 316 316
1387303200 223 223 308 308
1387296000 293 293 314 314
1387288800 291 291 303 303
1387281600 275 275 280 280
1387274400 268 268 275 275
1387267200 239 239 257 257
1387260000 206 206 218 218
1387252800 200 200 204 204
1387245600 205 205 212 212
1387238400 227 227 253 253
1387231200 277 277 309 309
1387224000 318 318 324 324
1387216800 318 318 322 322
1387209600 311 311 319 319
1387202400 290 290 297 297
1387195200 278 278 289 289
1387188000 258 258 271 271
1387180800 231 231 246 246
1387173600 204 204 218 218
1387166400 198 198 203 203
1387159200 205 205 216 216
1387152000 226 226 245 245
1387144800 269 269 297 297
1387137600 318 318 327 327
1387130400 313 313 325 325
1387123200 310 310 317 317
1387116000 299 299 307 307
1387108800 287 287 295 295
1387101600 266 266 281 281
1387094400 233 233 255 255
1387087200 204 204 215 215
1387080000 203 203 212 212
1387072800 211 211 216 216
1387065600 236 236 268 268
1387058400 292 292 313 313
1387051200 318 318 325 325
1387044000 310 310 321 321
1387036800 302 302 313 313
1387029600 294 294 301 301
1387022400 287 287 292 292
1387015200 271 271 284 284
1387008000 239 239 261 261
1387000800 205 205 218 218
1386993600 198 198 201 201
1386986400 207 207 218 218
1386979200 232 232 255 255
1386972000 279 279 304 304
1386964800 312 312 320 320
1386957600 301 301 309 309
1386950400 294 294 302 302
1386943200 280 280 286 286
1386936000 272 272 281 281
1386928800 258 258 267 267
1386921600 223 223 244 244
1386914400 199 199 207 207
1386907200 194 194 196 196
1386900000 199 199 209 209
1386892800 219 219 238 238
1386885600 261 261 292 292
1386878400 304 304 314 314
1386871200 305 305 311 311
1386864000 296 296 305 305
1386856800 283 283 291 291
1386849600 270 270 283 283
1386842400 255 255 267 267
1386835200 223 223 242 242
1386828000 195 195 207 207
1386820800 189 189 192 192
1386813600 194 194 203 203
1386806400 213 213 236 236
1386799200 260 260 296 296
1386792000 306 306 315 315
1386784800 302 302 308 308
1386777600 293 293 299 299
1386770400 282 282 292 292
1386763200 264 264 271 271
1386756000 251 251 260 260
1386748800 223 223 240 240
1386741600 194 194 205 205
1386734400 187 187 192 192
1386727200 193 193 200 200
1386720000 213 213 239 239
1386712800 265 265 297 297
1386705600 305 305 313 313
1386698400 304 304 309 309
1386691200 293 293 304 304
1386684000 266 266 278 278
1386676800 254 254 257 257
1386669600 245 245 257 257
1386662400 217 217 230 230
1386655200 193 193 205 205
1386648000 187 187 190 190
1386640800 189 189 194 194
1386633600 208 208 237 237
1386626400 268 268 301 301
1386619200 310 310 317 317
1386612000 309 309 314 314
1386604800 296 296 304 304
1386597600 270 270 286 286
1386590400 258 258 265 265
1386583200 247 247 253 253
1386576000 219 219 238 238
1386568800 189 189 202 202
1386561600 187 187 189 189
1386554400 190 190 199 199
1386547200 214 214 241 241
1386540000 268 268 295 295
1386532800 306 306 316 316
1386525600 307 307 312 312
1386518400 300 300 306 306
1386511200 293 293 299 299
1386504000 284 284 290 290
1386496800 262 262 278 278
1386489600 227 227 249 249
1386482400 194 194 201 201
1386475200 191 191 195 195
1386468000 199 199 209 209
1386460800 222 222 247 247
1386453600 271 271 292 292
1386446400 306 306 318 318
1386439200 304 304 311 311
1386432000 290 290 302 302
1386424800 285 285 289 289
1386417600 276 276 284 284
1386410400 261 261 269 269
1386403200 223 223 244 244
1386396000 192 192 206 206
1386388800 187 187 192 192
1386381600 193 193 201 201
1386374400 213 213 235 235
1386367200 267 267 293 293
1386360000 305 305 313 313
1386352800 305 305 314 314
1386345600 287 287 298 298
1386338400 265 265 275 275
1386331200 255 255 262 262
1386324000 245 245 255 255
1386316800 218 218 237 237
1386309600 193 193 205 205
1386302400 185 185 188 188
1386295200 186 186 191 191
1386288000 204 204 231 231
1386280800 259 259 291 291
1386273600 301 301 310 310
1386266400 304 304 312 312
1386259200 292 292 299 299
1386252000 272 272 282 282
1386244800 261 261 267 267
1386237600 246 246 256 256
1386230400 216 216 231 231
1386223200 188 188 200 200
1386216000 180 180 182 182
1386208800 185 185 191 191
1386201600 204 204 225 225
1386194400 254 254 282 282
1386187200 295 295 303 303
1386180000 291 291 300 300
1386172800 287 287 292 292
1386165600 271 271 281 281
1386158400 254 254 263 263
1386151200 239 239 249 249
1386144000 217 217 234 234
1386136800 190 190 203 203
1386129600 187 187 197 197
1386115200 238 238 306 306
1386028800 238 238 300 300
1385942400 241 241 297 297
1385856000 239 239 288 288
1385769600 231 231 282 282
1385683200 229 229 291 291
1385596800 223 223 287 287
1385510400 222 222 283 283
1385424000 219 219 285 285
1385337600 225 225 281 281
1385251200 225 225 279 279
1385164800 220 220 280 280
1385078400 217 217 279 279
1384992000 215 215 276 276
1384905600 214 214 275 275
1384819200 215 215 278 278
1384732800 217 217 274 274
1384646400 214 214 262 262
1384560000 210 210 266 266
1384473600 202 202 253 253
1384387200 205 205 266 266
1384300800 204 204 261 261
1384214400 203 203 261 261
1384128000 206 206 260 260
1384041600 203 203 252 252
1383955200 199 199 257 257
1383868800 200 200 254 254
1383782400 197 197 250 250
1383696000 188 188 254 254
1383609600 186 186 256 256
1383523200 201 201 260 260
1383436800 198 198 247 247
1383350400 189 189 248 248
1383264000 195 195 242 242
1383177600 196 196 244 244
1383091200 198 198 251 251
1383004800 196 196 250 250
1382918400 196 196 241 241
1382832000 192 192 248 248
1382745600 185 185 235 235
1382659200 187 187 236 236
1382572800 185 185 246 246
1382486400 185 185 243 243
1382400000 183 183 237 237
1382313600 182 182 230 230
1382227200 185 185 237 237
1382140800 179 179 228 228
1382054400 178 178 230 230
1381968000 175 175 224 224
1381881600 174 174 226 226
1381795200 171 171 224 224
1381708800 172 172 218 218
1381622400 167 167 210 210
1381536000 160 160 208 208
1381449600 170 170 215 215
1381363200 168 168 218 218
1381276800 166 166 218 218
1381190400 168 168 218 218
1381104000 162 162 211 211
1381017600 157 157 213 213
1380931200 150 150 201 201
1380844800 115 115 176 176
1380758400 165 165 208 208
1380672000 163 163 212 212
1380585600 164 164 214 214
1380499200 158 158 201 201
1380412800 158 158 195 195
1380326400 158 158 193 193
1380240000 160 160 198 198
1380153600 159 159 203 203
1380067200 158 158 203 203
1379980800 157 157 205 205
1379894400 155 155 197 197
1379808000 158 158 196 196
1379721600 155 155 193 193
1379635200 137 137 195 195
1379548800 154 154 198 198
1379462400 151 151 197 197
1379376000 148 148 192 192
1379289600 141 141 185 185
1379203200 152 152 183 183
1379116800 153 153 190 190
1379030400 147 147 185 185
1378944000 150 150 192 192
1378857600 147 147 183 183
1378771200 143 143 187 187
1378684800 136 136 180 180
1378598400 110 110 157 157
1378512000 149 149 188 188
1378425600 146 146 188 188
1378339200 143 143 187 187
1378252800 140 140 180 180
1378166400 139 139 181 181
1378080000 136 136 176 176
1377993600 134 134 171 171
1377907200 138 138 171 171
1377820800 138 138 172 172
1377734400 136 136 170 170
1377648000 135 135 168 168
1377561600 138 138 168 168
1377475200 129 129 160 160
1377388800 130 130 155 155
1377302400 126 126 159 159
1377216000 131 131 164 164
1377129600 132 132 162 162
1377043200 132 132 164 164
1376956800 131 131 166 166
1376870400 128 128 158 158
1376784000 129 129 158 158
1376697600 128 128 159 159
1376611200 129 129 158 158
1376524800 129 129 163 163
1376438400 126 126 160 160
1376352000 123 123 153 153
1376265600 122 122 147 147
1376179200 119 119 150 150
1376092800 118 118 147 147
1376006400 112 112 142 142
1375920000 119 119 153 153
1375833600 123 123 158 158
1375747200 119 119 159 159
1375660800 124 124 154 154
1375574400 123 123 149 149
1375488000 123 123 150 150
1375401600 122 122 151 151
1375315200 120 120 147 147
1375228800 121 121 151 151
1375142400 119 119 148 148
1375056000 115 115 143 143
1374969600 113 113 139 139
1374883200 113 113 141 141
1374796800 114 114 146 146
1374710400 114 114 144 144
1374624000 105 105 145 145
1374537600 111 111 146 146
1374451200 107 107 140 140
1374364800 105 105 129 129
1374278400 110 110 135 135
1374192000 112 112 144 144
1374105600 111 111 139 139
1374019200 110 110 139 139
1373932800 108 108 141 141
1373846400 106 106 133 133
1373760000 106 106 133 133
1373673600 103 103 133 133
1373587200 106 106 138 138
1373500800 106 106 135 135
1373414400 107 107 137 137
1373328000 100 100 132 132
1373241600 100 100 130 130
1373155200 104 104 128 128
1373068800 106 106 131 131
1372982400 105 105 136 136
1372896000 107 107 134 134
1372809600 106 106 137 137
1372723200 105 105 132 132
1372636800 103 103 133 133
1372550400 99 99 123 123
1372464000 104 104 126 126
1372377600 103 103 130 130
1372291200 105 105 137 137
1372204800 101 101 133 133
1372118400 104 104 132 132
1372032000 95 95 125 125
1371945600 92 92 118 118
1371859200 98 98 120 120
1371772800 98 98 128 128
1371686400 97 97 130 130
1371600000 98 98 125 125
1371513600 96 96 129 129
1371427200 88 88 117 117
1371340800 98 98 123 123
1371254400 99 99 125 125
1371168000 96 96 124 124
1371081600 97 97 123 123
1370995200 97 97 126 126
1370908800 99 99 126 126
1370822400 97 97 123 123
1370736000 95 95 116 116
1370649600 96 96 121 121
1370563200 92 92 124 124
1370476800 98 98 127 127
1370390400 98 98 124 124
1370304000 97 97 131 131
1370217600 94 94 123 123
1370131200 95 95 117 117
1370044800 94 94 121 121
1369958400 96 96 121 121
1369872000 96 96 127 127
1369785600 96 96 125 125
1369699200 96 96 125 125
1369612800 91 91 118 118
1369526400 91 91 111 111
1369440000 93 93 116 116
1369353600 91 91 117 117
1369267200 93 93 121 121
1369180800 88 88 114 114
1369094400 91 91 120 120
1369008000 93 93 115 115
1368921600 92 92 116 116
1368835200 92 92 119 119
1368748800 93 93 124 124
1368662400 93 93 119 119
1368576000 91 91 120 120
1368489600 91 91 122 122
1368403200 93 93 118 118
1368316800 91 91 117 117
1368230400 89 89 115 115
1368144000 88 88 110 110
1368057600 88 88 116 116
1367971200 91 91 121 121
1367884800 87 87 112 112
1367798400 84 84 105 105
1367712000 88 88 112 112
1367625600 86 86 110 110
1367539200 85 85 106 106
1367452800 83 83 105 105
1367366400 85 85 111 111
1367280000 88 88 117 117
1367193600 85 85 113 113
1367107200 85 85 107 107
1367020800 85 85 108 108
1366934400 85 85 114 114
1366848000 86 86 117 117
1366761600 88 88 119 119
1366675200 89 89 119 119
1366588800 86 86 112 112
1366502400 86 86 109 109
1366416000 86 86 116 116
1366329600 83 83 113 113
1366243200 86 86 118 118
1366156800 86 86 116 116
1366070400 85 85 115 115
1365984000 86 86 113 113
1365897600 85 85 112 112
1365811200 84 84 113 113
1365724800 84 84 112 112
1365638400 85 85 114 114
1365552000 85 85 118 118
1365465600 85 85 115 115
1365379200 85 85 112 112
1365292800 81 81 105 105
1365206400 79 79 107 107
1365120000 84 84 111 111
1365033600 84 84 115 115
1364947200 84 84 114 114
1364860800 83 83 113 113
1364774400 83 83 112 112
1364688000 86 86 111 111
1364601600 83 83 110 110
1364515200 83 83 109 109
1364428800 82 82 111 111
1364342400 81 81 109 109
1364256000 79 79 108 108
1364169600 83 83 108 108
1364083200 82 82 105 105
1363996800 81 81 104 104
1363910400 78 78 106 106
1363824000 79 79 108 108
1363737600 79 79 107 107
1363651200 79 79 110 110
1363564800 81 81 107 107
1363478400 80 80 105 105
1363392000 78 78 104 104
1363305600 75 75 103 103
1363219200 74 74 106 106
1363132800 76 76 105 105
1363046400 75 75 103 103
1362960000 76 76 104 104
1362873600 75 75 103 103
1362787200 74 74 95 95
1362700800 75 75 95 95
1362614400 75 75 102 102
1362528000 72 72 99 99
1362441600 75 75 101 101
1362355200 78 78 103 103
1362268800 79 79 100 100
1362182400 76 76 99 99
1362096000 76 76 104 104
1362009600 76 76 106 106
1361923200 76 76 102 102
1361836800 74 74 103 103
1361750400 75 75 100 100
1361664000 75 75 95 95
1361577600 74 74 97 97
1361491200 73 73 99 99
1361404800 73 73 98 98
1361318400 73 73 99 99
1361232000 68 68 91 91
1361145600 72 72 96 96
1361059200 70 70 95 95
1360972800 71 71 95 95
1360886400 69 69 95 95
1360800000 72 72 99 99
1360713600 74 74 98 98
1360627200 78 78 105 105
1360540800 77 77 102 102
1360454400 79 79 100 100
1360368000 77 77 100 100
1360281600 77 77 102 102
1360195200 75 75 99 99
1360108800 77 77 102 102
1360022400 74 74 101 101
1359936000 79 79 104 104
1359849600 79 79 103 103
1359763200 76 76 101 101
1359676800 74 74 101 101
1359590400 75 75 100 100
1359504000 74 74 97 97
1359417600 73 73 98 98
1359331200 77 77 102 102
1359244800 75 75 100 100
1359158400 72 72 96 96
1359072000 73 73 100 100
1358985600 72 72 97 97
1358899200 72 72 97 97
1358812800 72 72 97 97
1358726400 71 71 95 95
1358640000 70 70 90 90
1358553600 70 70 90 90
1358467200 71 71 91 91
1358380800 69 69 94 94
1358294400 66 66 89 89
1358208000 69 69 94 94
1358121600 71 71 93 93
1358035200 72 72 92 92
1357948800 70 70 92 92
1357862400 66 66 90 90
1357776000 68 68 94 94
1357689600 69 69 92 92
1357603200 68 68 88 88
1357516800 67 67 86 86
1357430400 65 65 87 87
1357344000 67 67 93 93
1357257600 67 67 89 89
1357171200 66 66 88 88
1357084800 62 62 81 81
1356998400 64 64 82 82
1356912000 64 64 84 84
1356825600 64 64 83 83
1356739200 63 63 85 85
1356652800 67 67 89 89
1356566400 66 66 92 92
1356480000 66 66 87 87
1356393600 63 63 88 88
1356307200 64 64 86 86
1356220800 65 65 86 86
1356134400 62 62 83 83
1356048000 64 64 86 86
1355961600 65 65 89 89
1355875200 64 64 89 89
1355788800 63 63 88 88
1355702400 66 66 88 88
1355616000 67 67 86 86
1355529600 65 65 86 86
1355443200 63 63 86 86
1355356800 63 63 88 88
1355270400 64 64 88 88
1355184000 64 64 88 88
1355097600 67 67 90 90
1355011200 65 65 85 85
1354924800 63 63 82 82
1354838400 62 62 85 85
1354752000 63 63 86 86
1354665600 62 62 86 86
1354579200 64 64 88 88
1354492800 63 63 84 84
1354406400 64 64 81 81
1354320000 61 61 81 81
1354233600 59 59 84 84
1354147200 57 57 77 77
1354060800 59 59 79 79
1353974400 60 60 84 84
1353888000 62 62 84 84
1353801600 61 61 80 80
1353715200 60 60 80 80
1353628800 57 57 81 81
1353542400 60 60 83 83
1353456000 59 59 83 83
1353369600 51 51 79 79
1353283200 56 56 75 75
1353196800 56 56 72 72
1353110400 54 54 74 74
1353024000 53 53 73 73
1352937600 53 53 73 73
1352851200 52 52 73 73
1352764800 53 53 74 74
1352678400 53 53 73 73
1352592000 53 53 69 69
1352505600 52 52 70 70
1352419200 51 51 70 70
1352332800 52 52 72 72
1352246400 53 53 73 73
1352160000 52 52 72 72
1352073600 51 51 71 71
1351987200 52 52 68 68
1351900800 51 51 67 67
1351814400 50 50 67 67
1351728000 50 50 66 66
1351641600 49 49 68 68
1351555200 51 51 68 68
1351468800 51 51 67 67
1351382400 50 50 66 66
1351296000 49 49 65 65
1351209600 50 50 69 69
1351123200 47 47 66 66
1351036800 48 48 67 67
1350950400 48 48 69 69
1350864000 48 48 63 63
1350777600 49 49 65 65
1350691200 47 47 63 63
1350604800 45 45 63 63
1350518400 47 47 64 64
1350432000 46 46 64 64
1350345600 47 47 65 65
1350259200 48 48 67 67
1350172800 48 48 64 64
1350086400 48 48 64 64
1350000000 46 46 63 63
1349913600 45 45 64 64
1349827200 46 46 66 66
1349740800 45 45 62 62
1349654400 45 45 61 61
1349568000 45 45 60 60
1349481600 45 45 59 59
1349395200 45 45 62 62
1349308800 45 45 63 63
1349222400 44 44 62 62
1349136000 44 44 61 61
1349049600 44 44 61 61
1348963200 45 45 58 58
1348876800 43 43 60 60
1348790400 43 43 60 60
1348704000 43 43 63 63
1348617600 43 43 61 61
1348531200 44 44 62 62
1348444800 43 43 59 59
1348358400 44 44 56 56
1348272000 42 42 56 56
1348185600 42 42 56 56
1348099200 43 43 60 60
1348012800 44 44 61 61
1347926400 43 43 60 60
1347840000 42 42 60 60
1347753600 42 42 52 52
1347667200 43 43 58 58
1347580800 43 43 59 59
1347494400 42 42 59 59
1347408000 42 42 60 60
1347321600 41 41 59 59
1347235200 40 40 52 52
1347148800 41 41 53 53
1347062400 40 40 54 54
1346976000 40 40 57 57
1346889600 40 40 54 54
1346803200 39 39 56 56
1346716800 38 38 54 54
1346630400 38 38 54 54
1346544000 40 40 51 51
1346457600 40 40 53 53
1346371200 39 39 52 52
1346284800 41 41 55 55
1346198400 41 41 56 56
1346112000 41 41 56 56
1346025600 40 40 52 52
1345939200 39 39 50 50
1345852800 38 38 50 50
1345766400 40 40 53 53
1345680000 41 41 56 56
1345593600 40 40 56 56
1345507200 39 39 53 53
1345420800 40 40 52 52
1345334400 41 41 54 54
1345248000 44 44 59 59
1345161600 41 41 55 55
1345075200 39 39 52 52
1344988800 39 39 54 54
1344902400 36 36 49 49
1344816000 36 36 48 48
1344729600 32 32 44 44
1344643200 28 28 37 37
1344556800 34 34 48 48
1344470400 38 38 48 48
1344384000 37 37 50 50
1344297600 35 35 48 48
1344211200 36 36 47 47
1344124800 36 36 46 46
1344038400 37 37 49 49
1343952000 36 36 48 48
1343865600 38 38 50 50
1343779200 38 38 49 49
1343692800 37 37 52 52
1343606400 37 37 47 47
1343520000 37 37 48 48
1343433600 34 34 48 48
1343347200 36 36 46 46
1343260800 36 36 48 48
1343174400 35 35 47 47
1343088000 37 37 50 50
1343001600 36 36 49 49
1342915200 36 36 46 46
1342828800 36 36 47 47
1342742400 36 36 47 47
1342656000 36 36 50 50
1342569600 36 36 48 48
1342483200 35 35 48 48
1342396800 35 35 47 47
1342310400 34 34 44 44
1342224000 35 35 45 45
1342137600 35 35 46 46
1342051200 34 34 48 48
1341964800 34 34 45 45
1341878400 36 36 48 48
1341792000 35 35 46 46
1341705600 35 35 46 46
1341619200 35 35 47 47
1341532800 36 36 47 47
1341446400 37 37 50 50
1341360000 37 37 48 48
1341273600 37 37 48 48
1341187200 36 36 48 48
1341100800 36 36 47 47
1341014400 32 32 44 44
1340928000 31 31 31 31
1340841600 31 31 31 31
1340755200 31 31 31 31
1340668800 31 31 31 31
1340582400 31 31 31 31
1340496000 31 31 31 31
1340409600 31 31 31 31
1340323200 31 31 31 31
1340236800 31 31 31 31
1340150400 31 31 31 31
1340064000 31 31 31 31
1339977600 31 31 31 31
1339891200 31 31 31 31
1339804800 31 31 31 31
1339718400 31 31 31 31
1339632000 31 31 31 31
1339545600 31 31 31 31
1339459200 31 31 31 31
1339372800 31 31 31 31
1339286400 30 30 30 30
1339200000 30 30 30 30
1339113600 30 30 30 30
1339027200 25 25 30 30
1338940800 35 35 48 48
1338854400 36 36 48 48
1338768000 35 35 46 46
1338681600 35 35 48 48
1338595200 35 35 46 46
1338508800 35 35 48 48
1338422400 36 36 48 48
1338336000 36 36 50 50
1338249600 34 34 48 48
1338163200 33 33 48 48
1338076800 33 33 47 47
1337990400 35 35 47 47
1337904000 34 34 48 48
1337817600 35 35 48 48
1337731200 34 34 47 47
1337644800 36 36 49 49
1337558400 35 35 47 47
1337472000 35 35 46 46
1337385600 33 33 46 46
1337299200 32 32 47 47
1337212800 34 34 47 47
1337126400 34 34 46 46
1337040000 33 33 47 47
1336953600 33 33 47 47
1336867200 31 31 42 42
1336780800 34 34 45 45
1336694400 33 33 46 46
1336608000 31 31 40 40
1336521600 34 34 46 46
1336435200 34 34 48 48
1336348800 31 31 45 45
1336262400 32 32 41 41
1336176000 31 31 41 41
1336089600 32 32 44 44
1336003200 31 31 40 40
1335916800 30 30 41 41
1335830400 31 31 40 40
1335744000 30 30 39 39
1335657600 31 31 42 42
1335571200 31 31 41 41
1335484800 32 32 43 43
1335398400 32 32 46 46
1335312000 32 32 45 45
1335225600 33 33 47 47
1335139200 32 32 45 45
1335052800 33 33 43 43
1334966400 32 32 43 43
1334880000 32 32 46 46
1334793600 33 33 47 47
1334707200 33 33 48 48
1334620800 33 33 45 45
1334534400 30 30 40 40
1334448000 32 32 42 42
1334361600 33 33 45 45
1334275200 31 31 45 45
1334188800 30 30 44 44
1334102400 31 31 45 45
1334016000 31 31 45 45
1333929600 32 32 46 46
1333843200 34 34 45 45
1333756800 31 31 44 44
1333670400 31 31 44 44
1333584000 32 32 47 47
1333497600 32 32 47 47
1333411200 32 32 46 46
1333324800 34 34 47 47
1333238400 32 32 45 45
1333152000 33 33 45 45
1333065600 34 34 47 47
1332979200 33 33 47 47
1332892800 33 33 46 46
1332806400 33 33 47 47
1332720000 33 33 46 46
1332633600 34 34 45 45
1332547200 32 32 46 46
1332460800 32 32 45 45
1332374400 33 33 47 47
1332288000 33 33 46 46
1332201600 33 33 46 46
1332115200 33 33 46 46
1332028800 34 34 45 45
1331942400 32 32 44 44
1331856000 32 32 45 45
1331769600 33 33 46 46
1331683200 33 33 45 45
1331596800 33 33 45 45
1331510400 34 34 46 46
1331424000 34 34 46 46
1331337600 34 34 47 47
1331251200 32 32 43 43
1331164800 32 32 44 44
1331078400 32 32 46 46
1330992000 32 32 45 45
1330905600 33 33 45 45
1330819200 32 32 44 44
1330732800 32 32 44 44
1330646400 31 31 46 46
1330560000 31 31 45 45
1330473600 31 31 46 46
1330387200 31 31 45 45
1330300800 32 32 44 44
1330214400 32 32 42 42
1330128000 31 31 45 45
1330041600 31 31 44 44
1329955200 31 31 44 44
1329868800 31 31 46 46
1329782400 31 31 46 46
1329696000 32 32 45 45
1329609600 32 32 43 43
1329523200 31 31 45 45
1329436800 31 31 46 46
1329350400 32 32 48 48
1329264000 31 31 44 44
1329177600 32 32 47 47
1329091200 31 31 44 44
1329004800 32 32 45 45
1328918400 32 32 43 43
1328832000 31 31 44 44
1328745600 32 32 45 45
1328659200 32 32 45 45
1328572800 32 32 44 44
1328486400 33 33 46 46
1328400000 33 33 45 45
1328313600 31 31 43 43
1328227200 32 32 47 47
1328140800 30 30 45 45
1328054400 31 31 45 45
1327968000 32 32 47 47
1327881600 32 32 46 46
1327795200 32 32 43 43
1327708800 31 31 44 44
1327622400 31 31 45 45
1327536000 31 31 45 45
1327449600 30 30 43 43
1327363200 31 31 44 44
1327276800 32 32 45 45
1327190400 32 32 45 45
1327104000 31 31 44 44
1327017600 31 31 44 44
1326931200 30 30 43 43
1326844800 30 30 44 44
1326758400 31 31 44 44
1326672000 31 31 44 44
1326585600 31 31 43 43
1326499200 30 30 41 41
1326412800 30 30 44 44
1326326400 30 30 44 44
1326240000 31 31 45 45
1326153600 32 32 45 45
1326067200 30 30 41 41
1325980800 29 29 40 40
1325894400 30 30 39 39
1325808000 30 30 41 41
1325721600 30 30 42 42
1325635200 29 29 43 43
1325548800 28 28 40 40
1325462400 26 26 36 36
1325376000 29 29 38 38
1325289600 29 29 39 39
1325203200 30 30 41 41
1325116800 29 29 42 42
1325030400 30 30 43 43
1324944000 35 35 51 51
1324857600 34 34 48 48
1324771200 36 36 48 48
1324684800 36 36 51 51
1324598400 33 33 50 50
1324512000 35 35 54 54
1324425600 35 35 51 51
1324339200 35 35 52 52
1324252800 34 34 52 52
1324166400 35 35 49 49
1324080000 35 35 50 50
1323993600 34 34 51 51
1323907200 35 35 53 53
1323820800 33 33 52 52
1323734400 35 35 52 52
1323648000 36 36 52 52
1323561600 35 35 50 50
1323475200 33 33 49 49
1323388800 34 34 51 51
1323302400 34 34 51 51
1323216000 36 36 50 50
1323129600 33 33 33 33
1323043200 32 32 32 32
1322956800 32 32 32 32
